[01m[K/home/niic/upper_body_demo/src/upper_body_demo/src/teleop/main.cpp:[m[K In lambda function:
[01m[K/home/niic/upper_body_demo/src/upper_body_demo/src/teleop/main.cpp:133:70:[m[K [01;31m[Kerror: [m[Kno matching function for call to ‘[01m[Kstd::scoped_lock<std::mutex>::scoped_lock(std::mutex&, std::mutex&)[m[K’
  133 |           std::scoped_lock<std::mutex> lk(ctx.current_m, ctx.target_m[01;31m[K)[m[K;
      |                                                                      [01;31m[K^[m[K
In file included from [01m[K/home/niic/upper_body_demo/src/upper_body_demo/src/teleop/../CtrlContext.hpp:4[m[K,
                 from [01m[K/home/niic/upper_body_demo/src/upper_body_demo/src/teleop/main.cpp:5[m[K:
[01m[K/usr/include/c++/11/mutex:657:16:[m[K [01;36m[Knote: [m[Kcandidate: ‘[01m[Kstd::scoped_lock<_Mutex>::scoped_lock(std::adopt_lock_t, std::scoped_lock<_Mutex>::mutex_type&) [with _Mutex = std::mutex; std::scoped_lock<_Mutex>::mutex_type = std::mutex][m[K’
  657 |       explicit [01;36m[Kscoped_lock[m[K(adopt_lock_t, mutex_type& __m) noexcept
      |                [01;36m[K^~~~~~~~~~~[m[K
[01m[K/usr/include/c++/11/mutex:657:28:[m[K [01;36m[Knote: [m[K  no known conversion for argument 1 from ‘[01m[Kstd::mutex[m[K’ to ‘[01m[Kstd::adopt_lock_t[m[K’
  657 |       explicit scoped_lock([01;36m[Kadopt_lock_t[m[K, mutex_type& __m) noexcept
      |                            [01;36m[K^~~~~~~~~~~~[m[K
[01m[K/usr/include/c++/11/mutex:654:16:[m[K [01;36m[Knote: [m[Kcandidate: ‘[01m[Kstd::scoped_lock<_Mutex>::scoped_lock(std::scoped_lock<_Mutex>::mutex_type&) [with _Mutex = std::mutex; std::scoped_lock<_Mutex>::mutex_type = std::mutex][m[K’
  654 |       explicit [01;36m[Kscoped_lock[m[K(mutex_type& __m) : _M_device(__m)
      |                [01;36m[K^~~~~~~~~~~[m[K
[01m[K/usr/include/c++/11/mutex:654:16:[m[K [01;36m[Knote: [m[K  candidate expects 1 argument, 2 provided
[01m[K/home/niic/upper_body_demo/src/upper_body_demo/src/teleop/main.cpp:141:88:[m[K [01;36m[Knote: [m[Kparameter passing for argument of type ‘[01m[Kstd::pair<float, float>[m[K’ when C++17 is enabled changed to match C++14 ]8;;https://gcc.gnu.org/gcc-10/changes.html#empty_basein GCC 10.1]8;;
  141 |           auto [lf, lb] = solveIK(ctx.target_q_rot[7],  ctx.target_q_rot[8], Side::Left[01;36m[K)[m[K;
      |                                                                                        [01;36m[K^[m[K
gmake[2]: *** [CMakeFiles/teleop.dir/build.make:76: CMakeFiles/teleop.dir/src/teleop/main.cpp.o] Error 1
gmake[1]: *** [CMakeFiles/Makefile2:165: CMakeFiles/teleop.dir/all] Error 2
gmake: *** [Makefile:146: all] Error 2
