[0.157s] DEBUG:colcon:Command line arguments: ['/usr/bin/colcon', 'build', '--symlink-install']
[0.158s] DEBUG:colcon:Parsed command line arguments: Namespace(log_base=None, log_level=None, verb_name='build', build_base='build', install_base='install', merge_install=False, symlink_install=True, test_result_base=None, continue_on_error=False, executor='parallel', parallel_workers=12, event_handlers=None, ignore_user_meta=False, metas=['./colcon.meta'], base_paths=['.'], packages_ignore=None, packages_ignore_regex=None, paths=None, packages_up_to=None, packages_up_to_regex=None, packages_above=None, packages_above_and_dependencies=None, packages_above_depth=None, packages_select_by_dep=None, packages_skip_by_dep=None, packages_skip_up_to=None, packages_select_build_failed=False, packages_skip_build_finished=False, packages_select_test_failures=False, packages_skip_test_passed=False, packages_select=None, packages_skip=None, packages_select_regex=None, packages_skip_regex=None, packages_start=None, packages_end=None, allow_overriding=[], cmake_args=None, cmake_target=None, cmake_target_skip_unavailable=False, cmake_clean_cache=False, cmake_clean_first=False, cmake_force_configure=False, ament_cmake_args=None, catkin_cmake_args=None, catkin_skip_building_tests=False, verb_parser=<colcon_defaults.argument_parser.defaults.DefaultArgumentsDecorator object at 0xffffb4188730>, verb_extension=<colcon_core.verb.build.BuildVerb object at 0xffffb4188130>, main=<bound method BuildVerb.main of <colcon_core.verb.build.BuildVerb object at 0xffffb4188130>>)
[0.423s] Level 1:colcon.colcon_core.package_discovery:discover_packages(colcon_meta) check parameters
[0.423s] Level 1:colcon.colcon_core.package_discovery:discover_packages(recursive) check parameters
[0.423s] Level 1:colcon.colcon_core.package_discovery:discover_packages(ignore) check parameters
[0.423s] Level 1:colcon.colcon_core.package_discovery:discover_packages(path) check parameters
[0.423s] Level 1:colcon.colcon_core.package_discovery:discover_packages(colcon_meta) discover
[0.424s] Level 1:colcon.colcon_core.package_discovery:discover_packages(recursive) discover
[0.424s] INFO:colcon.colcon_core.package_discovery:Crawling recursively for packages in '/home/niic/upper_body_demo'
[0.424s] Level 1:colcon.colcon_core.package_identification:_identify(.) by extensions ['ignore', 'ignore_ament_install']
[0.424s] Level 1:colcon.colcon_core.package_identification:_identify(.) by extension 'ignore'
[0.424s] Level 1:colcon.colcon_core.package_identification:_identify(.) by extension 'ignore_ament_install'
[0.424s] Level 1:colcon.colcon_core.package_identification:_identify(.) by extensions ['colcon_pkg']
[0.424s] Level 1:colcon.colcon_core.package_identification:_identify(.) by extension 'colcon_pkg'
[0.424s] Level 1:colcon.colcon_core.package_identification:_identify(.) by extensions ['colcon_meta']
[0.424s] Level 1:colcon.colcon_core.package_identification:_identify(.) by extension 'colcon_meta'
[0.424s] Level 1:colcon.colcon_core.package_identification:_identify(.) by extensions ['ros']
[0.424s] Level 1:colcon.colcon_core.package_identification:_identify(.) by extension 'ros'
[0.440s] Level 1:colcon.colcon_core.package_identification:_identify(.) by extensions ['cmake', 'python']
[0.440s] Level 1:colcon.colcon_core.package_identification:_identify(.) by extension 'cmake'
[0.440s] Level 1:colcon.colcon_core.package_identification:_identify(.) by extension 'python'
[0.440s] Level 1:colcon.colcon_core.package_identification:_identify(.) by extensions ['python_setup_py']
[0.441s] Level 1:colcon.colcon_core.package_identification:_identify(.) by extension 'python_setup_py'
[0.441s] Level 1:colcon.colcon_core.package_identification:_identify(build) by extensions ['ignore', 'ignore_ament_install']
[0.441s] Level 1:colcon.colcon_core.package_identification:_identify(build) by extension 'ignore'
[0.441s] Level 1:colcon.colcon_core.package_identification:_identify(build) ignored
[0.441s] Level 1:colcon.colcon_core.package_identification:_identify(install) by extensions ['ignore', 'ignore_ament_install']
[0.441s] Level 1:colcon.colcon_core.package_identification:_identify(install) by extension 'ignore'
[0.441s] Level 1:colcon.colcon_core.package_identification:_identify(install) ignored
[0.442s] Level 1:colcon.colcon_core.package_identification:_identify(log) by extensions ['ignore', 'ignore_ament_install']
[0.442s] Level 1:colcon.colcon_core.package_identification:_identify(log) by extension 'ignore'
[0.442s] Level 1:colcon.colcon_core.package_identification:_identify(log) ignored
[0.442s] Level 1:colcon.colcon_core.package_identification:_identify(src) by extensions ['ignore', 'ignore_ament_install']
[0.442s] Level 1:colcon.colcon_core.package_identification:_identify(src) by extension 'ignore'
[0.442s] Level 1:colcon.colcon_core.package_identification:_identify(src) by extension 'ignore_ament_install'
[0.442s] Level 1:colcon.colcon_core.package_identification:_identify(src) by extensions ['colcon_pkg']
[0.442s] Level 1:colcon.colcon_core.package_identification:_identify(src) by extension 'colcon_pkg'
[0.442s] Level 1:colcon.colcon_core.package_identification:_identify(src) by extensions ['colcon_meta']
[0.442s] Level 1:colcon.colcon_core.package_identification:_identify(src) by extension 'colcon_meta'
[0.442s] Level 1:colcon.colcon_core.package_identification:_identify(src) by extensions ['ros']
[0.442s] Level 1:colcon.colcon_core.package_identification:_identify(src) by extension 'ros'
[0.442s] Level 1:colcon.colcon_core.package_identification:_identify(src) by extensions ['cmake', 'python']
[0.443s] Level 1:colcon.colcon_core.package_identification:_identify(src) by extension 'cmake'
[0.443s] Level 1:colcon.colcon_core.package_identification:_identify(src) by extension 'python'
[0.443s] Level 1:colcon.colcon_core.package_identification:_identify(src) by extensions ['python_setup_py']
[0.443s] Level 1:colcon.colcon_core.package_identification:_identify(src) by extension 'python_setup_py'
[0.443s] Level 1:colcon.colcon_core.package_identification:_identify(src/upper_body_demo) by extensions ['ignore', 'ignore_ament_install']
[0.443s] Level 1:colcon.colcon_core.package_identification:_identify(src/upper_body_demo) by extension 'ignore'
[0.443s] Level 1:colcon.colcon_core.package_identification:_identify(src/upper_body_demo) by extension 'ignore_ament_install'
[0.443s] Level 1:colcon.colcon_core.package_identification:_identify(src/upper_body_demo) by extensions ['colcon_pkg']
[0.443s] Level 1:colcon.colcon_core.package_identification:_identify(src/upper_body_demo) by extension 'colcon_pkg'
[0.443s] Level 1:colcon.colcon_core.package_identification:_identify(src/upper_body_demo) by extensions ['colcon_meta']
[0.443s] Level 1:colcon.colcon_core.package_identification:_identify(src/upper_body_demo) by extension 'colcon_meta'
[0.443s] Level 1:colcon.colcon_core.package_identification:_identify(src/upper_body_demo) by extensions ['ros']
[0.443s] Level 1:colcon.colcon_core.package_identification:_identify(src/upper_body_demo) by extension 'ros'
[0.449s] DEBUG:colcon.colcon_core.package_identification:Package 'src/upper_body_demo' with type 'ros.ament_cmake' and name 'upper_body_demo'
[0.449s] Level 1:colcon.colcon_core.package_discovery:discover_packages(recursive) using defaults
[0.449s] Level 1:colcon.colcon_core.package_discovery:discover_packages(ignore) discover
[0.449s] Level 1:colcon.colcon_core.package_discovery:discover_packages(ignore) using defaults
[0.449s] Level 1:colcon.colcon_core.package_discovery:discover_packages(path) discover
[0.449s] Level 1:colcon.colcon_core.package_discovery:discover_packages(path) using defaults
[0.496s] Level 1:colcon.colcon_core.package_discovery:discover_packages(prefix_path) check parameters
[0.496s] Level 1:colcon.colcon_core.package_discovery:discover_packages(prefix_path) discover
[0.497s] WARNING:colcon.colcon_ros.prefix_path.ament:The path '/home/niic/upper_body_demo/install/upper_body_demo' in the environment variable AMENT_PREFIX_PATH doesn't exist
[0.498s] WARNING:colcon.colcon_ros.prefix_path.catkin:The path '/home/niic/upper_body_demo/install/upper_body_demo' in the environment variable CMAKE_PREFIX_PATH doesn't exist
[0.499s] DEBUG:colcon.colcon_installed_package_information.package_discovery:Found 0 installed packages in /home/niic/upper_body_demo/install
[0.500s] DEBUG:colcon.colcon_installed_package_information.package_discovery:Found 2 installed packages in /home/niic/tr5-orin/ros2_ws/install
[0.500s] DEBUG:colcon.colcon_installed_package_information.package_discovery:Found 1 installed packages in /home/niic/IMU/install
[0.502s] DEBUG:colcon.colcon_installed_package_information.package_discovery:Found 276 installed packages in /opt/ros/humble
[0.504s] Level 1:colcon.colcon_core.package_discovery:discover_packages(prefix_path) using defaults
[0.558s] Level 5:colcon.colcon_core.verb:set package 'upper_body_demo' build argument 'cmake_args' from command line to 'None'
[0.558s] Level 5:colcon.colcon_core.verb:set package 'upper_body_demo' build argument 'cmake_target' from command line to 'None'
[0.558s] Level 5:colcon.colcon_core.verb:set package 'upper_body_demo' build argument 'cmake_target_skip_unavailable' from command line to 'False'
[0.558s] Level 5:colcon.colcon_core.verb:set package 'upper_body_demo' build argument 'cmake_clean_cache' from command line to 'False'
[0.558s] Level 5:colcon.colcon_core.verb:set package 'upper_body_demo' build argument 'cmake_clean_first' from command line to 'False'
[0.558s] Level 5:colcon.colcon_core.verb:set package 'upper_body_demo' build argument 'cmake_force_configure' from command line to 'False'
[0.558s] Level 5:colcon.colcon_core.verb:set package 'upper_body_demo' build argument 'ament_cmake_args' from command line to 'None'
[0.558s] Level 5:colcon.colcon_core.verb:set package 'upper_body_demo' build argument 'catkin_cmake_args' from command line to 'None'
[0.558s] Level 5:colcon.colcon_core.verb:set package 'upper_body_demo' build argument 'catkin_skip_building_tests' from command line to 'False'
[0.558s] DEBUG:colcon.colcon_core.verb:Building package 'upper_body_demo' with the following arguments: {'ament_cmake_args': None, 'build_base': '/home/niic/upper_body_demo/build/upper_body_demo', 'catkin_cmake_args': None, 'catkin_skip_building_tests': False, 'cmake_args': None, 'cmake_clean_cache': False, 'cmake_clean_first': False, 'cmake_force_configure': False, 'cmake_target': None, 'cmake_target_skip_unavailable': False, 'install_base': '/home/niic/upper_body_demo/install/upper_body_demo', 'merge_install': False, 'path': '/home/niic/upper_body_demo/src/upper_body_demo', 'symlink_install': True, 'test_result_base': None}
[0.559s] INFO:colcon.colcon_core.executor:Executing jobs using 'parallel' executor
[0.560s] DEBUG:colcon.colcon_parallel_executor.executor.parallel:run_until_complete
[0.561s] INFO:colcon.colcon_ros.task.ament_cmake.build:Building ROS package in '/home/niic/upper_body_demo/src/upper_body_demo' with build type 'ament_cmake'
[0.561s] INFO:colcon.colcon_cmake.task.cmake.build:Building CMake package in '/home/niic/upper_body_demo/src/upper_body_demo'
[0.564s] INFO:colcon.colcon_core.plugin_system:Skipping extension 'colcon_core.shell.bat': Not used on non-Windows systems
[0.564s] INFO:colcon.colcon_core.shell:Skip shell extension 'powershell' for command environment: Not usable outside of PowerShell
[0.564s] DEBUG:colcon.colcon_core.shell:Skip shell extension 'dsv' for command environment
[0.576s] DEBUG:colcon.colcon_core.event_handler.log_command:Invoking command in '/home/niic/upper_body_demo/build/upper_body_demo': CMAKE_PREFIX_PATH=${CMAKE_PREFIX_PATH}:/opt/ros/humble /usr/bin/cmake /home/niic/upper_body_demo/src/upper_body_demo -DAMENT_CMAKE_SYMLINK_INSTALL=1 -DCMAKE_INSTALL_PREFIX=/home/niic/upper_body_demo/install/upper_body_demo
[2.063s] DEBUG:colcon.colcon_core.event_handler.log_command:Invoked command in '/home/niic/upper_body_demo/build/upper_body_demo' returned '0': CMAKE_PREFIX_PATH=${CMAKE_PREFIX_PATH}:/opt/ros/humble /usr/bin/cmake /home/niic/upper_body_demo/src/upper_body_demo -DAMENT_CMAKE_SYMLINK_INSTALL=1 -DCMAKE_INSTALL_PREFIX=/home/niic/upper_body_demo/install/upper_body_demo
[2.066s] DEBUG:colcon.colcon_core.event_handler.log_command:Invoking command in '/home/niic/upper_body_demo/build/upper_body_demo': CMAKE_PREFIX_PATH=${CMAKE_PREFIX_PATH}:/opt/ros/humble /usr/bin/cmake --build /home/niic/upper_body_demo/build/upper_body_demo -- -j12 -l12
[12.998s] DEBUG:colcon.colcon_core.event_handler.log_command:Invoked command in '/home/niic/upper_body_demo/build/upper_body_demo' returned '0': CMAKE_PREFIX_PATH=${CMAKE_PREFIX_PATH}:/opt/ros/humble /usr/bin/cmake --build /home/niic/upper_body_demo/build/upper_body_demo -- -j12 -l12
[13.014s] DEBUG:colcon.colcon_core.event_handler.log_command:Invoking command in '/home/niic/upper_body_demo/build/upper_body_demo': CMAKE_PREFIX_PATH=${CMAKE_PREFIX_PATH}:/opt/ros/humble /usr/bin/cmake --install /home/niic/upper_body_demo/build/upper_body_demo
[13.271s] Level 1:colcon.colcon_core.environment:create_environment_scripts_only(upper_body_demo)
[13.272s] DEBUG:colcon.colcon_core.event_handler.log_command:Invoked command in '/home/niic/upper_body_demo/build/upper_body_demo' returned '0': CMAKE_PREFIX_PATH=${CMAKE_PREFIX_PATH}:/opt/ros/humble /usr/bin/cmake --install /home/niic/upper_body_demo/build/upper_body_demo
[13.275s] Level 1:colcon.colcon_core.environment:checking '/home/niic/upper_body_demo/install/upper_body_demo' for CMake module files
[13.276s] Level 1:colcon.colcon_core.environment:checking '/home/niic/upper_body_demo/install/upper_body_demo' for CMake config files
[13.276s] Level 1:colcon.colcon_core.shell:create_environment_hook('upper_body_demo', 'cmake_prefix_path')
[13.277s] INFO:colcon.colcon_core.shell:Creating environment hook '/home/niic/upper_body_demo/install/upper_body_demo/share/upper_body_demo/hook/cmake_prefix_path.ps1'
[13.278s] INFO:colcon.colcon_core.shell:Creating environment descriptor '/home/niic/upper_body_demo/install/upper_body_demo/share/upper_body_demo/hook/cmake_prefix_path.dsv'
[13.278s] INFO:colcon.colcon_core.shell:Creating environment hook '/home/niic/upper_body_demo/install/upper_body_demo/share/upper_body_demo/hook/cmake_prefix_path.sh'
[13.279s] Level 1:colcon.colcon_core.environment:checking '/home/niic/upper_body_demo/install/upper_body_demo/lib'
[13.280s] Level 1:colcon.colcon_core.environment:checking '/home/niic/upper_body_demo/install/upper_body_demo/bin'
[13.280s] Level 1:colcon.colcon_core.environment:checking '/home/niic/upper_body_demo/install/upper_body_demo/lib/pkgconfig/upper_body_demo.pc'
[13.280s] Level 1:colcon.colcon_core.environment:checking '/home/niic/upper_body_demo/install/upper_body_demo/lib/python3.10/site-packages'
[13.280s] Level 1:colcon.colcon_core.environment:checking '/home/niic/upper_body_demo/install/upper_body_demo/bin'
[13.281s] INFO:colcon.colcon_core.shell:Creating package script '/home/niic/upper_body_demo/install/upper_body_demo/share/upper_body_demo/package.ps1'
[13.282s] INFO:colcon.colcon_core.shell:Creating package descriptor '/home/niic/upper_body_demo/install/upper_body_demo/share/upper_body_demo/package.dsv'
[13.283s] INFO:colcon.colcon_core.shell:Creating package script '/home/niic/upper_body_demo/install/upper_body_demo/share/upper_body_demo/package.sh'
[13.283s] INFO:colcon.colcon_core.shell:Creating package script '/home/niic/upper_body_demo/install/upper_body_demo/share/upper_body_demo/package.bash'
[13.284s] INFO:colcon.colcon_core.shell:Creating package script '/home/niic/upper_body_demo/install/upper_body_demo/share/upper_body_demo/package.zsh'
[13.285s] Level 1:colcon.colcon_core.environment:create_file_with_runtime_dependencies(/home/niic/upper_body_demo/install/upper_body_demo/share/colcon-core/packages/upper_body_demo)
[13.286s] Level 1:colcon.colcon_core.environment:create_environment_scripts_only(upper_body_demo)
[13.286s] Level 1:colcon.colcon_core.environment:checking '/home/niic/upper_body_demo/install/upper_body_demo' for CMake module files
[13.287s] Level 1:colcon.colcon_core.environment:checking '/home/niic/upper_body_demo/install/upper_body_demo' for CMake config files
[13.288s] Level 1:colcon.colcon_core.shell:create_environment_hook('upper_body_demo', 'cmake_prefix_path')
[13.288s] INFO:colcon.colcon_core.shell:Creating environment hook '/home/niic/upper_body_demo/install/upper_body_demo/share/upper_body_demo/hook/cmake_prefix_path.ps1'
[13.289s] INFO:colcon.colcon_core.shell:Creating environment descriptor '/home/niic/upper_body_demo/install/upper_body_demo/share/upper_body_demo/hook/cmake_prefix_path.dsv'
[13.289s] INFO:colcon.colcon_core.shell:Creating environment hook '/home/niic/upper_body_demo/install/upper_body_demo/share/upper_body_demo/hook/cmake_prefix_path.sh'
[13.290s] Level 1:colcon.colcon_core.environment:checking '/home/niic/upper_body_demo/install/upper_body_demo/lib'
[13.290s] Level 1:colcon.colcon_core.environment:checking '/home/niic/upper_body_demo/install/upper_body_demo/bin'
[13.290s] Level 1:colcon.colcon_core.environment:checking '/home/niic/upper_body_demo/install/upper_body_demo/lib/pkgconfig/upper_body_demo.pc'
[13.290s] Level 1:colcon.colcon_core.environment:checking '/home/niic/upper_body_demo/install/upper_body_demo/lib/python3.10/site-packages'
[13.291s] Level 1:colcon.colcon_core.environment:checking '/home/niic/upper_body_demo/install/upper_body_demo/bin'
[13.291s] INFO:colcon.colcon_core.shell:Creating package script '/home/niic/upper_body_demo/install/upper_body_demo/share/upper_body_demo/package.ps1'
[13.292s] INFO:colcon.colcon_core.shell:Creating package descriptor '/home/niic/upper_body_demo/install/upper_body_demo/share/upper_body_demo/package.dsv'
[13.292s] INFO:colcon.colcon_core.shell:Creating package script '/home/niic/upper_body_demo/install/upper_body_demo/share/upper_body_demo/package.sh'
[13.293s] INFO:colcon.colcon_core.shell:Creating package script '/home/niic/upper_body_demo/install/upper_body_demo/share/upper_body_demo/package.bash'
[13.294s] INFO:colcon.colcon_core.shell:Creating package script '/home/niic/upper_body_demo/install/upper_body_demo/share/upper_body_demo/package.zsh'
[13.294s] Level 1:colcon.colcon_core.environment:create_file_with_runtime_dependencies(/home/niic/upper_body_demo/install/upper_body_demo/share/colcon-core/packages/upper_body_demo)
[13.295s] DEBUG:colcon.colcon_parallel_executor.executor.parallel:closing loop
[13.295s] DEBUG:colcon.colcon_parallel_executor.executor.parallel:loop closed
[13.296s] DEBUG:colcon.colcon_parallel_executor.executor.parallel:run_until_complete finished with '0'
[13.296s] DEBUG:colcon.colcon_core.event_reactor:joining thread
[13.303s] INFO:colcon.colcon_core.plugin_system:Skipping extension 'colcon_notification.desktop_notification.terminal_notifier': Not used on non-Darwin systems
[13.304s] INFO:colcon.colcon_core.plugin_system:Skipping extension 'colcon_notification.desktop_notification.win32': Not used on non-Windows systems
[13.304s] INFO:colcon.colcon_notification.desktop_notification:Sending desktop notification using 'notify2'
[13.320s] DEBUG:colcon.colcon_core.event_reactor:joined thread
[13.321s] INFO:colcon.colcon_core.shell:Creating prefix script '/home/niic/upper_body_demo/install/local_setup.ps1'
[13.322s] INFO:colcon.colcon_core.shell:Creating prefix util module '/home/niic/upper_body_demo/install/_local_setup_util_ps1.py'
[13.324s] INFO:colcon.colcon_core.shell:Creating prefix chain script '/home/niic/upper_body_demo/install/setup.ps1'
[13.326s] INFO:colcon.colcon_core.shell:Creating prefix script '/home/niic/upper_body_demo/install/local_setup.sh'
[13.327s] INFO:colcon.colcon_core.shell:Creating prefix util module '/home/niic/upper_body_demo/install/_local_setup_util_sh.py'
[13.327s] INFO:colcon.colcon_core.shell:Creating prefix chain script '/home/niic/upper_body_demo/install/setup.sh'
[13.329s] INFO:colcon.colcon_core.shell:Creating prefix script '/home/niic/upper_body_demo/install/local_setup.bash'
[13.330s] INFO:colcon.colcon_core.shell:Creating prefix chain script '/home/niic/upper_body_demo/install/setup.bash'
[13.331s] INFO:colcon.colcon_core.shell:Creating prefix script '/home/niic/upper_body_demo/install/local_setup.zsh'
[13.332s] INFO:colcon.colcon_core.shell:Creating prefix chain script '/home/niic/upper_body_demo/install/setup.zsh'
