[0.171s] DEBUG:colcon:Command line arguments: ['/usr/bin/colcon', 'build']
[0.171s] DEBUG:colcon:Parsed command line arguments: Namespace(log_base=None, log_level=None, verb_name='build', build_base='build', install_base='install', merge_install=False, symlink_install=False, test_result_base=None, continue_on_error=False, executor='parallel', parallel_workers=12, event_handlers=None, ignore_user_meta=False, metas=['./colcon.meta'], base_paths=['.'], packages_ignore=None, packages_ignore_regex=None, paths=None, packages_up_to=None, packages_up_to_regex=None, packages_above=None, packages_above_and_dependencies=None, packages_above_depth=None, packages_select_by_dep=None, packages_skip_by_dep=None, packages_skip_up_to=None, packages_select_build_failed=False, packages_skip_build_finished=False, packages_select_test_failures=False, packages_skip_test_passed=False, packages_select=None, packages_skip=None, packages_select_regex=None, packages_skip_regex=None, packages_start=None, packages_end=None, allow_overriding=[], cmake_args=None, cmake_target=None, cmake_target_skip_unavailable=False, cmake_clean_cache=False, cmake_clean_first=False, cmake_force_configure=False, ament_cmake_args=None, catkin_cmake_args=None, catkin_skip_building_tests=False, verb_parser=<colcon_defaults.argument_parser.defaults.DefaultArgumentsDecorator object at 0xffffb8ea4fa0>, verb_extension=<colcon_core.verb.build.BuildVerb object at 0xffffb8ea49a0>, main=<bound method BuildVerb.main of <colcon_core.verb.build.BuildVerb object at 0xffffb8ea49a0>>)
[0.474s] Level 1:colcon.colcon_core.package_discovery:discover_packages(colcon_meta) check parameters
[0.474s] Level 1:colcon.colcon_core.package_discovery:discover_packages(recursive) check parameters
[0.474s] Level 1:colcon.colcon_core.package_discovery:discover_packages(ignore) check parameters
[0.474s] Level 1:colcon.colcon_core.package_discovery:discover_packages(path) check parameters
[0.474s] Level 1:colcon.colcon_core.package_discovery:discover_packages(colcon_meta) discover
[0.475s] Level 1:colcon.colcon_core.package_discovery:discover_packages(recursive) discover
[0.475s] INFO:colcon.colcon_core.package_discovery:Crawling recursively for packages in '/home/niic/upper_body_demo'
[0.475s] Level 1:colcon.colcon_core.package_identification:_identify(.) by extensions ['ignore', 'ignore_ament_install']
[0.475s] Level 1:colcon.colcon_core.package_identification:_identify(.) by extension 'ignore'
[0.475s] Level 1:colcon.colcon_core.package_identification:_identify(.) by extension 'ignore_ament_install'
[0.475s] Level 1:colcon.colcon_core.package_identification:_identify(.) by extensions ['colcon_pkg']
[0.475s] Level 1:colcon.colcon_core.package_identification:_identify(.) by extension 'colcon_pkg'
[0.475s] Level 1:colcon.colcon_core.package_identification:_identify(.) by extensions ['colcon_meta']
[0.475s] Level 1:colcon.colcon_core.package_identification:_identify(.) by extension 'colcon_meta'
[0.475s] Level 1:colcon.colcon_core.package_identification:_identify(.) by extensions ['ros']
[0.475s] Level 1:colcon.colcon_core.package_identification:_identify(.) by extension 'ros'
[0.510s] Level 1:colcon.colcon_core.package_identification:_identify(.) by extensions ['cmake', 'python']
[0.510s] Level 1:colcon.colcon_core.package_identification:_identify(.) by extension 'cmake'
[0.510s] Level 1:colcon.colcon_core.package_identification:_identify(.) by extension 'python'
[0.510s] Level 1:colcon.colcon_core.package_identification:_identify(.) by extensions ['python_setup_py']
[0.510s] Level 1:colcon.colcon_core.package_identification:_identify(.) by extension 'python_setup_py'
[0.511s] Level 1:colcon.colcon_core.package_identification:_identify(build) by extensions ['ignore', 'ignore_ament_install']
[0.511s] Level 1:colcon.colcon_core.package_identification:_identify(build) by extension 'ignore'
[0.511s] Level 1:colcon.colcon_core.package_identification:_identify(build) ignored
[0.511s] Level 1:colcon.colcon_core.package_identification:_identify(install) by extensions ['ignore', 'ignore_ament_install']
[0.511s] Level 1:colcon.colcon_core.package_identification:_identify(install) by extension 'ignore'
[0.511s] Level 1:colcon.colcon_core.package_identification:_identify(install) ignored
[0.511s] Level 1:colcon.colcon_core.package_identification:_identify(log) by extensions ['ignore', 'ignore_ament_install']
[0.512s] Level 1:colcon.colcon_core.package_identification:_identify(log) by extension 'ignore'
[0.512s] Level 1:colcon.colcon_core.package_identification:_identify(log) ignored
[0.512s] Level 1:colcon.colcon_core.package_identification:_identify(src) by extensions ['ignore', 'ignore_ament_install']
[0.512s] Level 1:colcon.colcon_core.package_identification:_identify(src) by extension 'ignore'
[0.512s] Level 1:colcon.colcon_core.package_identification:_identify(src) by extension 'ignore_ament_install'
[0.512s] Level 1:colcon.colcon_core.package_identification:_identify(src) by extensions ['colcon_pkg']
[0.512s] Level 1:colcon.colcon_core.package_identification:_identify(src) by extension 'colcon_pkg'
[0.512s] Level 1:colcon.colcon_core.package_identification:_identify(src) by extensions ['colcon_meta']
[0.512s] Level 1:colcon.colcon_core.package_identification:_identify(src) by extension 'colcon_meta'
[0.512s] Level 1:colcon.colcon_core.package_identification:_identify(src) by extensions ['ros']
[0.512s] Level 1:colcon.colcon_core.package_identification:_identify(src) by extension 'ros'
[0.513s] Level 1:colcon.colcon_core.package_identification:_identify(src) by extensions ['cmake', 'python']
[0.513s] Level 1:colcon.colcon_core.package_identification:_identify(src) by extension 'cmake'
[0.513s] Level 1:colcon.colcon_core.package_identification:_identify(src) by extension 'python'
[0.513s] Level 1:colcon.colcon_core.package_identification:_identify(src) by extensions ['python_setup_py']
[0.513s] Level 1:colcon.colcon_core.package_identification:_identify(src) by extension 'python_setup_py'
[0.513s] Level 1:colcon.colcon_core.package_identification:_identify(src/upper_body_demo) by extensions ['ignore', 'ignore_ament_install']
[0.513s] Level 1:colcon.colcon_core.package_identification:_identify(src/upper_body_demo) by extension 'ignore'
[0.513s] Level 1:colcon.colcon_core.package_identification:_identify(src/upper_body_demo) by extension 'ignore_ament_install'
[0.513s] Level 1:colcon.colcon_core.package_identification:_identify(src/upper_body_demo) by extensions ['colcon_pkg']
[0.513s] Level 1:colcon.colcon_core.package_identification:_identify(src/upper_body_demo) by extension 'colcon_pkg'
[0.513s] Level 1:colcon.colcon_core.package_identification:_identify(src/upper_body_demo) by extensions ['colcon_meta']
[0.513s] Level 1:colcon.colcon_core.package_identification:_identify(src/upper_body_demo) by extension 'colcon_meta'
[0.513s] Level 1:colcon.colcon_core.package_identification:_identify(src/upper_body_demo) by extensions ['ros']
[0.513s] Level 1:colcon.colcon_core.package_identification:_identify(src/upper_body_demo) by extension 'ros'
[0.518s] DEBUG:colcon.colcon_core.package_identification:Package 'src/upper_body_demo' with type 'ros.ament_cmake' and name 'upper_body_demo'
[0.518s] Level 1:colcon.colcon_core.package_discovery:discover_packages(recursive) using defaults
[0.518s] Level 1:colcon.colcon_core.package_discovery:discover_packages(ignore) discover
[0.518s] Level 1:colcon.colcon_core.package_discovery:discover_packages(ignore) using defaults
[0.518s] Level 1:colcon.colcon_core.package_discovery:discover_packages(path) discover
[0.518s] Level 1:colcon.colcon_core.package_discovery:discover_packages(path) using defaults
[0.548s] Level 1:colcon.colcon_core.package_discovery:discover_packages(prefix_path) check parameters
[0.548s] Level 1:colcon.colcon_core.package_discovery:discover_packages(prefix_path) discover
[0.551s] DEBUG:colcon.colcon_installed_package_information.package_discovery:Found 2 installed packages in /home/niic/tr5-orin/ros2_ws/install
[0.551s] DEBUG:colcon.colcon_installed_package_information.package_discovery:Found 1 installed packages in /home/niic/IMU/install
[0.553s] DEBUG:colcon.colcon_installed_package_information.package_discovery:Found 276 installed packages in /opt/ros/humble
[0.555s] Level 1:colcon.colcon_core.package_discovery:discover_packages(prefix_path) using defaults
[0.609s] Level 5:colcon.colcon_core.verb:set package 'upper_body_demo' build argument 'cmake_args' from command line to 'None'
[0.609s] Level 5:colcon.colcon_core.verb:set package 'upper_body_demo' build argument 'cmake_target' from command line to 'None'
[0.609s] Level 5:colcon.colcon_core.verb:set package 'upper_body_demo' build argument 'cmake_target_skip_unavailable' from command line to 'False'
[0.609s] Level 5:colcon.colcon_core.verb:set package 'upper_body_demo' build argument 'cmake_clean_cache' from command line to 'False'
[0.609s] Level 5:colcon.colcon_core.verb:set package 'upper_body_demo' build argument 'cmake_clean_first' from command line to 'False'
[0.609s] Level 5:colcon.colcon_core.verb:set package 'upper_body_demo' build argument 'cmake_force_configure' from command line to 'False'
[0.609s] Level 5:colcon.colcon_core.verb:set package 'upper_body_demo' build argument 'ament_cmake_args' from command line to 'None'
[0.609s] Level 5:colcon.colcon_core.verb:set package 'upper_body_demo' build argument 'catkin_cmake_args' from command line to 'None'
[0.609s] Level 5:colcon.colcon_core.verb:set package 'upper_body_demo' build argument 'catkin_skip_building_tests' from command line to 'False'
[0.610s] DEBUG:colcon.colcon_core.verb:Building package 'upper_body_demo' with the following arguments: {'ament_cmake_args': None, 'build_base': '/home/niic/upper_body_demo/build/upper_body_demo', 'catkin_cmake_args': None, 'catkin_skip_building_tests': False, 'cmake_args': None, 'cmake_clean_cache': False, 'cmake_clean_first': False, 'cmake_force_configure': False, 'cmake_target': None, 'cmake_target_skip_unavailable': False, 'install_base': '/home/niic/upper_body_demo/install/upper_body_demo', 'merge_install': False, 'path': '/home/niic/upper_body_demo/src/upper_body_demo', 'symlink_install': False, 'test_result_base': None}
[0.610s] INFO:colcon.colcon_core.executor:Executing jobs using 'parallel' executor
[0.611s] DEBUG:colcon.colcon_parallel_executor.executor.parallel:run_until_complete
[0.612s] INFO:colcon.colcon_ros.task.ament_cmake.build:Building ROS package in '/home/niic/upper_body_demo/src/upper_body_demo' with build type 'ament_cmake'
[0.612s] INFO:colcon.colcon_cmake.task.cmake.build:Building CMake package in '/home/niic/upper_body_demo/src/upper_body_demo'
[0.615s] INFO:colcon.colcon_core.plugin_system:Skipping extension 'colcon_core.shell.bat': Not used on non-Windows systems
[0.615s] INFO:colcon.colcon_core.shell:Skip shell extension 'powershell' for command environment: Not usable outside of PowerShell
[0.615s] DEBUG:colcon.colcon_core.shell:Skip shell extension 'dsv' for command environment
[0.627s] DEBUG:colcon.colcon_core.event_handler.log_command:Invoking command in '/home/niic/upper_body_demo/build/upper_body_demo': CMAKE_PREFIX_PATH=${CMAKE_PREFIX_PATH}:/opt/ros/humble /usr/bin/cmake --build /home/niic/upper_body_demo/build/upper_body_demo -- -j12 -l12
[5.030s] DEBUG:colcon.colcon_core.event_handler.log_command:Invoked command in '/home/niic/upper_body_demo/build/upper_body_demo' returned '0': CMAKE_PREFIX_PATH=${CMAKE_PREFIX_PATH}:/opt/ros/humble /usr/bin/cmake --build /home/niic/upper_body_demo/build/upper_body_demo -- -j12 -l12
[5.046s] DEBUG:colcon.colcon_core.event_handler.log_command:Invoking command in '/home/niic/upper_body_demo/build/upper_body_demo': CMAKE_PREFIX_PATH=${CMAKE_PREFIX_PATH}:/opt/ros/humble /usr/bin/cmake --install /home/niic/upper_body_demo/build/upper_body_demo
[5.080s] Level 1:colcon.colcon_core.environment:create_environment_scripts_only(upper_body_demo)
[5.083s] DEBUG:colcon.colcon_core.event_handler.log_command:Invoked command in '/home/niic/upper_body_demo/build/upper_body_demo' returned '0': CMAKE_PREFIX_PATH=${CMAKE_PREFIX_PATH}:/opt/ros/humble /usr/bin/cmake --install /home/niic/upper_body_demo/build/upper_body_demo
[5.085s] Level 1:colcon.colcon_core.environment:checking '/home/niic/upper_body_demo/install/upper_body_demo' for CMake module files
[5.086s] Level 1:colcon.colcon_core.environment:checking '/home/niic/upper_body_demo/install/upper_body_demo' for CMake config files
[5.087s] Level 1:colcon.colcon_core.shell:create_environment_hook('upper_body_demo', 'cmake_prefix_path')
[5.087s] INFO:colcon.colcon_core.shell:Creating environment hook '/home/niic/upper_body_demo/install/upper_body_demo/share/upper_body_demo/hook/cmake_prefix_path.ps1'
[5.088s] INFO:colcon.colcon_core.shell:Creating environment descriptor '/home/niic/upper_body_demo/install/upper_body_demo/share/upper_body_demo/hook/cmake_prefix_path.dsv'
[5.089s] INFO:colcon.colcon_core.shell:Creating environment hook '/home/niic/upper_body_demo/install/upper_body_demo/share/upper_body_demo/hook/cmake_prefix_path.sh'
[5.090s] Level 1:colcon.colcon_core.environment:checking '/home/niic/upper_body_demo/install/upper_body_demo/lib'
[5.090s] Level 1:colcon.colcon_core.environment:checking '/home/niic/upper_body_demo/install/upper_body_demo/bin'
[5.090s] Level 1:colcon.colcon_core.environment:checking '/home/niic/upper_body_demo/install/upper_body_demo/lib/pkgconfig/upper_body_demo.pc'
[5.091s] Level 1:colcon.colcon_core.environment:checking '/home/niic/upper_body_demo/install/upper_body_demo/lib/python3.10/site-packages'
[5.091s] Level 1:colcon.colcon_core.environment:checking '/home/niic/upper_body_demo/install/upper_body_demo/bin'
[5.092s] INFO:colcon.colcon_core.shell:Creating package script '/home/niic/upper_body_demo/install/upper_body_demo/share/upper_body_demo/package.ps1'
[5.093s] INFO:colcon.colcon_core.shell:Creating package descriptor '/home/niic/upper_body_demo/install/upper_body_demo/share/upper_body_demo/package.dsv'
[5.094s] INFO:colcon.colcon_core.shell:Creating package script '/home/niic/upper_body_demo/install/upper_body_demo/share/upper_body_demo/package.sh'
[5.095s] INFO:colcon.colcon_core.shell:Creating package script '/home/niic/upper_body_demo/install/upper_body_demo/share/upper_body_demo/package.bash'
[5.096s] INFO:colcon.colcon_core.shell:Creating package script '/home/niic/upper_body_demo/install/upper_body_demo/share/upper_body_demo/package.zsh'
[5.097s] Level 1:colcon.colcon_core.environment:create_file_with_runtime_dependencies(/home/niic/upper_body_demo/install/upper_body_demo/share/colcon-core/packages/upper_body_demo)
[5.098s] Level 1:colcon.colcon_core.environment:create_environment_scripts_only(upper_body_demo)
[5.098s] Level 1:colcon.colcon_core.environment:checking '/home/niic/upper_body_demo/install/upper_body_demo' for CMake module files
[5.099s] Level 1:colcon.colcon_core.environment:checking '/home/niic/upper_body_demo/install/upper_body_demo' for CMake config files
[5.099s] Level 1:colcon.colcon_core.shell:create_environment_hook('upper_body_demo', 'cmake_prefix_path')
[5.100s] INFO:colcon.colcon_core.shell:Creating environment hook '/home/niic/upper_body_demo/install/upper_body_demo/share/upper_body_demo/hook/cmake_prefix_path.ps1'
[5.100s] INFO:colcon.colcon_core.shell:Creating environment descriptor '/home/niic/upper_body_demo/install/upper_body_demo/share/upper_body_demo/hook/cmake_prefix_path.dsv'
[5.101s] INFO:colcon.colcon_core.shell:Creating environment hook '/home/niic/upper_body_demo/install/upper_body_demo/share/upper_body_demo/hook/cmake_prefix_path.sh'
[5.101s] Level 1:colcon.colcon_core.environment:checking '/home/niic/upper_body_demo/install/upper_body_demo/lib'
[5.102s] Level 1:colcon.colcon_core.environment:checking '/home/niic/upper_body_demo/install/upper_body_demo/bin'
[5.102s] Level 1:colcon.colcon_core.environment:checking '/home/niic/upper_body_demo/install/upper_body_demo/lib/pkgconfig/upper_body_demo.pc'
[5.102s] Level 1:colcon.colcon_core.environment:checking '/home/niic/upper_body_demo/install/upper_body_demo/lib/python3.10/site-packages'
[5.102s] Level 1:colcon.colcon_core.environment:checking '/home/niic/upper_body_demo/install/upper_body_demo/bin'
[5.103s] INFO:colcon.colcon_core.shell:Creating package script '/home/niic/upper_body_demo/install/upper_body_demo/share/upper_body_demo/package.ps1'
[5.104s] INFO:colcon.colcon_core.shell:Creating package descriptor '/home/niic/upper_body_demo/install/upper_body_demo/share/upper_body_demo/package.dsv'
[5.104s] INFO:colcon.colcon_core.shell:Creating package script '/home/niic/upper_body_demo/install/upper_body_demo/share/upper_body_demo/package.sh'
[5.105s] INFO:colcon.colcon_core.shell:Creating package script '/home/niic/upper_body_demo/install/upper_body_demo/share/upper_body_demo/package.bash'
[5.106s] INFO:colcon.colcon_core.shell:Creating package script '/home/niic/upper_body_demo/install/upper_body_demo/share/upper_body_demo/package.zsh'
[5.106s] Level 1:colcon.colcon_core.environment:create_file_with_runtime_dependencies(/home/niic/upper_body_demo/install/upper_body_demo/share/colcon-core/packages/upper_body_demo)
[5.107s] DEBUG:colcon.colcon_parallel_executor.executor.parallel:closing loop
[5.107s] DEBUG:colcon.colcon_parallel_executor.executor.parallel:loop closed
[5.107s] DEBUG:colcon.colcon_parallel_executor.executor.parallel:run_until_complete finished with '0'
[5.108s] DEBUG:colcon.colcon_core.event_reactor:joining thread
[5.115s] INFO:colcon.colcon_core.plugin_system:Skipping extension 'colcon_notification.desktop_notification.terminal_notifier': Not used on non-Darwin systems
[5.115s] INFO:colcon.colcon_core.plugin_system:Skipping extension 'colcon_notification.desktop_notification.win32': Not used on non-Windows systems
[5.115s] INFO:colcon.colcon_notification.desktop_notification:Sending desktop notification using 'notify2'
[5.131s] DEBUG:colcon.colcon_core.event_reactor:joined thread
[5.132s] INFO:colcon.colcon_core.shell:Creating prefix script '/home/niic/upper_body_demo/install/local_setup.ps1'
[5.133s] INFO:colcon.colcon_core.shell:Creating prefix util module '/home/niic/upper_body_demo/install/_local_setup_util_ps1.py'
[5.136s] INFO:colcon.colcon_core.shell:Creating prefix chain script '/home/niic/upper_body_demo/install/setup.ps1'
[5.138s] INFO:colcon.colcon_core.shell:Creating prefix script '/home/niic/upper_body_demo/install/local_setup.sh'
[5.138s] INFO:colcon.colcon_core.shell:Creating prefix util module '/home/niic/upper_body_demo/install/_local_setup_util_sh.py'
[5.139s] INFO:colcon.colcon_core.shell:Creating prefix chain script '/home/niic/upper_body_demo/install/setup.sh'
[5.141s] INFO:colcon.colcon_core.shell:Creating prefix script '/home/niic/upper_body_demo/install/local_setup.bash'
[5.142s] INFO:colcon.colcon_core.shell:Creating prefix chain script '/home/niic/upper_body_demo/install/setup.bash'
[5.143s] INFO:colcon.colcon_core.shell:Creating prefix script '/home/niic/upper_body_demo/install/local_setup.zsh'
[5.144s] INFO:colcon.colcon_core.shell:Creating prefix chain script '/home/niic/upper_body_demo/install/setup.zsh'
