-- Found ament_cmake: 1.3.11 (/opt/ros/humble/share/ament_cmake/cmake)
-- Override CMake install command with custom implementation using symlinks instead of copying resources
-- Found rclcpp: 16.0.11 (/opt/ros/humble/share/rclcpp/cmake)
-- Found rosidl_generator_c: 3.1.6 (/opt/ros/humble/share/rosidl_generator_c/cmake)
-- Found rosidl_adapter: 3.1.6 (/opt/ros/humble/share/rosidl_adapter/cmake)
-- Found rosidl_generator_cpp: 3.1.6 (/opt/ros/humble/share/rosidl_generator_cpp/cmake)
-- Using all available rosidl_typesupport_c: rosidl_typesupport_fastrtps_c;rosidl_typesupport_introspection_c
-- Using all available rosidl_typesupport_cpp: rosidl_typesupport_fastrtps_cpp;rosidl_typesupport_introspection_cpp
-- Found rmw_implementation_cmake: 6.1.2 (/opt/ros/humble/share/rmw_implementation_cmake/cmake)
-- Found rmw_fastrtps_cpp: 6.2.7 (/opt/ros/humble/share/rmw_fastrtps_cpp/cmake)
-- Using RMW implementation 'rmw_fastrtps_cpp' as default
-- Found Boost: /usr/lib/aarch64-linux-gnu/cmake/Boost-1.74.0/BoostConfig.cmake (found version "1.74.0") found components: program_options 
-- Found Boost: /usr/lib/aarch64-linux-gnu/cmake/Boost-1.74.0/BoostConfig.cmake (found version "1.74.0")  
-- Configuring done
-- Generating done
-- Build files have been written to: /home/niic/upper_body_demo/build/upper_body_demo
[35m[1mConsolidate compiler generated dependencies of target wave_hand_demo[0m
[ 20%] [32mBuilding CXX object CMakeFiles/teleop.dir/src/wrist_IK_FK.cpp.o[0m
[ 20%] [32mBuilding CXX object CMakeFiles/teleop.dir/src/teleop/main.cpp.o[0m
[ 50%] [32mBuilding CXX object CMakeFiles/teleop.dir/src/power.cpp.o[0m
[ 50%] [32mBuilding CXX object CMakeFiles/teleop.dir/src/udp_tool.cpp.o[0m
[ 50%] [32mBuilding CXX object CMakeFiles/teleop.dir/src/teleop/armPosiSender.cpp.o[0m
[ 70%] [32mBuilding CXX object CMakeFiles/wave_hand_demo.dir/src/wavehand/WaveHandDemo.cpp.o[0m
[ 70%] [32mBuilding CXX object CMakeFiles/wave_hand_demo.dir/src/wavehand/main.cpp.o[0m
[01m[K/home/niic/upper_body_demo/src/upper_body_demo/src/wrist_IK_FK.cpp:8:10:[m[K [01;31m[Kfatal error: [m[KEigen/Core: No such file or directory
    8 | #include [01;31m[K<Eigen/Core>[m[K
      |          [01;31m[K^~~~~~~~~~~~[m[K
compilation terminated.
gmake[2]: *** [CMakeFiles/teleop.dir/build.make:118: CMakeFiles/teleop.dir/src/wrist_IK_FK.cpp.o] Error 1
gmake[2]: *** Waiting for unfinished jobs....
In file included from [01m[K/home/niic/upper_body_demo/src/upper_body_demo/src/teleop/main.cpp:6[m[K:
[01m[K/home/niic/upper_body_demo/src/upper_body_demo/src/teleop/Joint.hpp:3:10:[m[K [01;31m[Kfatal error: [m[Kaxis.hpp: No such file or directory
    3 | #include [01;31m[K"axis.hpp"[m[K
      |          [01;31m[K^~~~~~~~~~[m[K
compilation terminated.
gmake[2]: *** [CMakeFiles/teleop.dir/build.make:76: CMakeFiles/teleop.dir/src/teleop/main.cpp.o] Error 1
gmake[1]: *** [CMakeFiles/Makefile2:165: CMakeFiles/teleop.dir/all] Error 2
gmake[1]: *** Waiting for unfinished jobs....
[ 80%] [32m[1mLinking CXX executable wave_hand_demo[0m
[ 90%] Built target wave_hand_demo
gmake: *** [Makefile:146: all] Error 2
