[0.015s] Invoking command in '/home/niic/upper_body_demo/build/upper_body_demo': CMAKE_PREFIX_PATH=${CMAKE_PREFIX_PATH}:/opt/ros/humble /usr/bin/cmake --build /home/niic/upper_body_demo/build/upper_body_demo -- -j12 -l12
[0.049s] -- Found ament_cmake: 1.3.11 (/opt/ros/humble/share/ament_cmake/cmake)
[0.223s] -- Override CMake install command with custom implementation using symlinks instead of copying resources
[0.232s] -- Found rclcpp: 16.0.11 (/opt/ros/humble/share/rclcpp/cmake)
[0.268s] -- Found rosidl_generator_c: 3.1.6 (/opt/ros/humble/share/rosidl_generator_c/cmake)
[0.271s] -- Found rosidl_adapter: 3.1.6 (/opt/ros/humble/share/rosidl_adapter/cmake)
[0.279s] -- Found rosidl_generator_cpp: 3.1.6 (/opt/ros/humble/share/rosidl_generator_cpp/cmake)
[0.291s] -- Using all available rosidl_typesupport_c: rosidl_typesupport_fastrtps_c;rosidl_typesupport_introspection_c
[0.307s] -- Using all available rosidl_typesupport_cpp: rosidl_typesupport_fastrtps_cpp;rosidl_typesupport_introspection_cpp
[0.347s] -- Found rmw_implementation_cmake: 6.1.2 (/opt/ros/humble/share/rmw_implementation_cmake/cmake)
[0.349s] -- Found rmw_fastrtps_cpp: 6.2.7 (/opt/ros/humble/share/rmw_fastrtps_cpp/cmake)
[0.476s] -- Using RMW implementation 'rmw_fastrtps_cpp' as default
[0.545s] -- Found Boost: /usr/lib/aarch64-linux-gnu/cmake/Boost-1.74.0/BoostConfig.cmake (found version "1.74.0") found components: program_options 
[0.557s] -- Found Boost: /usr/lib/aarch64-linux-gnu/cmake/Boost-1.74.0/BoostConfig.cmake (found version "1.74.0")  
[0.660s] -- Configuring done
[0.679s] -- Generating done
[0.685s] -- Build files have been written to: /home/niic/upper_body_demo/build/upper_body_demo
[0.728s] [35m[1mConsolidate compiler generated dependencies of target wave_hand_demo[0m
[0.741s] [ 20%] [32mBuilding CXX object CMakeFiles/teleop.dir/src/wrist_IK_FK.cpp.o[0m
[0.742s] [ 20%] [32mBuilding CXX object CMakeFiles/teleop.dir/src/teleop/main.cpp.o[0m
[0.742s] [ 50%] [32mBuilding CXX object CMakeFiles/teleop.dir/src/power.cpp.o[0m
[0.742s] [ 50%] [32mBuilding CXX object CMakeFiles/teleop.dir/src/udp_tool.cpp.o[0m
[0.742s] [ 50%] [32mBuilding CXX object CMakeFiles/teleop.dir/src/teleop/armPosiSender.cpp.o[0m
[0.768s] [ 70%] [32mBuilding CXX object CMakeFiles/wave_hand_demo.dir/src/wavehand/WaveHandDemo.cpp.o[0m
[0.768s] [ 70%] [32mBuilding CXX object CMakeFiles/wave_hand_demo.dir/src/wavehand/main.cpp.o[0m
[0.869s] [01m[K/home/niic/upper_body_demo/src/upper_body_demo/src/wrist_IK_FK.cpp:8:10:[m[K [01;31m[Kfatal error: [m[KEigen/Core: No such file or directory
[0.869s]     8 | #include [01;31m[K<Eigen/Core>[m[K
[0.869s]       |          [01;31m[K^~~~~~~~~~~~[m[K
[0.869s] compilation terminated.
[0.871s] gmake[2]: *** [CMakeFiles/teleop.dir/build.make:118: CMakeFiles/teleop.dir/src/wrist_IK_FK.cpp.o] Error 1
[0.871s] gmake[2]: *** Waiting for unfinished jobs....
[0.910s] In file included from [01m[K/home/niic/upper_body_demo/src/upper_body_demo/src/teleop/main.cpp:6[m[K:
[0.910s] [01m[K/home/niic/upper_body_demo/src/upper_body_demo/src/teleop/Joint.hpp:3:10:[m[K [01;31m[Kfatal error: [m[Kaxis.hpp: No such file or directory
[0.910s]     3 | #include [01;31m[K"axis.hpp"[m[K
[0.910s]       |          [01;31m[K^~~~~~~~~~[m[K
[0.910s] compilation terminated.
[0.913s] gmake[2]: *** [CMakeFiles/teleop.dir/build.make:76: CMakeFiles/teleop.dir/src/teleop/main.cpp.o] Error 1
[3.430s] gmake[1]: *** [CMakeFiles/Makefile2:165: CMakeFiles/teleop.dir/all] Error 2
[3.431s] gmake[1]: *** Waiting for unfinished jobs....
[10.385s] [ 80%] [32m[1mLinking CXX executable wave_hand_demo[0m
[11.317s] [ 90%] Built target wave_hand_demo
[11.318s] gmake: *** [Makefile:146: all] Error 2
[11.322s] Invoked command in '/home/niic/upper_body_demo/build/upper_body_demo' returned '2': CMAKE_PREFIX_PATH=${CMAKE_PREFIX_PATH}:/opt/ros/humble /usr/bin/cmake --build /home/niic/upper_body_demo/build/upper_body_demo -- -j12 -l12
