[0.159s] DEBUG:colcon:Command line arguments: ['/usr/bin/colcon', 'build']
[0.160s] DEBUG:colcon:Parsed command line arguments: Namespace(log_base=None, log_level=None, verb_name='build', build_base='build', install_base='install', merge_install=False, symlink_install=False, test_result_base=None, continue_on_error=False, executor='parallel', parallel_workers=12, event_handlers=None, ignore_user_meta=False, metas=['./colcon.meta'], base_paths=['.'], packages_ignore=None, packages_ignore_regex=None, paths=None, packages_up_to=None, packages_up_to_regex=None, packages_above=None, packages_above_and_dependencies=None, packages_above_depth=None, packages_select_by_dep=None, packages_skip_by_dep=None, packages_skip_up_to=None, packages_select_build_failed=False, packages_skip_build_finished=False, packages_select_test_failures=False, packages_skip_test_passed=False, packages_select=None, packages_skip=None, packages_select_regex=None, packages_skip_regex=None, packages_start=None, packages_end=None, allow_overriding=[], cmake_args=None, cmake_target=None, cmake_target_skip_unavailable=False, cmake_clean_cache=False, cmake_clean_first=False, cmake_force_configure=False, ament_cmake_args=None, catkin_cmake_args=None, catkin_skip_building_tests=False, verb_parser=<colcon_defaults.argument_parser.defaults.DefaultArgumentsDecorator object at 0xffffb07fcaf0>, verb_extension=<colcon_core.verb.build.BuildVerb object at 0xffffb07fc4f0>, main=<bound method BuildVerb.main of <colcon_core.verb.build.BuildVerb object at 0xffffb07fc4f0>>)
[0.428s] Level 1:colcon.colcon_core.package_discovery:discover_packages(colcon_meta) check parameters
[0.428s] Level 1:colcon.colcon_core.package_discovery:discover_packages(recursive) check parameters
[0.428s] Level 1:colcon.colcon_core.package_discovery:discover_packages(ignore) check parameters
[0.428s] Level 1:colcon.colcon_core.package_discovery:discover_packages(path) check parameters
[0.428s] Level 1:colcon.colcon_core.package_discovery:discover_packages(colcon_meta) discover
[0.429s] Level 1:colcon.colcon_core.package_discovery:discover_packages(recursive) discover
[0.429s] INFO:colcon.colcon_core.package_discovery:Crawling recursively for packages in '/home/niic/upper_body_demo/src'
[0.429s] Level 1:colcon.colcon_core.package_identification:_identify(.) by extensions ['ignore', 'ignore_ament_install']
[0.429s] Level 1:colcon.colcon_core.package_identification:_identify(.) by extension 'ignore'
[0.429s] Level 1:colcon.colcon_core.package_identification:_identify(.) by extension 'ignore_ament_install'
[0.429s] Level 1:colcon.colcon_core.package_identification:_identify(.) by extensions ['colcon_pkg']
[0.429s] Level 1:colcon.colcon_core.package_identification:_identify(.) by extension 'colcon_pkg'
[0.429s] Level 1:colcon.colcon_core.package_identification:_identify(.) by extensions ['colcon_meta']
[0.429s] Level 1:colcon.colcon_core.package_identification:_identify(.) by extension 'colcon_meta'
[0.429s] Level 1:colcon.colcon_core.package_identification:_identify(.) by extensions ['ros']
[0.429s] Level 1:colcon.colcon_core.package_identification:_identify(.) by extension 'ros'
[0.445s] Level 1:colcon.colcon_core.package_identification:_identify(.) by extensions ['cmake', 'python']
[0.445s] Level 1:colcon.colcon_core.package_identification:_identify(.) by extension 'cmake'
[0.445s] Level 1:colcon.colcon_core.package_identification:_identify(.) by extension 'python'
[0.445s] Level 1:colcon.colcon_core.package_identification:_identify(.) by extensions ['python_setup_py']
[0.445s] Level 1:colcon.colcon_core.package_identification:_identify(.) by extension 'python_setup_py'
[0.446s] Level 1:colcon.colcon_core.package_identification:_identify(build) by extensions ['ignore', 'ignore_ament_install']
[0.446s] Level 1:colcon.colcon_core.package_identification:_identify(build) by extension 'ignore'
[0.446s] Level 1:colcon.colcon_core.package_identification:_identify(build) ignored
[0.446s] Level 1:colcon.colcon_core.package_identification:_identify(dex_hand) by extensions ['ignore', 'ignore_ament_install']
[0.446s] Level 1:colcon.colcon_core.package_identification:_identify(dex_hand) by extension 'ignore'
[0.446s] Level 1:colcon.colcon_core.package_identification:_identify(dex_hand) by extension 'ignore_ament_install'
[0.446s] Level 1:colcon.colcon_core.package_identification:_identify(dex_hand) by extensions ['colcon_pkg']
[0.446s] Level 1:colcon.colcon_core.package_identification:_identify(dex_hand) by extension 'colcon_pkg'
[0.446s] Level 1:colcon.colcon_core.package_identification:_identify(dex_hand) by extensions ['colcon_meta']
[0.447s] Level 1:colcon.colcon_core.package_identification:_identify(dex_hand) by extension 'colcon_meta'
[0.447s] Level 1:colcon.colcon_core.package_identification:_identify(dex_hand) by extensions ['ros']
[0.447s] Level 1:colcon.colcon_core.package_identification:_identify(dex_hand) by extension 'ros'
[0.451s] DEBUG:colcon.colcon_core.package_identification:Found ROS schema reference in package manifest in 'dex_hand'
[0.451s] WARNING:colcon.colcon_core.package_identification:Failed to parse ROS package manifest in 'dex_hand': Error(s) in package 'dex_hand/package.xml':
Invalid email "niic" for person "niic"
[0.451s] Level 1:colcon.colcon_core.package_identification:_identify(dex_hand) by extensions ['cmake', 'python']
[0.451s] Level 1:colcon.colcon_core.package_identification:_identify(dex_hand) by extension 'cmake'
[0.451s] Level 1:colcon.colcon_core.package_identification:_identify(dex_hand) by extension 'python'
[0.451s] DEBUG:colcon.colcon_core.package_identification:Python package in 'dex_hand' passes arguments to the setup() function which requires a different identification extension than 'python'
[0.451s] Level 1:colcon.colcon_core.package_identification:_identify(dex_hand) by extensions ['python_setup_py']
[0.451s] Level 1:colcon.colcon_core.package_identification:_identify(dex_hand) by extension 'python_setup_py'
[0.863s] DEBUG:colcon.colcon_core.package_identification:Package 'dex_hand' with type 'python' and name 'dex_hand'
[0.863s] Level 1:colcon.colcon_core.package_identification:_identify(install) by extensions ['ignore', 'ignore_ament_install']
[0.863s] Level 1:colcon.colcon_core.package_identification:_identify(install) by extension 'ignore'
[0.864s] Level 1:colcon.colcon_core.package_identification:_identify(install) ignored
[0.864s] Level 1:colcon.colcon_core.package_identification:_identify(log) by extensions ['ignore', 'ignore_ament_install']
[0.864s] Level 1:colcon.colcon_core.package_identification:_identify(log) by extension 'ignore'
[0.864s] Level 1:colcon.colcon_core.package_identification:_identify(log) ignored
[0.864s] Level 1:colcon.colcon_core.package_identification:_identify(upper_body_demo) by extensions ['ignore', 'ignore_ament_install']
[0.864s] Level 1:colcon.colcon_core.package_identification:_identify(upper_body_demo) by extension 'ignore'
[0.864s] Level 1:colcon.colcon_core.package_identification:_identify(upper_body_demo) by extension 'ignore_ament_install'
[0.864s] Level 1:colcon.colcon_core.package_identification:_identify(upper_body_demo) by extensions ['colcon_pkg']
[0.864s] Level 1:colcon.colcon_core.package_identification:_identify(upper_body_demo) by extension 'colcon_pkg'
[0.865s] Level 1:colcon.colcon_core.package_identification:_identify(upper_body_demo) by extensions ['colcon_meta']
[0.865s] Level 1:colcon.colcon_core.package_identification:_identify(upper_body_demo) by extension 'colcon_meta'
[0.865s] Level 1:colcon.colcon_core.package_identification:_identify(upper_body_demo) by extensions ['ros']
[0.865s] Level 1:colcon.colcon_core.package_identification:_identify(upper_body_demo) by extension 'ros'
[0.866s] DEBUG:colcon.colcon_core.package_identification:Package 'upper_body_demo' with type 'ros.ament_cmake' and name 'upper_body_demo'
[0.866s] Level 1:colcon.colcon_core.package_discovery:discover_packages(recursive) using defaults
[0.866s] Level 1:colcon.colcon_core.package_discovery:discover_packages(ignore) discover
[0.866s] Level 1:colcon.colcon_core.package_discovery:discover_packages(ignore) using defaults
[0.866s] Level 1:colcon.colcon_core.package_discovery:discover_packages(path) discover
[0.866s] Level 1:colcon.colcon_core.package_discovery:discover_packages(path) using defaults
[0.919s] Level 1:colcon.colcon_core.package_discovery:discover_packages(prefix_path) check parameters
[0.920s] Level 1:colcon.colcon_core.package_discovery:discover_packages(prefix_path) discover
[0.922s] DEBUG:colcon.colcon_installed_package_information.package_discovery:Found 2 installed packages in /home/niic/tr5-orin/ros2_ws/install
[0.923s] DEBUG:colcon.colcon_installed_package_information.package_discovery:Found 1 installed packages in /home/niic/IMU/install
[0.925s] DEBUG:colcon.colcon_installed_package_information.package_discovery:Found 276 installed packages in /opt/ros/humble
[0.927s] Level 1:colcon.colcon_core.package_discovery:discover_packages(prefix_path) using defaults
[0.981s] Level 5:colcon.colcon_core.verb:set package 'dex_hand' build argument 'cmake_args' from command line to 'None'
[0.981s] Level 5:colcon.colcon_core.verb:set package 'dex_hand' build argument 'cmake_target' from command line to 'None'
[0.981s] Level 5:colcon.colcon_core.verb:set package 'dex_hand' build argument 'cmake_target_skip_unavailable' from command line to 'False'
[0.981s] Level 5:colcon.colcon_core.verb:set package 'dex_hand' build argument 'cmake_clean_cache' from command line to 'False'
[0.981s] Level 5:colcon.colcon_core.verb:set package 'dex_hand' build argument 'cmake_clean_first' from command line to 'False'
[0.981s] Level 5:colcon.colcon_core.verb:set package 'dex_hand' build argument 'cmake_force_configure' from command line to 'False'
[0.981s] Level 5:colcon.colcon_core.verb:set package 'dex_hand' build argument 'ament_cmake_args' from command line to 'None'
[0.981s] Level 5:colcon.colcon_core.verb:set package 'dex_hand' build argument 'catkin_cmake_args' from command line to 'None'
[0.981s] Level 5:colcon.colcon_core.verb:set package 'dex_hand' build argument 'catkin_skip_building_tests' from command line to 'False'
[0.981s] DEBUG:colcon.colcon_core.verb:Building package 'dex_hand' with the following arguments: {'ament_cmake_args': None, 'build_base': '/home/niic/upper_body_demo/src/build/dex_hand', 'catkin_cmake_args': None, 'catkin_skip_building_tests': False, 'cmake_args': None, 'cmake_clean_cache': False, 'cmake_clean_first': False, 'cmake_force_configure': False, 'cmake_target': None, 'cmake_target_skip_unavailable': False, 'install_base': '/home/niic/upper_body_demo/src/install/dex_hand', 'merge_install': False, 'path': '/home/niic/upper_body_demo/src/dex_hand', 'symlink_install': False, 'test_result_base': None}
[0.982s] Level 5:colcon.colcon_core.verb:set package 'upper_body_demo' build argument 'cmake_args' from command line to 'None'
[0.982s] Level 5:colcon.colcon_core.verb:set package 'upper_body_demo' build argument 'cmake_target' from command line to 'None'
[0.982s] Level 5:colcon.colcon_core.verb:set package 'upper_body_demo' build argument 'cmake_target_skip_unavailable' from command line to 'False'
[0.982s] Level 5:colcon.colcon_core.verb:set package 'upper_body_demo' build argument 'cmake_clean_cache' from command line to 'False'
[0.982s] Level 5:colcon.colcon_core.verb:set package 'upper_body_demo' build argument 'cmake_clean_first' from command line to 'False'
[0.982s] Level 5:colcon.colcon_core.verb:set package 'upper_body_demo' build argument 'cmake_force_configure' from command line to 'False'
[0.982s] Level 5:colcon.colcon_core.verb:set package 'upper_body_demo' build argument 'ament_cmake_args' from command line to 'None'
[0.982s] Level 5:colcon.colcon_core.verb:set package 'upper_body_demo' build argument 'catkin_cmake_args' from command line to 'None'
[0.982s] Level 5:colcon.colcon_core.verb:set package 'upper_body_demo' build argument 'catkin_skip_building_tests' from command line to 'False'
[0.982s] DEBUG:colcon.colcon_core.verb:Building package 'upper_body_demo' with the following arguments: {'ament_cmake_args': None, 'build_base': '/home/niic/upper_body_demo/src/build/upper_body_demo', 'catkin_cmake_args': None, 'catkin_skip_building_tests': False, 'cmake_args': None, 'cmake_clean_cache': False, 'cmake_clean_first': False, 'cmake_force_configure': False, 'cmake_target': None, 'cmake_target_skip_unavailable': False, 'install_base': '/home/niic/upper_body_demo/src/install/upper_body_demo', 'merge_install': False, 'path': '/home/niic/upper_body_demo/src/upper_body_demo', 'symlink_install': False, 'test_result_base': None}
[0.982s] INFO:colcon.colcon_core.executor:Executing jobs using 'parallel' executor
[0.984s] DEBUG:colcon.colcon_parallel_executor.executor.parallel:run_until_complete
[0.984s] INFO:colcon.colcon_core.task.python.build:Building Python package in '/home/niic/upper_body_demo/src/dex_hand'
[0.987s] INFO:colcon.colcon_core.plugin_system:Skipping extension 'colcon_core.shell.bat': Not used on non-Windows systems
[0.987s] INFO:colcon.colcon_core.shell:Skip shell extension 'powershell' for command environment: Not usable outside of PowerShell
[0.987s] DEBUG:colcon.colcon_core.shell:Skip shell extension 'dsv' for command environment
[0.993s] INFO:colcon.colcon_ros.task.ament_cmake.build:Building ROS package in '/home/niic/upper_body_demo/src/upper_body_demo' with build type 'ament_cmake'
[0.993s] INFO:colcon.colcon_cmake.task.cmake.build:Building CMake package in '/home/niic/upper_body_demo/src/upper_body_demo'
[0.993s] INFO:colcon.colcon_core.shell:Skip shell extension 'powershell' for command environment: Not usable outside of PowerShell
[0.993s] DEBUG:colcon.colcon_core.shell:Skip shell extension 'dsv' for command environment
[1.413s] DEBUG:colcon.colcon_core.event_handler.log_command:Invoking command in '/home/niic/upper_body_demo/src/build/upper_body_demo': CMAKE_PREFIX_PATH=${CMAKE_PREFIX_PATH}:/opt/ros/humble /usr/bin/cmake /home/niic/upper_body_demo/src/upper_body_demo -DCMAKE_INSTALL_PREFIX=/home/niic/upper_body_demo/src/install/upper_body_demo
[1.988s] DEBUG:colcon.colcon_core.event_handler.log_command:Invoking command in '/home/niic/upper_body_demo/src/dex_hand': PYTHONPATH=/home/niic/upper_body_demo/src/build/dex_hand/prefix_override:/usr/lib/python3/dist-packages/colcon_core/task/python/colcon_distutils_commands:/home/niic/upper_body_demo/src/install/dex_hand/lib/python3.10/site-packages:${PYTHONPATH} /usr/bin/python3 -W ignore:setup.py install is deprecated -W ignore:easy_install command is deprecated setup.py egg_info --egg-base ../build/dex_hand build --build-base /home/niic/upper_body_demo/src/build/dex_hand/build install --record /home/niic/upper_body_demo/src/build/dex_hand/install.log --single-version-externally-managed install_data
[2.459s] DEBUG:colcon.colcon_core.event_handler.log_command:Invoked command in '/home/niic/upper_body_demo/src/dex_hand' returned '0': PYTHONPATH=/home/niic/upper_body_demo/src/build/dex_hand/prefix_override:/usr/lib/python3/dist-packages/colcon_core/task/python/colcon_distutils_commands:/home/niic/upper_body_demo/src/install/dex_hand/lib/python3.10/site-packages:${PYTHONPATH} /usr/bin/python3 -W ignore:setup.py install is deprecated -W ignore:easy_install command is deprecated setup.py egg_info --egg-base ../build/dex_hand build --build-base /home/niic/upper_body_demo/src/build/dex_hand/build install --record /home/niic/upper_body_demo/src/build/dex_hand/install.log --single-version-externally-managed install_data
[2.462s] Level 1:colcon.colcon_core.environment:checking '/home/niic/upper_body_demo/src/install/dex_hand' for CMake module files
[2.463s] Level 1:colcon.colcon_core.environment:checking '/home/niic/upper_body_demo/src/install/dex_hand' for CMake config files
[2.464s] Level 1:colcon.colcon_core.environment:checking '/home/niic/upper_body_demo/src/install/dex_hand/lib'
[2.464s] Level 1:colcon.colcon_core.environment:checking '/home/niic/upper_body_demo/src/install/dex_hand/bin'
[2.464s] Level 1:colcon.colcon_core.environment:checking '/home/niic/upper_body_demo/src/install/dex_hand/lib/pkgconfig/dex_hand.pc'
[2.465s] Level 1:colcon.colcon_core.environment:checking '/home/niic/upper_body_demo/src/install/dex_hand/lib/python3.10/site-packages'
[2.465s] Level 1:colcon.colcon_core.shell:create_environment_hook('dex_hand', 'pythonpath')
[2.465s] INFO:colcon.colcon_core.shell:Creating environment hook '/home/niic/upper_body_demo/src/install/dex_hand/share/dex_hand/hook/pythonpath.ps1'
[2.466s] INFO:colcon.colcon_core.shell:Creating environment descriptor '/home/niic/upper_body_demo/src/install/dex_hand/share/dex_hand/hook/pythonpath.dsv'
[2.467s] INFO:colcon.colcon_core.shell:Creating environment hook '/home/niic/upper_body_demo/src/install/dex_hand/share/dex_hand/hook/pythonpath.sh'
[2.468s] Level 1:colcon.colcon_core.environment:checking '/home/niic/upper_body_demo/src/install/dex_hand/bin'
[2.468s] Level 1:colcon.colcon_core.environment:create_environment_scripts_only(dex_hand)
[2.468s] INFO:colcon.colcon_core.shell:Creating package script '/home/niic/upper_body_demo/src/install/dex_hand/share/dex_hand/package.ps1'
[2.469s] INFO:colcon.colcon_core.shell:Creating package descriptor '/home/niic/upper_body_demo/src/install/dex_hand/share/dex_hand/package.dsv'
[2.470s] INFO:colcon.colcon_core.shell:Creating package script '/home/niic/upper_body_demo/src/install/dex_hand/share/dex_hand/package.sh'
[2.471s] INFO:colcon.colcon_core.shell:Creating package script '/home/niic/upper_body_demo/src/install/dex_hand/share/dex_hand/package.bash'
[2.472s] INFO:colcon.colcon_core.shell:Creating package script '/home/niic/upper_body_demo/src/install/dex_hand/share/dex_hand/package.zsh'
[2.473s] Level 1:colcon.colcon_core.environment:create_file_with_runtime_dependencies(/home/niic/upper_body_demo/src/install/dex_hand/share/colcon-core/packages/dex_hand)
[2.932s] DEBUG:colcon.colcon_core.event_handler.log_command:Invoked command in '/home/niic/upper_body_demo/src/build/upper_body_demo' returned '0': CMAKE_PREFIX_PATH=${CMAKE_PREFIX_PATH}:/opt/ros/humble /usr/bin/cmake /home/niic/upper_body_demo/src/upper_body_demo -DCMAKE_INSTALL_PREFIX=/home/niic/upper_body_demo/src/install/upper_body_demo
[2.934s] DEBUG:colcon.colcon_core.event_handler.log_command:Invoking command in '/home/niic/upper_body_demo/src/build/upper_body_demo': CMAKE_PREFIX_PATH=${CMAKE_PREFIX_PATH}:/opt/ros/humble /usr/bin/cmake --build /home/niic/upper_body_demo/src/build/upper_body_demo -- -j12 -l12
[27.343s] DEBUG:colcon.colcon_core.event_handler.log_command:Invoked command in '/home/niic/upper_body_demo/src/build/upper_body_demo' returned '0': CMAKE_PREFIX_PATH=${CMAKE_PREFIX_PATH}:/opt/ros/humble /usr/bin/cmake --build /home/niic/upper_body_demo/src/build/upper_body_demo -- -j12 -l12
[27.358s] DEBUG:colcon.colcon_core.event_handler.log_command:Invoking command in '/home/niic/upper_body_demo/src/build/upper_body_demo': CMAKE_PREFIX_PATH=${CMAKE_PREFIX_PATH}:/opt/ros/humble /usr/bin/cmake --install /home/niic/upper_body_demo/src/build/upper_body_demo
[27.401s] Level 1:colcon.colcon_core.environment:create_environment_scripts_only(upper_body_demo)
[27.401s] Level 1:colcon.colcon_core.environment:checking '/home/niic/upper_body_demo/src/install/upper_body_demo' for CMake module files
[27.402s] DEBUG:colcon.colcon_core.event_handler.log_command:Invoked command in '/home/niic/upper_body_demo/src/build/upper_body_demo' returned '0': CMAKE_PREFIX_PATH=${CMAKE_PREFIX_PATH}:/opt/ros/humble /usr/bin/cmake --install /home/niic/upper_body_demo/src/build/upper_body_demo
[27.402s] Level 1:colcon.colcon_core.environment:checking '/home/niic/upper_body_demo/src/install/upper_body_demo' for CMake config files
[27.403s] Level 1:colcon.colcon_core.shell:create_environment_hook('upper_body_demo', 'cmake_prefix_path')
[27.403s] INFO:colcon.colcon_core.shell:Creating environment hook '/home/niic/upper_body_demo/src/install/upper_body_demo/share/upper_body_demo/hook/cmake_prefix_path.ps1'
[27.404s] INFO:colcon.colcon_core.shell:Creating environment descriptor '/home/niic/upper_body_demo/src/install/upper_body_demo/share/upper_body_demo/hook/cmake_prefix_path.dsv'
[27.404s] INFO:colcon.colcon_core.shell:Creating environment hook '/home/niic/upper_body_demo/src/install/upper_body_demo/share/upper_body_demo/hook/cmake_prefix_path.sh'
[27.405s] Level 1:colcon.colcon_core.environment:checking '/home/niic/upper_body_demo/src/install/upper_body_demo/lib'
[27.405s] Level 1:colcon.colcon_core.environment:checking '/home/niic/upper_body_demo/src/install/upper_body_demo/bin'
[27.406s] Level 1:colcon.colcon_core.environment:checking '/home/niic/upper_body_demo/src/install/upper_body_demo/lib/pkgconfig/upper_body_demo.pc'
[27.406s] Level 1:colcon.colcon_core.environment:checking '/home/niic/upper_body_demo/src/install/upper_body_demo/lib/python3.10/site-packages'
[27.406s] Level 1:colcon.colcon_core.environment:checking '/home/niic/upper_body_demo/src/install/upper_body_demo/bin'
[27.407s] INFO:colcon.colcon_core.shell:Creating package script '/home/niic/upper_body_demo/src/install/upper_body_demo/share/upper_body_demo/package.ps1'
[27.407s] INFO:colcon.colcon_core.shell:Creating package descriptor '/home/niic/upper_body_demo/src/install/upper_body_demo/share/upper_body_demo/package.dsv'
[27.408s] INFO:colcon.colcon_core.shell:Creating package script '/home/niic/upper_body_demo/src/install/upper_body_demo/share/upper_body_demo/package.sh'
[27.408s] INFO:colcon.colcon_core.shell:Creating package script '/home/niic/upper_body_demo/src/install/upper_body_demo/share/upper_body_demo/package.bash'
[27.409s] INFO:colcon.colcon_core.shell:Creating package script '/home/niic/upper_body_demo/src/install/upper_body_demo/share/upper_body_demo/package.zsh'
[27.409s] Level 1:colcon.colcon_core.environment:create_file_with_runtime_dependencies(/home/niic/upper_body_demo/src/install/upper_body_demo/share/colcon-core/packages/upper_body_demo)
[27.410s] Level 1:colcon.colcon_core.environment:create_environment_scripts_only(upper_body_demo)
[27.411s] Level 1:colcon.colcon_core.environment:checking '/home/niic/upper_body_demo/src/install/upper_body_demo' for CMake module files
[27.411s] Level 1:colcon.colcon_core.environment:checking '/home/niic/upper_body_demo/src/install/upper_body_demo' for CMake config files
[27.412s] Level 1:colcon.colcon_core.shell:create_environment_hook('upper_body_demo', 'cmake_prefix_path')
[27.412s] INFO:colcon.colcon_core.shell:Creating environment hook '/home/niic/upper_body_demo/src/install/upper_body_demo/share/upper_body_demo/hook/cmake_prefix_path.ps1'
[27.412s] INFO:colcon.colcon_core.shell:Creating environment descriptor '/home/niic/upper_body_demo/src/install/upper_body_demo/share/upper_body_demo/hook/cmake_prefix_path.dsv'
[27.413s] INFO:colcon.colcon_core.shell:Creating environment hook '/home/niic/upper_body_demo/src/install/upper_body_demo/share/upper_body_demo/hook/cmake_prefix_path.sh'
[27.414s] Level 1:colcon.colcon_core.environment:checking '/home/niic/upper_body_demo/src/install/upper_body_demo/lib'
[27.414s] Level 1:colcon.colcon_core.environment:checking '/home/niic/upper_body_demo/src/install/upper_body_demo/bin'
[27.414s] Level 1:colcon.colcon_core.environment:checking '/home/niic/upper_body_demo/src/install/upper_body_demo/lib/pkgconfig/upper_body_demo.pc'
[27.414s] Level 1:colcon.colcon_core.environment:checking '/home/niic/upper_body_demo/src/install/upper_body_demo/lib/python3.10/site-packages'
[27.415s] Level 1:colcon.colcon_core.environment:checking '/home/niic/upper_body_demo/src/install/upper_body_demo/bin'
[27.415s] INFO:colcon.colcon_core.shell:Creating package script '/home/niic/upper_body_demo/src/install/upper_body_demo/share/upper_body_demo/package.ps1'
[27.416s] INFO:colcon.colcon_core.shell:Creating package descriptor '/home/niic/upper_body_demo/src/install/upper_body_demo/share/upper_body_demo/package.dsv'
[27.416s] INFO:colcon.colcon_core.shell:Creating package script '/home/niic/upper_body_demo/src/install/upper_body_demo/share/upper_body_demo/package.sh'
[27.417s] INFO:colcon.colcon_core.shell:Creating package script '/home/niic/upper_body_demo/src/install/upper_body_demo/share/upper_body_demo/package.bash'
[27.417s] INFO:colcon.colcon_core.shell:Creating package script '/home/niic/upper_body_demo/src/install/upper_body_demo/share/upper_body_demo/package.zsh'
[27.418s] Level 1:colcon.colcon_core.environment:create_file_with_runtime_dependencies(/home/niic/upper_body_demo/src/install/upper_body_demo/share/colcon-core/packages/upper_body_demo)
[27.418s] DEBUG:colcon.colcon_parallel_executor.executor.parallel:closing loop
[27.419s] DEBUG:colcon.colcon_parallel_executor.executor.parallel:loop closed
[27.419s] DEBUG:colcon.colcon_parallel_executor.executor.parallel:run_until_complete finished with '0'
[27.419s] DEBUG:colcon.colcon_core.event_reactor:joining thread
[27.427s] INFO:colcon.colcon_core.plugin_system:Skipping extension 'colcon_notification.desktop_notification.terminal_notifier': Not used on non-Darwin systems
[27.427s] INFO:colcon.colcon_core.plugin_system:Skipping extension 'colcon_notification.desktop_notification.win32': Not used on non-Windows systems
[27.427s] INFO:colcon.colcon_notification.desktop_notification:Sending desktop notification using 'notify2'
[27.445s] DEBUG:colcon.colcon_notification.desktop_notification.notify2:Failed to initialize notify2: org.freedesktop.DBus.Error.Spawn.ChildExited: Process org.freedesktop.Notifications exited with status 1
[27.445s] DEBUG:colcon.colcon_core.event_reactor:joined thread
[27.446s] INFO:colcon.colcon_core.shell:Creating prefix script '/home/niic/upper_body_demo/src/install/local_setup.ps1'
[27.448s] INFO:colcon.colcon_core.shell:Creating prefix util module '/home/niic/upper_body_demo/src/install/_local_setup_util_ps1.py'
[27.450s] INFO:colcon.colcon_core.shell:Creating prefix chain script '/home/niic/upper_body_demo/src/install/setup.ps1'
[27.451s] INFO:colcon.colcon_core.shell:Creating prefix script '/home/niic/upper_body_demo/src/install/local_setup.sh'
[27.452s] INFO:colcon.colcon_core.shell:Creating prefix util module '/home/niic/upper_body_demo/src/install/_local_setup_util_sh.py'
[27.453s] INFO:colcon.colcon_core.shell:Creating prefix chain script '/home/niic/upper_body_demo/src/install/setup.sh'
[27.455s] INFO:colcon.colcon_core.shell:Creating prefix script '/home/niic/upper_body_demo/src/install/local_setup.bash'
[27.455s] INFO:colcon.colcon_core.shell:Creating prefix chain script '/home/niic/upper_body_demo/src/install/setup.bash'
[27.457s] INFO:colcon.colcon_core.shell:Creating prefix script '/home/niic/upper_body_demo/src/install/local_setup.zsh'
[27.457s] INFO:colcon.colcon_core.shell:Creating prefix chain script '/home/niic/upper_body_demo/src/install/setup.zsh'
