[0.015s] Invoking command in '/home/niic/upper_body_demo/build/upper_body_demo': CMAKE_PREFIX_PATH=${CMAKE_PREFIX_PATH}:/opt/ros/humble /usr/bin/cmake --build /home/niic/upper_body_demo/build/upper_body_demo -- -j12 -l12
[0.077s] [35m[1mConsolidate compiler generated dependencies of target enable[0m
[0.102s] [ 16%] [32mBuilding CXX object CMakeFiles/enable.dir/src/enable/main.cpp.o[0m
[0.102s] [ 41%] Built target wave_hand_demo
[0.105s] [ 91%] Built target teleop
[6.447s] [100%] [32m[1mLinking CXX executable enable[0m
[6.702s] [100%] Built target enable
[6.718s] Invoked command in '/home/niic/upper_body_demo/build/upper_body_demo' returned '0': CMAKE_PREFIX_PATH=${CMAKE_PREFIX_PATH}:/opt/ros/humble /usr/bin/cmake --build /home/niic/upper_body_demo/build/upper_body_demo -- -j12 -l12
[6.733s] Invoking command in '/home/niic/upper_body_demo/build/upper_body_demo': CMAKE_PREFIX_PATH=${CMAKE_PREFIX_PATH}:/opt/ros/humble /usr/bin/cmake --install /home/niic/upper_body_demo/build/upper_body_demo
[6.744s] -- Install configuration: ""
[6.744s] -- Installing: /home/niic/upper_body_demo/install/upper_body_demo/lib/upper_body_demo/enable
[6.747s] -- Set runtime path of "/home/niic/upper_body_demo/install/upper_body_demo/lib/upper_body_demo/enable" to ""
[6.747s] -- Up-to-date: /home/niic/upper_body_demo/install/upper_body_demo/include/upper_body_demo
[6.747s] -- Up-to-date: /home/niic/upper_body_demo/install/upper_body_demo/include/upper_body_demo/ecat
[6.747s] -- Up-to-date: /home/niic/upper_body_demo/install/upper_body_demo/include/upper_body_demo/ecat/error.hpp
[6.748s] -- Up-to-date: /home/niic/upper_body_demo/install/upper_body_demo/include/upper_body_demo/ecat/thread_mutex.hpp
[6.748s] -- Up-to-date: /home/niic/upper_body_demo/install/upper_body_demo/include/upper_body_demo/ecat/master.hpp
[6.748s] -- Up-to-date: /home/niic/upper_body_demo/install/upper_body_demo/include/upper_body_demo/ecat/eni_config.hpp
[6.748s] -- Up-to-date: /home/niic/upper_body_demo/install/upper_body_demo/include/upper_body_demo/ecat/types.hpp
[6.748s] -- Up-to-date: /home/niic/upper_body_demo/install/upper_body_demo/include/upper_body_demo/ecat/ipc.hpp
[6.748s] -- Up-to-date: /home/niic/upper_body_demo/install/upper_body_demo/include/upper_body_demo/ecat/pwm.hpp
[6.748s] -- Up-to-date: /home/niic/upper_body_demo/install/upper_body_demo/include/upper_body_demo/ecat/slice.hpp
[6.748s] -- Up-to-date: /home/niic/upper_body_demo/install/upper_body_demo/include/upper_body_demo/ecat/buffer_locked.hpp
[6.748s] -- Up-to-date: /home/niic/upper_body_demo/install/upper_body_demo/include/upper_body_demo/ecat/task_collaborative.hpp
[6.748s] -- Up-to-date: /home/niic/upper_body_demo/install/upper_body_demo/include/upper_body_demo/ecat/sdo_request.hpp
[6.749s] -- Up-to-date: /home/niic/upper_body_demo/install/upper_body_demo/include/upper_body_demo/ecat/log.hpp
[6.749s] -- Up-to-date: /home/niic/upper_body_demo/install/upper_body_demo/include/upper_body_demo/ecat/reg_request.hpp
[6.749s] -- Up-to-date: /home/niic/upper_body_demo/install/upper_body_demo/include/upper_body_demo/ecat/detail
[6.749s] -- Up-to-date: /home/niic/upper_body_demo/install/upper_body_demo/include/upper_body_demo/ecat/detail/config.hpp
[6.749s] -- Up-to-date: /home/niic/upper_body_demo/install/upper_body_demo/include/upper_body_demo/ecat/detail/os_string.hpp
[6.749s] -- Up-to-date: /home/niic/upper_body_demo/install/upper_body_demo/include/upper_body_demo/ecat/detail/logger.hpp
[6.749s] -- Up-to-date: /home/niic/upper_body_demo/install/upper_body_demo/include/upper_body_demo/ecat/detail/ioctl.hpp
[6.749s] -- Up-to-date: /home/niic/upper_body_demo/install/upper_body_demo/include/upper_body_demo/ecat/detail/file.hpp
[6.749s] -- Up-to-date: /home/niic/upper_body_demo/install/upper_body_demo/include/upper_body_demo/ecat/detail/log_handler.hpp
[6.749s] -- Up-to-date: /home/niic/upper_body_demo/install/upper_body_demo/include/upper_body_demo/ecat/detail/utility.hpp
[6.749s] -- Up-to-date: /home/niic/upper_body_demo/install/upper_body_demo/include/upper_body_demo/ecat/detail/thread.hpp
[6.749s] -- Up-to-date: /home/niic/upper_body_demo/install/upper_body_demo/include/upper_body_demo/ecat/detail/sii_crc.hpp
[6.750s] -- Up-to-date: /home/niic/upper_body_demo/install/upper_body_demo/include/upper_body_demo/ecat/detail/esi_index.hpp
[6.750s] -- Up-to-date: /home/niic/upper_body_demo/install/upper_body_demo/include/upper_body_demo/ecat/dc.hpp
[6.750s] -- Up-to-date: /home/niic/upper_body_demo/install/upper_body_demo/include/upper_body_demo/ecat/task.hpp
[6.750s] -- Up-to-date: /home/niic/upper_body_demo/install/upper_body_demo/include/upper_body_demo/ecat/version.hpp
[6.750s] -- Up-to-date: /home/niic/upper_body_demo/install/upper_body_demo/include/upper_body_demo/ecat/run_time_stat.hpp
[6.750s] -- Up-to-date: /home/niic/upper_body_demo/install/upper_body_demo/include/upper_body_demo/ecat/thread_rtlock.hpp
[6.750s] -- Up-to-date: /home/niic/upper_body_demo/install/upper_body_demo/include/upper_body_demo/ecat/task_assist.hpp
[6.750s] -- Up-to-date: /home/niic/upper_body_demo/install/upper_body_demo/include/upper_body_demo/ecat/slave_config.hpp
[6.751s] -- Up-to-date: /home/niic/upper_body_demo/install/upper_body_demo/include/upper_body_demo/ecat/buffer_rtlocked.hpp
[6.751s] -- Up-to-date: /home/niic/upper_body_demo/install/upper_body_demo/include/upper_body_demo/ecat/rokae
[6.751s] -- Up-to-date: /home/niic/upper_body_demo/install/upper_body_demo/include/upper_body_demo/ecat/rokae/extra.hpp
[6.752s] -- Up-to-date: /home/niic/upper_body_demo/install/upper_body_demo/include/upper_body_demo/ecat/s2s_func.hpp
[6.752s] -- Up-to-date: /home/niic/upper_body_demo/install/upper_body_demo/include/upper_body_demo/ecat/niic_api.hpp
[6.752s] -- Up-to-date: /home/niic/upper_body_demo/install/upper_body_demo/include/upper_body_demo/ecat/algorithm_threads.hpp
[6.752s] -- Up-to-date: /home/niic/upper_body_demo/install/upper_body_demo/include/upper_body_demo/ecat/spi_io.hpp
[6.753s] -- Up-to-date: /home/niic/upper_body_demo/install/upper_body_demo/include/upper_body_demo/ecat/buffer.hpp
[6.753s] -- Up-to-date: /home/niic/upper_body_demo/install/upper_body_demo/include/upper_body_demo/ecat/task_interface.hpp
[6.753s] -- Up-to-date: /home/niic/upper_body_demo/install/upper_body_demo/include/upper_body_demo/upper_body_demo
[6.753s] -- Installing: /home/niic/upper_body_demo/install/upper_body_demo/share/upper_body_demo/package.dsv
[6.754s] Invoked command in '/home/niic/upper_body_demo/build/upper_body_demo' returned '0': CMAKE_PREFIX_PATH=${CMAKE_PREFIX_PATH}:/opt/ros/humble /usr/bin/cmake --install /home/niic/upper_body_demo/build/upper_body_demo
