[01m[K/home/niic/upper_body_demo/src/upper_body_demo/src/wrist_IK_FK.cpp:[m[K In function ‘[01m[Kstd::pair<float, float> solveFK(float, float, float, float, Side)[m[K’:
[01m[K/home/niic/upper_body_demo/src/upper_body_demo/src/wrist_IK_FK.cpp:256:101:[m[K [01;36m[Knote: [m[Kparameter passing for argument of type ‘[01m[Kstd::pair<float, float>[m[K’ when C++17 is enabled changed to match C++14 ]8;;https://gcc.gnu.org/gcc-10/changes.html#empty_basein GCC 10.1]8;;
  256 | std::pair<float, float> solveFK(float roll_old, float pitch_old, float f_len, float b_len, Side side[01;36m[K)[m[K{
      |                                                                                                     [01;36m[K^[m[K
[01m[K/home/niic/upper_body_demo/src/upper_body_demo/src/teleop/main.cpp:[m[K In constructor ‘[01m[KTeleopNode::TeleopNode()[m[K’:
[01m[K/home/niic/upper_body_demo/src/upper_body_demo/src/teleop/main.cpp:124:5:[m[K [01;31m[Kerror: [m[K‘[01m[Kjoint_state_pub_[m[K’ was not declared in this scope
  124 |     [01;31m[Kjoint_state_pub_[m[K = this->create_publisher<sensor_msgs::msg::JointState>("joint_states", 1);
      |     [01;31m[K^~~~~~~~~~~~~~~~[m[K
[01m[K/home/niic/upper_body_demo/src/upper_body_demo/src/teleop/main.cpp:127:5:[m[K [01;31m[Kerror: [m[K‘[01m[Ktarget_joint_posi_sub_[m[K’ was not declared in this scope
  127 |     [01;31m[Ktarget_joint_posi_sub_[m[K = this->create_subscription<sensor_msgs::msg::JointState>(
      |     [01;31m[K^~~~~~~~~~~~~~~~~~~~~~[m[K
[01m[K/home/niic/upper_body_demo/src/upper_body_demo/src/teleop/main.cpp:[m[K In lambda function:
[01m[K/home/niic/upper_body_demo/src/upper_body_demo/src/teleop/main.cpp:131:13:[m[K [01;31m[Kerror: [m[K‘[01m[Klast_stamp[m[K’ is not captured
  131 |         if ([01;31m[Klast_stamp[m[K.nanoseconds() > 0) {
      |             [01;31m[K^~~~~~~~~~[m[K
[01m[K/home/niic/upper_body_demo/src/upper_body_demo/src/teleop/main.cpp:129:12:[m[K [01;36m[Knote: [m[Kthe lambda has no capture-default
  129 |       [this[01;36m[K][m[K(const sensor_msgs::msg::JointState::SharedPtr msg) {
      |            [01;36m[K^[m[K
[01m[K/home/niic/upper_body_demo/src/upper_body_demo/src/teleop/main.cpp:126:18:[m[K [01;36m[Knote: [m[K‘[01m[Krclcpp::Time last_stamp[m[K’ declared here
  126 |     rclcpp::Time [01;36m[Klast_stamp[m[K(0, 0, RCL_ROS_TIME);
      |                  [01;36m[K^~~~~~~~~~[m[K
[01m[K/home/niic/upper_body_demo/src/upper_body_demo/src/teleop/main.cpp:133:52:[m[K [01;31m[Kerror: [m[K‘[01m[Klast_stamp[m[K’ is not captured
  133 |           rclcpp::Duration delta = current_stamp - [01;31m[Klast_stamp[m[K;
      |                                                    [01;31m[K^~~~~~~~~~[m[K
[01m[K/home/niic/upper_body_demo/src/upper_body_demo/src/teleop/main.cpp:129:12:[m[K [01;36m[Knote: [m[Kthe lambda has no capture-default
  129 |       [this[01;36m[K][m[K(const sensor_msgs::msg::JointState::SharedPtr msg) {
      |            [01;36m[K^[m[K
[01m[K/home/niic/upper_body_demo/src/upper_body_demo/src/teleop/main.cpp:126:18:[m[K [01;36m[Knote: [m[K‘[01m[Krclcpp::Time last_stamp[m[K’ declared here
  126 |     rclcpp::Time [01;36m[Klast_stamp[m[K(0, 0, RCL_ROS_TIME);
      |                  [01;36m[K^~~~~~~~~~[m[K
[01m[K/home/niic/upper_body_demo/src/upper_body_demo/src/teleop/main.cpp:134:70:[m[K [01;31m[Kerror: [m[Kno matching function for call to ‘[01m[Kstd::scoped_lock<std::mutex>::scoped_lock(std::mutex&, std::mutex&)[m[K’
  134 |           std::scoped_lock<std::mutex> lk(ctx.current_m, ctx.target_m[01;31m[K)[m[K;
      |                                                                      [01;31m[K^[m[K
In file included from [01m[K/home/niic/upper_body_demo/src/upper_body_demo/src/teleop/../CtrlContext.hpp:4[m[K,
                 from [01m[K/home/niic/upper_body_demo/src/upper_body_demo/src/teleop/main.cpp:5[m[K:
[01m[K/usr/include/c++/11/mutex:657:16:[m[K [01;36m[Knote: [m[Kcandidate: ‘[01m[Kstd::scoped_lock<_Mutex>::scoped_lock(std::adopt_lock_t, std::scoped_lock<_Mutex>::mutex_type&) [with _Mutex = std::mutex; std::scoped_lock<_Mutex>::mutex_type = std::mutex][m[K’
  657 |       explicit [01;36m[Kscoped_lock[m[K(adopt_lock_t, mutex_type& __m) noexcept
      |                [01;36m[K^~~~~~~~~~~[m[K
[01m[K/usr/include/c++/11/mutex:657:28:[m[K [01;36m[Knote: [m[K  no known conversion for argument 1 from ‘[01m[Kstd::mutex[m[K’ to ‘[01m[Kstd::adopt_lock_t[m[K’
  657 |       explicit scoped_lock([01;36m[Kadopt_lock_t[m[K, mutex_type& __m) noexcept
      |                            [01;36m[K^~~~~~~~~~~~[m[K
[01m[K/usr/include/c++/11/mutex:654:16:[m[K [01;36m[Knote: [m[Kcandidate: ‘[01m[Kstd::scoped_lock<_Mutex>::scoped_lock(std::scoped_lock<_Mutex>::mutex_type&) [with _Mutex = std::mutex; std::scoped_lock<_Mutex>::mutex_type = std::mutex][m[K’
  654 |       explicit [01;36m[Kscoped_lock[m[K(mutex_type& __m) : _M_device(__m)
      |                [01;36m[K^~~~~~~~~~~[m[K
[01m[K/usr/include/c++/11/mutex:654:16:[m[K [01;36m[Knote: [m[K  candidate expects 1 argument, 2 provided
[01m[K/home/niic/upper_body_demo/src/upper_body_demo/src/teleop/main.cpp:138:16:[m[K [01;31m[Kerror: [m[Kexpected ‘[01m[K([m[K’ before ‘[01m[Kis_rot[m[K’
  138 |             if [01;31m[Kis_rot[m[K(i+2) ctx.target_q[i+2] = msg->position[i];
      |                [01;31m[K^~~~~~[m[K
[01m[K/home/niic/upper_body_demo/src/upper_body_demo/src/teleop/main.cpp:142:39:[m[K [01;31m[Kerror: [m[K‘[01m[Kstruct CtrlContext[m[K’ has no member named ‘[01m[Ktaregt_q_rot[m[K’; did you mean ‘[01m[Ktarget_q_rot[m[K’?
  142 |           auto [lf, lb] = solveIK(ctx.[01;31m[Ktaregt_q_rot[m[K[7],  ctx.taregt_q_rot[8], Side::Left);
      |                                       [01;31m[K^~~~~~~~~~~~[m[K
      |                                       [32m[Ktarget_q_rot[m[K
[01m[K/home/niic/upper_body_demo/src/upper_body_demo/src/teleop/main.cpp:142:61:[m[K [01;31m[Kerror: [m[K‘[01m[Kstruct CtrlContext[m[K’ has no member named ‘[01m[Ktaregt_q_rot[m[K’; did you mean ‘[01m[Ktarget_q_rot[m[K’?
  142 |           auto [lf, lb] = solveIK(ctx.taregt_q_rot[7],  ctx.[01;31m[Ktaregt_q_rot[m[K[8], Side::Left);
      |                                                             [01;31m[K^~~~~~~~~~~~[m[K
      |                                                             [32m[Ktarget_q_rot[m[K
[01m[K/home/niic/upper_body_demo/src/upper_body_demo/src/teleop/main.cpp:144:39:[m[K [01;31m[Kerror: [m[K‘[01m[Kstruct CtrlContext[m[K’ has no member named ‘[01m[Ktaregt_q_rot[m[K’; did you mean ‘[01m[Ktarget_q_rot[m[K’?
  144 |           auto [rf, rb] = solveIK(ctx.[01;31m[Ktaregt_q_rot[m[K[14], ctx.taregt_q_rot[15], Side::Right);
      |                                       [01;31m[K^~~~~~~~~~~~[m[K
      |                                       [32m[Ktarget_q_rot[m[K
[01m[K/home/niic/upper_body_demo/src/upper_body_demo/src/teleop/main.cpp:144:61:[m[K [01;31m[Kerror: [m[K‘[01m[Kstruct CtrlContext[m[K’ has no member named ‘[01m[Ktaregt_q_rot[m[K’; did you mean ‘[01m[Ktarget_q_rot[m[K’?
  144 |           auto [rf, rb] = solveIK(ctx.taregt_q_rot[14], ctx.[01;31m[Ktaregt_q_rot[m[K[15], Side::Right);
      |                                                             [01;31m[K^~~~~~~~~~~~[m[K
      |                                                             [32m[Ktarget_q_rot[m[K
[01m[K/home/niic/upper_body_demo/src/upper_body_demo/src/teleop/main.cpp:[m[K In lambda function:
[01m[K/home/niic/upper_body_demo/src/upper_body_demo/src/teleop/main.cpp:264:7:[m[K [01;31m[Kerror: [m[Kexpected ‘[01m[K,[m[K’ or ‘[01m[K;[m[K’ before ‘[01m[Kfor[m[K’
  264 |       [01;31m[Kfor[m[K (auto &j : joints) { (*j)(); }
      |       [01;31m[K^~~[m[K
[01m[K/home/niic/upper_body_demo/src/upper_body_demo/src/teleop/main.cpp:267:98:[m[K [01;36m[Knote: [m[Kparameter passing for argument of type ‘[01m[Kstd::pair<float, float>[m[K’ when C++17 is enabled changed to match C++14 ]8;;https://gcc.gnu.org/gcc-10/changes.html#empty_basein GCC 10.1]8;;
  267 |       auto [roll, pitch] = solveFK(ctx.q_rot[7],  ctx.q_rot[8],  ctx.q[7],  ctx.q[8],  Side::Left[01;36m[K)[m[K;
      |                                                                                                  [01;36m[K^[m[K
gmake[2]: *** [CMakeFiles/teleop.dir/build.make:76: CMakeFiles/teleop.dir/src/teleop/main.cpp.o] Error 1
gmake[1]: *** [CMakeFiles/Makefile2:165: CMakeFiles/teleop.dir/all] Error 2
gmake: *** [Makefile:146: all] Error 2
