[1.080s] Invoking command in '/home/niic/upper_body_demo/src/dex_hand': PYTHONPATH=/home/niic/upper_body_demo/build/dex_hand/prefix_override:/usr/lib/python3/dist-packages/colcon_core/task/python/colcon_distutils_commands:/home/niic/upper_body_demo/install/dex_hand/lib/python3.10/site-packages:${PYTHONPATH} /usr/bin/python3 -W ignore:setup.py install is deprecated -W ignore:easy_install command is deprecated setup.py egg_info --egg-base ../../build/dex_hand build --build-base /home/niic/upper_body_demo/build/dex_hand/build install --record /home/niic/upper_body_demo/build/dex_hand/install.log --single-version-externally-managed install_data
[1.448s] running egg_info
[1.449s] writing ../../build/dex_hand/dex_hand.egg-info/PKG-INFO
[1.450s] writing dependency_links to ../../build/dex_hand/dex_hand.egg-info/dependency_links.txt
[1.450s] writing entry points to ../../build/dex_hand/dex_hand.egg-info/entry_points.txt
[1.450s] writing requirements to ../../build/dex_hand/dex_hand.egg-info/requires.txt
[1.450s] writing top-level names to ../../build/dex_hand/dex_hand.egg-info/top_level.txt
[1.453s] reading manifest file '../../build/dex_hand/dex_hand.egg-info/SOURCES.txt'
[1.454s] writing manifest file '../../build/dex_hand/dex_hand.egg-info/SOURCES.txt'
[1.454s] running build
[1.454s] running build_py
[1.455s] copying dex_hand/rps_hand.py -> /home/niic/upper_body_demo/build/dex_hand/build/lib/dex_hand
[1.456s] running install
[1.457s] running install_lib
[1.458s] copying /home/niic/upper_body_demo/build/dex_hand/build/lib/dex_hand/rps_hand.py -> /home/niic/upper_body_demo/install/dex_hand/lib/python3.10/site-packages/dex_hand
[1.460s] byte-compiling /home/niic/upper_body_demo/install/dex_hand/lib/python3.10/site-packages/dex_hand/rps_hand.py to rps_hand.cpython-310.pyc
[1.462s] running install_data
[1.462s] running install_egg_info
[1.465s] removing '/home/niic/upper_body_demo/install/dex_hand/lib/python3.10/site-packages/dex_hand-0.0.0-py3.10.egg-info' (and everything under it)
[1.465s] error removing /home/niic/upper_body_demo/install/dex_hand/lib/python3.10/site-packages/dex_hand-0.0.0-py3.10.egg-info: [Errno 13] Permission denied: '/home/niic/upper_body_demo/install/dex_hand/lib/python3.10/site-packages/dex_hand-0.0.0-py3.10.egg-info/dependency_links.txt'
[1.465s] error removing /home/niic/upper_body_demo/install/dex_hand/lib/python3.10/site-packages/dex_hand-0.0.0-py3.10.egg-info: [Errno 13] Permission denied: '/home/niic/upper_body_demo/install/dex_hand/lib/python3.10/site-packages/dex_hand-0.0.0-py3.10.egg-info/requires.txt'
[1.465s] error removing /home/niic/upper_body_demo/install/dex_hand/lib/python3.10/site-packages/dex_hand-0.0.0-py3.10.egg-info: [Errno 13] Permission denied: '/home/niic/upper_body_demo/install/dex_hand/lib/python3.10/site-packages/dex_hand-0.0.0-py3.10.egg-info/SOURCES.txt'
[1.465s] error removing /home/niic/upper_body_demo/install/dex_hand/lib/python3.10/site-packages/dex_hand-0.0.0-py3.10.egg-info: [Errno 13] Permission denied: '/home/niic/upper_body_demo/install/dex_hand/lib/python3.10/site-packages/dex_hand-0.0.0-py3.10.egg-info/zip-safe'
[1.465s] error removing /home/niic/upper_body_demo/install/dex_hand/lib/python3.10/site-packages/dex_hand-0.0.0-py3.10.egg-info: [Errno 13] Permission denied: '/home/niic/upper_body_demo/install/dex_hand/lib/python3.10/site-packages/dex_hand-0.0.0-py3.10.egg-info/entry_points.txt'
[1.466s] error removing /home/niic/upper_body_demo/install/dex_hand/lib/python3.10/site-packages/dex_hand-0.0.0-py3.10.egg-info: [Errno 13] Permission denied: '/home/niic/upper_body_demo/install/dex_hand/lib/python3.10/site-packages/dex_hand-0.0.0-py3.10.egg-info/top_level.txt'
[1.466s] error removing /home/niic/upper_body_demo/install/dex_hand/lib/python3.10/site-packages/dex_hand-0.0.0-py3.10.egg-info: [Errno 13] Permission denied: '/home/niic/upper_body_demo/install/dex_hand/lib/python3.10/site-packages/dex_hand-0.0.0-py3.10.egg-info/PKG-INFO'
[1.466s] error removing /home/niic/upper_body_demo/install/dex_hand/lib/python3.10/site-packages/dex_hand-0.0.0-py3.10.egg-info: [Errno 39] Directory not empty: '/home/niic/upper_body_demo/install/dex_hand/lib/python3.10/site-packages/dex_hand-0.0.0-py3.10.egg-info'
[1.466s] Copying ../../build/dex_hand/dex_hand.egg-info to /home/niic/upper_body_demo/install/dex_hand/lib/python3.10/site-packages/dex_hand-0.0.0-py3.10.egg-info
[1.466s] error: [Errno 13] Permission denied: '/home/niic/upper_body_demo/install/dex_hand/lib/python3.10/site-packages/dex_hand-0.0.0-py3.10.egg-info/dependency_links.txt'
[1.503s] Invoked command in '/home/niic/upper_body_demo/src/dex_hand' returned '1': PYTHONPATH=/home/niic/upper_body_demo/build/dex_hand/prefix_override:/usr/lib/python3/dist-packages/colcon_core/task/python/colcon_distutils_commands:/home/niic/upper_body_demo/install/dex_hand/lib/python3.10/site-packages:${PYTHONPATH} /usr/bin/python3 -W ignore:setup.py install is deprecated -W ignore:easy_install command is deprecated setup.py egg_info --egg-base ../../build/dex_hand build --build-base /home/niic/upper_body_demo/build/dex_hand/build install --record /home/niic/upper_body_demo/build/dex_hand/install.log --single-version-externally-managed install_data
