[0.418s] Invoking command in '/home/niic/upper_body_demo/build/upper_body_demo': CMAKE_PREFIX_PATH=${CMAKE_PREFIX_PATH}:/opt/ros/humble /usr/bin/cmake /home/niic/upper_body_demo/src/upper_body_demo -DAMENT_CMAKE_SYMLINK_INSTALL=1 -DCMAKE_INSTALL_PREFIX=/home/niic/upper_body_demo/install/upper_body_demo
[0.439s] -- Found ament_cmake: 1.3.11 (/opt/ros/humble/share/ament_cmake/cmake)
[0.618s] -- Override CMake install command with custom implementation using symlinks instead of copying resources
[0.629s] -- Found rclcpp: 16.0.11 (/opt/ros/humble/share/rclcpp/cmake)
[0.666s] -- Found rosidl_generator_c: 3.1.6 (/opt/ros/humble/share/rosidl_generator_c/cmake)
[0.670s] -- Found rosidl_adapter: 3.1.6 (/opt/ros/humble/share/rosidl_adapter/cmake)
[0.677s] -- Found rosidl_generator_cpp: 3.1.6 (/opt/ros/humble/share/rosidl_generator_cpp/cmake)
[0.690s] -- Using all available rosidl_typesupport_c: rosidl_typesupport_fastrtps_c;rosidl_typesupport_introspection_c
[0.707s] -- Using all available rosidl_typesupport_cpp: rosidl_typesupport_fastrtps_cpp;rosidl_typesupport_introspection_cpp
[0.750s] -- Found rmw_implementation_cmake: 6.1.2 (/opt/ros/humble/share/rmw_implementation_cmake/cmake)
[0.752s] -- Found rmw_fastrtps_cpp: 6.2.7 (/opt/ros/humble/share/rmw_fastrtps_cpp/cmake)
[0.888s] -- Using RMW implementation 'rmw_fastrtps_cpp' as default
[0.952s] -- Found sensor_msgs: 4.2.4 (/opt/ros/humble/share/sensor_msgs/cmake)
[0.996s] -- Found Boost: /usr/lib/aarch64-linux-gnu/cmake/Boost-1.74.0/BoostConfig.cmake (found version "1.74.0") found components: program_options 
[1.009s] -- Found Boost: /usr/lib/aarch64-linux-gnu/cmake/Boost-1.74.0/BoostConfig.cmake (found version "1.74.0")  
[1.122s] -- Configuring done
[1.151s] -- Generating done
[1.159s] -- Build files have been written to: /home/niic/upper_body_demo/build/upper_body_demo
[1.174s] Invoked command in '/home/niic/upper_body_demo/build/upper_body_demo' returned '0': CMAKE_PREFIX_PATH=${CMAKE_PREFIX_PATH}:/opt/ros/humble /usr/bin/cmake /home/niic/upper_body_demo/src/upper_body_demo -DAMENT_CMAKE_SYMLINK_INSTALL=1 -DCMAKE_INSTALL_PREFIX=/home/niic/upper_body_demo/install/upper_body_demo
[1.176s] Invoking command in '/home/niic/upper_body_demo/build/upper_body_demo': CMAKE_PREFIX_PATH=${CMAKE_PREFIX_PATH}:/opt/ros/humble /usr/bin/cmake --build /home/niic/upper_body_demo/build/upper_body_demo -- -j12 -l12
[1.237s] [35m[1mConsolidate compiler generated dependencies of target enable[0m
[1.239s] [35m[1mConsolidate compiler generated dependencies of target wave_hand_demo[0m
[1.241s] [35m[1mConsolidate compiler generated dependencies of target teleop[0m
[1.265s] [  8%] [32mBuilding CXX object CMakeFiles/enable.dir/src/enable/main.cpp.o[0m
[1.277s] [ 41%] Built target wave_hand_demo
[1.284s] [ 50%] [32mBuilding CXX object CMakeFiles/teleop.dir/src/teleop/armPosiSender.cpp.o[0m
[3.762s] [ 58%] [32m[1mLinking CXX executable teleop[0m
[5.565s] [ 91%] Built target teleop
[7.665s] [100%] [32m[1mLinking CXX executable enable[0m
[7.914s] [100%] Built target enable
[7.930s] Invoked command in '/home/niic/upper_body_demo/build/upper_body_demo' returned '0': CMAKE_PREFIX_PATH=${CMAKE_PREFIX_PATH}:/opt/ros/humble /usr/bin/cmake --build /home/niic/upper_body_demo/build/upper_body_demo -- -j12 -l12
[7.945s] Invoking command in '/home/niic/upper_body_demo/build/upper_body_demo': CMAKE_PREFIX_PATH=${CMAKE_PREFIX_PATH}:/opt/ros/humble /usr/bin/cmake --install /home/niic/upper_body_demo/build/upper_body_demo
[7.955s] -- Install configuration: ""
[7.956s] -- Execute custom install script
[7.957s] -- Up-to-date symlink: /home/niic/upper_body_demo/install/upper_body_demo/lib/upper_body_demo/wave_hand_demo
[7.957s] -- Up-to-date symlink: /home/niic/upper_body_demo/install/upper_body_demo/lib/upper_body_demo/teleop
[7.957s] -- Up-to-date symlink: /home/niic/upper_body_demo/install/upper_body_demo/lib/upper_body_demo/enable
[7.957s] -- Up-to-date symlink: /home/niic/upper_body_demo/install/upper_body_demo/share/ament_index/resource_index/package_run_dependencies/upper_body_demo
[7.957s] -- Up-to-date symlink: /home/niic/upper_body_demo/install/upper_body_demo/share/ament_index/resource_index/parent_prefix_path/upper_body_demo
[7.958s] -- Up-to-date symlink: /home/niic/upper_body_demo/install/upper_body_demo/share/upper_body_demo/environment/ament_prefix_path.sh
[7.958s] -- Up-to-date symlink: /home/niic/upper_body_demo/install/upper_body_demo/share/upper_body_demo/environment/ament_prefix_path.dsv
[7.958s] -- Up-to-date symlink: /home/niic/upper_body_demo/install/upper_body_demo/share/upper_body_demo/environment/path.sh
[7.958s] -- Up-to-date symlink: /home/niic/upper_body_demo/install/upper_body_demo/share/upper_body_demo/environment/path.dsv
[7.958s] -- Up-to-date symlink: /home/niic/upper_body_demo/install/upper_body_demo/share/upper_body_demo/local_setup.bash
[7.959s] -- Up-to-date symlink: /home/niic/upper_body_demo/install/upper_body_demo/share/upper_body_demo/local_setup.sh
[7.959s] -- Up-to-date symlink: /home/niic/upper_body_demo/install/upper_body_demo/share/upper_body_demo/local_setup.zsh
[7.959s] -- Up-to-date symlink: /home/niic/upper_body_demo/install/upper_body_demo/share/upper_body_demo/local_setup.dsv
[7.959s] -- Symlinking: /home/niic/upper_body_demo/install/upper_body_demo/share/upper_body_demo/package.dsv
[7.972s] -- Up-to-date symlink: /home/niic/upper_body_demo/install/upper_body_demo/share/ament_index/resource_index/packages/upper_body_demo
[7.972s] -- Up-to-date symlink: /home/niic/upper_body_demo/install/upper_body_demo/share/upper_body_demo/cmake/upper_body_demoConfig.cmake
[7.972s] -- Up-to-date symlink: /home/niic/upper_body_demo/install/upper_body_demo/share/upper_body_demo/cmake/upper_body_demoConfig-version.cmake
[7.972s] -- Up-to-date symlink: /home/niic/upper_body_demo/install/upper_body_demo/share/upper_body_demo/package.xml
[7.972s] -- Up-to-date: /home/niic/upper_body_demo/install/upper_body_demo/include/upper_body_demo
[7.972s] -- Up-to-date: /home/niic/upper_body_demo/install/upper_body_demo/include/upper_body_demo/ecat
[7.973s] -- Up-to-date: /home/niic/upper_body_demo/install/upper_body_demo/include/upper_body_demo/ecat/error.hpp
[7.973s] -- Up-to-date: /home/niic/upper_body_demo/install/upper_body_demo/include/upper_body_demo/ecat/thread_mutex.hpp
[7.973s] -- Up-to-date: /home/niic/upper_body_demo/install/upper_body_demo/include/upper_body_demo/ecat/master.hpp
[7.973s] -- Up-to-date: /home/niic/upper_body_demo/install/upper_body_demo/include/upper_body_demo/ecat/eni_config.hpp
[7.973s] -- Up-to-date: /home/niic/upper_body_demo/install/upper_body_demo/include/upper_body_demo/ecat/types.hpp
[7.974s] -- Up-to-date: /home/niic/upper_body_demo/install/upper_body_demo/include/upper_body_demo/ecat/ipc.hpp
[7.974s] -- Up-to-date: /home/niic/upper_body_demo/install/upper_body_demo/include/upper_body_demo/ecat/pwm.hpp
[7.974s] -- Up-to-date: /home/niic/upper_body_demo/install/upper_body_demo/include/upper_body_demo/ecat/slice.hpp
[7.974s] -- Up-to-date: /home/niic/upper_body_demo/install/upper_body_demo/include/upper_body_demo/ecat/buffer_locked.hpp
[7.974s] -- Up-to-date: /home/niic/upper_body_demo/install/upper_body_demo/include/upper_body_demo/ecat/task_collaborative.hpp
[7.974s] -- Up-to-date: /home/niic/upper_body_demo/install/upper_body_demo/include/upper_body_demo/ecat/sdo_request.hpp
[7.974s] -- Up-to-date: /home/niic/upper_body_demo/install/upper_body_demo/include/upper_body_demo/ecat/log.hpp
[7.974s] -- Up-to-date: /home/niic/upper_body_demo/install/upper_body_demo/include/upper_body_demo/ecat/reg_request.hpp
[7.974s] -- Up-to-date: /home/niic/upper_body_demo/install/upper_body_demo/include/upper_body_demo/ecat/detail
[7.974s] -- Up-to-date: /home/niic/upper_body_demo/install/upper_body_demo/include/upper_body_demo/ecat/detail/config.hpp
[7.974s] -- Up-to-date: /home/niic/upper_body_demo/install/upper_body_demo/include/upper_body_demo/ecat/detail/os_string.hpp
[7.975s] -- Up-to-date: /home/niic/upper_body_demo/install/upper_body_demo/include/upper_body_demo/ecat/detail/logger.hpp
[7.975s] -- Up-to-date: /home/niic/upper_body_demo/install/upper_body_demo/include/upper_body_demo/ecat/detail/ioctl.hpp
[7.975s] -- Up-to-date: /home/niic/upper_body_demo/install/upper_body_demo/include/upper_body_demo/ecat/detail/file.hpp
[7.975s] -- Up-to-date: /home/niic/upper_body_demo/install/upper_body_demo/include/upper_body_demo/ecat/detail/log_handler.hpp
[7.975s] -- Up-to-date: /home/niic/upper_body_demo/install/upper_body_demo/include/upper_body_demo/ecat/detail/utility.hpp
[7.975s] -- Up-to-date: /home/niic/upper_body_demo/install/upper_body_demo/include/upper_body_demo/ecat/detail/thread.hpp
[7.975s] -- Up-to-date: /home/niic/upper_body_demo/install/upper_body_demo/include/upper_body_demo/ecat/detail/sii_crc.hpp
[7.975s] -- Up-to-date: /home/niic/upper_body_demo/install/upper_body_demo/include/upper_body_demo/ecat/detail/esi_index.hpp
[7.975s] -- Up-to-date: /home/niic/upper_body_demo/install/upper_body_demo/include/upper_body_demo/ecat/dc.hpp
[7.975s] -- Up-to-date: /home/niic/upper_body_demo/install/upper_body_demo/include/upper_body_demo/ecat/task.hpp
[7.976s] -- Up-to-date: /home/niic/upper_body_demo/install/upper_body_demo/include/upper_body_demo/ecat/version.hpp
[7.976s] -- Up-to-date: /home/niic/upper_body_demo/install/upper_body_demo/include/upper_body_demo/ecat/run_time_stat.hpp
[7.976s] -- Up-to-date: /home/niic/upper_body_demo/install/upper_body_demo/include/upper_body_demo/ecat/thread_rtlock.hpp
[7.977s] -- Up-to-date: /home/niic/upper_body_demo/install/upper_body_demo/include/upper_body_demo/ecat/task_assist.hpp
[7.977s] -- Up-to-date: /home/niic/upper_body_demo/install/upper_body_demo/include/upper_body_demo/ecat/slave_config.hpp
[7.978s] -- Up-to-date: /home/niic/upper_body_demo/install/upper_body_demo/include/upper_body_demo/ecat/buffer_rtlocked.hpp
[7.978s] -- Up-to-date: /home/niic/upper_body_demo/install/upper_body_demo/include/upper_body_demo/ecat/rokae
[7.978s] -- Up-to-date: /home/niic/upper_body_demo/install/upper_body_demo/include/upper_body_demo/ecat/rokae/extra.hpp
[7.978s] -- Up-to-date: /home/niic/upper_body_demo/install/upper_body_demo/include/upper_body_demo/ecat/s2s_func.hpp
[7.978s] -- Up-to-date: /home/niic/upper_body_demo/install/upper_body_demo/include/upper_body_demo/ecat/niic_api.hpp
[7.979s] -- Up-to-date: /home/niic/upper_body_demo/install/upper_body_demo/include/upper_body_demo/ecat/algorithm_threads.hpp
[7.979s] -- Up-to-date: /home/niic/upper_body_demo/install/upper_body_demo/include/upper_body_demo/ecat/spi_io.hpp
[7.979s] -- Up-to-date: /home/niic/upper_body_demo/install/upper_body_demo/include/upper_body_demo/ecat/buffer.hpp
[7.979s] -- Up-to-date: /home/niic/upper_body_demo/install/upper_body_demo/include/upper_body_demo/ecat/task_interface.hpp
[7.979s] -- Up-to-date: /home/niic/upper_body_demo/install/upper_body_demo/include/upper_body_demo/upper_body_demo
[7.980s] Invoked command in '/home/niic/upper_body_demo/build/upper_body_demo' returned '0': CMAKE_PREFIX_PATH=${CMAKE_PREFIX_PATH}:/opt/ros/humble /usr/bin/cmake --install /home/niic/upper_body_demo/build/upper_body_demo
