running egg_info
creating ../../build/dex_hand/dex_hand.egg-info
writing ../../build/dex_hand/dex_hand.egg-info/PKG-INFO
writing dependency_links to ../../build/dex_hand/dex_hand.egg-info/dependency_links.txt
writing entry points to ../../build/dex_hand/dex_hand.egg-info/entry_points.txt
writing requirements to ../../build/dex_hand/dex_hand.egg-info/requires.txt
writing top-level names to ../../build/dex_hand/dex_hand.egg-info/top_level.txt
writing manifest file '../../build/dex_hand/dex_hand.egg-info/SOURCES.txt'
reading manifest file '../../build/dex_hand/dex_hand.egg-info/SOURCES.txt'
writing manifest file '../../build/dex_hand/dex_hand.egg-info/SOURCES.txt'
running build
running build_py
creating /home/niic/upper_body_demo/build/dex_hand/build
creating /home/niic/upper_body_demo/build/dex_hand/build/lib
creating /home/niic/upper_body_demo/build/dex_hand/build/lib/dex_hand
copying dex_hand/trigger.py -> /home/niic/upper_body_demo/build/dex_hand/build/lib/dex_hand
copying dex_hand/__init__.py -> /home/niic/upper_body_demo/build/dex_hand/build/lib/dex_hand
running install
running install_lib
creating /home/niic/upper_body_demo/install/dex_hand/lib/python3.10/site-packages/dex_hand
copying /home/niic/upper_body_demo/build/dex_hand/build/lib/dex_hand/trigger.py -> /home/niic/upper_body_demo/install/dex_hand/lib/python3.10/site-packages/dex_hand
copying /home/niic/upper_body_demo/build/dex_hand/build/lib/dex_hand/__init__.py -> /home/niic/upper_body_demo/install/dex_hand/lib/python3.10/site-packages/dex_hand
byte-compiling /home/niic/upper_body_demo/install/dex_hand/lib/python3.10/site-packages/dex_hand/trigger.py to trigger.cpython-310.pyc
byte-compiling /home/niic/upper_body_demo/install/dex_hand/lib/python3.10/site-packages/dex_hand/__init__.py to __init__.cpython-310.pyc
running install_data
creating /home/niic/upper_body_demo/install/dex_hand/share
creating /home/niic/upper_body_demo/install/dex_hand/share/ament_index
creating /home/niic/upper_body_demo/install/dex_hand/share/ament_index/resource_index
creating /home/niic/upper_body_demo/install/dex_hand/share/ament_index/resource_index/packages
copying resource/dex_hand -> /home/niic/upper_body_demo/install/dex_hand/share/ament_index/resource_index/packages
creating /home/niic/upper_body_demo/install/dex_hand/share/dex_hand
copying package.xml -> /home/niic/upper_body_demo/install/dex_hand/share/dex_hand
running install_egg_info
Copying ../../build/dex_hand/dex_hand.egg-info to /home/niic/upper_body_demo/install/dex_hand/lib/python3.10/site-packages/dex_hand-0.0.0-py3.10.egg-info
running install_scripts
Installing trigger script to /home/niic/upper_body_demo/install/dex_hand/lib/dex_hand
writing list of installed files to '/home/niic/upper_body_demo/build/dex_hand/install.log'
