2025-09-11T09:38:29.159660Z[INFO][src/python/py_mod.rs:25] bc_stark_sdk version: 0.8.8
2025-09-11T09:38:29.160870Z[INFO][src/stark/config.rs:30] Logging initialized with level: Info
2025-09-11T09:38:29.161137Z[INFO][src/stark/config.rs:36] StarkSDK initialized, protocol_type: Modbus
2025-09-11T09:38:29.316267Z[WARNING][src/serial/base.rs:47] enable_low_latency failed: Os { code: 25, kind: Uncategorized, message: "Inappropriate ioctl for device" }
2025-09-11T09:38:30.319728Z[WARNING][/root/.cargo/registry/src/index.crates.io-1949cf8c6b5b557f/tokio-modbus-0.16.1/src/codec/rtu.rs:265] Failed to decode response frame: Invalid function code: 0x7E
2025-09-11T09:38:30.320215Z[WARNING][/root/.cargo/registry/src/index.crates.io-1949cf8c6b5b557f/tokio-modbus-0.16.1/src/codec/rtu.rs:72] Successfully decoded frame after dropping 1 byte(s): [0]
2025-09-11T09:38:30.324998Z[INFO][/home/niic/upper_body_demo/build/dex_hand/dex_hand/trigger.py:118] Left: DeviceInfo { sku_type: MediumLeft, serial_number: BCXRL2146J2500005, firmware_version: 0.0.10 }
2025-09-11T09:38:30.367445Z[WARNING][/root/.cargo/registry/src/index.crates.io-1949cf8c6b5b557f/tokio-modbus-0.16.1/src/codec/rtu.rs:265] Failed to decode response frame: Invalid function code: 0x44
2025-09-11T09:38:30.367943Z[WARNING][/root/.cargo/registry/src/index.crates.io-1949cf8c6b5b557f/tokio-modbus-0.16.1/src/codec/rtu.rs:265] Failed to decode response frame: Invalid function code: 0x24
2025-09-11T09:38:30.368120Z[WARNING][/root/.cargo/registry/src/index.crates.io-1949cf8c6b5b557f/tokio-modbus-0.16.1/src/codec/rtu.rs:265] Failed to decode response frame: Invalid function code: 0x00
2025-09-11T09:38:30.466574Z[WARNING][src/modbus/modbus_ctx.rs:958] slave[126] write_multiple_registers(address: 1060, data: [3, 65036]) timeout, retry 0/3
2025-09-11T09:38:30.468957Z[WARNING][/root/.cargo/registry/src/index.crates.io-1949cf8c6b5b557f/tokio-modbus-0.16.1/src/codec/rtu.rs:72] Successfully decoded frame after dropping 3 byte(s): [BF, 44, 24]
2025-09-11T09:38:30.481586Z[WARNING][/root/.cargo/registry/src/index.crates.io-1949cf8c6b5b557f/tokio-modbus-0.16.1/src/codec/rtu.rs:265] Failed to decode response frame: Invalid function code: 0x44
2025-09-11T09:38:30.481843Z[WARNING][/root/.cargo/registry/src/index.crates.io-1949cf8c6b5b557f/tokio-modbus-0.16.1/src/codec/rtu.rs:265] Failed to decode response frame: Invalid function code: 0x24
2025-09-11T09:38:30.482013Z[WARNING][/root/.cargo/registry/src/index.crates.io-1949cf8c6b5b557f/tokio-modbus-0.16.1/src/codec/rtu.rs:265] Failed to decode response frame: Invalid function code: 0x00
2025-09-11T09:38:30.580345Z[WARNING][src/modbus/modbus_ctx.rs:958] slave[126] write_multiple_registers(address: 1060, data: [3, 65036]) timeout, retry 0/3
2025-09-11T09:38:30.582807Z[WARNING][/root/.cargo/registry/src/index.crates.io-1949cf8c6b5b557f/tokio-modbus-0.16.1/src/codec/rtu.rs:72] Successfully decoded frame after dropping 3 byte(s): [BF, 44, 24]
2025-09-11T09:38:30.694611Z[WARNING][src/modbus/modbus_ctx.rs:958] slave[126] write_multiple_registers(address: 1060, data: [3, 65036]) timeout, retry 0/3
2025-09-11T09:38:30.721723Z[WARNING][/root/.cargo/registry/src/index.crates.io-1949cf8c6b5b557f/tokio-modbus-0.16.1/src/codec/rtu.rs:265] Failed to decode response frame: Invalid function code: 0x44
2025-09-11T09:38:30.722100Z[WARNING][/root/.cargo/registry/src/index.crates.io-1949cf8c6b5b557f/tokio-modbus-0.16.1/src/codec/rtu.rs:265] Failed to decode response frame: Invalid function code: 0x24
2025-09-11T09:38:30.722275Z[WARNING][/root/.cargo/registry/src/index.crates.io-1949cf8c6b5b557f/tokio-modbus-0.16.1/src/codec/rtu.rs:265] Failed to decode response frame: Invalid function code: 0x00
2025-09-11T09:38:30.820644Z[WARNING][src/modbus/modbus_ctx.rs:958] slave[126] write_multiple_registers(address: 1060, data: [3, 65036]) timeout, retry 0/3
2025-09-11T09:38:30.823112Z[WARNING][/root/.cargo/registry/src/index.crates.io-1949cf8c6b5b557f/tokio-modbus-0.16.1/src/codec/rtu.rs:72] Successfully decoded frame after dropping 3 byte(s): [BF, 44, 24]
2025-09-11T09:38:30.884530Z[WARNING][/root/.cargo/registry/src/index.crates.io-1949cf8c6b5b557f/tokio-modbus-0.16.1/src/codec/rtu.rs:265] Failed to decode response frame: Invalid function code: 0x44
2025-09-11T09:38:30.884955Z[WARNING][/root/.cargo/registry/src/index.crates.io-1949cf8c6b5b557f/tokio-modbus-0.16.1/src/codec/rtu.rs:265] Failed to decode response frame: Invalid function code: 0x24
2025-09-11T09:38:30.885135Z[WARNING][/root/.cargo/registry/src/index.crates.io-1949cf8c6b5b557f/tokio-modbus-0.16.1/src/codec/rtu.rs:265] Failed to decode response frame: Invalid function code: 0x00
2025-09-11T09:38:30.983521Z[WARNING][src/modbus/modbus_ctx.rs:958] slave[126] write_multiple_registers(address: 1060, data: [3, 65036]) timeout, retry 0/3
2025-09-11T09:38:30.985922Z[WARNING][/root/.cargo/registry/src/index.crates.io-1949cf8c6b5b557f/tokio-modbus-0.16.1/src/codec/rtu.rs:265] Failed to decode response frame: Invalid function code: 0x44
2025-09-11T09:38:30.986151Z[WARNING][/root/.cargo/registry/src/index.crates.io-1949cf8c6b5b557f/tokio-modbus-0.16.1/src/codec/rtu.rs:265] Failed to decode response frame: Invalid function code: 0x24
2025-09-11T09:38:30.986308Z[WARNING][/root/.cargo/registry/src/index.crates.io-1949cf8c6b5b557f/tokio-modbus-0.16.1/src/codec/rtu.rs:265] Failed to decode response frame: Invalid function code: 0x00
2025-09-11T09:38:31.085667Z[WARNING][src/modbus/modbus_ctx.rs:958] slave[126] write_multiple_registers(address: 1060, data: [3, 65036]) timeout, retry 1/3
2025-09-11T09:38:31.088140Z[WARNING][/root/.cargo/registry/src/index.crates.io-1949cf8c6b5b557f/tokio-modbus-0.16.1/src/codec/rtu.rs:72] Successfully decoded frame after dropping 6 byte(s): [BF, 44, 24, BF, 44, 24]
2025-09-11T09:38:31.113052Z[WARNING][/root/.cargo/registry/src/index.crates.io-1949cf8c6b5b557f/tokio-modbus-0.16.1/src/codec/rtu.rs:265] Failed to decode response frame: Invalid function code: 0x44
2025-09-11T09:38:31.113301Z[WARNING][/root/.cargo/registry/src/index.crates.io-1949cf8c6b5b557f/tokio-modbus-0.16.1/src/codec/rtu.rs:265] Failed to decode response frame: Invalid function code: 0x24
2025-09-11T09:38:31.113450Z[WARNING][/root/.cargo/registry/src/index.crates.io-1949cf8c6b5b557f/tokio-modbus-0.16.1/src/codec/rtu.rs:265] Failed to decode response frame: Invalid function code: 0x00
2025-09-11T09:38:31.212808Z[WARNING][src/modbus/modbus_ctx.rs:958] slave[126] write_multiple_registers(address: 1060, data: [3, 65036]) timeout, retry 0/3
2025-09-11T09:38:31.215134Z[WARNING][/root/.cargo/registry/src/index.crates.io-1949cf8c6b5b557f/tokio-modbus-0.16.1/src/codec/rtu.rs:72] Successfully decoded frame after dropping 3 byte(s): [BF, 44, 24]
2025-09-11T09:38:31.239865Z[WARNING][/root/.cargo/registry/src/index.crates.io-1949cf8c6b5b557f/tokio-modbus-0.16.1/src/codec/rtu.rs:265] Failed to decode response frame: Invalid function code: 0x44
2025-09-11T09:38:31.240151Z[WARNING][/root/.cargo/registry/src/index.crates.io-1949cf8c6b5b557f/tokio-modbus-0.16.1/src/codec/rtu.rs:265] Failed to decode response frame: Invalid function code: 0x24
2025-09-11T09:38:31.240307Z[WARNING][/root/.cargo/registry/src/index.crates.io-1949cf8c6b5b557f/tokio-modbus-0.16.1/src/codec/rtu.rs:265] Failed to decode response frame: Invalid function code: 0x00
2025-09-11T09:38:31.339681Z[WARNING][src/modbus/modbus_ctx.rs:958] slave[126] write_multiple_registers(address: 1060, data: [3, 65036]) timeout, retry 0/3
2025-09-11T09:38:31.342114Z[WARNING][/root/.cargo/registry/src/index.crates.io-1949cf8c6b5b557f/tokio-modbus-0.16.1/src/codec/rtu.rs:72] Successfully decoded frame after dropping 3 byte(s): [BF, 44, 24]
2025-09-11T09:38:31.453959Z[WARNING][src/modbus/modbus_ctx.rs:958] slave[126] write_multiple_registers(address: 1060, data: [3, 65036]) timeout, retry 0/3
2025-09-11T09:38:31.456293Z[WARNING][/root/.cargo/registry/src/index.crates.io-1949cf8c6b5b557f/tokio-modbus-0.16.1/src/codec/rtu.rs:265] Failed to decode response frame: Invalid function code: 0x44
2025-09-11T09:38:31.456522Z[WARNING][/root/.cargo/registry/src/index.crates.io-1949cf8c6b5b557f/tokio-modbus-0.16.1/src/codec/rtu.rs:265] Failed to decode response frame: Invalid function code: 0x24
2025-09-11T09:38:31.456700Z[WARNING][/root/.cargo/registry/src/index.crates.io-1949cf8c6b5b557f/tokio-modbus-0.16.1/src/codec/rtu.rs:265] Failed to decode response frame: Invalid function code: 0x00
2025-09-11T09:38:31.555075Z[WARNING][src/modbus/modbus_ctx.rs:958] slave[126] write_multiple_registers(address: 1060, data: [3, 65036]) timeout, retry 1/3
2025-09-11T09:38:31.557320Z[WARNING][/root/.cargo/registry/src/index.crates.io-1949cf8c6b5b557f/tokio-modbus-0.16.1/src/codec/rtu.rs:265] Failed to decode response frame: Invalid function code: 0x44
2025-09-11T09:38:31.557519Z[WARNING][/root/.cargo/registry/src/index.crates.io-1949cf8c6b5b557f/tokio-modbus-0.16.1/src/codec/rtu.rs:265] Failed to decode response frame: Invalid function code: 0x24
2025-09-11T09:38:31.557659Z[WARNING][/root/.cargo/registry/src/index.crates.io-1949cf8c6b5b557f/tokio-modbus-0.16.1/src/codec/rtu.rs:265] Failed to decode response frame: Invalid function code: 0x00
2025-09-11T09:38:31.656020Z[WARNING][src/modbus/modbus_ctx.rs:958] slave[126] write_multiple_registers(address: 1060, data: [3, 65036]) timeout, retry 2/3
2025-09-11T09:38:31.656512Z[INFO][src/python/py_device.rs:1652] Error setting finger current: slave[126] write_multiple_registers(address: 1060, data: [3, 65036]) failed after 3 attempts
2025-09-11T09:38:31.669961Z[WARNING][/root/.cargo/registry/src/index.crates.io-1949cf8c6b5b557f/tokio-modbus-0.16.1/src/codec/rtu.rs:72] Successfully decoded frame after dropping 6 byte(s): [BF, 44, 24, BF, 44, 24]
2025-09-11T09:38:31.682414Z[WARNING][/root/.cargo/registry/src/index.crates.io-1949cf8c6b5b557f/tokio-modbus-0.16.1/src/codec/rtu.rs:265] Failed to decode response frame: Invalid function code: 0x44
2025-09-11T09:38:31.682623Z[WARNING][/root/.cargo/registry/src/index.crates.io-1949cf8c6b5b557f/tokio-modbus-0.16.1/src/codec/rtu.rs:265] Failed to decode response frame: Invalid function code: 0x24
2025-09-11T09:38:31.682779Z[WARNING][/root/.cargo/registry/src/index.crates.io-1949cf8c6b5b557f/tokio-modbus-0.16.1/src/codec/rtu.rs:265] Failed to decode response frame: Invalid function code: 0x00
2025-09-11T09:38:31.781147Z[WARNING][src/modbus/modbus_ctx.rs:958] slave[126] write_multiple_registers(address: 1060, data: [3, 65036]) timeout, retry 0/3
2025-09-11T09:38:31.783461Z[WARNING][/root/.cargo/registry/src/index.crates.io-1949cf8c6b5b557f/tokio-modbus-0.16.1/src/codec/rtu.rs:265] Failed to decode response frame: Invalid function code: 0x44
2025-09-11T09:38:31.783690Z[WARNING][/root/.cargo/registry/src/index.crates.io-1949cf8c6b5b557f/tokio-modbus-0.16.1/src/codec/rtu.rs:265] Failed to decode response frame: Invalid function code: 0x24
2025-09-11T09:38:31.783842Z[WARNING][/root/.cargo/registry/src/index.crates.io-1949cf8c6b5b557f/tokio-modbus-0.16.1/src/codec/rtu.rs:265] Failed to decode response frame: Invalid function code: 0x00
2025-09-11T09:38:31.882268Z[WARNING][src/modbus/modbus_ctx.rs:958] slave[126] write_multiple_registers(address: 1060, data: [3, 65036]) timeout, retry 1/3
2025-09-11T09:38:31.884700Z[WARNING][/root/.cargo/registry/src/index.crates.io-1949cf8c6b5b557f/tokio-modbus-0.16.1/src/codec/rtu.rs:72] Successfully decoded frame after dropping 6 byte(s): [BF, 44, 24, BF, 44, 24]
2025-09-11T09:38:31.897487Z[WARNING][/root/.cargo/registry/src/index.crates.io-1949cf8c6b5b557f/tokio-modbus-0.16.1/src/codec/rtu.rs:265] Failed to decode response frame: Invalid function code: 0x44
2025-09-11T09:38:31.897883Z[WARNING][/root/.cargo/registry/src/index.crates.io-1949cf8c6b5b557f/tokio-modbus-0.16.1/src/codec/rtu.rs:265] Failed to decode response frame: Invalid function code: 0x24
2025-09-11T09:38:31.898119Z[WARNING][/root/.cargo/registry/src/index.crates.io-1949cf8c6b5b557f/tokio-modbus-0.16.1/src/codec/rtu.rs:265] Failed to decode response frame: Invalid function code: 0x00
2025-09-11T09:38:31.996532Z[WARNING][src/modbus/modbus_ctx.rs:958] slave[126] write_multiple_registers(address: 1060, data: [3, 65036]) timeout, retry 0/3
2025-09-11T09:38:31.999024Z[WARNING][/root/.cargo/registry/src/index.crates.io-1949cf8c6b5b557f/tokio-modbus-0.16.1/src/codec/rtu.rs:72] Successfully decoded frame after dropping 3 byte(s): [BF, 44, 24]
2025-09-11T09:38:32.011659Z[WARNING][/root/.cargo/registry/src/index.crates.io-1949cf8c6b5b557f/tokio-modbus-0.16.1/src/codec/rtu.rs:265] Failed to decode response frame: Invalid function code: 0x44
2025-09-11T09:38:32.011932Z[WARNING][/root/.cargo/registry/src/index.crates.io-1949cf8c6b5b557f/tokio-modbus-0.16.1/src/codec/rtu.rs:265] Failed to decode response frame: Invalid function code: 0x24
2025-09-11T09:38:32.012096Z[WARNING][/root/.cargo/registry/src/index.crates.io-1949cf8c6b5b557f/tokio-modbus-0.16.1/src/codec/rtu.rs:265] Failed to decode response frame: Invalid function code: 0x00
2025-09-11T09:38:32.110465Z[WARNING][src/modbus/modbus_ctx.rs:958] slave[126] write_multiple_registers(address: 1060, data: [3, 65036]) timeout, retry 0/3
2025-09-11T09:38:32.112854Z[WARNING][/root/.cargo/registry/src/index.crates.io-1949cf8c6b5b557f/tokio-modbus-0.16.1/src/codec/rtu.rs:265] Failed to decode response frame: Invalid function code: 0x44
2025-09-11T09:38:32.113091Z[WARNING][/root/.cargo/registry/src/index.crates.io-1949cf8c6b5b557f/tokio-modbus-0.16.1/src/codec/rtu.rs:265] Failed to decode response frame: Invalid function code: 0x24
2025-09-11T09:38:32.113245Z[WARNING][/root/.cargo/registry/src/index.crates.io-1949cf8c6b5b557f/tokio-modbus-0.16.1/src/codec/rtu.rs:265] Failed to decode response frame: Invalid function code: 0x00
2025-09-11T09:38:32.212602Z[WARNING][src/modbus/modbus_ctx.rs:958] slave[126] write_multiple_registers(address: 1060, data: [3, 65036]) timeout, retry 1/3
2025-09-11T09:38:32.214949Z[WARNING][/root/.cargo/registry/src/index.crates.io-1949cf8c6b5b557f/tokio-modbus-0.16.1/src/codec/rtu.rs:72] Successfully decoded frame after dropping 6 byte(s): [BF, 44, 24, BF, 44, 24]
2025-09-11T09:38:32.326728Z[WARNING][src/modbus/modbus_ctx.rs:958] slave[126] write_multiple_registers(address: 1060, data: [3, 65036]) timeout, retry 0/3
2025-09-11T09:38:32.402146Z[WARNING][/root/.cargo/registry/src/index.crates.io-1949cf8c6b5b557f/tokio-modbus-0.16.1/src/codec/rtu.rs:265] Failed to decode response frame: Invalid function code: 0x44
2025-09-11T09:38:32.402496Z[WARNING][/root/.cargo/registry/src/index.crates.io-1949cf8c6b5b557f/tokio-modbus-0.16.1/src/codec/rtu.rs:265] Failed to decode response frame: Invalid function code: 0x24
2025-09-11T09:38:32.402667Z[WARNING][/root/.cargo/registry/src/index.crates.io-1949cf8c6b5b557f/tokio-modbus-0.16.1/src/codec/rtu.rs:265] Failed to decode response frame: Invalid function code: 0x00
2025-09-11T09:38:32.500996Z[WARNING][src/modbus/modbus_ctx.rs:958] slave[126] write_multiple_registers(address: 1060, data: [3, 65036]) timeout, retry 0/3
2025-09-11T09:38:32.503358Z[WARNING][/root/.cargo/registry/src/index.crates.io-1949cf8c6b5b557f/tokio-modbus-0.16.1/src/codec/rtu.rs:265] Failed to decode response frame: Invalid function code: 0x44
2025-09-11T09:38:32.503579Z[WARNING][/root/.cargo/registry/src/index.crates.io-1949cf8c6b5b557f/tokio-modbus-0.16.1/src/codec/rtu.rs:265] Failed to decode response frame: Invalid function code: 0x24
2025-09-11T09:38:32.503734Z[WARNING][/root/.cargo/registry/src/index.crates.io-1949cf8c6b5b557f/tokio-modbus-0.16.1/src/codec/rtu.rs:265] Failed to decode response frame: Invalid function code: 0x00
2025-09-11T09:38:32.602088Z[WARNING][src/modbus/modbus_ctx.rs:958] slave[126] write_multiple_registers(address: 1060, data: [3, 65036]) timeout, retry 1/3
2025-09-11T09:38:32.604401Z[WARNING][/root/.cargo/registry/src/index.crates.io-1949cf8c6b5b557f/tokio-modbus-0.16.1/src/codec/rtu.rs:265] Failed to decode response frame: Invalid function code: 0x44
2025-09-11T09:38:32.604625Z[WARNING][/root/.cargo/registry/src/index.crates.io-1949cf8c6b5b557f/tokio-modbus-0.16.1/src/codec/rtu.rs:265] Failed to decode response frame: Invalid function code: 0x24
2025-09-11T09:38:32.604780Z[WARNING][/root/.cargo/registry/src/index.crates.io-1949cf8c6b5b557f/tokio-modbus-0.16.1/src/codec/rtu.rs:265] Failed to decode response frame: Invalid function code: 0x00
2025-09-11T09:38:32.703221Z[WARNING][src/modbus/modbus_ctx.rs:958] slave[126] write_multiple_registers(address: 1060, data: [3, 65036]) timeout, retry 2/3
2025-09-11T09:38:32.703678Z[INFO][src/python/py_device.rs:1652] Error setting finger current: slave[126] write_multiple_registers(address: 1060, data: [3, 65036]) failed after 3 attempts
2025-09-11T09:38:32.717052Z[WARNING][/root/.cargo/registry/src/index.crates.io-1949cf8c6b5b557f/tokio-modbus-0.16.1/src/codec/rtu.rs:72] Successfully decoded frame after dropping 9 byte(s): [BF, 44, 24, BF, 44, 24, BF, 44, 24]
2025-09-11T09:38:32.828926Z[WARNING][src/modbus/modbus_ctx.rs:958] slave[126] write_multiple_registers(address: 1060, data: [3, 65036]) timeout, retry 0/3
2025-09-11T09:38:32.904623Z[WARNING][/root/.cargo/registry/src/index.crates.io-1949cf8c6b5b557f/tokio-modbus-0.16.1/src/codec/rtu.rs:265] Failed to decode response frame: Invalid function code: 0x44
2025-09-11T09:38:32.905050Z[WARNING][/root/.cargo/registry/src/index.crates.io-1949cf8c6b5b557f/tokio-modbus-0.16.1/src/codec/rtu.rs:265] Failed to decode response frame: Invalid function code: 0x24
2025-09-11T09:38:32.905231Z[WARNING][/root/.cargo/registry/src/index.crates.io-1949cf8c6b5b557f/tokio-modbus-0.16.1/src/codec/rtu.rs:265] Failed to decode response frame: Invalid function code: 0x00
2025-09-11T09:38:33.003598Z[WARNING][src/modbus/modbus_ctx.rs:958] slave[126] write_multiple_registers(address: 1060, data: [3, 65036]) timeout, retry 0/3
2025-09-11T09:38:33.005993Z[WARNING][/root/.cargo/registry/src/index.crates.io-1949cf8c6b5b557f/tokio-modbus-0.16.1/src/codec/rtu.rs:72] Successfully decoded frame after dropping 3 byte(s): [BF, 44, 24]
2025-09-11T09:38:33.031089Z[WARNING][/root/.cargo/registry/src/index.crates.io-1949cf8c6b5b557f/tokio-modbus-0.16.1/src/codec/rtu.rs:265] Failed to decode response frame: Invalid function code: 0x44
2025-09-11T09:38:33.031466Z[WARNING][/root/.cargo/registry/src/index.crates.io-1949cf8c6b5b557f/tokio-modbus-0.16.1/src/codec/rtu.rs:265] Failed to decode response frame: Invalid function code: 0x24
2025-09-11T09:38:33.031644Z[WARNING][/root/.cargo/registry/src/index.crates.io-1949cf8c6b5b557f/tokio-modbus-0.16.1/src/codec/rtu.rs:265] Failed to decode response frame: Invalid function code: 0x00
2025-09-11T09:38:33.130025Z[WARNING][src/modbus/modbus_ctx.rs:958] slave[126] write_multiple_registers(address: 1060, data: [3, 65036]) timeout, retry 0/3
2025-09-11T09:38:33.132475Z[WARNING][/root/.cargo/registry/src/index.crates.io-1949cf8c6b5b557f/tokio-modbus-0.16.1/src/codec/rtu.rs:265] Failed to decode response frame: Invalid function code: 0x44
2025-09-11T09:38:33.132728Z[WARNING][/root/.cargo/registry/src/index.crates.io-1949cf8c6b5b557f/tokio-modbus-0.16.1/src/codec/rtu.rs:265] Failed to decode response frame: Invalid function code: 0x24
2025-09-11T09:38:33.132898Z[WARNING][/root/.cargo/registry/src/index.crates.io-1949cf8c6b5b557f/tokio-modbus-0.16.1/src/codec/rtu.rs:265] Failed to decode response frame: Invalid function code: 0x00
2025-09-11T09:38:33.231285Z[WARNING][src/modbus/modbus_ctx.rs:958] slave[126] write_multiple_registers(address: 1060, data: [3, 65036]) timeout, retry 1/3
2025-09-11T09:38:33.233678Z[WARNING][/root/.cargo/registry/src/index.crates.io-1949cf8c6b5b557f/tokio-modbus-0.16.1/src/codec/rtu.rs:72] Successfully decoded frame after dropping 6 byte(s): [BF, 44, 24, BF, 44, 24]
2025-09-11T09:38:33.246298Z[WARNING][/root/.cargo/registry/src/index.crates.io-1949cf8c6b5b557f/tokio-modbus-0.16.1/src/codec/rtu.rs:265] Failed to decode response frame: Invalid function code: 0x44
2025-09-11T09:38:33.246536Z[WARNING][/root/.cargo/registry/src/index.crates.io-1949cf8c6b5b557f/tokio-modbus-0.16.1/src/codec/rtu.rs:265] Failed to decode response frame: Invalid function code: 0x24
2025-09-11T09:38:33.246693Z[WARNING][/root/.cargo/registry/src/index.crates.io-1949cf8c6b5b557f/tokio-modbus-0.16.1/src/codec/rtu.rs:265] Failed to decode response frame: Invalid function code: 0x00
2025-09-11T09:38:33.345078Z[WARNING][src/modbus/modbus_ctx.rs:958] slave[126] write_multiple_registers(address: 1060, data: [3, 65036]) timeout, retry 0/3
2025-09-11T09:38:33.347516Z[WARNING][/root/.cargo/registry/src/index.crates.io-1949cf8c6b5b557f/tokio-modbus-0.16.1/src/codec/rtu.rs:265] Failed to decode response frame: Invalid function code: 0x44
2025-09-11T09:38:33.347744Z[WARNING][/root/.cargo/registry/src/index.crates.io-1949cf8c6b5b557f/tokio-modbus-0.16.1/src/codec/rtu.rs:265] Failed to decode response frame: Invalid function code: 0x24
2025-09-11T09:38:33.347899Z[WARNING][/root/.cargo/registry/src/index.crates.io-1949cf8c6b5b557f/tokio-modbus-0.16.1/src/codec/rtu.rs:265] Failed to decode response frame: Invalid function code: 0x00
2025-09-11T09:38:33.446240Z[WARNING][src/modbus/modbus_ctx.rs:958] slave[126] write_multiple_registers(address: 1060, data: [3, 65036]) timeout, retry 1/3
2025-09-11T09:38:33.448557Z[WARNING][/root/.cargo/registry/src/index.crates.io-1949cf8c6b5b557f/tokio-modbus-0.16.1/src/codec/rtu.rs:72] Successfully decoded frame after dropping 6 byte(s): [BF, 44, 24, BF, 44, 24]
2025-09-11T09:38:33.473307Z[WARNING][/root/.cargo/registry/src/index.crates.io-1949cf8c6b5b557f/tokio-modbus-0.16.1/src/codec/rtu.rs:265] Failed to decode response frame: Invalid function code: 0x44
2025-09-11T09:38:33.473593Z[WARNING][/root/.cargo/registry/src/index.crates.io-1949cf8c6b5b557f/tokio-modbus-0.16.1/src/codec/rtu.rs:265] Failed to decode response frame: Invalid function code: 0x24
2025-09-11T09:38:33.473757Z[WARNING][/root/.cargo/registry/src/index.crates.io-1949cf8c6b5b557f/tokio-modbus-0.16.1/src/codec/rtu.rs:265] Failed to decode response frame: Invalid function code: 0x00
2025-09-11T09:38:33.574665Z[ERROR][/usr/lib/python3.10/asyncio/base_events.py:1758] unhandled exception during asyncio.run() shutdown
task: <Task finished name='Task-1' coro=<main_async() done, defined at /home/niic/upper_body_demo/build/dex_hand/dex_hand/trigger.py:174> exception=RCLError('failed to shutdown: rcl_shutdown already called on the given context, at ./src/rcl/init.c:241')>
Traceback (most recent call last):
  File "/usr/lib/python3.10/asyncio/runners.py", line 44, in run
    return loop.run_until_complete(main)
  File "/usr/lib/python3.10/asyncio/base_events.py", line 636, in run_until_complete
    self.run_forever()
  File "/usr/lib/python3.10/asyncio/base_events.py", line 603, in run_forever
    self._run_once()
  File "/usr/lib/python3.10/asyncio/base_events.py", line 1871, in _run_once
    event_list = self._selector.select(timeout)
  File "/usr/lib/python3.10/selectors.py", line 469, in select
    fd_event_list = self._selector.poll(timeout, max_ev)
KeyboardInterrupt

During handling of the above exception, another exception occurred:

Traceback (most recent call last):
  File "/home/niic/upper_body_demo/build/dex_hand/dex_hand/trigger.py", line 200, in main_async
    rclpy.shutdown()
  File "/opt/ros/humble/local/lib/python3.10/dist-packages/rclpy/__init__.py", line 130, in shutdown
    _shutdown(context=context)
  File "/opt/ros/humble/local/lib/python3.10/dist-packages/rclpy/utilities.py", line 58, in shutdown
    return context.shutdown()
  File "/opt/ros/humble/local/lib/python3.10/dist-packages/rclpy/context.py", line 102, in shutdown
    self.__context.shutdown()
rclpy._rclpy_pybind11.RCLError: failed to shutdown: rcl_shutdown already called on the given context, at ./src/rcl/init.c:241
