2025-09-17T10:55:50.414989Z[INFO][src/python/py_mod.rs:25] bc_stark_sdk version: 0.8.8
2025-09-17T10:55:50.416189Z[INFO][src/stark/config.rs:30] Logging initialized with level: Info
2025-09-17T10:55:50.416445Z[INFO][src/stark/config.rs:36] StarkSDK initialized, protocol_type: Modbus
2025-09-17T10:55:51.568979Z[INFO][/home/niic/upper_body_demo/install/dex_hand/lib/python3.10/site-packages/dex_hand/trigger.py:119] Left: DeviceInfo { sku_type: MediumRight, serial_number: BCXRR2147J2500004, firmware_version: 0.0.10 }
2025-09-17T10:55:52.573277Z[WARNING][src/stark/api.rs:1812] set_serialport_baudrate: Baud1Mbps
2025-09-17T10:55:52.587857Z[WARNING][src/stark/api.rs:1812] set_serialport_baudrate: Baud1Mbps
2025-09-17T10:55:52.600162Z[WARNING][src/stark/api.rs:1812] set_serialport_baudrate: Baud1Mbps
2025-09-17T10:55:52.614746Z[WARNING][src/stark/api.rs:1812] set_serialport_baudrate: Baud1Mbps
2025-09-17T10:55:52.628708Z[WARNING][src/stark/api.rs:1812] set_serialport_baudrate: Baud1Mbps
2025-09-17T10:55:52.642733Z[WARNING][src/stark/api.rs:1812] set_serialport_baudrate: Baud1Mbps
2025-09-17T10:55:52.657766Z[WARNING][src/stark/api.rs:1812] set_serialport_baudrate: Baud1Mbps
2025-09-17T10:55:52.671747Z[WARNING][src/stark/api.rs:1812] set_serialport_baudrate: Baud1Mbps
2025-09-17T10:55:52.685739Z[WARNING][src/stark/api.rs:1812] set_serialport_baudrate: Baud1Mbps
2025-09-17T10:55:52.699706Z[WARNING][src/stark/api.rs:1812] set_serialport_baudrate: Baud1Mbps
2025-09-17T10:55:52.713723Z[WARNING][src/stark/api.rs:1812] set_serialport_baudrate: Baud1Mbps
2025-09-17T10:55:52.727840Z[WARNING][src/stark/api.rs:1812] set_serialport_baudrate: Baud1Mbps
2025-09-17T10:55:52.741702Z[WARNING][src/stark/api.rs:1812] set_serialport_baudrate: Baud1Mbps
2025-09-17T10:55:52.755694Z[WARNING][src/stark/api.rs:1812] set_serialport_baudrate: Baud1Mbps
2025-09-17T10:55:52.769709Z[WARNING][src/stark/api.rs:1812] set_serialport_baudrate: Baud1Mbps
2025-09-17T10:55:52.784715Z[WARNING][src/stark/api.rs:1812] set_serialport_baudrate: Baud1Mbps
2025-09-17T10:55:52.798688Z[WARNING][src/stark/api.rs:1812] set_serialport_baudrate: Baud1Mbps
2025-09-17T10:55:52.812699Z[WARNING][src/stark/api.rs:1812] set_serialport_baudrate: Baud1Mbps
2025-09-17T10:55:52.826688Z[WARNING][src/stark/api.rs:1812] set_serialport_baudrate: Baud1Mbps
2025-09-17T10:55:52.839094Z[WARNING][src/stark/api.rs:1812] set_serialport_baudrate: Baud1Mbps
2025-09-17T10:55:52.854766Z[WARNING][src/stark/api.rs:1812] set_serialport_baudrate: Baud1Mbps
2025-09-17T10:55:52.869692Z[WARNING][src/stark/api.rs:1812] set_serialport_baudrate: Baud1Mbps
2025-09-17T10:55:52.883652Z[WARNING][src/stark/api.rs:1812] set_serialport_baudrate: Baud1Mbps
2025-09-17T10:55:52.897685Z[WARNING][src/stark/api.rs:1812] set_serialport_baudrate: Baud1Mbps
2025-09-17T10:55:52.911890Z[WARNING][src/stark/api.rs:1812] set_serialport_baudrate: Baud1Mbps
2025-09-17T10:55:52.924749Z[WARNING][src/stark/api.rs:1812] set_serialport_baudrate: Baud1Mbps
2025-09-17T10:55:52.937039Z[WARNING][src/stark/api.rs:1812] set_serialport_baudrate: Baud1Mbps
2025-09-17T10:55:52.951730Z[WARNING][src/stark/api.rs:1812] set_serialport_baudrate: Baud1Mbps
2025-09-17T10:55:52.963987Z[WARNING][src/stark/api.rs:1812] set_serialport_baudrate: Baud1Mbps
2025-09-17T10:55:52.978684Z[WARNING][src/stark/api.rs:1812] set_serialport_baudrate: Baud1Mbps
2025-09-17T10:55:52.992786Z[WARNING][src/stark/api.rs:1812] set_serialport_baudrate: Baud1Mbps
2025-09-17T10:55:53.007783Z[WARNING][src/stark/api.rs:1812] set_serialport_baudrate: Baud1Mbps
2025-09-17T10:55:53.022792Z[WARNING][src/stark/api.rs:1812] set_serialport_baudrate: Baud1Mbps
2025-09-17T10:55:53.037780Z[WARNING][src/stark/api.rs:1812] set_serialport_baudrate: Baud1Mbps
2025-09-17T10:55:53.052785Z[WARNING][src/stark/api.rs:1812] set_serialport_baudrate: Baud1Mbps
2025-09-17T10:55:53.067775Z[WARNING][src/stark/api.rs:1812] set_serialport_baudrate: Baud1Mbps
2025-09-17T10:55:53.082779Z[WARNING][src/stark/api.rs:1812] set_serialport_baudrate: Baud1Mbps
2025-09-17T10:55:53.096757Z[WARNING][src/stark/api.rs:1812] set_serialport_baudrate: Baud1Mbps
2025-09-17T10:55:53.110756Z[WARNING][src/stark/api.rs:1812] set_serialport_baudrate: Baud1Mbps
2025-09-17T10:55:53.125749Z[WARNING][src/stark/api.rs:1812] set_serialport_baudrate: Baud1Mbps
2025-09-17T10:55:53.140746Z[WARNING][src/stark/api.rs:1812] set_serialport_baudrate: Baud1Mbps
2025-09-17T10:55:53.154739Z[WARNING][src/stark/api.rs:1812] set_serialport_baudrate: Baud1Mbps
2025-09-17T10:55:53.169745Z[WARNING][src/stark/api.rs:1812] set_serialport_baudrate: Baud1Mbps
2025-09-17T10:55:53.184755Z[WARNING][src/stark/api.rs:1812] set_serialport_baudrate: Baud1Mbps
2025-09-17T10:55:53.198740Z[WARNING][src/stark/api.rs:1812] set_serialport_baudrate: Baud1Mbps
2025-09-17T10:55:53.212759Z[WARNING][src/stark/api.rs:1812] set_serialport_baudrate: Baud1Mbps
2025-09-17T10:55:53.226741Z[WARNING][src/stark/api.rs:1812] set_serialport_baudrate: Baud1Mbps
2025-09-17T10:55:53.241743Z[WARNING][src/stark/api.rs:1812] set_serialport_baudrate: Baud1Mbps
2025-09-17T10:55:53.255747Z[WARNING][src/stark/api.rs:1812] set_serialport_baudrate: Baud1Mbps
2025-09-17T10:55:53.269749Z[WARNING][src/stark/api.rs:1812] set_serialport_baudrate: Baud1Mbps
2025-09-17T10:55:53.283732Z[WARNING][src/stark/api.rs:1812] set_serialport_baudrate: Baud1Mbps
2025-09-17T10:55:53.298744Z[WARNING][src/stark/api.rs:1812] set_serialport_baudrate: Baud1Mbps
2025-09-17T10:55:53.312732Z[WARNING][src/stark/api.rs:1812] set_serialport_baudrate: Baud1Mbps
2025-09-17T10:55:53.326740Z[WARNING][src/stark/api.rs:1812] set_serialport_baudrate: Baud1Mbps
2025-09-17T10:55:53.340724Z[WARNING][src/stark/api.rs:1812] set_serialport_baudrate: Baud1Mbps
2025-09-17T10:55:53.355731Z[WARNING][src/stark/api.rs:1812] set_serialport_baudrate: Baud1Mbps
2025-09-17T10:55:53.370756Z[WARNING][src/stark/api.rs:1812] set_serialport_baudrate: Baud1Mbps
2025-09-17T10:55:53.385700Z[WARNING][src/stark/api.rs:1812] set_serialport_baudrate: Baud1Mbps
2025-09-17T10:55:53.399709Z[WARNING][src/stark/api.rs:1812] set_serialport_baudrate: Baud1Mbps
2025-09-17T10:55:53.414767Z[WARNING][src/stark/api.rs:1812] set_serialport_baudrate: Baud1Mbps
2025-09-17T10:55:53.428700Z[WARNING][src/stark/api.rs:1812] set_serialport_baudrate: Baud1Mbps
2025-09-17T10:55:53.444846Z[WARNING][src/stark/api.rs:1812] set_serialport_baudrate: Baud1Mbps
2025-09-17T10:55:53.459701Z[WARNING][src/stark/api.rs:1812] set_serialport_baudrate: Baud1Mbps
2025-09-17T10:55:53.474865Z[WARNING][src/stark/api.rs:1812] set_serialport_baudrate: Baud1Mbps
2025-09-17T10:55:53.489866Z[WARNING][src/stark/api.rs:1812] set_serialport_baudrate: Baud1Mbps
2025-09-17T10:55:53.504915Z[WARNING][src/stark/api.rs:1812] set_serialport_baudrate: Baud1Mbps
2025-09-17T10:55:53.520802Z[WARNING][src/stark/api.rs:1812] set_serialport_baudrate: Baud1Mbps
2025-09-17T10:55:53.536777Z[WARNING][src/stark/api.rs:1812] set_serialport_baudrate: Baud1Mbps
2025-09-17T10:55:53.551724Z[WARNING][src/stark/api.rs:1812] set_serialport_baudrate: Baud1Mbps
2025-09-17T10:55:53.566693Z[WARNING][src/stark/api.rs:1812] set_serialport_baudrate: Baud1Mbps
2025-09-17T10:55:53.580683Z[WARNING][src/stark/api.rs:1812] set_serialport_baudrate: Baud1Mbps
2025-09-17T10:55:53.594666Z[WARNING][src/stark/api.rs:1812] set_serialport_baudrate: Baud1Mbps
2025-09-17T10:55:53.609683Z[WARNING][src/stark/api.rs:1812] set_serialport_baudrate: Baud1Mbps
2025-09-17T10:55:53.623654Z[WARNING][src/stark/api.rs:1812] set_serialport_baudrate: Baud1Mbps
2025-09-17T10:55:53.637661Z[WARNING][src/stark/api.rs:1812] set_serialport_baudrate: Baud1Mbps
2025-09-17T10:55:53.651775Z[WARNING][src/stark/api.rs:1812] set_serialport_baudrate: Baud1Mbps
2025-09-17T10:55:53.665764Z[WARNING][src/stark/api.rs:1812] set_serialport_baudrate: Baud1Mbps
2025-09-17T10:55:53.679786Z[WARNING][src/stark/api.rs:1812] set_serialport_baudrate: Baud1Mbps
2025-09-17T10:55:53.693804Z[WARNING][src/stark/api.rs:1812] set_serialport_baudrate: Baud1Mbps
2025-09-17T10:55:53.709794Z[WARNING][src/stark/api.rs:1812] set_serialport_baudrate: Baud1Mbps
2025-09-17T10:55:53.725775Z[WARNING][src/stark/api.rs:1812] set_serialport_baudrate: Baud1Mbps
2025-09-17T10:55:53.739780Z[WARNING][src/stark/api.rs:1812] set_serialport_baudrate: Baud1Mbps
2025-09-17T10:55:53.753771Z[WARNING][src/stark/api.rs:1812] set_serialport_baudrate: Baud1Mbps
2025-09-17T10:55:53.767756Z[WARNING][src/stark/api.rs:1812] set_serialport_baudrate: Baud1Mbps
2025-09-17T10:55:53.782755Z[WARNING][src/stark/api.rs:1812] set_serialport_baudrate: Baud1Mbps
2025-09-17T10:55:53.797747Z[WARNING][src/stark/api.rs:1812] set_serialport_baudrate: Baud1Mbps
2025-09-17T10:55:53.812734Z[WARNING][src/stark/api.rs:1812] set_serialport_baudrate: Baud1Mbps
2025-09-17T10:55:53.827751Z[WARNING][src/stark/api.rs:1812] set_serialport_baudrate: Baud1Mbps
2025-09-17T10:55:53.849182Z[ERROR][/usr/lib/python3.10/asyncio/base_events.py:1758] unhandled exception during asyncio.run() shutdown
task: <Task finished name='Task-1' coro=<main_async() done, defined at /home/niic/upper_body_demo/install/dex_hand/lib/python3.10/site-packages/dex_hand/trigger.py:180> exception=RCLError('failed to shutdown: rcl_shutdown already called on the given context, at ./src/rcl/init.c:241')>
Traceback (most recent call last):
  File "/usr/lib/python3.10/asyncio/runners.py", line 44, in run
    return loop.run_until_complete(main)
  File "/usr/lib/python3.10/asyncio/base_events.py", line 636, in run_until_complete
    self.run_forever()
  File "/usr/lib/python3.10/asyncio/base_events.py", line 603, in run_forever
    self._run_once()
  File "/usr/lib/python3.10/asyncio/base_events.py", line 1871, in _run_once
    event_list = self._selector.select(timeout)
  File "/usr/lib/python3.10/selectors.py", line 469, in select
    fd_event_list = self._selector.poll(timeout, max_ev)
KeyboardInterrupt

During handling of the above exception, another exception occurred:

Traceback (most recent call last):
  File "/home/niic/upper_body_demo/install/dex_hand/lib/python3.10/site-packages/dex_hand/trigger.py", line 206, in main_async
    rclpy.shutdown()
  File "/opt/ros/humble/local/lib/python3.10/dist-packages/rclpy/__init__.py", line 130, in shutdown
    _shutdown(context=context)
  File "/opt/ros/humble/local/lib/python3.10/dist-packages/rclpy/utilities.py", line 58, in shutdown
    return context.shutdown()
  File "/opt/ros/humble/local/lib/python3.10/dist-packages/rclpy/context.py", line 102, in shutdown
    self.__context.shutdown()
rclpy._rclpy_pybind11.RCLError: failed to shutdown: rcl_shutdown already called on the given context, at ./src/rcl/init.c:241
