2025-09-10T21:51:50.849242Z[INFO][src/python/py_mod.rs:25] bc_stark_sdk version: 0.8.8
2025-09-10T21:51:50.850369Z[INFO][src/stark/config.rs:30] Logging initialized with level: Info
2025-09-10T21:51:50.850593Z[INFO][src/stark/config.rs:36] StarkSDK initialized, protocol_type: Modbus
2025-09-10T21:51:50.981824Z[WARNING][src/serial/base.rs:47] enable_low_latency failed: Os { code: 25, kind: Uncategorized, message: "Inappropriate ioctl for device" }
2025-09-10T21:51:51.987585Z[WARNING][/root/.cargo/registry/src/index.crates.io-1949cf8c6b5b557f/tokio-modbus-0.16.1/src/codec/rtu.rs:265] Failed to decode response frame: Invalid CRC: expected = 0x31C9, actual = 0x8E4E
2025-09-10T21:51:51.988063Z[WARNING][/root/.cargo/registry/src/index.crates.io-1949cf8c6b5b557f/tokio-modbus-0.16.1/src/codec/rtu.rs:265] Failed to decode response frame: Invalid CRC: expected = 0x6149, actual = 0xDC50
2025-09-10T21:51:51.988213Z[WARNING][/root/.cargo/registry/src/index.crates.io-1949cf8c6b5b557f/tokio-modbus-0.16.1/src/codec/rtu.rs:265] Failed to decode response frame: Invalid function code: 0x0D
2025-09-10T21:51:51.988346Z[WARNING][/root/.cargo/registry/src/index.crates.io-1949cf8c6b5b557f/tokio-modbus-0.16.1/src/codec/rtu.rs:265] Failed to decode response frame: Invalid function code: 0x61
2025-09-10T21:51:51.988472Z[WARNING][/root/.cargo/registry/src/index.crates.io-1949cf8c6b5b557f/tokio-modbus-0.16.1/src/codec/rtu.rs:265] Failed to decode response frame: Invalid function code: 0x49
2025-09-10T21:51:51.988596Z[WARNING][/root/.cargo/registry/src/index.crates.io-1949cf8c6b5b557f/tokio-modbus-0.16.1/src/codec/rtu.rs:265] Failed to decode response frame: Invalid function code: 0x31
2025-09-10T21:51:51.988715Z[WARNING][/root/.cargo/registry/src/index.crates.io-1949cf8c6b5b557f/tokio-modbus-0.16.1/src/codec/rtu.rs:265] Failed to decode response frame: Invalid function code: 0xC9
2025-09-10T21:51:51.988847Z[WARNING][/root/.cargo/registry/src/index.crates.io-1949cf8c6b5b557f/tokio-modbus-0.16.1/src/codec/rtu.rs:265] Failed to decode response frame: Invalid function code: 0x31
2025-09-10T21:51:51.988965Z[WARNING][/root/.cargo/registry/src/index.crates.io-1949cf8c6b5b557f/tokio-modbus-0.16.1/src/codec/rtu.rs:265] Failed to decode response frame: Invalid function code: 0x34
2025-09-10T21:51:51.989082Z[WARNING][/root/.cargo/registry/src/index.crates.io-1949cf8c6b5b557f/tokio-modbus-0.16.1/src/codec/rtu.rs:265] Failed to decode response frame: Invalid function code: 0x36
2025-09-10T21:51:51.989197Z[WARNING][/root/.cargo/registry/src/index.crates.io-1949cf8c6b5b557f/tokio-modbus-0.16.1/src/codec/rtu.rs:265] Failed to decode response frame: Invalid function code: 0x4A
2025-09-10T21:51:51.989313Z[WARNING][/root/.cargo/registry/src/index.crates.io-1949cf8c6b5b557f/tokio-modbus-0.16.1/src/codec/rtu.rs:265] Failed to decode response frame: Invalid function code: 0x32
2025-09-10T21:51:51.989426Z[WARNING][/root/.cargo/registry/src/index.crates.io-1949cf8c6b5b557f/tokio-modbus-0.16.1/src/codec/rtu.rs:265] Failed to decode response frame: Invalid function code: 0x35
2025-09-10T21:51:51.989539Z[WARNING][/root/.cargo/registry/src/index.crates.io-1949cf8c6b5b557f/tokio-modbus-0.16.1/src/codec/rtu.rs:265] Failed to decode response frame: Invalid function code: 0x30
2025-09-10T21:51:51.989652Z[WARNING][/root/.cargo/registry/src/index.crates.io-1949cf8c6b5b557f/tokio-modbus-0.16.1/src/codec/rtu.rs:265] Failed to decode response frame: Invalid function code: 0x30
2025-09-10T21:51:51.989773Z[WARNING][/root/.cargo/registry/src/index.crates.io-1949cf8c6b5b557f/tokio-modbus-0.16.1/src/codec/rtu.rs:265] Failed to decode response frame: Invalid function code: 0x30
2025-09-10T21:51:51.989892Z[WARNING][/root/.cargo/registry/src/index.crates.io-1949cf8c6b5b557f/tokio-modbus-0.16.1/src/codec/rtu.rs:265] Failed to decode response frame: Invalid function code: 0x30
2025-09-10T21:51:51.990008Z[WARNING][/root/.cargo/registry/src/index.crates.io-1949cf8c6b5b557f/tokio-modbus-0.16.1/src/codec/rtu.rs:265] Failed to decode response frame: Invalid function code: 0x35
2025-09-10T21:51:51.990124Z[WARNING][/root/.cargo/registry/src/index.crates.io-1949cf8c6b5b557f/tokio-modbus-0.16.1/src/codec/rtu.rs:265] Failed to decode response frame: Invalid function code: 0x00
2025-09-10T21:51:51.990263Z[WARNING][/root/.cargo/registry/src/index.crates.io-1949cf8c6b5b557f/tokio-modbus-0.16.1/src/codec/rtu.rs:265] Failed to decode response frame: Invalid function code: 0x00
2025-09-10T21:51:51.990385Z[ERROR][/root/.cargo/registry/src/index.crates.io-1949cf8c6b5b557f/tokio-modbus-0.16.1/src/codec/rtu.rs:274] Giving up to decode frame after 20 retries
2025-09-10T21:51:51.990526Z[WARNING][src/modbus/modbus_ctx.rs:712] slave[126] read_input_registers(address: 3010, count: 10) failed: Transport(Custom { kind: InvalidData, error: "Too many retries" }), retry 0/3
2025-09-10T21:51:51.990739Z[WARNING][src/modbus/modbus_ctx.rs:712] slave[126] read_input_registers(address: 3010, count: 10) failed: Transport(Kind(BrokenPipe)), retry 1/3
2025-09-10T21:51:51.992846Z[WARNING][/root/.cargo/registry/src/index.crates.io-1949cf8c6b5b557f/tokio-modbus-0.16.1/src/codec/rtu.rs:265] Failed to decode response frame: Invalid CRC: expected = 0xAA82, actual = 0x0CD0
2025-09-10T21:51:51.992979Z[WARNING][/root/.cargo/registry/src/index.crates.io-1949cf8c6b5b557f/tokio-modbus-0.16.1/src/codec/rtu.rs:265] Failed to decode response frame: Invalid function code: 0x4A
2025-09-10T21:51:51.993109Z[WARNING][/root/.cargo/registry/src/index.crates.io-1949cf8c6b5b557f/tokio-modbus-0.16.1/src/codec/rtu.rs:265] Failed to decode response frame: Invalid CRC: expected = 0x8282, actual = 0xAED7
2025-09-10T21:51:51.993233Z[WARNING][/root/.cargo/registry/src/index.crates.io-1949cf8c6b5b557f/tokio-modbus-0.16.1/src/codec/rtu.rs:265] Failed to decode response frame: Invalid CRC: expected = 0x8282, actual = 0xB121
2025-09-10T21:51:51.993355Z[WARNING][/root/.cargo/registry/src/index.crates.io-1949cf8c6b5b557f/tokio-modbus-0.16.1/src/codec/rtu.rs:265] Failed to decode response frame: Invalid CRC: expected = 0x82AA, actual = 0x3129
2025-09-10T21:51:51.993477Z[WARNING][/root/.cargo/registry/src/index.crates.io-1949cf8c6b5b557f/tokio-modbus-0.16.1/src/codec/rtu.rs:265] Failed to decode response frame: Invalid CRC: expected = 0xAA02, actual = 0x3129
2025-09-10T21:51:51.993596Z[WARNING][/root/.cargo/registry/src/index.crates.io-1949cf8c6b5b557f/tokio-modbus-0.16.1/src/codec/rtu.rs:265] Failed to decode response frame: Invalid CRC: expected = 0x0200, actual = 0x3137
2025-09-10T21:51:51.993714Z[WARNING][/root/.cargo/registry/src/index.crates.io-1949cf8c6b5b557f/tokio-modbus-0.16.1/src/codec/rtu.rs:265] Failed to decode response frame: Invalid CRC: expected = 0x0000, actual = 0x2E89
2025-09-10T21:51:51.993850Z[WARNING][/root/.cargo/registry/src/index.crates.io-1949cf8c6b5b557f/tokio-modbus-0.16.1/src/codec/rtu.rs:265] Failed to decode response frame: Invalid CRC: expected = 0x00A9, actual = 0x5080
2025-09-10T21:51:51.993966Z[WARNING][/root/.cargo/registry/src/index.crates.io-1949cf8c6b5b557f/tokio-modbus-0.16.1/src/codec/rtu.rs:265] Failed to decode response frame: Invalid function code: 0x00
2025-09-10T21:51:51.994079Z[WARNING][/root/.cargo/registry/src/index.crates.io-1949cf8c6b5b557f/tokio-modbus-0.16.1/src/codec/rtu.rs:265] Failed to decode response frame: Invalid function code: 0x00
2025-09-10T21:51:52.092406Z[WARNING][src/modbus/modbus_ctx.rs:715] slave[126] read_input_registers(address: 3010, count: 10) timeout, retry 2/3
2025-09-10T21:51:52.092897Z[INFO][src/python/py_device.rs:154] Error getting device info: slave[126] read_input_registers(address: 3010, count: 10) failed after 3 attempts
2025-09-10T21:51:52.146276Z[WARNING][/root/.cargo/registry/src/index.crates.io-1949cf8c6b5b557f/tokio-modbus-0.16.1/src/codec/rtu.rs:265] Failed to decode response frame: Invalid CRC: expected = 0x022C, actual = 0xE163
2025-09-10T21:51:52.146595Z[WARNING][/root/.cargo/registry/src/index.crates.io-1949cf8c6b5b557f/tokio-modbus-0.16.1/src/codec/rtu.rs:265] Failed to decode response frame: Invalid function code: 0x00
2025-09-10T21:51:52.244924Z[WARNING][src/modbus/modbus_ctx.rs:715] slave[126] read_holding_registers(address: 901, count: 1) timeout, retry 0/3
2025-09-10T21:51:52.246937Z[WARNING][/root/.cargo/registry/src/index.crates.io-1949cf8c6b5b557f/tokio-modbus-0.16.1/src/codec/rtu.rs:72] Successfully decoded frame after dropping 33 byte(s): [BF, 10, 91, D, 61, 49, 31, C9, 31, 34, 36, 4A, 32, 35, 30, 30, 30, 30, 35, 0, 4D, 93, 4A, AA, 82, 82, 82, 82, AA, 2, 0, D, 2]
2025-09-10T21:51:52.251730Z[INFO][/home/niic/upper_body_demo/build/dex_hand/dex_hand/trigger.py:104] Left: DeviceInfo { sku_type: MediumLeft, serial_number: BCXRL2146J2500005, firmware_version: 0.0.10 }
2025-09-10T21:51:53.944050Z[ERROR][/usr/lib/python3.10/asyncio/base_events.py:1758] unhandled exception during asyncio.run() shutdown
task: <Task finished name='Task-1' coro=<main_async() done, defined at /home/niic/upper_body_demo/build/dex_hand/dex_hand/trigger.py:160> exception=RCLError('failed to shutdown: rcl_shutdown already called on the given context, at ./src/rcl/init.c:241')>
Traceback (most recent call last):
  File "/usr/lib/python3.10/asyncio/runners.py", line 44, in run
    return loop.run_until_complete(main)
  File "/usr/lib/python3.10/asyncio/base_events.py", line 636, in run_until_complete
    self.run_forever()
  File "/usr/lib/python3.10/asyncio/base_events.py", line 603, in run_forever
    self._run_once()
  File "/usr/lib/python3.10/asyncio/base_events.py", line 1871, in _run_once
    event_list = self._selector.select(timeout)
  File "/usr/lib/python3.10/selectors.py", line 469, in select
    fd_event_list = self._selector.poll(timeout, max_ev)
KeyboardInterrupt

During handling of the above exception, another exception occurred:

Traceback (most recent call last):
  File "/home/niic/upper_body_demo/build/dex_hand/dex_hand/trigger.py", line 186, in main_async
    rclpy.shutdown()
  File "/opt/ros/humble/local/lib/python3.10/dist-packages/rclpy/__init__.py", line 130, in shutdown
    _shutdown(context=context)
  File "/opt/ros/humble/local/lib/python3.10/dist-packages/rclpy/utilities.py", line 58, in shutdown
    return context.shutdown()
  File "/opt/ros/humble/local/lib/python3.10/dist-packages/rclpy/context.py", line 102, in shutdown
    self.__context.shutdown()
rclpy._rclpy_pybind11.RCLError: failed to shutdown: rcl_shutdown already called on the given context, at ./src/rcl/init.c:241
