2025-09-10T21:01:46.508543Z[INFO][src/python/py_mod.rs:25] bc_stark_sdk version: 0.8.8
2025-09-10T21:01:46.509695Z[INFO][src/stark/config.rs:30] Logging initialized with level: Info
2025-09-10T21:01:46.509934Z[INFO][src/stark/config.rs:36] StarkSDK initialized, protocol_type: Modbus
2025-09-10T21:01:46.640041Z[WARNING][src/serial/base.rs:47] enable_low_latency failed: Os { code: 25, kind: Uncategorized, message: "Inappropriate ioctl for device" }
2025-09-10T21:01:46.642827Z[WARNING][/root/.cargo/registry/src/index.crates.io-1949cf8c6b5b557f/tokio-modbus-0.16.1/src/codec/rtu.rs:265] Failed to decode response frame: Invalid CRC: expected = 0x022C, actual = 0xE163
2025-09-10T21:01:46.643128Z[WARNING][/root/.cargo/registry/src/index.crates.io-1949cf8c6b5b557f/tokio-modbus-0.16.1/src/codec/rtu.rs:265] Failed to decode response frame: Invalid function code: 0x00
2025-09-10T21:01:46.742464Z[WARNING][src/modbus/modbus_ctx.rs:715] slave[126] read_holding_registers(address: 901, count: 1) timeout, retry 0/3
2025-09-10T21:01:46.744459Z[WARNING][/root/.cargo/registry/src/index.crates.io-1949cf8c6b5b557f/tokio-modbus-0.16.1/src/codec/rtu.rs:72] Successfully decoded frame after dropping 2 byte(s): [D, 2]
2025-09-10T21:01:46.746880Z[WARNING][/root/.cargo/registry/src/index.crates.io-1949cf8c6b5b557f/tokio-modbus-0.16.1/src/codec/rtu.rs:265] Failed to decode response frame: Invalid CRC: expected = 0x31C9, actual = 0x8E4E
2025-09-10T21:01:46.747044Z[WARNING][/root/.cargo/registry/src/index.crates.io-1949cf8c6b5b557f/tokio-modbus-0.16.1/src/codec/rtu.rs:265] Failed to decode response frame: Invalid CRC: expected = 0x6149, actual = 0xDC50
2025-09-10T21:01:46.747181Z[WARNING][/root/.cargo/registry/src/index.crates.io-1949cf8c6b5b557f/tokio-modbus-0.16.1/src/codec/rtu.rs:265] Failed to decode response frame: Invalid function code: 0x0D
2025-09-10T21:01:46.747312Z[WARNING][/root/.cargo/registry/src/index.crates.io-1949cf8c6b5b557f/tokio-modbus-0.16.1/src/codec/rtu.rs:265] Failed to decode response frame: Invalid function code: 0x61
2025-09-10T21:01:46.747436Z[WARNING][/root/.cargo/registry/src/index.crates.io-1949cf8c6b5b557f/tokio-modbus-0.16.1/src/codec/rtu.rs:265] Failed to decode response frame: Invalid function code: 0x49
2025-09-10T21:01:46.747558Z[WARNING][/root/.cargo/registry/src/index.crates.io-1949cf8c6b5b557f/tokio-modbus-0.16.1/src/codec/rtu.rs:265] Failed to decode response frame: Invalid function code: 0x31
2025-09-10T21:01:46.747678Z[WARNING][/root/.cargo/registry/src/index.crates.io-1949cf8c6b5b557f/tokio-modbus-0.16.1/src/codec/rtu.rs:265] Failed to decode response frame: Invalid function code: 0xC9
2025-09-10T21:01:46.747818Z[WARNING][/root/.cargo/registry/src/index.crates.io-1949cf8c6b5b557f/tokio-modbus-0.16.1/src/codec/rtu.rs:265] Failed to decode response frame: Invalid function code: 0x31
2025-09-10T21:01:46.747946Z[WARNING][/root/.cargo/registry/src/index.crates.io-1949cf8c6b5b557f/tokio-modbus-0.16.1/src/codec/rtu.rs:265] Failed to decode response frame: Invalid function code: 0x34
2025-09-10T21:01:46.748070Z[WARNING][/root/.cargo/registry/src/index.crates.io-1949cf8c6b5b557f/tokio-modbus-0.16.1/src/codec/rtu.rs:265] Failed to decode response frame: Invalid function code: 0x36
2025-09-10T21:01:46.748198Z[WARNING][/root/.cargo/registry/src/index.crates.io-1949cf8c6b5b557f/tokio-modbus-0.16.1/src/codec/rtu.rs:265] Failed to decode response frame: Invalid function code: 0x4A
2025-09-10T21:01:46.748320Z[WARNING][/root/.cargo/registry/src/index.crates.io-1949cf8c6b5b557f/tokio-modbus-0.16.1/src/codec/rtu.rs:265] Failed to decode response frame: Invalid function code: 0x32
2025-09-10T21:01:46.748440Z[WARNING][/root/.cargo/registry/src/index.crates.io-1949cf8c6b5b557f/tokio-modbus-0.16.1/src/codec/rtu.rs:265] Failed to decode response frame: Invalid function code: 0x35
2025-09-10T21:01:46.748560Z[WARNING][/root/.cargo/registry/src/index.crates.io-1949cf8c6b5b557f/tokio-modbus-0.16.1/src/codec/rtu.rs:265] Failed to decode response frame: Invalid function code: 0x30
2025-09-10T21:01:46.748678Z[WARNING][/root/.cargo/registry/src/index.crates.io-1949cf8c6b5b557f/tokio-modbus-0.16.1/src/codec/rtu.rs:265] Failed to decode response frame: Invalid function code: 0x30
2025-09-10T21:01:46.748830Z[WARNING][/root/.cargo/registry/src/index.crates.io-1949cf8c6b5b557f/tokio-modbus-0.16.1/src/codec/rtu.rs:265] Failed to decode response frame: Invalid function code: 0x30
2025-09-10T21:01:46.748953Z[WARNING][/root/.cargo/registry/src/index.crates.io-1949cf8c6b5b557f/tokio-modbus-0.16.1/src/codec/rtu.rs:265] Failed to decode response frame: Invalid function code: 0x30
2025-09-10T21:01:46.749073Z[WARNING][/root/.cargo/registry/src/index.crates.io-1949cf8c6b5b557f/tokio-modbus-0.16.1/src/codec/rtu.rs:265] Failed to decode response frame: Invalid function code: 0x35
2025-09-10T21:01:46.749190Z[WARNING][/root/.cargo/registry/src/index.crates.io-1949cf8c6b5b557f/tokio-modbus-0.16.1/src/codec/rtu.rs:265] Failed to decode response frame: Invalid function code: 0x00
2025-09-10T21:01:46.749307Z[WARNING][/root/.cargo/registry/src/index.crates.io-1949cf8c6b5b557f/tokio-modbus-0.16.1/src/codec/rtu.rs:265] Failed to decode response frame: Invalid function code: 0x00
2025-09-10T21:01:46.749423Z[WARNING][/root/.cargo/registry/src/index.crates.io-1949cf8c6b5b557f/tokio-modbus-0.16.1/src/codec/rtu.rs:265] Failed to decode response frame: Invalid function code: 0x00
2025-09-10T21:01:46.845709Z[WARNING][src/modbus/modbus_ctx.rs:715] slave[126] read_input_registers(address: 3010, count: 10) timeout, retry 0/3
2025-09-10T21:01:46.848068Z[WARNING][/root/.cargo/registry/src/index.crates.io-1949cf8c6b5b557f/tokio-modbus-0.16.1/src/codec/rtu.rs:265] Failed to decode response frame: Invalid CRC: expected = 0x31C9, actual = 0x8E4E
2025-09-10T21:01:46.848239Z[WARNING][/root/.cargo/registry/src/index.crates.io-1949cf8c6b5b557f/tokio-modbus-0.16.1/src/codec/rtu.rs:265] Failed to decode response frame: Invalid CRC: expected = 0x6149, actual = 0xDC50
2025-09-10T21:01:46.848378Z[WARNING][/root/.cargo/registry/src/index.crates.io-1949cf8c6b5b557f/tokio-modbus-0.16.1/src/codec/rtu.rs:265] Failed to decode response frame: Invalid function code: 0x0D
2025-09-10T21:01:46.848511Z[WARNING][/root/.cargo/registry/src/index.crates.io-1949cf8c6b5b557f/tokio-modbus-0.16.1/src/codec/rtu.rs:265] Failed to decode response frame: Invalid function code: 0x61
2025-09-10T21:01:46.848635Z[WARNING][/root/.cargo/registry/src/index.crates.io-1949cf8c6b5b557f/tokio-modbus-0.16.1/src/codec/rtu.rs:265] Failed to decode response frame: Invalid function code: 0x49
2025-09-10T21:01:46.848757Z[WARNING][/root/.cargo/registry/src/index.crates.io-1949cf8c6b5b557f/tokio-modbus-0.16.1/src/codec/rtu.rs:265] Failed to decode response frame: Invalid function code: 0x31
2025-09-10T21:01:46.848900Z[WARNING][/root/.cargo/registry/src/index.crates.io-1949cf8c6b5b557f/tokio-modbus-0.16.1/src/codec/rtu.rs:265] Failed to decode response frame: Invalid function code: 0xC9
2025-09-10T21:01:46.849025Z[WARNING][/root/.cargo/registry/src/index.crates.io-1949cf8c6b5b557f/tokio-modbus-0.16.1/src/codec/rtu.rs:265] Failed to decode response frame: Invalid function code: 0x31
2025-09-10T21:01:46.849148Z[WARNING][/root/.cargo/registry/src/index.crates.io-1949cf8c6b5b557f/tokio-modbus-0.16.1/src/codec/rtu.rs:265] Failed to decode response frame: Invalid function code: 0x34
2025-09-10T21:01:46.849270Z[WARNING][/root/.cargo/registry/src/index.crates.io-1949cf8c6b5b557f/tokio-modbus-0.16.1/src/codec/rtu.rs:265] Failed to decode response frame: Invalid function code: 0x36
2025-09-10T21:01:46.849390Z[WARNING][/root/.cargo/registry/src/index.crates.io-1949cf8c6b5b557f/tokio-modbus-0.16.1/src/codec/rtu.rs:265] Failed to decode response frame: Invalid function code: 0x4A
2025-09-10T21:01:46.849512Z[WARNING][/root/.cargo/registry/src/index.crates.io-1949cf8c6b5b557f/tokio-modbus-0.16.1/src/codec/rtu.rs:265] Failed to decode response frame: Invalid function code: 0x32
2025-09-10T21:01:46.849636Z[WARNING][/root/.cargo/registry/src/index.crates.io-1949cf8c6b5b557f/tokio-modbus-0.16.1/src/codec/rtu.rs:265] Failed to decode response frame: Invalid function code: 0x35
2025-09-10T21:01:46.849782Z[WARNING][/root/.cargo/registry/src/index.crates.io-1949cf8c6b5b557f/tokio-modbus-0.16.1/src/codec/rtu.rs:265] Failed to decode response frame: Invalid function code: 0x30
2025-09-10T21:01:46.849909Z[WARNING][/root/.cargo/registry/src/index.crates.io-1949cf8c6b5b557f/tokio-modbus-0.16.1/src/codec/rtu.rs:265] Failed to decode response frame: Invalid function code: 0x30
2025-09-10T21:01:46.850029Z[WARNING][/root/.cargo/registry/src/index.crates.io-1949cf8c6b5b557f/tokio-modbus-0.16.1/src/codec/rtu.rs:265] Failed to decode response frame: Invalid function code: 0x30
2025-09-10T21:01:46.850149Z[WARNING][/root/.cargo/registry/src/index.crates.io-1949cf8c6b5b557f/tokio-modbus-0.16.1/src/codec/rtu.rs:265] Failed to decode response frame: Invalid function code: 0x30
2025-09-10T21:01:46.850268Z[WARNING][/root/.cargo/registry/src/index.crates.io-1949cf8c6b5b557f/tokio-modbus-0.16.1/src/codec/rtu.rs:265] Failed to decode response frame: Invalid function code: 0x35
2025-09-10T21:01:46.850385Z[WARNING][/root/.cargo/registry/src/index.crates.io-1949cf8c6b5b557f/tokio-modbus-0.16.1/src/codec/rtu.rs:265] Failed to decode response frame: Invalid function code: 0x00
2025-09-10T21:01:46.850503Z[WARNING][/root/.cargo/registry/src/index.crates.io-1949cf8c6b5b557f/tokio-modbus-0.16.1/src/codec/rtu.rs:265] Failed to decode response frame: Invalid function code: 0x00
2025-09-10T21:01:46.850622Z[WARNING][/root/.cargo/registry/src/index.crates.io-1949cf8c6b5b557f/tokio-modbus-0.16.1/src/codec/rtu.rs:265] Failed to decode response frame: Invalid function code: 0x00
2025-09-10T21:01:46.947874Z[WARNING][src/modbus/modbus_ctx.rs:715] slave[126] read_input_registers(address: 3010, count: 10) timeout, retry 1/3
2025-09-10T21:01:46.950305Z[WARNING][/root/.cargo/registry/src/index.crates.io-1949cf8c6b5b557f/tokio-modbus-0.16.1/src/codec/rtu.rs:72] Successfully decoded frame after dropping 42 byte(s): [BF, 10, 91, D, 61, 49, 31, C9, 31, 34, 36, 4A, 32, 35, 30, 30, 30, 30, 35, 0, 0, BF, 10, 91, D, 61, 49, 31, C9, 31, 34, 36, 4A, 32, 35, 30, 30, 30, 30, 35, 0, 0]
2025-09-10T21:01:46.952914Z[INFO][/home/niic/upper_body_demo/build/dex_hand/dex_hand/trigger.py:100] Left: DeviceInfo { sku_type: MediumLeft, serial_number: BCXRL2146J2500005, firmware_version: 0.0.10 }
2025-09-10T21:01:52.667467Z[ERROR][/usr/lib/python3.10/asyncio/base_events.py:1758] unhandled exception during asyncio.run() shutdown
task: <Task finished name='Task-1' coro=<main_async() done, defined at /home/niic/upper_body_demo/build/dex_hand/dex_hand/trigger.py:156> exception=RCLError('failed to shutdown: rcl_shutdown already called on the given context, at ./src/rcl/init.c:241')>
Traceback (most recent call last):
  File "/usr/lib/python3.10/asyncio/runners.py", line 44, in run
    return loop.run_until_complete(main)
  File "/usr/lib/python3.10/asyncio/base_events.py", line 636, in run_until_complete
    self.run_forever()
  File "/usr/lib/python3.10/asyncio/base_events.py", line 603, in run_forever
    self._run_once()
  File "/usr/lib/python3.10/asyncio/base_events.py", line 1871, in _run_once
    event_list = self._selector.select(timeout)
  File "/usr/lib/python3.10/selectors.py", line 469, in select
    fd_event_list = self._selector.poll(timeout, max_ev)
KeyboardInterrupt

During handling of the above exception, another exception occurred:

Traceback (most recent call last):
  File "/home/niic/upper_body_demo/build/dex_hand/dex_hand/trigger.py", line 182, in main_async
    rclpy.shutdown()
  File "/opt/ros/humble/local/lib/python3.10/dist-packages/rclpy/__init__.py", line 130, in shutdown
    _shutdown(context=context)
  File "/opt/ros/humble/local/lib/python3.10/dist-packages/rclpy/utilities.py", line 58, in shutdown
    return context.shutdown()
  File "/opt/ros/humble/local/lib/python3.10/dist-packages/rclpy/context.py", line 102, in shutdown
    self.__context.shutdown()
rclpy._rclpy_pybind11.RCLError: failed to shutdown: rcl_shutdown already called on the given context, at ./src/rcl/init.c:241
