2025-09-17T10:55:33.794510Z[INFO][src/python/py_mod.rs:25] bc_stark_sdk version: 0.8.8
2025-09-17T10:55:33.795693Z[INFO][src/stark/config.rs:30] Logging initialized with level: Info
2025-09-17T10:55:33.795963Z[INFO][src/stark/config.rs:36] StarkSDK initialized, protocol_type: Modbus
2025-09-17T10:55:34.944508Z[INFO][/home/niic/upper_body_demo/install/dex_hand/lib/python3.10/site-packages/dex_hand/trigger.py:119] Left: DeviceInfo { sku_type: MediumRight, serial_number: BCXRR2147J2500004, firmware_version: 0.0.10 }
2025-09-17T10:55:35.948811Z[WARNING][src/stark/api.rs:1812] set_serialport_baudrate: Baud1Mbps
2025-09-17T10:55:35.961706Z[WARNING][src/stark/api.rs:1812] set_serialport_baudrate: Baud1Mbps
2025-09-17T10:55:35.977784Z[WARNING][src/stark/api.rs:1812] set_serialport_baudrate: Baud1Mbps
2025-09-17T10:55:35.993852Z[WARNING][src/stark/api.rs:1812] set_serialport_baudrate: Baud1Mbps
2025-09-17T10:55:36.009791Z[WARNING][src/stark/api.rs:1812] set_serialport_baudrate: Baud1Mbps
2025-09-17T10:55:36.025727Z[WARNING][src/stark/api.rs:1812] set_serialport_baudrate: Baud1Mbps
2025-09-17T10:55:36.041740Z[WARNING][src/stark/api.rs:1812] set_serialport_baudrate: Baud1Mbps
2025-09-17T10:55:36.057761Z[WARNING][src/stark/api.rs:1812] set_serialport_baudrate: Baud1Mbps
2025-09-17T10:55:36.073724Z[WARNING][src/stark/api.rs:1812] set_serialport_baudrate: Baud1Mbps
2025-09-17T10:55:36.089696Z[WARNING][src/stark/api.rs:1812] set_serialport_baudrate: Baud1Mbps
2025-09-17T10:55:36.103730Z[WARNING][src/stark/api.rs:1812] set_serialport_baudrate: Baud1Mbps
2025-09-17T10:55:36.119718Z[WARNING][src/stark/api.rs:1812] set_serialport_baudrate: Baud1Mbps
2025-09-17T10:55:36.134809Z[WARNING][src/stark/api.rs:1812] set_serialport_baudrate: Baud1Mbps
2025-09-17T10:55:36.150844Z[WARNING][src/stark/api.rs:1812] set_serialport_baudrate: Baud1Mbps
2025-09-17T10:55:36.164794Z[WARNING][src/stark/api.rs:1812] set_serialport_baudrate: Baud1Mbps
2025-09-17T10:55:36.179782Z[WARNING][src/stark/api.rs:1812] set_serialport_baudrate: Baud1Mbps
2025-09-17T10:55:36.193770Z[WARNING][src/stark/api.rs:1812] set_serialport_baudrate: Baud1Mbps
2025-09-17T10:55:36.208779Z[WARNING][src/stark/api.rs:1812] set_serialport_baudrate: Baud1Mbps
2025-09-17T10:55:36.224806Z[WARNING][src/stark/api.rs:1812] set_serialport_baudrate: Baud1Mbps
2025-09-17T10:55:36.239792Z[WARNING][src/stark/api.rs:1812] set_serialport_baudrate: Baud1Mbps
2025-09-17T10:55:36.254936Z[WARNING][src/stark/api.rs:1812] set_serialport_baudrate: Baud1Mbps
2025-09-17T10:55:36.267488Z[WARNING][src/stark/api.rs:1812] set_serialport_baudrate: Baud1Mbps
2025-09-17T10:55:36.282953Z[WARNING][src/stark/api.rs:1812] set_serialport_baudrate: Baud1Mbps
2025-09-17T10:55:36.295290Z[WARNING][src/stark/api.rs:1812] set_serialport_baudrate: Baud1Mbps
2025-09-17T10:55:36.310783Z[WARNING][src/stark/api.rs:1812] set_serialport_baudrate: Baud1Mbps
2025-09-17T10:55:36.325756Z[WARNING][src/stark/api.rs:1812] set_serialport_baudrate: Baud1Mbps
2025-09-17T10:55:36.340755Z[WARNING][src/stark/api.rs:1812] set_serialport_baudrate: Baud1Mbps
2025-09-17T10:55:36.355839Z[WARNING][src/stark/api.rs:1812] set_serialport_baudrate: Baud1Mbps
2025-09-17T10:55:36.370779Z[WARNING][src/stark/api.rs:1812] set_serialport_baudrate: Baud1Mbps
2025-09-17T10:55:36.384764Z[WARNING][src/stark/api.rs:1812] set_serialport_baudrate: Baud1Mbps
2025-09-17T10:55:36.398734Z[WARNING][src/stark/api.rs:1812] set_serialport_baudrate: Baud1Mbps
2025-09-17T10:55:36.412745Z[WARNING][src/stark/api.rs:1812] set_serialport_baudrate: Baud1Mbps
2025-09-17T10:55:36.427763Z[WARNING][src/stark/api.rs:1812] set_serialport_baudrate: Baud1Mbps
2025-09-17T10:55:36.442736Z[WARNING][src/stark/api.rs:1812] set_serialport_baudrate: Baud1Mbps
2025-09-17T10:55:36.456753Z[WARNING][src/stark/api.rs:1812] set_serialport_baudrate: Baud1Mbps
2025-09-17T10:55:36.470733Z[WARNING][src/stark/api.rs:1812] set_serialport_baudrate: Baud1Mbps
2025-09-17T10:55:36.485724Z[WARNING][src/stark/api.rs:1812] set_serialport_baudrate: Baud1Mbps
2025-09-17T10:55:36.499719Z[WARNING][src/stark/api.rs:1812] set_serialport_baudrate: Baud1Mbps
2025-09-17T10:55:36.513754Z[WARNING][src/stark/api.rs:1812] set_serialport_baudrate: Baud1Mbps
2025-09-17T10:55:36.528902Z[WARNING][src/stark/api.rs:1812] set_serialport_baudrate: Baud1Mbps
2025-09-17T10:55:36.541277Z[WARNING][src/stark/api.rs:1812] set_serialport_baudrate: Baud1Mbps
2025-09-17T10:55:36.553553Z[WARNING][src/stark/api.rs:1812] set_serialport_baudrate: Baud1Mbps
2025-09-17T10:55:36.567788Z[WARNING][src/stark/api.rs:1812] set_serialport_baudrate: Baud1Mbps
2025-09-17T10:55:36.582762Z[WARNING][src/stark/api.rs:1812] set_serialport_baudrate: Baud1Mbps
2025-09-17T10:55:36.597722Z[WARNING][src/stark/api.rs:1812] set_serialport_baudrate: Baud1Mbps
2025-09-17T10:55:36.611724Z[WARNING][src/stark/api.rs:1812] set_serialport_baudrate: Baud1Mbps
2025-09-17T10:55:36.625726Z[WARNING][src/stark/api.rs:1812] set_serialport_baudrate: Baud1Mbps
2025-09-17T10:55:36.639733Z[WARNING][src/stark/api.rs:1812] set_serialport_baudrate: Baud1Mbps
2025-09-17T10:55:36.654696Z[WARNING][src/stark/api.rs:1812] set_serialport_baudrate: Baud1Mbps
2025-09-17T10:55:36.668717Z[WARNING][src/stark/api.rs:1812] set_serialport_baudrate: Baud1Mbps
2025-09-17T10:55:36.682717Z[WARNING][src/stark/api.rs:1812] set_serialport_baudrate: Baud1Mbps
2025-09-17T10:55:36.695152Z[WARNING][src/stark/api.rs:1812] set_serialport_baudrate: Baud1Mbps
2025-09-17T10:55:36.708698Z[WARNING][src/stark/api.rs:1812] set_serialport_baudrate: Baud1Mbps
2025-09-17T10:55:36.722729Z[WARNING][src/stark/api.rs:1812] set_serialport_baudrate: Baud1Mbps
2025-09-17T10:55:36.736669Z[WARNING][src/stark/api.rs:1812] set_serialport_baudrate: Baud1Mbps
2025-09-17T10:55:36.750700Z[WARNING][src/stark/api.rs:1812] set_serialport_baudrate: Baud1Mbps
2025-09-17T10:55:36.764661Z[WARNING][src/stark/api.rs:1812] set_serialport_baudrate: Baud1Mbps
2025-09-17T10:55:36.778718Z[WARNING][src/stark/api.rs:1812] set_serialport_baudrate: Baud1Mbps
2025-09-17T10:55:36.793685Z[WARNING][src/stark/api.rs:1812] set_serialport_baudrate: Baud1Mbps
2025-09-17T10:55:36.807787Z[WARNING][src/stark/api.rs:1812] set_serialport_baudrate: Baud1Mbps
2025-09-17T10:55:36.821799Z[WARNING][src/stark/api.rs:1812] set_serialport_baudrate: Baud1Mbps
2025-09-17T10:55:36.835791Z[WARNING][src/stark/api.rs:1812] set_serialport_baudrate: Baud1Mbps
2025-09-17T10:55:36.848120Z[WARNING][src/stark/api.rs:1812] set_serialport_baudrate: Baud1Mbps
2025-09-17T10:55:36.861807Z[WARNING][src/stark/api.rs:1812] set_serialport_baudrate: Baud1Mbps
2025-09-17T10:55:36.875771Z[WARNING][src/stark/api.rs:1812] set_serialport_baudrate: Baud1Mbps
2025-09-17T10:55:36.889781Z[WARNING][src/stark/api.rs:1812] set_serialport_baudrate: Baud1Mbps
2025-09-17T10:55:36.904762Z[WARNING][src/stark/api.rs:1812] set_serialport_baudrate: Baud1Mbps
2025-09-17T10:55:36.918753Z[WARNING][src/stark/api.rs:1812] set_serialport_baudrate: Baud1Mbps
2025-09-17T10:55:36.933767Z[WARNING][src/stark/api.rs:1812] set_serialport_baudrate: Baud1Mbps
2025-09-17T10:55:36.947787Z[WARNING][src/stark/api.rs:1812] set_serialport_baudrate: Baud1Mbps
2025-09-17T10:55:36.961766Z[WARNING][src/stark/api.rs:1812] set_serialport_baudrate: Baud1Mbps
2025-09-17T10:55:36.974109Z[WARNING][src/stark/api.rs:1812] set_serialport_baudrate: Baud1Mbps
2025-09-17T10:55:36.987771Z[WARNING][src/stark/api.rs:1812] set_serialport_baudrate: Baud1Mbps
2025-09-17T10:55:37.001761Z[WARNING][src/stark/api.rs:1812] set_serialport_baudrate: Baud1Mbps
2025-09-17T10:55:37.015741Z[WARNING][src/stark/api.rs:1812] set_serialport_baudrate: Baud1Mbps
2025-09-17T10:55:37.030753Z[WARNING][src/stark/api.rs:1812] set_serialport_baudrate: Baud1Mbps
2025-09-17T10:55:37.044745Z[WARNING][src/stark/api.rs:1812] set_serialport_baudrate: Baud1Mbps
2025-09-17T10:55:37.058765Z[WARNING][src/stark/api.rs:1812] set_serialport_baudrate: Baud1Mbps
2025-09-17T10:55:37.073759Z[WARNING][src/stark/api.rs:1812] set_serialport_baudrate: Baud1Mbps
2025-09-17T10:55:37.088944Z[WARNING][src/stark/api.rs:1812] set_serialport_baudrate: Baud1Mbps
2025-09-17T10:55:37.101312Z[WARNING][src/stark/api.rs:1812] set_serialport_baudrate: Baud1Mbps
2025-09-17T10:55:37.116866Z[WARNING][src/stark/api.rs:1812] set_serialport_baudrate: Baud1Mbps
2025-09-17T10:55:37.129153Z[WARNING][src/stark/api.rs:1812] set_serialport_baudrate: Baud1Mbps
2025-09-17T10:55:37.141504Z[WARNING][src/stark/api.rs:1812] set_serialport_baudrate: Baud1Mbps
2025-09-17T10:55:37.156773Z[WARNING][src/stark/api.rs:1812] set_serialport_baudrate: Baud1Mbps
2025-09-17T10:55:37.169070Z[WARNING][src/stark/api.rs:1812] set_serialport_baudrate: Baud1Mbps
2025-09-17T10:55:37.182734Z[WARNING][src/stark/api.rs:1812] set_serialport_baudrate: Baud1Mbps
2025-09-17T10:55:37.197703Z[WARNING][src/stark/api.rs:1812] set_serialport_baudrate: Baud1Mbps
2025-09-17T10:55:37.211709Z[WARNING][src/stark/api.rs:1812] set_serialport_baudrate: Baud1Mbps
2025-09-17T10:55:37.225685Z[WARNING][src/stark/api.rs:1812] set_serialport_baudrate: Baud1Mbps
2025-09-17T10:55:37.240693Z[WARNING][src/stark/api.rs:1812] set_serialport_baudrate: Baud1Mbps
2025-09-17T10:55:37.254721Z[WARNING][src/stark/api.rs:1812] set_serialport_baudrate: Baud1Mbps
2025-09-17T10:55:37.268717Z[WARNING][src/stark/api.rs:1812] set_serialport_baudrate: Baud1Mbps
2025-09-17T10:55:37.283715Z[WARNING][src/stark/api.rs:1812] set_serialport_baudrate: Baud1Mbps
2025-09-17T10:55:37.298715Z[WARNING][src/stark/api.rs:1812] set_serialport_baudrate: Baud1Mbps
2025-09-17T10:55:37.312700Z[WARNING][src/stark/api.rs:1812] set_serialport_baudrate: Baud1Mbps
2025-09-17T10:55:37.326687Z[WARNING][src/stark/api.rs:1812] set_serialport_baudrate: Baud1Mbps
2025-09-17T10:55:37.340676Z[WARNING][src/stark/api.rs:1812] set_serialport_baudrate: Baud1Mbps
2025-09-17T10:55:37.355672Z[WARNING][src/stark/api.rs:1812] set_serialport_baudrate: Baud1Mbps
2025-09-17T10:55:37.369893Z[WARNING][src/stark/api.rs:1812] set_serialport_baudrate: Baud1Mbps
2025-09-17T10:55:37.382064Z[WARNING][src/stark/api.rs:1812] set_serialport_baudrate: Baud1Mbps
2025-09-17T10:55:37.395699Z[WARNING][src/stark/api.rs:1812] set_serialport_baudrate: Baud1Mbps
2025-09-17T10:55:37.409682Z[WARNING][src/stark/api.rs:1812] set_serialport_baudrate: Baud1Mbps
2025-09-17T10:55:37.424673Z[WARNING][src/stark/api.rs:1812] set_serialport_baudrate: Baud1Mbps
2025-09-17T10:55:37.436957Z[WARNING][src/stark/api.rs:1812] set_serialport_baudrate: Baud1Mbps
2025-09-17T10:55:37.450795Z[WARNING][src/stark/api.rs:1812] set_serialport_baudrate: Baud1Mbps
2025-09-17T10:55:37.462958Z[WARNING][src/stark/api.rs:1812] set_serialport_baudrate: Baud1Mbps
2025-09-17T10:55:37.476792Z[WARNING][src/stark/api.rs:1812] set_serialport_baudrate: Baud1Mbps
2025-09-17T10:55:37.488961Z[WARNING][src/stark/api.rs:1812] set_serialport_baudrate: Baud1Mbps
2025-09-17T10:55:37.501034Z[WARNING][src/stark/api.rs:1812] set_serialport_baudrate: Baud1Mbps
2025-09-17T10:55:37.514809Z[WARNING][src/stark/api.rs:1812] set_serialport_baudrate: Baud1Mbps
2025-09-17T10:55:37.526961Z[WARNING][src/stark/api.rs:1812] set_serialport_baudrate: Baud1Mbps
2025-09-17T10:55:37.540784Z[WARNING][src/stark/api.rs:1812] set_serialport_baudrate: Baud1Mbps
2025-09-17T10:55:37.552952Z[WARNING][src/stark/api.rs:1812] set_serialport_baudrate: Baud1Mbps
2025-09-17T10:55:37.567757Z[WARNING][src/stark/api.rs:1812] set_serialport_baudrate: Baud1Mbps
2025-09-17T10:55:37.579964Z[WARNING][src/stark/api.rs:1812] set_serialport_baudrate: Baud1Mbps
2025-09-17T10:55:37.594799Z[WARNING][src/stark/api.rs:1812] set_serialport_baudrate: Baud1Mbps
2025-09-17T10:55:37.607005Z[WARNING][src/stark/api.rs:1812] set_serialport_baudrate: Baud1Mbps
2025-09-17T10:55:37.620811Z[WARNING][src/stark/api.rs:1812] set_serialport_baudrate: Baud1Mbps
2025-09-17T10:55:37.632977Z[WARNING][src/stark/api.rs:1812] set_serialport_baudrate: Baud1Mbps
2025-09-17T10:55:37.646851Z[WARNING][src/stark/api.rs:1812] set_serialport_baudrate: Baud1Mbps
2025-09-17T10:55:37.659133Z[WARNING][src/stark/api.rs:1812] set_serialport_baudrate: Baud1Mbps
2025-09-17T10:55:37.673890Z[WARNING][src/stark/api.rs:1812] set_serialport_baudrate: Baud1Mbps
2025-09-17T10:55:37.686194Z[WARNING][src/stark/api.rs:1812] set_serialport_baudrate: Baud1Mbps
2025-09-17T10:55:37.701849Z[WARNING][src/stark/api.rs:1812] set_serialport_baudrate: Baud1Mbps
2025-09-17T10:55:37.713975Z[WARNING][src/stark/api.rs:1812] set_serialport_baudrate: Baud1Mbps
2025-09-17T10:55:37.726122Z[WARNING][src/stark/api.rs:1812] set_serialport_baudrate: Baud1Mbps
2025-09-17T10:55:37.739759Z[WARNING][src/stark/api.rs:1812] set_serialport_baudrate: Baud1Mbps
2025-09-17T10:55:37.751946Z[WARNING][src/stark/api.rs:1812] set_serialport_baudrate: Baud1Mbps
2025-09-17T10:55:37.765740Z[WARNING][src/stark/api.rs:1812] set_serialport_baudrate: Baud1Mbps
2025-09-17T10:55:37.777938Z[WARNING][src/stark/api.rs:1812] set_serialport_baudrate: Baud1Mbps
2025-09-17T10:55:37.791730Z[WARNING][src/stark/api.rs:1812] set_serialport_baudrate: Baud1Mbps
2025-09-17T10:55:37.803909Z[WARNING][src/stark/api.rs:1812] set_serialport_baudrate: Baud1Mbps
2025-09-17T10:55:37.817711Z[WARNING][src/stark/api.rs:1812] set_serialport_baudrate: Baud1Mbps
2025-09-17T10:55:37.829905Z[WARNING][src/stark/api.rs:1812] set_serialport_baudrate: Baud1Mbps
2025-09-17T10:55:37.843761Z[WARNING][src/stark/api.rs:1812] set_serialport_baudrate: Baud1Mbps
2025-09-17T10:55:37.855886Z[WARNING][src/stark/api.rs:1812] set_serialport_baudrate: Baud1Mbps
2025-09-17T10:55:37.870726Z[WARNING][src/stark/api.rs:1812] set_serialport_baudrate: Baud1Mbps
2025-09-17T10:55:37.882886Z[WARNING][src/stark/api.rs:1812] set_serialport_baudrate: Baud1Mbps
2025-09-17T10:55:37.897703Z[WARNING][src/stark/api.rs:1812] set_serialport_baudrate: Baud1Mbps
2025-09-17T10:55:37.909891Z[WARNING][src/stark/api.rs:1812] set_serialport_baudrate: Baud1Mbps
2025-09-17T10:55:37.924684Z[WARNING][src/stark/api.rs:1812] set_serialport_baudrate: Baud1Mbps
2025-09-17T10:55:37.936877Z[WARNING][src/stark/api.rs:1812] set_serialport_baudrate: Baud1Mbps
2025-09-17T10:55:37.950759Z[WARNING][src/stark/api.rs:1812] set_serialport_baudrate: Baud1Mbps
2025-09-17T10:55:37.965686Z[WARNING][src/stark/api.rs:1812] set_serialport_baudrate: Baud1Mbps
2025-09-17T10:55:37.977857Z[WARNING][src/stark/api.rs:1812] set_serialport_baudrate: Baud1Mbps
2025-09-17T10:55:37.991692Z[WARNING][src/stark/api.rs:1812] set_serialport_baudrate: Baud1Mbps
2025-09-17T10:55:38.005792Z[WARNING][src/stark/api.rs:1812] set_serialport_baudrate: Baud1Mbps
2025-09-17T10:55:38.018112Z[WARNING][src/stark/api.rs:1812] set_serialport_baudrate: Baud1Mbps
2025-09-17T10:55:38.032710Z[WARNING][src/stark/api.rs:1812] set_serialport_baudrate: Baud1Mbps
2025-09-17T10:55:38.044934Z[WARNING][src/stark/api.rs:1812] set_serialport_baudrate: Baud1Mbps
2025-09-17T10:55:38.057077Z[WARNING][src/stark/api.rs:1812] set_serialport_baudrate: Baud1Mbps
2025-09-17T10:55:38.070682Z[WARNING][src/stark/api.rs:1812] set_serialport_baudrate: Baud1Mbps
2025-09-17T10:55:38.082885Z[WARNING][src/stark/api.rs:1812] set_serialport_baudrate: Baud1Mbps
2025-09-17T10:55:38.096678Z[WARNING][src/stark/api.rs:1812] set_serialport_baudrate: Baud1Mbps
2025-09-17T10:55:38.108849Z[WARNING][src/stark/api.rs:1812] set_serialport_baudrate: Baud1Mbps
2025-09-17T10:55:38.122664Z[WARNING][src/stark/api.rs:1812] set_serialport_baudrate: Baud1Mbps
2025-09-17T10:55:38.134820Z[WARNING][src/stark/api.rs:1812] set_serialport_baudrate: Baud1Mbps
2025-09-17T10:55:38.146970Z[WARNING][src/stark/api.rs:1812] set_serialport_baudrate: Baud1Mbps
2025-09-17T10:55:38.159167Z[WARNING][src/stark/api.rs:1812] set_serialport_baudrate: Baud1Mbps
2025-09-17T10:55:38.173863Z[WARNING][src/stark/api.rs:1812] set_serialport_baudrate: Baud1Mbps
2025-09-17T10:55:38.186084Z[WARNING][src/stark/api.rs:1812] set_serialport_baudrate: Baud1Mbps
2025-09-17T10:55:38.201782Z[WARNING][src/stark/api.rs:1812] set_serialport_baudrate: Baud1Mbps
2025-09-17T10:55:38.215970Z[WARNING][src/stark/api.rs:1812] set_serialport_baudrate: Baud1Mbps
2025-09-17T10:55:38.231921Z[WARNING][src/stark/api.rs:1812] set_serialport_baudrate: Baud1Mbps
2025-09-17T10:55:38.244261Z[WARNING][src/stark/api.rs:1812] set_serialport_baudrate: Baud1Mbps
2025-09-17T10:55:38.258950Z[WARNING][src/stark/api.rs:1812] set_serialport_baudrate: Baud1Mbps
2025-09-17T10:55:38.271208Z[WARNING][src/stark/api.rs:1812] set_serialport_baudrate: Baud1Mbps
2025-09-17T10:55:38.285966Z[WARNING][src/stark/api.rs:1812] set_serialport_baudrate: Baud1Mbps
2025-09-17T10:55:38.301130Z[WARNING][src/stark/api.rs:1812] set_serialport_baudrate: Baud1Mbps
2025-09-17T10:55:38.316055Z[WARNING][src/stark/api.rs:1812] set_serialport_baudrate: Baud1Mbps
2025-09-17T10:55:38.330848Z[WARNING][src/stark/api.rs:1812] set_serialport_baudrate: Baud1Mbps
2025-09-17T10:55:38.343162Z[WARNING][src/stark/api.rs:1812] set_serialport_baudrate: Baud1Mbps
2025-09-17T10:55:38.357849Z[WARNING][src/stark/api.rs:1812] set_serialport_baudrate: Baud1Mbps
2025-09-17T10:55:38.370109Z[WARNING][src/stark/api.rs:1812] set_serialport_baudrate: Baud1Mbps
2025-09-17T10:55:38.384915Z[WARNING][src/stark/api.rs:1812] set_serialport_baudrate: Baud1Mbps
2025-09-17T10:55:38.397184Z[WARNING][src/stark/api.rs:1812] set_serialport_baudrate: Baud1Mbps
2025-09-17T10:55:38.411785Z[WARNING][src/stark/api.rs:1812] set_serialport_baudrate: Baud1Mbps
2025-09-17T10:55:38.423999Z[WARNING][src/stark/api.rs:1812] set_serialport_baudrate: Baud1Mbps
2025-09-17T10:55:38.437784Z[WARNING][src/stark/api.rs:1812] set_serialport_baudrate: Baud1Mbps
2025-09-17T10:55:38.451745Z[WARNING][src/stark/api.rs:1812] set_serialport_baudrate: Baud1Mbps
2025-09-17T10:55:38.465774Z[WARNING][src/stark/api.rs:1812] set_serialport_baudrate: Baud1Mbps
2025-09-17T10:55:38.477987Z[WARNING][src/stark/api.rs:1812] set_serialport_baudrate: Baud1Mbps
2025-09-17T10:55:38.491748Z[WARNING][src/stark/api.rs:1812] set_serialport_baudrate: Baud1Mbps
2025-09-17T10:55:38.505785Z[WARNING][src/stark/api.rs:1812] set_serialport_baudrate: Baud1Mbps
2025-09-17T10:55:38.518000Z[WARNING][src/stark/api.rs:1812] set_serialport_baudrate: Baud1Mbps
2025-09-17T10:55:38.531755Z[WARNING][src/stark/api.rs:1812] set_serialport_baudrate: Baud1Mbps
2025-09-17T10:55:38.545773Z[WARNING][src/stark/api.rs:1812] set_serialport_baudrate: Baud1Mbps
2025-09-17T10:55:38.558012Z[WARNING][src/stark/api.rs:1812] set_serialport_baudrate: Baud1Mbps
2025-09-17T10:55:38.572744Z[WARNING][src/stark/api.rs:1812] set_serialport_baudrate: Baud1Mbps
2025-09-17T10:55:38.584998Z[WARNING][src/stark/api.rs:1812] set_serialport_baudrate: Baud1Mbps
2025-09-17T10:55:38.599752Z[WARNING][src/stark/api.rs:1812] set_serialport_baudrate: Baud1Mbps
2025-09-17T10:55:38.611971Z[WARNING][src/stark/api.rs:1812] set_serialport_baudrate: Baud1Mbps
2025-09-17T10:55:38.627018Z[WARNING][src/stark/api.rs:1812] set_serialport_baudrate: Baud1Mbps
2025-09-17T10:55:38.641721Z[WARNING][src/stark/api.rs:1812] set_serialport_baudrate: Baud1Mbps
2025-09-17T10:55:38.654045Z[WARNING][src/stark/api.rs:1812] set_serialport_baudrate: Baud1Mbps
2025-09-17T10:55:38.668771Z[WARNING][src/stark/api.rs:1812] set_serialport_baudrate: Baud1Mbps
2025-09-17T10:55:38.680970Z[WARNING][src/stark/api.rs:1812] set_serialport_baudrate: Baud1Mbps
2025-09-17T10:55:38.695735Z[WARNING][src/stark/api.rs:1812] set_serialport_baudrate: Baud1Mbps
2025-09-17T10:55:38.707976Z[WARNING][src/stark/api.rs:1812] set_serialport_baudrate: Baud1Mbps
2025-09-17T10:55:38.723723Z[WARNING][src/stark/api.rs:1812] set_serialport_baudrate: Baud1Mbps
2025-09-17T10:55:38.735956Z[WARNING][src/stark/api.rs:1812] set_serialport_baudrate: Baud1Mbps
2025-09-17T10:55:38.750810Z[WARNING][src/stark/api.rs:1812] set_serialport_baudrate: Baud1Mbps
2025-09-17T10:55:38.764721Z[WARNING][src/stark/api.rs:1812] set_serialport_baudrate: Baud1Mbps
2025-09-17T10:55:38.776993Z[WARNING][src/stark/api.rs:1812] set_serialport_baudrate: Baud1Mbps
2025-09-17T10:55:38.792077Z[WARNING][src/stark/api.rs:1812] set_serialport_baudrate: Baud1Mbps
2025-09-17T10:55:38.806999Z[WARNING][src/stark/api.rs:1812] set_serialport_baudrate: Baud1Mbps
2025-09-17T10:55:38.821999Z[WARNING][src/stark/api.rs:1812] set_serialport_baudrate: Baud1Mbps
2025-09-17T10:55:38.837020Z[WARNING][src/stark/api.rs:1812] set_serialport_baudrate: Baud1Mbps
2025-09-17T10:55:38.851916Z[WARNING][src/stark/api.rs:1812] set_serialport_baudrate: Baud1Mbps
2025-09-17T10:55:38.866842Z[WARNING][src/stark/api.rs:1812] set_serialport_baudrate: Baud1Mbps
2025-09-17T10:55:38.879090Z[WARNING][src/stark/api.rs:1812] set_serialport_baudrate: Baud1Mbps
2025-09-17T10:55:38.893818Z[WARNING][src/stark/api.rs:1812] set_serialport_baudrate: Baud1Mbps
2025-09-17T10:55:38.906077Z[WARNING][src/stark/api.rs:1812] set_serialport_baudrate: Baud1Mbps
2025-09-17T10:55:38.920812Z[WARNING][src/stark/api.rs:1812] set_serialport_baudrate: Baud1Mbps
2025-09-17T10:55:38.933058Z[WARNING][src/stark/api.rs:1812] set_serialport_baudrate: Baud1Mbps
2025-09-17T10:55:38.947808Z[WARNING][src/stark/api.rs:1812] set_serialport_baudrate: Baud1Mbps
2025-09-17T10:55:38.960033Z[WARNING][src/stark/api.rs:1812] set_serialport_baudrate: Baud1Mbps
2025-09-17T10:55:38.974912Z[WARNING][src/stark/api.rs:1812] set_serialport_baudrate: Baud1Mbps
2025-09-17T10:55:38.989775Z[WARNING][src/stark/api.rs:1812] set_serialport_baudrate: Baud1Mbps
2025-09-17T10:55:39.003772Z[WARNING][src/stark/api.rs:1812] set_serialport_baudrate: Baud1Mbps
2025-09-17T10:55:39.017806Z[WARNING][src/stark/api.rs:1812] set_serialport_baudrate: Baud1Mbps
2025-09-17T10:55:39.030036Z[WARNING][src/stark/api.rs:1812] set_serialport_baudrate: Baud1Mbps
2025-09-17T10:55:39.045814Z[WARNING][src/stark/api.rs:1812] set_serialport_baudrate: Baud1Mbps
2025-09-17T10:55:39.058087Z[WARNING][src/stark/api.rs:1812] set_serialport_baudrate: Baud1Mbps
2025-09-17T10:55:39.072757Z[WARNING][src/stark/api.rs:1812] set_serialport_baudrate: Baud1Mbps
2025-09-17T10:55:39.086796Z[WARNING][src/stark/api.rs:1812] set_serialport_baudrate: Baud1Mbps
2025-09-17T10:55:39.098963Z[WARNING][src/stark/api.rs:1812] set_serialport_baudrate: Baud1Mbps
2025-09-17T10:55:39.113778Z[WARNING][src/stark/api.rs:1812] set_serialport_baudrate: Baud1Mbps
2025-09-17T10:55:39.127771Z[WARNING][src/stark/api.rs:1812] set_serialport_baudrate: Baud1Mbps
2025-09-17T10:55:39.139981Z[WARNING][src/stark/api.rs:1812] set_serialport_baudrate: Baud1Mbps
2025-09-17T10:55:39.154780Z[WARNING][src/stark/api.rs:1812] set_serialport_baudrate: Baud1Mbps
2025-09-17T10:55:39.167055Z[WARNING][src/stark/api.rs:1812] set_serialport_baudrate: Baud1Mbps
2025-09-17T10:55:39.181772Z[WARNING][src/stark/api.rs:1812] set_serialport_baudrate: Baud1Mbps
2025-09-17T10:55:39.195751Z[WARNING][src/stark/api.rs:1812] set_serialport_baudrate: Baud1Mbps
2025-09-17T10:55:39.207981Z[WARNING][src/stark/api.rs:1812] set_serialport_baudrate: Baud1Mbps
2025-09-17T10:55:39.220608Z[WARNING][src/stark/api.rs:1812] set_serialport_baudrate: Baud1Mbps
2025-09-17T10:55:39.234727Z[WARNING][src/stark/api.rs:1812] set_serialport_baudrate: Baud1Mbps
2025-09-17T10:55:39.248729Z[WARNING][src/stark/api.rs:1812] set_serialport_baudrate: Baud1Mbps
2025-09-17T10:55:39.262712Z[WARNING][src/stark/api.rs:1812] set_serialport_baudrate: Baud1Mbps
2025-09-17T10:55:39.276768Z[WARNING][src/stark/api.rs:1812] set_serialport_baudrate: Baud1Mbps
2025-09-17T10:55:39.290721Z[WARNING][src/stark/api.rs:1812] set_serialport_baudrate: Baud1Mbps
2025-09-17T10:55:39.304722Z[WARNING][src/stark/api.rs:1812] set_serialport_baudrate: Baud1Mbps
2025-09-17T10:55:39.316956Z[WARNING][src/stark/api.rs:1812] set_serialport_baudrate: Baud1Mbps
2025-09-17T10:55:39.331682Z[WARNING][src/stark/api.rs:1812] set_serialport_baudrate: Baud1Mbps
2025-09-17T10:55:39.346818Z[WARNING][src/stark/api.rs:1812] set_serialport_baudrate: Baud1Mbps
2025-09-17T10:55:39.361839Z[WARNING][src/stark/api.rs:1812] set_serialport_baudrate: Baud1Mbps
2025-09-17T10:55:39.377896Z[WARNING][src/stark/api.rs:1812] set_serialport_baudrate: Baud1Mbps
2025-09-17T10:55:39.392996Z[WARNING][src/stark/api.rs:1812] set_serialport_baudrate: Baud1Mbps
2025-09-17T10:55:39.408745Z[WARNING][src/stark/api.rs:1812] set_serialport_baudrate: Baud1Mbps
2025-09-17T10:55:39.424851Z[WARNING][src/stark/api.rs:1812] set_serialport_baudrate: Baud1Mbps
2025-09-17T10:55:39.440700Z[WARNING][src/stark/api.rs:1812] set_serialport_baudrate: Baud1Mbps
2025-09-17T10:55:39.454686Z[WARNING][src/stark/api.rs:1812] set_serialport_baudrate: Baud1Mbps
2025-09-17T10:55:39.468842Z[WARNING][src/stark/api.rs:1812] set_serialport_baudrate: Baud1Mbps
2025-09-17T10:55:39.483682Z[WARNING][src/stark/api.rs:1812] set_serialport_baudrate: Baud1Mbps
2025-09-17T10:55:39.497802Z[WARNING][src/stark/api.rs:1812] set_serialport_baudrate: Baud1Mbps
2025-09-17T10:55:39.511802Z[WARNING][src/stark/api.rs:1812] set_serialport_baudrate: Baud1Mbps
2025-09-17T10:55:39.525784Z[WARNING][src/stark/api.rs:1812] set_serialport_baudrate: Baud1Mbps
2025-09-17T10:55:39.539768Z[WARNING][src/stark/api.rs:1812] set_serialport_baudrate: Baud1Mbps
2025-09-17T10:55:39.553769Z[WARNING][src/stark/api.rs:1812] set_serialport_baudrate: Baud1Mbps
2025-09-17T10:55:39.567790Z[WARNING][src/stark/api.rs:1812] set_serialport_baudrate: Baud1Mbps
2025-09-17T10:55:39.581777Z[WARNING][src/stark/api.rs:1812] set_serialport_baudrate: Baud1Mbps
2025-09-17T10:55:39.595764Z[WARNING][src/stark/api.rs:1812] set_serialport_baudrate: Baud1Mbps
2025-09-17T10:55:39.609764Z[WARNING][src/stark/api.rs:1812] set_serialport_baudrate: Baud1Mbps
2025-09-17T10:55:39.623737Z[WARNING][src/stark/api.rs:1812] set_serialport_baudrate: Baud1Mbps
2025-09-17T10:55:39.637776Z[WARNING][src/stark/api.rs:1812] set_serialport_baudrate: Baud1Mbps
2025-09-17T10:55:39.651765Z[WARNING][src/stark/api.rs:1812] set_serialport_baudrate: Baud1Mbps
2025-09-17T10:55:39.665808Z[WARNING][src/stark/api.rs:1812] set_serialport_baudrate: Baud1Mbps
2025-09-17T10:55:39.680790Z[WARNING][src/stark/api.rs:1812] set_serialport_baudrate: Baud1Mbps
2025-09-17T10:55:39.695756Z[WARNING][src/stark/api.rs:1812] set_serialport_baudrate: Baud1Mbps
2025-09-17T10:55:39.709762Z[WARNING][src/stark/api.rs:1812] set_serialport_baudrate: Baud1Mbps
2025-09-17T10:55:39.723771Z[WARNING][src/stark/api.rs:1812] set_serialport_baudrate: Baud1Mbps
2025-09-17T10:55:39.737781Z[WARNING][src/stark/api.rs:1812] set_serialport_baudrate: Baud1Mbps
2025-09-17T10:55:39.752764Z[WARNING][src/stark/api.rs:1812] set_serialport_baudrate: Baud1Mbps
2025-09-17T10:55:39.768742Z[WARNING][src/stark/api.rs:1812] set_serialport_baudrate: Baud1Mbps
2025-09-17T10:55:39.783732Z[WARNING][src/stark/api.rs:1812] set_serialport_baudrate: Baud1Mbps
2025-09-17T10:55:39.798739Z[WARNING][src/stark/api.rs:1812] set_serialport_baudrate: Baud1Mbps
2025-09-17T10:55:39.813728Z[WARNING][src/stark/api.rs:1812] set_serialport_baudrate: Baud1Mbps
2025-09-17T10:55:39.827722Z[WARNING][src/stark/api.rs:1812] set_serialport_baudrate: Baud1Mbps
2025-09-17T10:55:39.841693Z[WARNING][src/stark/api.rs:1812] set_serialport_baudrate: Baud1Mbps
2025-09-17T10:55:39.855735Z[WARNING][src/stark/api.rs:1812] set_serialport_baudrate: Baud1Mbps
2025-09-17T10:55:39.869738Z[WARNING][src/stark/api.rs:1812] set_serialport_baudrate: Baud1Mbps
2025-09-17T10:55:39.884730Z[WARNING][src/stark/api.rs:1812] set_serialport_baudrate: Baud1Mbps
2025-09-17T10:55:39.899712Z[WARNING][src/stark/api.rs:1812] set_serialport_baudrate: Baud1Mbps
2025-09-17T10:55:39.913836Z[WARNING][src/stark/api.rs:1812] set_serialport_baudrate: Baud1Mbps
2025-09-17T10:55:39.929808Z[WARNING][src/stark/api.rs:1812] set_serialport_baudrate: Baud1Mbps
2025-09-17T10:55:39.944824Z[WARNING][src/stark/api.rs:1812] set_serialport_baudrate: Baud1Mbps
2025-09-17T10:55:39.959782Z[WARNING][src/stark/api.rs:1812] set_serialport_baudrate: Baud1Mbps
2025-09-17T10:55:39.974762Z[WARNING][src/stark/api.rs:1812] set_serialport_baudrate: Baud1Mbps
2025-09-17T10:55:39.989769Z[WARNING][src/stark/api.rs:1812] set_serialport_baudrate: Baud1Mbps
2025-09-17T10:55:40.004735Z[WARNING][src/stark/api.rs:1812] set_serialport_baudrate: Baud1Mbps
2025-09-17T10:55:40.020732Z[WARNING][src/stark/api.rs:1812] set_serialport_baudrate: Baud1Mbps
2025-09-17T10:55:40.035701Z[WARNING][src/stark/api.rs:1812] set_serialport_baudrate: Baud1Mbps
2025-09-17T10:55:40.050715Z[WARNING][src/stark/api.rs:1812] set_serialport_baudrate: Baud1Mbps
2025-09-17T10:55:40.065680Z[WARNING][src/stark/api.rs:1812] set_serialport_baudrate: Baud1Mbps
2025-09-17T10:55:40.079690Z[WARNING][src/stark/api.rs:1812] set_serialport_baudrate: Baud1Mbps
2025-09-17T10:55:40.094708Z[WARNING][src/stark/api.rs:1812] set_serialport_baudrate: Baud1Mbps
2025-09-17T10:55:40.110689Z[WARNING][src/stark/api.rs:1812] set_serialport_baudrate: Baud1Mbps
2025-09-17T10:55:40.125680Z[WARNING][src/stark/api.rs:1812] set_serialport_baudrate: Baud1Mbps
2025-09-17T10:55:40.139802Z[WARNING][src/stark/api.rs:1812] set_serialport_baudrate: Baud1Mbps
2025-09-17T10:55:40.155817Z[WARNING][src/stark/api.rs:1812] set_serialport_baudrate: Baud1Mbps
2025-09-17T10:55:40.171829Z[WARNING][src/stark/api.rs:1812] set_serialport_baudrate: Baud1Mbps
2025-09-17T10:55:40.186819Z[WARNING][src/stark/api.rs:1812] set_serialport_baudrate: Baud1Mbps
2025-09-17T10:55:40.201779Z[WARNING][src/stark/api.rs:1812] set_serialport_baudrate: Baud1Mbps
2025-09-17T10:55:40.217798Z[WARNING][src/stark/api.rs:1812] set_serialport_baudrate: Baud1Mbps
2025-09-17T10:55:40.232777Z[WARNING][src/stark/api.rs:1812] set_serialport_baudrate: Baud1Mbps
2025-09-17T10:55:40.247805Z[WARNING][src/stark/api.rs:1812] set_serialport_baudrate: Baud1Mbps
2025-09-17T10:55:40.262777Z[WARNING][src/stark/api.rs:1812] set_serialport_baudrate: Baud1Mbps
2025-09-17T10:55:40.277792Z[WARNING][src/stark/api.rs:1812] set_serialport_baudrate: Baud1Mbps
2025-09-17T10:55:40.292768Z[WARNING][src/stark/api.rs:1812] set_serialport_baudrate: Baud1Mbps
2025-09-17T10:55:40.307759Z[WARNING][src/stark/api.rs:1812] set_serialport_baudrate: Baud1Mbps
2025-09-17T10:55:40.322894Z[WARNING][src/stark/api.rs:1812] set_serialport_baudrate: Baud1Mbps
2025-09-17T10:55:40.335575Z[WARNING][src/stark/api.rs:1812] set_serialport_baudrate: Baud1Mbps
2025-09-17T10:55:40.348649Z[WARNING][src/stark/api.rs:1812] set_serialport_baudrate: Baud1Mbps
2025-09-17T10:55:40.363779Z[WARNING][src/stark/api.rs:1812] set_serialport_baudrate: Baud1Mbps
2025-09-17T10:55:40.379806Z[WARNING][src/stark/api.rs:1812] set_serialport_baudrate: Baud1Mbps
2025-09-17T10:55:40.394946Z[WARNING][src/stark/api.rs:1812] set_serialport_baudrate: Baud1Mbps
2025-09-17T10:55:40.410774Z[WARNING][src/stark/api.rs:1812] set_serialport_baudrate: Baud1Mbps
2025-09-17T10:55:40.426760Z[WARNING][src/stark/api.rs:1812] set_serialport_baudrate: Baud1Mbps
2025-09-17T10:55:40.441756Z[WARNING][src/stark/api.rs:1812] set_serialport_baudrate: Baud1Mbps
2025-09-17T10:55:40.457747Z[WARNING][src/stark/api.rs:1812] set_serialport_baudrate: Baud1Mbps
2025-09-17T10:55:40.473752Z[WARNING][src/stark/api.rs:1812] set_serialport_baudrate: Baud1Mbps
2025-09-17T10:55:40.488940Z[WARNING][src/stark/api.rs:1812] set_serialport_baudrate: Baud1Mbps
2025-09-17T10:55:40.503846Z[WARNING][src/stark/api.rs:1812] set_serialport_baudrate: Baud1Mbps
2025-09-17T10:55:40.518896Z[WARNING][src/stark/api.rs:1812] set_serialport_baudrate: Baud1Mbps
2025-09-17T10:55:40.534804Z[WARNING][src/stark/api.rs:1812] set_serialport_baudrate: Baud1Mbps
2025-09-17T10:55:40.550775Z[WARNING][src/stark/api.rs:1812] set_serialport_baudrate: Baud1Mbps
2025-09-17T10:55:40.564755Z[WARNING][src/stark/api.rs:1812] set_serialport_baudrate: Baud1Mbps
2025-09-17T10:55:40.579802Z[WARNING][src/stark/api.rs:1812] set_serialport_baudrate: Baud1Mbps
2025-09-17T10:55:40.593716Z[WARNING][src/stark/api.rs:1812] set_serialport_baudrate: Baud1Mbps
2025-09-17T10:55:40.608806Z[WARNING][src/stark/api.rs:1812] set_serialport_baudrate: Baud1Mbps
2025-09-17T10:55:40.623729Z[WARNING][src/stark/api.rs:1812] set_serialport_baudrate: Baud1Mbps
2025-09-17T10:55:40.638810Z[WARNING][src/stark/api.rs:1812] set_serialport_baudrate: Baud1Mbps
2025-09-17T10:55:40.653722Z[WARNING][src/stark/api.rs:1812] set_serialport_baudrate: Baud1Mbps
2025-09-17T10:55:40.668833Z[WARNING][src/stark/api.rs:1812] set_serialport_baudrate: Baud1Mbps
2025-09-17T10:55:40.682759Z[WARNING][src/stark/api.rs:1812] set_serialport_baudrate: Baud1Mbps
2025-09-17T10:55:40.697770Z[WARNING][src/stark/api.rs:1812] set_serialport_baudrate: Baud1Mbps
2025-09-17T10:55:40.711671Z[WARNING][src/stark/api.rs:1812] set_serialport_baudrate: Baud1Mbps
2025-09-17T10:55:40.726748Z[WARNING][src/stark/api.rs:1812] set_serialport_baudrate: Baud1Mbps
2025-09-17T10:55:40.741673Z[WARNING][src/stark/api.rs:1812] set_serialport_baudrate: Baud1Mbps
2025-09-17T10:55:40.756756Z[WARNING][src/stark/api.rs:1812] set_serialport_baudrate: Baud1Mbps
2025-09-17T10:55:40.771703Z[WARNING][src/stark/api.rs:1812] set_serialport_baudrate: Baud1Mbps
2025-09-17T10:55:40.786906Z[WARNING][src/stark/api.rs:1812] set_serialport_baudrate: Baud1Mbps
2025-09-17T10:55:40.799332Z[WARNING][src/stark/api.rs:1812] set_serialport_baudrate: Baud1Mbps
2025-09-17T10:55:40.811570Z[WARNING][src/stark/api.rs:1812] set_serialport_baudrate: Baud1Mbps
2025-09-17T10:55:40.826674Z[WARNING][src/stark/api.rs:1812] set_serialport_baudrate: Baud1Mbps
2025-09-17T10:55:40.842893Z[WARNING][src/stark/api.rs:1812] set_serialport_baudrate: Baud1Mbps
2025-09-17T10:55:40.856769Z[WARNING][src/stark/api.rs:1812] set_serialport_baudrate: Baud1Mbps
2025-09-17T10:55:40.871834Z[WARNING][src/stark/api.rs:1812] set_serialport_baudrate: Baud1Mbps
2025-09-17T10:55:40.885773Z[WARNING][src/stark/api.rs:1812] set_serialport_baudrate: Baud1Mbps
2025-09-17T10:55:40.900828Z[WARNING][src/stark/api.rs:1812] set_serialport_baudrate: Baud1Mbps
2025-09-17T10:55:40.914766Z[WARNING][src/stark/api.rs:1812] set_serialport_baudrate: Baud1Mbps
2025-09-17T10:55:40.929817Z[WARNING][src/stark/api.rs:1812] set_serialport_baudrate: Baud1Mbps
2025-09-17T10:55:40.943744Z[WARNING][src/stark/api.rs:1812] set_serialport_baudrate: Baud1Mbps
2025-09-17T10:55:40.958858Z[WARNING][src/stark/api.rs:1812] set_serialport_baudrate: Baud1Mbps
2025-09-17T10:55:40.971283Z[WARNING][src/stark/api.rs:1812] set_serialport_baudrate: Baud1Mbps
2025-09-17T10:55:40.983526Z[WARNING][src/stark/api.rs:1812] set_serialport_baudrate: Baud1Mbps
2025-09-17T10:55:40.997744Z[WARNING][src/stark/api.rs:1812] set_serialport_baudrate: Baud1Mbps
2025-09-17T10:55:41.012892Z[WARNING][src/stark/api.rs:1812] set_serialport_baudrate: Baud1Mbps
2025-09-17T10:55:41.027820Z[WARNING][src/stark/api.rs:1812] set_serialport_baudrate: Baud1Mbps
2025-09-17T10:55:41.042955Z[WARNING][src/stark/api.rs:1812] set_serialport_baudrate: Baud1Mbps
2025-09-17T10:55:41.055386Z[WARNING][src/stark/api.rs:1812] set_serialport_baudrate: Baud1Mbps
2025-09-17T10:55:41.070864Z[WARNING][src/stark/api.rs:1812] set_serialport_baudrate: Baud1Mbps
2025-09-17T10:55:41.086812Z[WARNING][src/stark/api.rs:1812] set_serialport_baudrate: Baud1Mbps
2025-09-17T10:55:41.101825Z[WARNING][src/stark/api.rs:1812] set_serialport_baudrate: Baud1Mbps
2025-09-17T10:55:41.114275Z[WARNING][src/stark/api.rs:1812] set_serialport_baudrate: Baud1Mbps
2025-09-17T10:55:41.126508Z[WARNING][src/stark/api.rs:1812] set_serialport_baudrate: Baud1Mbps
2025-09-17T10:55:41.140714Z[WARNING][src/stark/api.rs:1812] set_serialport_baudrate: Baud1Mbps
2025-09-17T10:55:41.155772Z[WARNING][src/stark/api.rs:1812] set_serialport_baudrate: Baud1Mbps
2025-09-17T10:55:41.169723Z[WARNING][src/stark/api.rs:1812] set_serialport_baudrate: Baud1Mbps
2025-09-17T10:55:41.183775Z[WARNING][src/stark/api.rs:1812] set_serialport_baudrate: Baud1Mbps
2025-09-17T10:55:41.198786Z[WARNING][src/stark/api.rs:1812] set_serialport_baudrate: Baud1Mbps
2025-09-17T10:55:41.212755Z[WARNING][src/stark/api.rs:1812] set_serialport_baudrate: Baud1Mbps
2025-09-17T10:55:41.227735Z[WARNING][src/stark/api.rs:1812] set_serialport_baudrate: Baud1Mbps
2025-09-17T10:55:41.242723Z[WARNING][src/stark/api.rs:1812] set_serialport_baudrate: Baud1Mbps
2025-09-17T10:55:41.257729Z[WARNING][src/stark/api.rs:1812] set_serialport_baudrate: Baud1Mbps
2025-09-17T10:55:41.272725Z[WARNING][src/stark/api.rs:1812] set_serialport_baudrate: Baud1Mbps
2025-09-17T10:55:41.286725Z[WARNING][src/stark/api.rs:1812] set_serialport_baudrate: Baud1Mbps
2025-09-17T10:55:41.301710Z[WARNING][src/stark/api.rs:1812] set_serialport_baudrate: Baud1Mbps
2025-09-17T10:55:41.315915Z[WARNING][src/stark/api.rs:1812] set_serialport_baudrate: Baud1Mbps
2025-09-17T10:55:41.328415Z[WARNING][src/stark/api.rs:1812] set_serialport_baudrate: Baud1Mbps
2025-09-17T10:55:41.342797Z[WARNING][src/stark/api.rs:1812] set_serialport_baudrate: Baud1Mbps
2025-09-17T10:55:41.355239Z[WARNING][src/stark/api.rs:1812] set_serialport_baudrate: Baud1Mbps
2025-09-17T10:55:41.370853Z[WARNING][src/stark/api.rs:1812] set_serialport_baudrate: Baud1Mbps
2025-09-17T10:55:41.384711Z[WARNING][src/stark/api.rs:1812] set_serialport_baudrate: Baud1Mbps
2025-09-17T10:55:41.398902Z[WARNING][src/stark/api.rs:1812] set_serialport_baudrate: Baud1Mbps
2025-09-17T10:55:41.411240Z[WARNING][src/stark/api.rs:1812] set_serialport_baudrate: Baud1Mbps
2025-09-17T10:55:41.423475Z[WARNING][src/stark/api.rs:1812] set_serialport_baudrate: Baud1Mbps
2025-09-17T10:55:41.437654Z[WARNING][src/stark/api.rs:1812] set_serialport_baudrate: Baud1Mbps
2025-09-17T10:55:41.450218Z[WARNING][src/stark/api.rs:1812] set_serialport_baudrate: Baud1Mbps
2025-09-17T10:55:41.462485Z[WARNING][src/stark/api.rs:1812] set_serialport_baudrate: Baud1Mbps
2025-09-17T10:55:41.476691Z[WARNING][src/stark/api.rs:1812] set_serialport_baudrate: Baud1Mbps
2025-09-17T10:55:41.490883Z[WARNING][src/stark/api.rs:1812] set_serialport_baudrate: Baud1Mbps
2025-09-17T10:55:41.503167Z[WARNING][src/stark/api.rs:1812] set_serialport_baudrate: Baud1Mbps
2025-09-17T10:55:41.515434Z[WARNING][src/stark/api.rs:1812] set_serialport_baudrate: Baud1Mbps
2025-09-17T10:55:41.529761Z[WARNING][src/stark/api.rs:1812] set_serialport_baudrate: Baud1Mbps
2025-09-17T10:55:41.543823Z[WARNING][src/stark/api.rs:1812] set_serialport_baudrate: Baud1Mbps
2025-09-17T10:55:41.556159Z[WARNING][src/stark/api.rs:1812] set_serialport_baudrate: Baud1Mbps
2025-09-17T10:55:41.568446Z[WARNING][src/stark/api.rs:1812] set_serialport_baudrate: Baud1Mbps
2025-09-17T10:55:41.582780Z[WARNING][src/stark/api.rs:1812] set_serialport_baudrate: Baud1Mbps
2025-09-17T10:55:41.597836Z[WARNING][src/stark/api.rs:1812] set_serialport_baudrate: Baud1Mbps
2025-09-17T10:55:41.615290Z[ERROR][/usr/lib/python3.10/asyncio/base_events.py:1758] unhandled exception during asyncio.run() shutdown
task: <Task finished name='Task-1' coro=<main_async() done, defined at /home/niic/upper_body_demo/install/dex_hand/lib/python3.10/site-packages/dex_hand/trigger.py:180> exception=RCLError('failed to shutdown: rcl_shutdown already called on the given context, at ./src/rcl/init.c:241')>
Traceback (most recent call last):
  File "/usr/lib/python3.10/asyncio/runners.py", line 44, in run
    return loop.run_until_complete(main)
  File "/usr/lib/python3.10/asyncio/base_events.py", line 636, in run_until_complete
    self.run_forever()
  File "/usr/lib/python3.10/asyncio/base_events.py", line 603, in run_forever
    self._run_once()
  File "/usr/lib/python3.10/asyncio/base_events.py", line 1871, in _run_once
    event_list = self._selector.select(timeout)
  File "/usr/lib/python3.10/selectors.py", line 469, in select
    fd_event_list = self._selector.poll(timeout, max_ev)
KeyboardInterrupt

During handling of the above exception, another exception occurred:

Traceback (most recent call last):
  File "/home/niic/upper_body_demo/install/dex_hand/lib/python3.10/site-packages/dex_hand/trigger.py", line 206, in main_async
    rclpy.shutdown()
  File "/opt/ros/humble/local/lib/python3.10/dist-packages/rclpy/__init__.py", line 130, in shutdown
    _shutdown(context=context)
  File "/opt/ros/humble/local/lib/python3.10/dist-packages/rclpy/utilities.py", line 58, in shutdown
    return context.shutdown()
  File "/opt/ros/humble/local/lib/python3.10/dist-packages/rclpy/context.py", line 102, in shutdown
    self.__context.shutdown()
rclpy._rclpy_pybind11.RCLError: failed to shutdown: rcl_shutdown already called on the given context, at ./src/rcl/init.c:241
