2025-09-18T15:53:43.990345Z[INFO][src/python/py_mod.rs:25] bc_stark_sdk version: 0.8.8
2025-09-18T15:53:43.991641Z[INFO][src/stark/config.rs:30] Logging initialized with level: Info
2025-09-18T15:53:43.991924Z[INFO][src/stark/config.rs:36] StarkSDK initialized, protocol_type: Modbus
2025-09-18T15:53:45.225649Z[WARNING][src/modbus/modbus_ctx.rs:715] slave[126] read_holding_registers(address: 901, count: 1) timeout, retry 0/3
2025-09-18T15:53:45.327047Z[WARNING][src/modbus/modbus_ctx.rs:715] slave[126] read_holding_registers(address: 901, count: 1) timeout, retry 1/3
2025-09-18T15:53:45.428061Z[WARNING][src/modbus/modbus_ctx.rs:715] slave[126] read_holding_registers(address: 901, count: 1) timeout, retry 2/3
2025-09-18T15:53:45.428300Z[INFO][src/python/py_device.rs:154] Error getting device info: Failed, slave[126] read_holding_registers(address: 901, count: 1) failed after 3 attempts
2025-09-18T15:53:45.580576Z[WARNING][src/modbus/modbus_ctx.rs:715] slave[126] read_holding_registers(address: 901, count: 1) timeout, retry 0/3
2025-09-18T15:53:45.681787Z[WARNING][src/modbus/modbus_ctx.rs:715] slave[126] read_holding_registers(address: 901, count: 1) timeout, retry 1/3
2025-09-18T15:53:45.783061Z[WARNING][src/modbus/modbus_ctx.rs:715] slave[126] read_holding_registers(address: 901, count: 1) timeout, retry 2/3
2025-09-18T15:53:45.783289Z[INFO][src/python/py_device.rs:154] Error getting device info: Failed, slave[126] read_holding_registers(address: 901, count: 1) failed after 3 attempts
2025-09-18T15:53:45.935799Z[WARNING][src/modbus/modbus_ctx.rs:715] slave[126] read_holding_registers(address: 901, count: 1) timeout, retry 0/3
2025-09-18T15:53:46.037174Z[WARNING][src/modbus/modbus_ctx.rs:715] slave[126] read_holding_registers(address: 901, count: 1) timeout, retry 1/3
2025-09-18T15:53:46.085038Z[ERROR][/usr/lib/python3.10/asyncio/base_events.py:1758] unhandled exception during asyncio.run() shutdown
task: <Task finished name='Task-1' coro=<main_async() done, defined at /home/niic/upper_body_demo/install/dex_hand/lib/python3.10/site-packages/dex_hand/trigger.py:180> exception=RCLError('failed to shutdown: rcl_shutdown already called on the given context, at ./src/rcl/init.c:241')>
Traceback (most recent call last):
  File "/usr/lib/python3.10/asyncio/runners.py", line 44, in run
    return loop.run_until_complete(main)
  File "/usr/lib/python3.10/asyncio/base_events.py", line 636, in run_until_complete
    self.run_forever()
  File "/usr/lib/python3.10/asyncio/base_events.py", line 603, in run_forever
    self._run_once()
  File "/usr/lib/python3.10/asyncio/base_events.py", line 1871, in _run_once
    event_list = self._selector.select(timeout)
  File "/usr/lib/python3.10/selectors.py", line 469, in select
    fd_event_list = self._selector.poll(timeout, max_ev)
KeyboardInterrupt

During handling of the above exception, another exception occurred:

Traceback (most recent call last):
  File "/home/niic/upper_body_demo/install/dex_hand/lib/python3.10/site-packages/dex_hand/trigger.py", line 206, in main_async
    rclpy.shutdown()
  File "/opt/ros/humble/local/lib/python3.10/dist-packages/rclpy/__init__.py", line 130, in shutdown
    _shutdown(context=context)
  File "/opt/ros/humble/local/lib/python3.10/dist-packages/rclpy/utilities.py", line 58, in shutdown
    return context.shutdown()
  File "/opt/ros/humble/local/lib/python3.10/dist-packages/rclpy/context.py", line 102, in shutdown
    self.__context.shutdown()
rclpy._rclpy_pybind11.RCLError: failed to shutdown: rcl_shutdown already called on the given context, at ./src/rcl/init.c:241
