2025-09-11T09:53:40.081669Z[INFO][src/python/py_mod.rs:25] bc_stark_sdk version: 0.8.8
2025-09-11T09:53:40.082849Z[INFO][src/stark/config.rs:30] Logging initialized with level: Info
2025-09-11T09:53:40.083109Z[INFO][src/stark/config.rs:36] StarkSDK initialized, protocol_type: Modbus
2025-09-11T09:53:40.231233Z[WARNING][src/serial/base.rs:47] enable_low_latency failed: Os { code: 25, kind: Uncategorized, message: "Inappropriate ioctl for device" }
2025-09-11T09:53:41.245436Z[INFO][/home/niic/upper_body_demo/build/dex_hand/dex_hand/trigger.py:118] Left: DeviceInfo { sku_type: MediumLeft, serial_number: BCXRL2146J2500005, firmware_version: 0.0.10 }
2025-09-11T09:53:41.250398Z[WARNING][src/stark/api.rs:1812] set_serialport_baudrate: Baud115200
2025-09-11T09:53:41.267235Z[WARNING][src/stark/api.rs:1812] set_serialport_baudrate: Baud115200
2025-09-11T09:53:41.287649Z[WARNING][src/stark/api.rs:1812] set_serialport_baudrate: Baud115200
2025-09-11T09:53:41.301473Z[WARNING][src/stark/api.rs:1812] set_serialport_baudrate: Baud115200
2025-09-11T09:53:41.315294Z[WARNING][src/stark/api.rs:1812] set_serialport_baudrate: Baud115200
2025-09-11T09:53:41.329051Z[WARNING][src/stark/api.rs:1812] set_serialport_baudrate: Baud115200
2025-09-11T09:53:41.339457Z[WARNING][src/stark/api.rs:1812] set_serialport_baudrate: Baud115200
2025-09-11T09:53:41.356295Z[WARNING][src/stark/api.rs:1812] set_serialport_baudrate: Baud115200
2025-09-11T09:53:41.372975Z[WARNING][src/stark/api.rs:1812] set_serialport_baudrate: Baud115200
2025-09-11T09:53:41.389754Z[WARNING][src/stark/api.rs:1812] set_serialport_baudrate: Baud115200
2025-09-11T09:53:41.406630Z[WARNING][src/stark/api.rs:1812] set_serialport_baudrate: Baud115200
2025-09-11T09:53:41.423387Z[WARNING][src/stark/api.rs:1812] set_serialport_baudrate: Baud115200
2025-09-11T09:53:41.443645Z[WARNING][src/stark/api.rs:1812] set_serialport_baudrate: Baud115200
2025-09-11T09:53:41.457390Z[WARNING][src/stark/api.rs:1812] set_serialport_baudrate: Baud115200
2025-09-11T09:53:41.467783Z[WARNING][src/stark/api.rs:1812] set_serialport_baudrate: Baud115200
2025-09-11T09:53:41.484671Z[WARNING][src/stark/api.rs:1812] set_serialport_baudrate: Baud115200
2025-09-11T09:53:41.501530Z[WARNING][src/stark/api.rs:1812] set_serialport_baudrate: Baud115200
2025-09-11T09:53:41.521742Z[WARNING][src/stark/api.rs:1812] set_serialport_baudrate: Baud115200
2025-09-11T09:53:41.536603Z[WARNING][src/stark/api.rs:1812] set_serialport_baudrate: Baud115200
2025-09-11T09:53:41.547009Z[WARNING][src/stark/api.rs:1812] set_serialport_baudrate: Baud115200
2025-09-11T09:53:41.564030Z[WARNING][src/stark/api.rs:1812] set_serialport_baudrate: Baud115200
2025-09-11T09:53:41.581037Z[WARNING][src/stark/api.rs:1812] set_serialport_baudrate: Baud115200
2025-09-11T09:53:41.598039Z[WARNING][src/stark/api.rs:1812] set_serialport_baudrate: Baud115200
2025-09-11T09:53:41.618351Z[WARNING][src/stark/api.rs:1812] set_serialport_baudrate: Baud115200
2025-09-11T09:53:41.628778Z[WARNING][src/stark/api.rs:1812] set_serialport_baudrate: Baud115200
2025-09-11T09:53:41.645540Z[WARNING][src/stark/api.rs:1812] set_serialport_baudrate: Baud115200
2025-09-11T09:53:41.662295Z[WARNING][src/stark/api.rs:1812] set_serialport_baudrate: Baud115200
2025-09-11T09:53:41.678997Z[WARNING][src/stark/api.rs:1812] set_serialport_baudrate: Baud115200
2025-09-11T09:53:41.699234Z[WARNING][src/stark/api.rs:1812] set_serialport_baudrate: Baud115200
2025-09-11T09:53:41.710622Z[WARNING][src/stark/api.rs:1812] set_serialport_baudrate: Baud115200
2025-09-11T09:53:41.730824Z[WARNING][src/stark/api.rs:1812] set_serialport_baudrate: Baud115200
2025-09-11T09:53:41.741199Z[WARNING][src/stark/api.rs:1812] set_serialport_baudrate: Baud115200
2025-09-11T09:53:41.758042Z[WARNING][src/stark/api.rs:1812] set_serialport_baudrate: Baud115200
2025-09-11T09:53:41.774777Z[WARNING][src/stark/api.rs:1812] set_serialport_baudrate: Baud115200
2025-09-11T09:53:41.795135Z[WARNING][src/stark/api.rs:1812] set_serialport_baudrate: Baud115200
2025-09-11T09:53:41.809015Z[WARNING][src/stark/api.rs:1812] set_serialport_baudrate: Baud115200
2025-09-11T09:53:41.822782Z[WARNING][src/stark/api.rs:1812] set_serialport_baudrate: Baud115200
2025-09-11T09:53:41.833161Z[WARNING][src/stark/api.rs:1812] set_serialport_baudrate: Baud115200
2025-09-11T09:53:41.853300Z[WARNING][src/stark/api.rs:1812] set_serialport_baudrate: Baud115200
2025-09-11T09:53:41.863771Z[WARNING][src/stark/api.rs:1812] set_serialport_baudrate: Baud115200
2025-09-11T09:53:41.884033Z[WARNING][src/stark/api.rs:1812] set_serialport_baudrate: Baud115200
2025-09-11T09:53:41.897850Z[WARNING][src/stark/api.rs:1812] set_serialport_baudrate: Baud115200
2025-09-11T09:53:41.908256Z[WARNING][src/stark/api.rs:1812] set_serialport_baudrate: Baud115200
2025-09-11T09:53:41.928607Z[WARNING][src/stark/api.rs:1812] set_serialport_baudrate: Baud115200
2025-09-11T09:53:41.939010Z[WARNING][src/stark/api.rs:1812] set_serialport_baudrate: Baud115200
2025-09-11T09:53:41.959331Z[WARNING][src/stark/api.rs:1812] set_serialport_baudrate: Baud115200
2025-09-11T09:53:41.973105Z[WARNING][src/stark/api.rs:1812] set_serialport_baudrate: Baud115200
2025-09-11T09:53:41.983496Z[WARNING][src/stark/api.rs:1812] set_serialport_baudrate: Baud115200
2025-09-11T09:53:42.003759Z[WARNING][src/stark/api.rs:1812] set_serialport_baudrate: Baud115200
2025-09-11T09:53:42.014217Z[WARNING][src/stark/api.rs:1812] set_serialport_baudrate: Baud115200
2025-09-11T09:53:42.034610Z[WARNING][src/stark/api.rs:1812] set_serialport_baudrate: Baud115200
2025-09-11T09:53:42.044943Z[WARNING][src/stark/api.rs:1812] set_serialport_baudrate: Baud115200
2025-09-11T09:53:42.065255Z[WARNING][src/stark/api.rs:1812] set_serialport_baudrate: Baud115200
2025-09-11T09:53:42.075644Z[WARNING][src/stark/api.rs:1812] set_serialport_baudrate: Baud115200
2025-09-11T09:53:42.095696Z[WARNING][src/stark/api.rs:1812] set_serialport_baudrate: Baud115200
2025-09-11T09:53:42.106143Z[WARNING][src/stark/api.rs:1812] set_serialport_baudrate: Baud115200
2025-09-11T09:53:42.126575Z[WARNING][src/stark/api.rs:1812] set_serialport_baudrate: Baud115200
2025-09-11T09:53:42.140706Z[WARNING][src/stark/api.rs:1812] set_serialport_baudrate: Baud115200
2025-09-11T09:53:42.151489Z[WARNING][src/stark/api.rs:1812] set_serialport_baudrate: Baud115200
2025-09-11T09:53:42.171808Z[WARNING][src/stark/api.rs:1812] set_serialport_baudrate: Baud115200
2025-09-11T09:53:42.185567Z[WARNING][src/stark/api.rs:1812] set_serialport_baudrate: Baud115200
2025-09-11T09:53:42.199378Z[WARNING][src/stark/api.rs:1812] set_serialport_baudrate: Baud115200
2025-09-11T09:53:42.213272Z[WARNING][src/stark/api.rs:1812] set_serialport_baudrate: Baud115200
2025-09-11T09:53:42.223614Z[WARNING][src/stark/api.rs:1812] set_serialport_baudrate: Baud115200
2025-09-11T09:53:42.240459Z[WARNING][src/stark/api.rs:1812] set_serialport_baudrate: Baud115200
2025-09-11T09:53:42.257324Z[WARNING][src/stark/api.rs:1812] set_serialport_baudrate: Baud115200
2025-09-11T09:53:42.274040Z[WARNING][src/stark/api.rs:1812] set_serialport_baudrate: Baud115200
2025-09-11T09:53:42.290782Z[WARNING][src/stark/api.rs:1812] set_serialport_baudrate: Baud115200
2025-09-11T09:53:42.310823Z[WARNING][src/stark/api.rs:1812] set_serialport_baudrate: Baud115200
2025-09-11T09:53:42.324652Z[WARNING][src/stark/api.rs:1812] set_serialport_baudrate: Baud115200
2025-09-11T09:53:42.338470Z[WARNING][src/stark/api.rs:1812] set_serialport_baudrate: Baud115200
2025-09-11T09:53:42.352295Z[WARNING][src/stark/api.rs:1812] set_serialport_baudrate: Baud115200
2025-09-11T09:53:42.366175Z[WARNING][src/stark/api.rs:1812] set_serialport_baudrate: Baud115200
2025-09-11T09:53:42.379998Z[WARNING][src/stark/api.rs:1812] set_serialport_baudrate: Baud115200
2025-09-11T09:53:42.393807Z[WARNING][src/stark/api.rs:1812] set_serialport_baudrate: Baud115200
2025-09-11T09:53:42.407614Z[WARNING][src/stark/api.rs:1812] set_serialport_baudrate: Baud115200
2025-09-11T09:53:42.417989Z[WARNING][src/stark/api.rs:1812] set_serialport_baudrate: Baud115200
2025-09-11T09:53:42.438304Z[WARNING][src/stark/api.rs:1812] set_serialport_baudrate: Baud115200
2025-09-11T09:53:42.449701Z[WARNING][src/stark/api.rs:1812] set_serialport_baudrate: Baud115200
2025-09-11T09:53:42.470150Z[WARNING][src/stark/api.rs:1812] set_serialport_baudrate: Baud115200
2025-09-11T09:53:42.481596Z[WARNING][src/stark/api.rs:1812] set_serialport_baudrate: Baud115200
2025-09-11T09:53:42.501777Z[WARNING][src/stark/api.rs:1812] set_serialport_baudrate: Baud115200
2025-09-11T09:53:42.515611Z[WARNING][src/stark/api.rs:1812] set_serialport_baudrate: Baud115200
2025-09-11T09:53:42.529418Z[WARNING][src/stark/api.rs:1812] set_serialport_baudrate: Baud115200
2025-09-11T09:53:42.539824Z[WARNING][src/stark/api.rs:1812] set_serialport_baudrate: Baud115200
2025-09-11T09:53:42.560144Z[WARNING][src/stark/api.rs:1812] set_serialport_baudrate: Baud115200
2025-09-11T09:53:42.570547Z[WARNING][src/stark/api.rs:1812] set_serialport_baudrate: Baud115200
2025-09-11T09:53:42.590911Z[WARNING][src/stark/api.rs:1812] set_serialport_baudrate: Baud115200
2025-09-11T09:53:42.601273Z[WARNING][src/stark/api.rs:1812] set_serialport_baudrate: Baud115200
2025-09-11T09:53:42.621624Z[WARNING][src/stark/api.rs:1812] set_serialport_baudrate: Baud115200
2025-09-11T09:53:42.632131Z[WARNING][src/stark/api.rs:1812] set_serialport_baudrate: Baud115200
2025-09-11T09:53:42.652506Z[WARNING][src/stark/api.rs:1812] set_serialport_baudrate: Baud115200
2025-09-11T09:53:42.666651Z[WARNING][src/stark/api.rs:1812] set_serialport_baudrate: Baud115200
2025-09-11T09:53:42.680656Z[WARNING][src/stark/api.rs:1812] set_serialport_baudrate: Baud115200
2025-09-11T09:53:42.694654Z[WARNING][src/stark/api.rs:1812] set_serialport_baudrate: Baud115200
2025-09-11T09:53:42.708630Z[WARNING][src/stark/api.rs:1812] set_serialport_baudrate: Baud115200
2025-09-11T09:53:42.723485Z[WARNING][src/stark/api.rs:1812] set_serialport_baudrate: Baud115200
2025-09-11T09:53:42.737329Z[WARNING][src/stark/api.rs:1812] set_serialport_baudrate: Baud115200
2025-09-11T09:53:42.751093Z[WARNING][src/stark/api.rs:1812] set_serialport_baudrate: Baud115200
2025-09-11T09:53:42.761492Z[WARNING][src/stark/api.rs:1812] set_serialport_baudrate: Baud115200
2025-09-11T09:53:42.781862Z[WARNING][src/stark/api.rs:1812] set_serialport_baudrate: Baud115200
2025-09-11T09:53:42.795645Z[WARNING][src/stark/api.rs:1812] set_serialport_baudrate: Baud115200
2025-09-11T09:53:42.809630Z[WARNING][src/stark/api.rs:1812] set_serialport_baudrate: Baud115200
2025-09-11T09:53:42.820022Z[WARNING][src/stark/api.rs:1812] set_serialport_baudrate: Baud115200
2025-09-11T09:53:42.840161Z[WARNING][src/stark/api.rs:1812] set_serialport_baudrate: Baud115200
2025-09-11T09:53:42.850561Z[WARNING][src/stark/api.rs:1812] set_serialport_baudrate: Baud115200
2025-09-11T09:53:42.867252Z[WARNING][src/stark/api.rs:1812] set_serialport_baudrate: Baud115200
2025-09-11T09:53:42.887611Z[WARNING][src/stark/api.rs:1812] set_serialport_baudrate: Baud115200
2025-09-11T09:53:42.901431Z[WARNING][src/stark/api.rs:1812] set_serialport_baudrate: Baud115200
2025-09-11T09:53:42.915306Z[WARNING][src/stark/api.rs:1812] set_serialport_baudrate: Baud115200
2025-09-11T09:53:42.925688Z[WARNING][src/stark/api.rs:1812] set_serialport_baudrate: Baud115200
2025-09-11T09:53:42.942493Z[WARNING][src/stark/api.rs:1812] set_serialport_baudrate: Baud115200
2025-09-11T09:53:42.959212Z[WARNING][src/stark/api.rs:1812] set_serialport_baudrate: Baud115200
2025-09-11T09:53:42.976237Z[WARNING][src/stark/api.rs:1812] set_serialport_baudrate: Baud115200
2025-09-11T09:53:42.996303Z[WARNING][src/stark/api.rs:1812] set_serialport_baudrate: Baud115200
2025-09-11T09:53:43.006743Z[WARNING][src/stark/api.rs:1812] set_serialport_baudrate: Baud115200
2025-09-11T09:53:43.023514Z[WARNING][src/stark/api.rs:1812] set_serialport_baudrate: Baud115200
2025-09-11T09:53:43.040257Z[WARNING][src/stark/api.rs:1812] set_serialport_baudrate: Baud115200
2025-09-11T09:53:43.060482Z[WARNING][src/stark/api.rs:1812] set_serialport_baudrate: Baud115200
2025-09-11T09:53:43.074302Z[WARNING][src/stark/api.rs:1812] set_serialport_baudrate: Baud115200
2025-09-11T09:53:43.084679Z[WARNING][src/stark/api.rs:1812] set_serialport_baudrate: Baud115200
2025-09-11T09:53:43.104846Z[WARNING][src/stark/api.rs:1812] set_serialport_baudrate: Baud115200
2025-09-11T09:53:43.118744Z[WARNING][src/stark/api.rs:1812] set_serialport_baudrate: Baud115200
2025-09-11T09:53:43.129113Z[WARNING][src/stark/api.rs:1812] set_serialport_baudrate: Baud115200
2025-09-11T09:53:43.146073Z[WARNING][src/stark/api.rs:1812] set_serialport_baudrate: Baud115200
2025-09-11T09:53:43.166273Z[WARNING][src/stark/api.rs:1812] set_serialport_baudrate: Baud115200
2025-09-11T09:53:43.176702Z[WARNING][src/stark/api.rs:1812] set_serialport_baudrate: Baud115200
2025-09-11T09:53:43.193518Z[WARNING][src/stark/api.rs:1812] set_serialport_baudrate: Baud115200
2025-09-11T09:53:43.210315Z[WARNING][src/stark/api.rs:1812] set_serialport_baudrate: Baud115200
2025-09-11T09:53:43.230735Z[WARNING][src/stark/api.rs:1812] set_serialport_baudrate: Baud115200
2025-09-11T09:53:43.241424Z[WARNING][src/stark/api.rs:1812] set_serialport_baudrate: Baud115200
2025-09-11T09:53:43.261730Z[WARNING][src/stark/api.rs:1812] set_serialport_baudrate: Baud115200
2025-09-11T09:53:43.272077Z[WARNING][src/stark/api.rs:1812] set_serialport_baudrate: Baud115200
2025-09-11T09:53:43.288916Z[WARNING][src/stark/api.rs:1812] set_serialport_baudrate: Baud115200
2025-09-11T09:53:43.305637Z[WARNING][src/stark/api.rs:1812] set_serialport_baudrate: Baud115200
2025-09-11T09:53:43.325827Z[WARNING][src/stark/api.rs:1812] set_serialport_baudrate: Baud115200
2025-09-11T09:53:43.336213Z[WARNING][src/stark/api.rs:1812] set_serialport_baudrate: Baud115200
2025-09-11T09:53:43.356661Z[WARNING][src/stark/api.rs:1812] set_serialport_baudrate: Baud115200
2025-09-11T09:53:43.367027Z[WARNING][src/stark/api.rs:1812] set_serialport_baudrate: Baud115200
2025-09-11T09:53:43.383930Z[WARNING][src/stark/api.rs:1812] set_serialport_baudrate: Baud115200
2025-09-11T09:53:43.400628Z[WARNING][src/stark/api.rs:1812] set_serialport_baudrate: Baud115200
2025-09-11T09:53:43.417439Z[WARNING][src/stark/api.rs:1812] set_serialport_baudrate: Baud115200
2025-09-11T09:53:43.434249Z[WARNING][src/stark/api.rs:1812] set_serialport_baudrate: Baud115200
2025-09-11T09:53:43.450977Z[WARNING][src/stark/api.rs:1812] set_serialport_baudrate: Baud115200
2025-09-11T09:53:43.471281Z[WARNING][src/stark/api.rs:1812] set_serialport_baudrate: Baud115200
2025-09-11T09:53:43.481709Z[WARNING][src/stark/api.rs:1812] set_serialport_baudrate: Baud115200
2025-09-11T09:53:43.502154Z[WARNING][src/stark/api.rs:1812] set_serialport_baudrate: Baud115200
2025-09-11T09:53:43.512701Z[WARNING][src/stark/api.rs:1812] set_serialport_baudrate: Baud115200
2025-09-11T09:53:43.533058Z[WARNING][src/stark/api.rs:1812] set_serialport_baudrate: Baud115200
2025-09-11T09:53:43.546876Z[WARNING][src/stark/api.rs:1812] set_serialport_baudrate: Baud115200
2025-09-11T09:53:43.560638Z[WARNING][src/stark/api.rs:1812] set_serialport_baudrate: Baud115200
2025-09-11T09:53:43.574464Z[WARNING][src/stark/api.rs:1812] set_serialport_baudrate: Baud115200
2025-09-11T09:53:43.588327Z[WARNING][src/stark/api.rs:1812] set_serialport_baudrate: Baud115200
2025-09-11T09:53:43.602107Z[WARNING][src/stark/api.rs:1812] set_serialport_baudrate: Baud115200
2025-09-11T09:53:43.612525Z[WARNING][src/stark/api.rs:1812] set_serialport_baudrate: Baud115200
2025-09-11T09:53:43.629393Z[WARNING][src/stark/api.rs:1812] set_serialport_baudrate: Baud115200
2025-09-11T09:53:43.649736Z[WARNING][src/stark/api.rs:1812] set_serialport_baudrate: Baud115200
2025-09-11T09:53:43.663612Z[WARNING][src/stark/api.rs:1812] set_serialport_baudrate: Baud115200
2025-09-11T09:53:43.677404Z[WARNING][src/stark/api.rs:1812] set_serialport_baudrate: Baud115200
2025-09-11T09:53:43.687755Z[WARNING][src/stark/api.rs:1812] set_serialport_baudrate: Baud115200
2025-09-11T09:53:43.704584Z[WARNING][src/stark/api.rs:1812] set_serialport_baudrate: Baud115200
2025-09-11T09:53:43.724790Z[WARNING][src/stark/api.rs:1812] set_serialport_baudrate: Baud115200
2025-09-11T09:53:43.738622Z[WARNING][src/stark/api.rs:1812] set_serialport_baudrate: Baud115200
2025-09-11T09:53:43.752443Z[WARNING][src/stark/api.rs:1812] set_serialport_baudrate: Baud115200
2025-09-11T09:53:43.763043Z[WARNING][src/stark/api.rs:1812] set_serialport_baudrate: Baud115200
2025-09-11T09:53:43.780113Z[WARNING][src/stark/api.rs:1812] set_serialport_baudrate: Baud115200
2025-09-11T09:53:43.800667Z[WARNING][src/stark/api.rs:1812] set_serialport_baudrate: Baud115200
2025-09-11T09:53:43.811347Z[WARNING][src/stark/api.rs:1812] set_serialport_baudrate: Baud115200
2025-09-11T09:53:43.831677Z[WARNING][src/stark/api.rs:1812] set_serialport_baudrate: Baud115200
2025-09-11T09:53:43.845466Z[WARNING][src/stark/api.rs:1812] set_serialport_baudrate: Baud115200
2025-09-11T09:53:43.860325Z[WARNING][src/stark/api.rs:1812] set_serialport_baudrate: Baud115200
2025-09-11T09:53:43.870687Z[WARNING][src/stark/api.rs:1812] set_serialport_baudrate: Baud115200
2025-09-11T09:53:43.891089Z[WARNING][src/stark/api.rs:1812] set_serialport_baudrate: Baud115200
2025-09-11T09:53:43.901407Z[WARNING][src/stark/api.rs:1812] set_serialport_baudrate: Baud115200
2025-09-11T09:53:43.921718Z[WARNING][src/stark/api.rs:1812] set_serialport_baudrate: Baud115200
2025-09-11T09:53:43.935608Z[WARNING][src/stark/api.rs:1812] set_serialport_baudrate: Baud115200
2025-09-11T09:53:43.945953Z[WARNING][src/stark/api.rs:1812] set_serialport_baudrate: Baud115200
2025-09-11T09:53:43.962603Z[WARNING][src/stark/api.rs:1812] set_serialport_baudrate: Baud115200
2025-09-11T09:53:43.979322Z[WARNING][src/stark/api.rs:1812] set_serialport_baudrate: Baud115200
2025-09-11T09:53:43.996094Z[WARNING][src/stark/api.rs:1812] set_serialport_baudrate: Baud115200
2025-09-11T09:53:44.012970Z[WARNING][src/stark/api.rs:1812] set_serialport_baudrate: Baud115200
2025-09-11T09:53:44.029698Z[WARNING][src/stark/api.rs:1812] set_serialport_baudrate: Baud115200
2025-09-11T09:53:44.050136Z[WARNING][src/stark/api.rs:1812] set_serialport_baudrate: Baud115200
2025-09-11T09:53:44.060429Z[WARNING][src/stark/api.rs:1812] set_serialport_baudrate: Baud115200
2025-09-11T09:53:44.080609Z[WARNING][src/stark/api.rs:1812] set_serialport_baudrate: Baud115200
2025-09-11T09:53:44.094457Z[WARNING][src/stark/api.rs:1812] set_serialport_baudrate: Baud115200
2025-09-11T09:53:44.104793Z[WARNING][src/stark/api.rs:1812] set_serialport_baudrate: Baud115200
2025-09-11T09:53:44.125024Z[WARNING][src/stark/api.rs:1812] set_serialport_baudrate: Baud115200
2025-09-11T09:53:44.135362Z[WARNING][src/stark/api.rs:1812] set_serialport_baudrate: Baud115200
2025-09-11T09:53:44.155735Z[WARNING][src/stark/api.rs:1812] set_serialport_baudrate: Baud115200
2025-09-11T09:53:44.169519Z[WARNING][src/stark/api.rs:1812] set_serialport_baudrate: Baud115200
2025-09-11T09:53:44.179876Z[WARNING][src/stark/api.rs:1812] set_serialport_baudrate: Baud115200
2025-09-11T09:53:44.200040Z[WARNING][src/stark/api.rs:1812] set_serialport_baudrate: Baud115200
2025-09-11T09:53:44.213860Z[WARNING][src/stark/api.rs:1812] set_serialport_baudrate: Baud115200
2025-09-11T09:53:44.227690Z[WARNING][src/stark/api.rs:1812] set_serialport_baudrate: Baud115200
2025-09-11T09:53:44.238091Z[WARNING][src/stark/api.rs:1812] set_serialport_baudrate: Baud115200
2025-09-11T09:53:44.254932Z[WARNING][src/stark/api.rs:1812] set_serialport_baudrate: Baud115200
2025-09-11T09:53:44.275110Z[WARNING][src/stark/api.rs:1812] set_serialport_baudrate: Baud115200
2025-09-11T09:53:44.285512Z[WARNING][src/stark/api.rs:1812] set_serialport_baudrate: Baud115200
2025-09-11T09:53:44.302165Z[WARNING][src/stark/api.rs:1812] set_serialport_baudrate: Baud115200
2025-09-11T09:53:44.322798Z[WARNING][src/stark/api.rs:1812] set_serialport_baudrate: Baud115200
2025-09-11T09:53:44.333390Z[WARNING][src/stark/api.rs:1812] set_serialport_baudrate: Baud115200
2025-09-11T09:53:44.350387Z[WARNING][src/stark/api.rs:1812] set_serialport_baudrate: Baud115200
2025-09-11T09:53:44.370769Z[WARNING][src/stark/api.rs:1812] set_serialport_baudrate: Baud115200
2025-09-11T09:53:44.384510Z[WARNING][src/stark/api.rs:1812] set_serialport_baudrate: Baud115200
2025-09-11T09:53:44.398345Z[WARNING][src/stark/api.rs:1812] set_serialport_baudrate: Baud115200
2025-09-11T09:53:44.412187Z[WARNING][src/stark/api.rs:1812] set_serialport_baudrate: Baud115200
2025-09-11T09:53:44.422553Z[WARNING][src/stark/api.rs:1812] set_serialport_baudrate: Baud115200
2025-09-11T09:53:44.439359Z[WARNING][src/stark/api.rs:1812] set_serialport_baudrate: Baud115200
2025-09-11T09:53:44.456089Z[WARNING][src/stark/api.rs:1812] set_serialport_baudrate: Baud115200
2025-09-11T09:53:44.472798Z[WARNING][src/stark/api.rs:1812] set_serialport_baudrate: Baud115200
2025-09-11T09:53:44.492855Z[WARNING][src/stark/api.rs:1812] set_serialport_baudrate: Baud115200
2025-09-11T09:53:44.503301Z[WARNING][src/stark/api.rs:1812] set_serialport_baudrate: Baud115200
2025-09-11T09:53:44.520100Z[WARNING][src/stark/api.rs:1812] set_serialport_baudrate: Baud115200
2025-09-11T09:53:44.536815Z[WARNING][src/stark/api.rs:1812] set_serialport_baudrate: Baud115200
2025-09-11T09:53:44.557020Z[WARNING][src/stark/api.rs:1812] set_serialport_baudrate: Baud115200
2025-09-11T09:53:44.567440Z[WARNING][src/stark/api.rs:1812] set_serialport_baudrate: Baud115200
2025-09-11T09:53:44.587598Z[WARNING][src/stark/api.rs:1812] set_serialport_baudrate: Baud115200
2025-09-11T09:53:44.598040Z[WARNING][src/stark/api.rs:1812] set_serialport_baudrate: Baud115200
2025-09-11T09:53:44.614780Z[WARNING][src/stark/api.rs:1812] set_serialport_baudrate: Baud115200
2025-09-11T09:53:44.631497Z[WARNING][src/stark/api.rs:1812] set_serialport_baudrate: Baud115200
2025-09-11T09:53:44.651790Z[WARNING][src/stark/api.rs:1812] set_serialport_baudrate: Baud115200
2025-09-11T09:53:44.662128Z[WARNING][src/stark/api.rs:1812] set_serialport_baudrate: Baud115200
2025-09-11T09:53:44.679031Z[WARNING][src/stark/api.rs:1812] set_serialport_baudrate: Baud115200
2025-09-11T09:53:44.695852Z[WARNING][src/stark/api.rs:1812] set_serialport_baudrate: Baud115200
2025-09-11T09:53:44.716113Z[WARNING][src/stark/api.rs:1812] set_serialport_baudrate: Baud115200
2025-09-11T09:53:44.729907Z[WARNING][src/stark/api.rs:1812] set_serialport_baudrate: Baud115200
2025-09-11T09:53:44.740263Z[WARNING][src/stark/api.rs:1812] set_serialport_baudrate: Baud115200
2025-09-11T09:53:44.756959Z[WARNING][src/stark/api.rs:1812] set_serialport_baudrate: Baud115200
2025-09-11T09:53:44.773632Z[WARNING][src/stark/api.rs:1812] set_serialport_baudrate: Baud115200
2025-09-11T09:53:44.790363Z[WARNING][src/stark/api.rs:1812] set_serialport_baudrate: Baud115200
2025-09-11T09:53:44.807131Z[WARNING][src/stark/api.rs:1812] set_serialport_baudrate: Baud115200
2025-09-11T09:53:44.823822Z[WARNING][src/stark/api.rs:1812] set_serialport_baudrate: Baud115200
2025-09-11T09:53:44.840549Z[WARNING][src/stark/api.rs:1812] set_serialport_baudrate: Baud115200
2025-09-11T09:53:44.857370Z[WARNING][src/stark/api.rs:1812] set_serialport_baudrate: Baud115200
2025-09-11T09:53:44.877954Z[WARNING][src/stark/api.rs:1812] set_serialport_baudrate: Baud115200
2025-09-11T09:53:44.888513Z[WARNING][src/stark/api.rs:1812] set_serialport_baudrate: Baud115200
2025-09-11T09:53:44.908977Z[WARNING][src/stark/api.rs:1812] set_serialport_baudrate: Baud115200
2025-09-11T09:53:44.919478Z[WARNING][src/stark/api.rs:1812] set_serialport_baudrate: Baud115200
2025-09-11T09:53:44.936315Z[WARNING][src/stark/api.rs:1812] set_serialport_baudrate: Baud115200
2025-09-11T09:53:44.953222Z[WARNING][src/stark/api.rs:1812] set_serialport_baudrate: Baud115200
2025-09-11T09:53:44.973615Z[WARNING][src/stark/api.rs:1812] set_serialport_baudrate: Baud115200
2025-09-11T09:53:44.983964Z[WARNING][src/stark/api.rs:1812] set_serialport_baudrate: Baud115200
2025-09-11T09:53:45.000837Z[WARNING][src/stark/api.rs:1812] set_serialport_baudrate: Baud115200
2025-09-11T09:53:45.017833Z[WARNING][src/stark/api.rs:1812] set_serialport_baudrate: Baud115200
2025-09-11T09:53:45.038198Z[WARNING][src/stark/api.rs:1812] set_serialport_baudrate: Baud115200
2025-09-11T09:53:45.049641Z[WARNING][src/stark/api.rs:1812] set_serialport_baudrate: Baud115200
2025-09-11T09:53:45.069835Z[WARNING][src/stark/api.rs:1812] set_serialport_baudrate: Baud115200
2025-09-11T09:53:45.080209Z[WARNING][src/stark/api.rs:1812] set_serialport_baudrate: Baud115200
2025-09-11T09:53:45.100582Z[WARNING][src/stark/api.rs:1812] set_serialport_baudrate: Baud115200
2025-09-11T09:53:45.115375Z[WARNING][src/stark/api.rs:1812] set_serialport_baudrate: Baud115200
2025-09-11T09:53:45.125770Z[WARNING][src/stark/api.rs:1812] set_serialport_baudrate: Baud115200
2025-09-11T09:53:45.142624Z[WARNING][src/stark/api.rs:1812] set_serialport_baudrate: Baud115200
2025-09-11T09:53:45.159340Z[WARNING][src/stark/api.rs:1812] set_serialport_baudrate: Baud115200
2025-09-11T09:53:45.179653Z[WARNING][src/stark/api.rs:1812] set_serialport_baudrate: Baud115200
2025-09-11T09:53:45.189950Z[WARNING][src/stark/api.rs:1812] set_serialport_baudrate: Baud115200
2025-09-11T09:53:45.210128Z[WARNING][src/stark/api.rs:1812] set_serialport_baudrate: Baud115200
2025-09-11T09:53:45.220669Z[WARNING][src/stark/api.rs:1812] set_serialport_baudrate: Baud115200
2025-09-11T09:53:45.237480Z[WARNING][src/stark/api.rs:1812] set_serialport_baudrate: Baud115200
2025-09-11T09:53:45.257700Z[WARNING][src/stark/api.rs:1812] set_serialport_baudrate: Baud115200
2025-09-11T09:53:45.271604Z[WARNING][src/stark/api.rs:1812] set_serialport_baudrate: Baud115200
2025-09-11T09:53:45.282911Z[WARNING][src/stark/api.rs:1812] set_serialport_baudrate: Baud115200
2025-09-11T09:53:45.299614Z[WARNING][src/stark/api.rs:1812] set_serialport_baudrate: Baud115200
2025-09-11T09:53:45.319989Z[WARNING][src/stark/api.rs:1812] set_serialport_baudrate: Baud115200
2025-09-11T09:53:45.330374Z[WARNING][src/stark/api.rs:1812] set_serialport_baudrate: Baud115200
2025-09-11T09:53:45.347023Z[WARNING][src/stark/api.rs:1812] set_serialport_baudrate: Baud115200
2025-09-11T09:53:45.363758Z[WARNING][src/stark/api.rs:1812] set_serialport_baudrate: Baud115200
2025-09-11T09:53:45.383932Z[WARNING][src/stark/api.rs:1812] set_serialport_baudrate: Baud115200
2025-09-11T09:53:45.394351Z[WARNING][src/stark/api.rs:1812] set_serialport_baudrate: Baud115200
2025-09-11T09:53:45.414633Z[WARNING][src/stark/api.rs:1812] set_serialport_baudrate: Baud115200
2025-09-11T09:53:45.425281Z[WARNING][src/stark/api.rs:1812] set_serialport_baudrate: Baud115200
2025-09-11T09:53:45.442133Z[WARNING][src/stark/api.rs:1812] set_serialport_baudrate: Baud115200
2025-09-11T09:53:45.458986Z[WARNING][src/stark/api.rs:1812] set_serialport_baudrate: Baud115200
2025-09-11T09:53:45.475880Z[WARNING][src/stark/api.rs:1812] set_serialport_baudrate: Baud115200
2025-09-11T09:53:45.496263Z[WARNING][src/stark/api.rs:1812] set_serialport_baudrate: Baud115200
2025-09-11T09:53:45.506646Z[WARNING][src/stark/api.rs:1812] set_serialport_baudrate: Baud115200
2025-09-11T09:53:45.523508Z[WARNING][src/stark/api.rs:1812] set_serialport_baudrate: Baud115200
2025-09-11T09:53:45.540496Z[WARNING][src/stark/api.rs:1812] set_serialport_baudrate: Baud115200
2025-09-11T09:53:45.557288Z[WARNING][src/stark/api.rs:1812] set_serialport_baudrate: Baud115200
2025-09-11T09:53:45.577708Z[WARNING][src/stark/api.rs:1812] set_serialport_baudrate: Baud115200
2025-09-11T09:53:45.588059Z[WARNING][src/stark/api.rs:1812] set_serialport_baudrate: Baud115200
2025-09-11T09:53:45.608426Z[WARNING][src/stark/api.rs:1812] set_serialport_baudrate: Baud115200
2025-09-11T09:53:45.622169Z[WARNING][src/stark/api.rs:1812] set_serialport_baudrate: Baud115200
2025-09-11T09:53:45.632586Z[WARNING][src/stark/api.rs:1812] set_serialport_baudrate: Baud115200
2025-09-11T09:53:45.649414Z[WARNING][src/stark/api.rs:1812] set_serialport_baudrate: Baud115200
2025-09-11T09:53:45.669641Z[WARNING][src/stark/api.rs:1812] set_serialport_baudrate: Baud115200
2025-09-11T09:53:45.680015Z[WARNING][src/stark/api.rs:1812] set_serialport_baudrate: Baud115200
2025-09-11T09:53:45.700347Z[WARNING][src/stark/api.rs:1812] set_serialport_baudrate: Baud115200
2025-09-11T09:53:45.714185Z[WARNING][src/stark/api.rs:1812] set_serialport_baudrate: Baud115200
2025-09-11T09:53:45.724755Z[WARNING][src/stark/api.rs:1812] set_serialport_baudrate: Baud115200
2025-09-11T09:53:45.741564Z[WARNING][src/stark/api.rs:1812] set_serialport_baudrate: Baud115200
2025-09-11T09:53:45.758496Z[WARNING][src/stark/api.rs:1812] set_serialport_baudrate: Baud115200
2025-09-11T09:53:45.775376Z[WARNING][src/stark/api.rs:1812] set_serialport_baudrate: Baud115200
2025-09-11T09:53:45.795754Z[WARNING][src/stark/api.rs:1812] set_serialport_baudrate: Baud115200
2025-09-11T09:53:45.807131Z[WARNING][src/stark/api.rs:1812] set_serialport_baudrate: Baud115200
2025-09-11T09:53:45.821126Z[ERROR][/usr/lib/python3.10/asyncio/base_events.py:1758] unhandled exception during asyncio.run() shutdown
task: <Task finished name='Task-1' coro=<main_async() done, defined at /home/niic/upper_body_demo/build/dex_hand/dex_hand/trigger.py:175> exception=RCLError('failed to shutdown: rcl_shutdown already called on the given context, at ./src/rcl/init.c:241')>
Traceback (most recent call last):
  File "/usr/lib/python3.10/asyncio/runners.py", line 44, in run
    return loop.run_until_complete(main)
  File "/usr/lib/python3.10/asyncio/base_events.py", line 636, in run_until_complete
    self.run_forever()
  File "/usr/lib/python3.10/asyncio/base_events.py", line 603, in run_forever
    self._run_once()
  File "/usr/lib/python3.10/asyncio/base_events.py", line 1871, in _run_once
    event_list = self._selector.select(timeout)
  File "/usr/lib/python3.10/selectors.py", line 469, in select
    fd_event_list = self._selector.poll(timeout, max_ev)
KeyboardInterrupt

During handling of the above exception, another exception occurred:

Traceback (most recent call last):
  File "/home/niic/upper_body_demo/build/dex_hand/dex_hand/trigger.py", line 201, in main_async
    rclpy.shutdown()
  File "/opt/ros/humble/local/lib/python3.10/dist-packages/rclpy/__init__.py", line 130, in shutdown
    _shutdown(context=context)
  File "/opt/ros/humble/local/lib/python3.10/dist-packages/rclpy/utilities.py", line 58, in shutdown
    return context.shutdown()
  File "/opt/ros/humble/local/lib/python3.10/dist-packages/rclpy/context.py", line 102, in shutdown
    self.__context.shutdown()
rclpy._rclpy_pybind11.RCLError: failed to shutdown: rcl_shutdown already called on the given context, at ./src/rcl/init.c:241
