2025-09-10T21:52:17.125609Z[INFO][src/python/py_mod.rs:25] bc_stark_sdk version: 0.8.8
2025-09-10T21:52:17.126743Z[INFO][src/stark/config.rs:30] Logging initialized with level: Info
2025-09-10T21:52:17.126980Z[INFO][src/stark/config.rs:36] StarkSDK initialized, protocol_type: Modbus
2025-09-10T21:52:17.257731Z[WARNING][src/serial/base.rs:47] enable_low_latency failed: Os { code: 25, kind: Uncategorized, message: "Inappropriate ioctl for device" }
2025-09-10T21:52:18.263891Z[WARNING][/root/.cargo/registry/src/index.crates.io-1949cf8c6b5b557f/tokio-modbus-0.16.1/src/codec/rtu.rs:265] Failed to decode response frame: Invalid CRC: expected = 0x31C9, actual = 0x8E4E
2025-09-10T21:52:18.264373Z[WARNING][/root/.cargo/registry/src/index.crates.io-1949cf8c6b5b557f/tokio-modbus-0.16.1/src/codec/rtu.rs:265] Failed to decode response frame: Invalid CRC: expected = 0x6149, actual = 0xDC50
2025-09-10T21:52:18.264532Z[WARNING][/root/.cargo/registry/src/index.crates.io-1949cf8c6b5b557f/tokio-modbus-0.16.1/src/codec/rtu.rs:265] Failed to decode response frame: Invalid function code: 0x0D
2025-09-10T21:52:18.264673Z[WARNING][/root/.cargo/registry/src/index.crates.io-1949cf8c6b5b557f/tokio-modbus-0.16.1/src/codec/rtu.rs:265] Failed to decode response frame: Invalid function code: 0x61
2025-09-10T21:52:18.264823Z[WARNING][/root/.cargo/registry/src/index.crates.io-1949cf8c6b5b557f/tokio-modbus-0.16.1/src/codec/rtu.rs:265] Failed to decode response frame: Invalid function code: 0x49
2025-09-10T21:52:18.264954Z[WARNING][/root/.cargo/registry/src/index.crates.io-1949cf8c6b5b557f/tokio-modbus-0.16.1/src/codec/rtu.rs:265] Failed to decode response frame: Invalid function code: 0x31
2025-09-10T21:52:18.265081Z[WARNING][/root/.cargo/registry/src/index.crates.io-1949cf8c6b5b557f/tokio-modbus-0.16.1/src/codec/rtu.rs:265] Failed to decode response frame: Invalid function code: 0xC9
2025-09-10T21:52:18.265200Z[WARNING][/root/.cargo/registry/src/index.crates.io-1949cf8c6b5b557f/tokio-modbus-0.16.1/src/codec/rtu.rs:265] Failed to decode response frame: Invalid function code: 0x31
2025-09-10T21:52:18.265317Z[WARNING][/root/.cargo/registry/src/index.crates.io-1949cf8c6b5b557f/tokio-modbus-0.16.1/src/codec/rtu.rs:265] Failed to decode response frame: Invalid function code: 0x34
2025-09-10T21:52:18.265432Z[WARNING][/root/.cargo/registry/src/index.crates.io-1949cf8c6b5b557f/tokio-modbus-0.16.1/src/codec/rtu.rs:265] Failed to decode response frame: Invalid function code: 0x36
2025-09-10T21:52:18.265547Z[WARNING][/root/.cargo/registry/src/index.crates.io-1949cf8c6b5b557f/tokio-modbus-0.16.1/src/codec/rtu.rs:265] Failed to decode response frame: Invalid function code: 0x4A
2025-09-10T21:52:18.265661Z[WARNING][/root/.cargo/registry/src/index.crates.io-1949cf8c6b5b557f/tokio-modbus-0.16.1/src/codec/rtu.rs:265] Failed to decode response frame: Invalid function code: 0x32
2025-09-10T21:52:18.265781Z[WARNING][/root/.cargo/registry/src/index.crates.io-1949cf8c6b5b557f/tokio-modbus-0.16.1/src/codec/rtu.rs:265] Failed to decode response frame: Invalid function code: 0x35
2025-09-10T21:52:18.265898Z[WARNING][/root/.cargo/registry/src/index.crates.io-1949cf8c6b5b557f/tokio-modbus-0.16.1/src/codec/rtu.rs:265] Failed to decode response frame: Invalid function code: 0x30
2025-09-10T21:52:18.266013Z[WARNING][/root/.cargo/registry/src/index.crates.io-1949cf8c6b5b557f/tokio-modbus-0.16.1/src/codec/rtu.rs:265] Failed to decode response frame: Invalid function code: 0x30
2025-09-10T21:52:18.266128Z[WARNING][/root/.cargo/registry/src/index.crates.io-1949cf8c6b5b557f/tokio-modbus-0.16.1/src/codec/rtu.rs:265] Failed to decode response frame: Invalid function code: 0x30
2025-09-10T21:52:18.266243Z[WARNING][/root/.cargo/registry/src/index.crates.io-1949cf8c6b5b557f/tokio-modbus-0.16.1/src/codec/rtu.rs:265] Failed to decode response frame: Invalid function code: 0x30
2025-09-10T21:52:18.266354Z[WARNING][/root/.cargo/registry/src/index.crates.io-1949cf8c6b5b557f/tokio-modbus-0.16.1/src/codec/rtu.rs:265] Failed to decode response frame: Invalid function code: 0x35
2025-09-10T21:52:18.266465Z[WARNING][/root/.cargo/registry/src/index.crates.io-1949cf8c6b5b557f/tokio-modbus-0.16.1/src/codec/rtu.rs:265] Failed to decode response frame: Invalid function code: 0x00
2025-09-10T21:52:18.266597Z[WARNING][/root/.cargo/registry/src/index.crates.io-1949cf8c6b5b557f/tokio-modbus-0.16.1/src/codec/rtu.rs:265] Failed to decode response frame: Invalid function code: 0x00
2025-09-10T21:52:18.266718Z[ERROR][/root/.cargo/registry/src/index.crates.io-1949cf8c6b5b557f/tokio-modbus-0.16.1/src/codec/rtu.rs:274] Giving up to decode frame after 20 retries
2025-09-10T21:52:18.266873Z[WARNING][src/modbus/modbus_ctx.rs:712] slave[126] read_input_registers(address: 3010, count: 10) failed: Transport(Custom { kind: InvalidData, error: "Too many retries" }), retry 0/3
2025-09-10T21:52:18.267127Z[WARNING][src/modbus/modbus_ctx.rs:712] slave[126] read_input_registers(address: 3010, count: 10) failed: Transport(Kind(BrokenPipe)), retry 1/3
2025-09-10T21:52:18.269152Z[WARNING][/root/.cargo/registry/src/index.crates.io-1949cf8c6b5b557f/tokio-modbus-0.16.1/src/codec/rtu.rs:265] Failed to decode response frame: Invalid CRC: expected = 0x4AAA, actual = 0xBC96
2025-09-10T21:52:18.269289Z[WARNING][/root/.cargo/registry/src/index.crates.io-1949cf8c6b5b557f/tokio-modbus-0.16.1/src/codec/rtu.rs:265] Failed to decode response frame: Invalid CRC: expected = 0xAA82, actual = 0x6CEA
2025-09-10T21:52:18.269411Z[WARNING][/root/.cargo/registry/src/index.crates.io-1949cf8c6b5b557f/tokio-modbus-0.16.1/src/codec/rtu.rs:265] Failed to decode response frame: Invalid function code: 0x4A
2025-09-10T21:52:18.269535Z[WARNING][/root/.cargo/registry/src/index.crates.io-1949cf8c6b5b557f/tokio-modbus-0.16.1/src/codec/rtu.rs:265] Failed to decode response frame: Invalid CRC: expected = 0x8282, actual = 0xAED7
2025-09-10T21:52:18.269655Z[WARNING][/root/.cargo/registry/src/index.crates.io-1949cf8c6b5b557f/tokio-modbus-0.16.1/src/codec/rtu.rs:265] Failed to decode response frame: Invalid CRC: expected = 0x8282, actual = 0xB121
2025-09-10T21:52:18.269785Z[WARNING][/root/.cargo/registry/src/index.crates.io-1949cf8c6b5b557f/tokio-modbus-0.16.1/src/codec/rtu.rs:265] Failed to decode response frame: Invalid CRC: expected = 0x82AA, actual = 0x3129
2025-09-10T21:52:18.269908Z[WARNING][/root/.cargo/registry/src/index.crates.io-1949cf8c6b5b557f/tokio-modbus-0.16.1/src/codec/rtu.rs:265] Failed to decode response frame: Invalid CRC: expected = 0xAA02, actual = 0x3129
2025-09-10T21:52:18.270028Z[WARNING][/root/.cargo/registry/src/index.crates.io-1949cf8c6b5b557f/tokio-modbus-0.16.1/src/codec/rtu.rs:265] Failed to decode response frame: Invalid CRC: expected = 0x0200, actual = 0x3137
2025-09-10T21:52:18.270147Z[WARNING][/root/.cargo/registry/src/index.crates.io-1949cf8c6b5b557f/tokio-modbus-0.16.1/src/codec/rtu.rs:265] Failed to decode response frame: Invalid CRC: expected = 0x0000, actual = 0x2E89
2025-09-10T21:52:18.270266Z[WARNING][/root/.cargo/registry/src/index.crates.io-1949cf8c6b5b557f/tokio-modbus-0.16.1/src/codec/rtu.rs:265] Failed to decode response frame: Invalid CRC: expected = 0x00A9, actual = 0x5080
2025-09-10T21:52:18.270379Z[WARNING][/root/.cargo/registry/src/index.crates.io-1949cf8c6b5b557f/tokio-modbus-0.16.1/src/codec/rtu.rs:265] Failed to decode response frame: Invalid function code: 0x00
2025-09-10T21:52:18.270494Z[WARNING][/root/.cargo/registry/src/index.crates.io-1949cf8c6b5b557f/tokio-modbus-0.16.1/src/codec/rtu.rs:265] Failed to decode response frame: Invalid function code: 0x00
2025-09-10T21:52:18.367742Z[WARNING][src/modbus/modbus_ctx.rs:715] slave[126] read_input_registers(address: 3010, count: 10) timeout, retry 2/3
2025-09-10T21:52:18.367909Z[INFO][src/python/py_device.rs:154] Error getting device info: slave[126] read_input_registers(address: 3010, count: 10) failed after 3 attempts
2025-09-10T21:52:18.421054Z[WARNING][/root/.cargo/registry/src/index.crates.io-1949cf8c6b5b557f/tokio-modbus-0.16.1/src/codec/rtu.rs:265] Failed to decode response frame: Invalid function code: 0x20
2025-09-10T21:52:18.421346Z[WARNING][/root/.cargo/registry/src/index.crates.io-1949cf8c6b5b557f/tokio-modbus-0.16.1/src/codec/rtu.rs:265] Failed to decode response frame: Invalid function code: 0x20
2025-09-10T21:52:18.519664Z[WARNING][src/modbus/modbus_ctx.rs:715] slave[126] read_holding_registers(address: 901, count: 1) timeout, retry 0/3
2025-09-10T21:52:18.521551Z[WARNING][/root/.cargo/registry/src/index.crates.io-1949cf8c6b5b557f/tokio-modbus-0.16.1/src/codec/rtu.rs:265] Failed to decode response frame: Invalid function code: 0x20
2025-09-10T21:52:18.521709Z[WARNING][/root/.cargo/registry/src/index.crates.io-1949cf8c6b5b557f/tokio-modbus-0.16.1/src/codec/rtu.rs:265] Failed to decode response frame: Invalid function code: 0x20
2025-09-10T21:52:18.621012Z[WARNING][src/modbus/modbus_ctx.rs:715] slave[126] read_holding_registers(address: 901, count: 1) timeout, retry 1/3
2025-09-10T21:52:18.622915Z[WARNING][/root/.cargo/registry/src/index.crates.io-1949cf8c6b5b557f/tokio-modbus-0.16.1/src/codec/rtu.rs:265] Failed to decode response frame: Invalid CRC: expected = 0x022C, actual = 0xE163
2025-09-10T21:52:18.623058Z[WARNING][/root/.cargo/registry/src/index.crates.io-1949cf8c6b5b557f/tokio-modbus-0.16.1/src/codec/rtu.rs:265] Failed to decode response frame: Invalid function code: 0x00
2025-09-10T21:52:18.722450Z[WARNING][src/modbus/modbus_ctx.rs:715] slave[126] read_holding_registers(address: 901, count: 1) timeout, retry 2/3
2025-09-10T21:52:18.722902Z[INFO][src/python/py_device.rs:154] Error getting device info: Failed, slave[126] read_holding_registers(address: 901, count: 1) failed after 3 attempts
2025-09-10T21:52:18.776178Z[WARNING][/root/.cargo/registry/src/index.crates.io-1949cf8c6b5b557f/tokio-modbus-0.16.1/src/codec/rtu.rs:265] Failed to decode response frame: Invalid function code: 0x20
2025-09-10T21:52:18.776390Z[WARNING][/root/.cargo/registry/src/index.crates.io-1949cf8c6b5b557f/tokio-modbus-0.16.1/src/codec/rtu.rs:265] Failed to decode response frame: Invalid function code: 0x20
2025-09-10T21:52:18.874692Z[WARNING][src/modbus/modbus_ctx.rs:715] slave[126] read_holding_registers(address: 901, count: 1) timeout, retry 0/3
2025-09-10T21:52:18.876678Z[WARNING][/root/.cargo/registry/src/index.crates.io-1949cf8c6b5b557f/tokio-modbus-0.16.1/src/codec/rtu.rs:265] Failed to decode response frame: Invalid function code: 0x20
2025-09-10T21:52:18.876832Z[WARNING][/root/.cargo/registry/src/index.crates.io-1949cf8c6b5b557f/tokio-modbus-0.16.1/src/codec/rtu.rs:265] Failed to decode response frame: Invalid function code: 0x20
2025-09-10T21:52:18.976157Z[WARNING][src/modbus/modbus_ctx.rs:715] slave[126] read_holding_registers(address: 901, count: 1) timeout, retry 1/3
2025-09-10T21:52:18.978221Z[WARNING][/root/.cargo/registry/src/index.crates.io-1949cf8c6b5b557f/tokio-modbus-0.16.1/src/codec/rtu.rs:72] Successfully decoded frame after dropping 42 byte(s): [BF, 10, 91, D, 61, 49, 31, C9, 31, 34, 36, 4A, 32, 35, 30, 30, 30, 30, 35, 0, 26, 93, 93, 4A, AA, 82, 82, 82, 82, AA, 2, 0, BF, 20, BF, 20, D, 2, BF, 20, BF, 20]
2025-09-10T21:52:18.980625Z[WARNING][/root/.cargo/registry/src/index.crates.io-1949cf8c6b5b557f/tokio-modbus-0.16.1/src/codec/rtu.rs:265] Failed to decode response frame: Invalid CRC: expected = 0x31C9, actual = 0x8E4E
2025-09-10T21:52:18.980792Z[WARNING][/root/.cargo/registry/src/index.crates.io-1949cf8c6b5b557f/tokio-modbus-0.16.1/src/codec/rtu.rs:265] Failed to decode response frame: Invalid CRC: expected = 0x6149, actual = 0xDC50
2025-09-10T21:52:18.980929Z[WARNING][/root/.cargo/registry/src/index.crates.io-1949cf8c6b5b557f/tokio-modbus-0.16.1/src/codec/rtu.rs:265] Failed to decode response frame: Invalid function code: 0x0D
2025-09-10T21:52:18.981055Z[WARNING][/root/.cargo/registry/src/index.crates.io-1949cf8c6b5b557f/tokio-modbus-0.16.1/src/codec/rtu.rs:265] Failed to decode response frame: Invalid function code: 0x61
2025-09-10T21:52:18.981178Z[WARNING][/root/.cargo/registry/src/index.crates.io-1949cf8c6b5b557f/tokio-modbus-0.16.1/src/codec/rtu.rs:265] Failed to decode response frame: Invalid function code: 0x49
2025-09-10T21:52:18.981297Z[WARNING][/root/.cargo/registry/src/index.crates.io-1949cf8c6b5b557f/tokio-modbus-0.16.1/src/codec/rtu.rs:265] Failed to decode response frame: Invalid function code: 0x31
2025-09-10T21:52:18.981438Z[WARNING][/root/.cargo/registry/src/index.crates.io-1949cf8c6b5b557f/tokio-modbus-0.16.1/src/codec/rtu.rs:265] Failed to decode response frame: Invalid function code: 0xC9
2025-09-10T21:52:18.981563Z[WARNING][/root/.cargo/registry/src/index.crates.io-1949cf8c6b5b557f/tokio-modbus-0.16.1/src/codec/rtu.rs:265] Failed to decode response frame: Invalid function code: 0x31
2025-09-10T21:52:18.981685Z[WARNING][/root/.cargo/registry/src/index.crates.io-1949cf8c6b5b557f/tokio-modbus-0.16.1/src/codec/rtu.rs:265] Failed to decode response frame: Invalid function code: 0x34
2025-09-10T21:52:18.981818Z[WARNING][/root/.cargo/registry/src/index.crates.io-1949cf8c6b5b557f/tokio-modbus-0.16.1/src/codec/rtu.rs:265] Failed to decode response frame: Invalid function code: 0x36
2025-09-10T21:52:18.981941Z[WARNING][/root/.cargo/registry/src/index.crates.io-1949cf8c6b5b557f/tokio-modbus-0.16.1/src/codec/rtu.rs:265] Failed to decode response frame: Invalid function code: 0x4A
2025-09-10T21:52:18.982060Z[WARNING][/root/.cargo/registry/src/index.crates.io-1949cf8c6b5b557f/tokio-modbus-0.16.1/src/codec/rtu.rs:265] Failed to decode response frame: Invalid function code: 0x32
2025-09-10T21:52:18.982179Z[WARNING][/root/.cargo/registry/src/index.crates.io-1949cf8c6b5b557f/tokio-modbus-0.16.1/src/codec/rtu.rs:265] Failed to decode response frame: Invalid function code: 0x35
2025-09-10T21:52:18.982298Z[WARNING][/root/.cargo/registry/src/index.crates.io-1949cf8c6b5b557f/tokio-modbus-0.16.1/src/codec/rtu.rs:265] Failed to decode response frame: Invalid function code: 0x30
2025-09-10T21:52:18.982416Z[WARNING][/root/.cargo/registry/src/index.crates.io-1949cf8c6b5b557f/tokio-modbus-0.16.1/src/codec/rtu.rs:265] Failed to decode response frame: Invalid function code: 0x30
2025-09-10T21:52:18.982532Z[WARNING][/root/.cargo/registry/src/index.crates.io-1949cf8c6b5b557f/tokio-modbus-0.16.1/src/codec/rtu.rs:265] Failed to decode response frame: Invalid function code: 0x30
2025-09-10T21:52:18.982649Z[WARNING][/root/.cargo/registry/src/index.crates.io-1949cf8c6b5b557f/tokio-modbus-0.16.1/src/codec/rtu.rs:265] Failed to decode response frame: Invalid function code: 0x30
2025-09-10T21:52:18.982775Z[WARNING][/root/.cargo/registry/src/index.crates.io-1949cf8c6b5b557f/tokio-modbus-0.16.1/src/codec/rtu.rs:265] Failed to decode response frame: Invalid function code: 0x35
2025-09-10T21:52:18.982896Z[WARNING][/root/.cargo/registry/src/index.crates.io-1949cf8c6b5b557f/tokio-modbus-0.16.1/src/codec/rtu.rs:265] Failed to decode response frame: Invalid function code: 0x00
2025-09-10T21:52:18.983013Z[WARNING][/root/.cargo/registry/src/index.crates.io-1949cf8c6b5b557f/tokio-modbus-0.16.1/src/codec/rtu.rs:265] Failed to decode response frame: Invalid function code: 0x00
2025-09-10T21:52:18.983131Z[WARNING][/root/.cargo/registry/src/index.crates.io-1949cf8c6b5b557f/tokio-modbus-0.16.1/src/codec/rtu.rs:265] Failed to decode response frame: Invalid function code: 0x00
2025-09-10T21:52:19.079389Z[WARNING][src/modbus/modbus_ctx.rs:715] slave[126] read_input_registers(address: 3010, count: 10) timeout, retry 0/3
2025-09-10T21:52:19.081672Z[WARNING][/root/.cargo/registry/src/index.crates.io-1949cf8c6b5b557f/tokio-modbus-0.16.1/src/codec/rtu.rs:72] Successfully decoded frame after dropping 21 byte(s): [BF, 10, 91, D, 61, 49, 31, C9, 31, 34, 36, 4A, 32, 35, 30, 30, 30, 30, 35, 0, 0]
2025-09-10T21:52:19.084247Z[INFO][/home/niic/upper_body_demo/build/dex_hand/dex_hand/trigger.py:104] Left: DeviceInfo { sku_type: MediumLeft, serial_number: BCXRL2146J2500005, firmware_version: 0.0.10 }
2025-09-10T21:52:19.086931Z[WARNING][/root/.cargo/registry/src/index.crates.io-1949cf8c6b5b557f/tokio-modbus-0.16.1/src/codec/rtu.rs:265] Failed to decode response frame: Invalid function code: 0xD0
2025-09-10T21:52:19.087131Z[WARNING][/root/.cargo/registry/src/index.crates.io-1949cf8c6b5b557f/tokio-modbus-0.16.1/src/codec/rtu.rs:265] Failed to decode response frame: Invalid CRC: expected = 0x0052, actual = 0x0E69
2025-09-10T21:52:19.087297Z[WARNING][/root/.cargo/registry/src/index.crates.io-1949cf8c6b5b557f/tokio-modbus-0.16.1/src/codec/rtu.rs:265] Failed to decode response frame: Invalid function code: 0x00
2025-09-10T21:52:19.087435Z[WARNING][/root/.cargo/registry/src/index.crates.io-1949cf8c6b5b557f/tokio-modbus-0.16.1/src/codec/rtu.rs:265] Failed to decode response frame: Invalid function code: 0x00
2025-09-10T21:52:19.087566Z[WARNING][/root/.cargo/registry/src/index.crates.io-1949cf8c6b5b557f/tokio-modbus-0.16.1/src/codec/rtu.rs:265] Failed to decode response frame: Invalid function code: 0x52
2025-09-10T21:52:19.087694Z[WARNING][/root/.cargo/registry/src/index.crates.io-1949cf8c6b5b557f/tokio-modbus-0.16.1/src/codec/rtu.rs:265] Failed to decode response frame: Invalid function code: 0x61
2025-09-10T21:52:19.186035Z[WARNING][src/modbus/modbus_ctx.rs:715] slave[126] write_single_register(address: 937, value: 0) timeout, retry 0/3
2025-09-10T21:52:19.188203Z[WARNING][/root/.cargo/registry/src/index.crates.io-1949cf8c6b5b557f/tokio-modbus-0.16.1/src/codec/rtu.rs:72] Successfully decoded frame after dropping 6 byte(s): [BF, D0, A9, 0, 0, 52]
2025-09-10T21:52:20.481987Z[ERROR][/usr/lib/python3.10/asyncio/base_events.py:1758] unhandled exception during asyncio.run() shutdown
task: <Task finished name='Task-1' coro=<main_async() done, defined at /home/niic/upper_body_demo/build/dex_hand/dex_hand/trigger.py:160> exception=RCLError('failed to shutdown: rcl_shutdown already called on the given context, at ./src/rcl/init.c:241')>
Traceback (most recent call last):
  File "/usr/lib/python3.10/asyncio/runners.py", line 44, in run
    return loop.run_until_complete(main)
  File "/usr/lib/python3.10/asyncio/base_events.py", line 636, in run_until_complete
    self.run_forever()
  File "/usr/lib/python3.10/asyncio/base_events.py", line 603, in run_forever
    self._run_once()
  File "/usr/lib/python3.10/asyncio/base_events.py", line 1871, in _run_once
    event_list = self._selector.select(timeout)
  File "/usr/lib/python3.10/selectors.py", line 469, in select
    fd_event_list = self._selector.poll(timeout, max_ev)
KeyboardInterrupt

During handling of the above exception, another exception occurred:

Traceback (most recent call last):
  File "/home/niic/upper_body_demo/build/dex_hand/dex_hand/trigger.py", line 186, in main_async
    rclpy.shutdown()
  File "/opt/ros/humble/local/lib/python3.10/dist-packages/rclpy/__init__.py", line 130, in shutdown
    _shutdown(context=context)
  File "/opt/ros/humble/local/lib/python3.10/dist-packages/rclpy/utilities.py", line 58, in shutdown
    return context.shutdown()
  File "/opt/ros/humble/local/lib/python3.10/dist-packages/rclpy/context.py", line 102, in shutdown
    self.__context.shutdown()
rclpy._rclpy_pybind11.RCLError: failed to shutdown: rcl_shutdown already called on the given context, at ./src/rcl/init.c:241
