2025-09-28T14:30:57.177468Z[INFO][src/python/py_mod.rs:25] bc_stark_sdk version: 0.8.8
2025-09-28T14:30:57.178928Z[INFO][src/stark/config.rs:30] Logging initialized with level: Info
2025-09-28T14:30:57.179269Z[INFO][src/stark/config.rs:36] StarkSDK initialized, protocol_type: Modbus
2025-09-28T14:30:58.347150Z[INFO][/home/niic/upper_body_demo/install/dex_hand/lib/python3.10/site-packages/dex_hand/rps_hand.py:123] Left: DeviceInfo { sku_type: MediumRight, serial_number: BCXRR2147J2500004, firmware_version: 0.0.10 }
2025-09-28T14:31:18.505832Z[WARNING][/root/.cargo/registry/src/index.crates.io-1949cf8c6b5b557f/tokio-modbus-0.16.1/src/codec/rtu.rs:265] Failed to decode response frame: Invalid function code: 0x09
2025-09-28T14:31:18.506419Z[WARNING][/root/.cargo/registry/src/index.crates.io-1949cf8c6b5b557f/tokio-modbus-0.16.1/src/codec/rtu.rs:265] Failed to decode response frame: Invalid function code: 0xD0
2025-09-28T14:31:18.506581Z[WARNING][/root/.cargo/registry/src/index.crates.io-1949cf8c6b5b557f/tokio-modbus-0.16.1/src/codec/rtu.rs:265] Failed to decode response frame: Invalid function code: 0xD0
2025-09-28T14:31:18.506721Z[WARNING][/root/.cargo/registry/src/index.crates.io-1949cf8c6b5b557f/tokio-modbus-0.16.1/src/codec/rtu.rs:265] Failed to decode response frame: Invalid function code: 0xBD
2025-09-28T14:31:18.506853Z[WARNING][/root/.cargo/registry/src/index.crates.io-1949cf8c6b5b557f/tokio-modbus-0.16.1/src/codec/rtu.rs:265] Failed to decode response frame: Invalid function code: 0xF9
2025-09-28T14:31:18.603297Z[WARNING][src/modbus/modbus_ctx.rs:958] slave[127] write_multiple_registers(address: 1070, data: [20530, 0, 25700]) timeout, retry 0/3
2025-09-28T14:31:18.606761Z[WARNING][/root/.cargo/registry/src/index.crates.io-1949cf8c6b5b557f/tokio-modbus-0.16.1/src/codec/rtu.rs:72] Successfully decoded frame after dropping 5 byte(s): [C8, 9, D0, D0, BD]
2025-09-28T14:32:20.099846Z[WARNING][src/modbus/modbus_ctx.rs:958] slave[127] write_multiple_registers(address: 1070, data: [20530, 0, 25700]) timeout, retry 0/3
2025-09-28T14:33:20.150051Z[WARNING][src/modbus/modbus_ctx.rs:958] slave[127] write_multiple_registers(address: 1070, data: [0, 25700, 25700]) timeout, retry 0/3
2025-09-28T14:34:24.600432Z[WARNING][src/modbus/modbus_ctx.rs:958] slave[127] write_multiple_registers(address: 1070, data: [0, 0, 0]) timeout, retry 0/3
2025-09-28T14:35:26.105063Z[WARNING][src/modbus/modbus_ctx.rs:958] slave[127] write_multiple_registers(address: 1070, data: [0, 25700, 25700]) timeout, retry 0/3
2025-09-28T14:36:27.604507Z[WARNING][src/modbus/modbus_ctx.rs:958] slave[127] write_multiple_registers(address: 1070, data: [20530, 0, 25700]) timeout, retry 0/3
2025-09-28T14:37:29.104278Z[WARNING][src/modbus/modbus_ctx.rs:958] slave[127] write_multiple_registers(address: 1070, data: [20530, 0, 25700]) timeout, retry 0/3
2025-09-28T14:38:29.158166Z[WARNING][src/modbus/modbus_ctx.rs:958] slave[127] write_multiple_registers(address: 1070, data: [0, 0, 0]) timeout, retry 0/3
2025-09-28T14:39:32.102790Z[WARNING][src/modbus/modbus_ctx.rs:958] slave[127] write_multiple_registers(address: 1070, data: [20530, 0, 25700]) timeout, retry 0/3
2025-09-28T14:40:32.103711Z[WARNING][src/modbus/modbus_ctx.rs:958] slave[127] write_multiple_registers(address: 1070, data: [20530, 0, 25700]) timeout, retry 0/3
2025-09-28T14:41:33.602762Z[WARNING][src/modbus/modbus_ctx.rs:958] slave[127] write_multiple_registers(address: 1070, data: [20530, 0, 25700]) timeout, retry 0/3
2025-09-28T14:42:33.562294Z[WARNING][/root/.cargo/registry/src/index.crates.io-1949cf8c6b5b557f/tokio-modbus-0.16.1/src/codec/rtu.rs:265] Failed to decode response frame: Invalid function code: 0xF9
2025-09-28T14:42:33.662048Z[WARNING][src/modbus/modbus_ctx.rs:958] slave[127] write_multiple_registers(address: 1070, data: [0, 0, 0]) timeout, retry 0/3
2025-09-28T14:42:33.663312Z[WARNING][/root/.cargo/registry/src/index.crates.io-1949cf8c6b5b557f/tokio-modbus-0.16.1/src/codec/rtu.rs:72] Successfully decoded frame after dropping 1 byte(s): [EF]
2025-09-28T14:43:35.097818Z[WARNING][src/modbus/modbus_ctx.rs:958] slave[127] write_multiple_registers(address: 1070, data: [0, 25700, 25700]) timeout, retry 0/3
2025-09-28T14:44:35.156315Z[WARNING][src/modbus/modbus_ctx.rs:958] slave[127] write_multiple_registers(address: 1070, data: [20530, 0, 25700]) timeout, retry 0/3
2025-09-28T14:45:35.181014Z[WARNING][src/modbus/modbus_ctx.rs:958] slave[127] write_multiple_registers(address: 1070, data: [0, 0, 0]) timeout, retry 0/3
2025-09-28T14:46:35.239325Z[WARNING][src/modbus/modbus_ctx.rs:958] slave[127] write_multiple_registers(address: 1070, data: [20530, 0, 25700]) timeout, retry 0/3
2025-09-28T14:47:35.297940Z[WARNING][src/modbus/modbus_ctx.rs:958] slave[127] write_multiple_registers(address: 1070, data: [20530, 0, 25700]) timeout, retry 0/3
2025-09-28T14:49:35.398017Z[WARNING][src/modbus/modbus_ctx.rs:958] slave[127] write_multiple_registers(address: 1070, data: [20530, 0, 25700]) timeout, retry 0/3
2025-09-28T14:50:36.854112Z[WARNING][src/modbus/modbus_ctx.rs:958] slave[127] write_multiple_registers(address: 1070, data: [20530, 0, 25700]) timeout, retry 0/3
2025-09-28T14:51:39.848071Z[WARNING][src/modbus/modbus_ctx.rs:958] slave[127] write_multiple_registers(address: 1070, data: [0, 25700, 25700]) timeout, retry 0/3
2025-09-28T14:52:42.852733Z[WARNING][src/modbus/modbus_ctx.rs:958] slave[127] write_multiple_registers(address: 1070, data: [20530, 0, 25700]) timeout, retry 0/3
2025-09-28T14:53:42.908158Z[WARNING][src/modbus/modbus_ctx.rs:958] slave[127] write_multiple_registers(address: 1070, data: [0, 0, 0]) timeout, retry 0/3
2025-09-28T14:54:44.348774Z[WARNING][src/modbus/modbus_ctx.rs:958] slave[127] write_multiple_registers(address: 1070, data: [0, 0, 0]) timeout, retry 0/3
2025-09-28T14:55:20.117664Z[ERROR][/usr/lib/python3.10/asyncio/base_events.py:1758] unhandled exception during asyncio.run() shutdown
task: <Task finished name='Task-1' coro=<main_async() done, defined at /home/niic/upper_body_demo/install/dex_hand/lib/python3.10/site-packages/dex_hand/rps_hand.py:179> exception=RCLError('failed to shutdown: rcl_shutdown already called on the given context, at ./src/rcl/init.c:241')>
Traceback (most recent call last):
  File "/usr/lib/python3.10/asyncio/runners.py", line 44, in run
    return loop.run_until_complete(main)
  File "/usr/lib/python3.10/asyncio/base_events.py", line 636, in run_until_complete
    self.run_forever()
  File "/usr/lib/python3.10/asyncio/base_events.py", line 603, in run_forever
    self._run_once()
  File "/usr/lib/python3.10/asyncio/base_events.py", line 1871, in _run_once
    event_list = self._selector.select(timeout)
  File "/usr/lib/python3.10/selectors.py", line 469, in select
    fd_event_list = self._selector.poll(timeout, max_ev)
KeyboardInterrupt

During handling of the above exception, another exception occurred:

Traceback (most recent call last):
  File "/home/niic/upper_body_demo/install/dex_hand/lib/python3.10/site-packages/dex_hand/rps_hand.py", line 205, in main_async
    rclpy.shutdown()
  File "/opt/ros/humble/local/lib/python3.10/dist-packages/rclpy/__init__.py", line 130, in shutdown
    _shutdown(context=context)
  File "/opt/ros/humble/local/lib/python3.10/dist-packages/rclpy/utilities.py", line 58, in shutdown
    return context.shutdown()
  File "/opt/ros/humble/local/lib/python3.10/dist-packages/rclpy/context.py", line 102, in shutdown
    self.__context.shutdown()
rclpy._rclpy_pybind11.RCLError: failed to shutdown: rcl_shutdown already called on the given context, at ./src/rcl/init.c:241
