2025-09-11T09:39:59.689708Z[INFO][src/python/py_mod.rs:25] bc_stark_sdk version: 0.8.8
2025-09-11T09:39:59.690904Z[INFO][src/stark/config.rs:30] Logging initialized with level: Info
2025-09-11T09:39:59.691151Z[INFO][src/stark/config.rs:36] StarkSDK initialized, protocol_type: Modbus
2025-09-11T09:39:59.847609Z[WARNING][src/serial/base.rs:47] enable_low_latency failed: Os { code: 25, kind: Uncategorized, message: "Inappropriate ioctl for device" }
2025-09-11T09:40:00.851227Z[WARNING][/root/.cargo/registry/src/index.crates.io-1949cf8c6b5b557f/tokio-modbus-0.16.1/src/codec/rtu.rs:265] Failed to decode response frame: Invalid CRC: expected = 0x022C, actual = 0xE163
2025-09-11T09:40:00.851683Z[WARNING][/root/.cargo/registry/src/index.crates.io-1949cf8c6b5b557f/tokio-modbus-0.16.1/src/codec/rtu.rs:265] Failed to decode response frame: Invalid function code: 0x00
2025-09-11T09:40:00.951072Z[WARNING][src/modbus/modbus_ctx.rs:715] slave[126] read_holding_registers(address: 901, count: 1) timeout, retry 0/3
2025-09-11T09:40:00.953220Z[WARNING][/root/.cargo/registry/src/index.crates.io-1949cf8c6b5b557f/tokio-modbus-0.16.1/src/codec/rtu.rs:265] Failed to decode response frame: Invalid CRC: expected = 0x022C, actual = 0xE163
2025-09-11T09:40:00.953408Z[WARNING][/root/.cargo/registry/src/index.crates.io-1949cf8c6b5b557f/tokio-modbus-0.16.1/src/codec/rtu.rs:265] Failed to decode response frame: Invalid function code: 0x00
2025-09-11T09:40:01.052784Z[WARNING][src/modbus/modbus_ctx.rs:715] slave[126] read_holding_registers(address: 901, count: 1) timeout, retry 1/3
2025-09-11T09:40:01.054937Z[WARNING][/root/.cargo/registry/src/index.crates.io-1949cf8c6b5b557f/tokio-modbus-0.16.1/src/codec/rtu.rs:265] Failed to decode response frame: Invalid CRC: expected = 0x022C, actual = 0xE163
2025-09-11T09:40:01.055128Z[WARNING][/root/.cargo/registry/src/index.crates.io-1949cf8c6b5b557f/tokio-modbus-0.16.1/src/codec/rtu.rs:265] Failed to decode response frame: Invalid function code: 0x00
2025-09-11T09:40:01.153431Z[WARNING][src/modbus/modbus_ctx.rs:715] slave[126] read_holding_registers(address: 901, count: 1) timeout, retry 2/3
2025-09-11T09:40:01.153779Z[INFO][src/python/py_device.rs:154] Error getting device info: Failed, slave[126] read_holding_registers(address: 901, count: 1) failed after 3 attempts
2025-09-11T09:40:01.207234Z[WARNING][/root/.cargo/registry/src/index.crates.io-1949cf8c6b5b557f/tokio-modbus-0.16.1/src/codec/rtu.rs:265] Failed to decode response frame: Invalid CRC: expected = 0x022C, actual = 0xE163
2025-09-11T09:40:01.207657Z[WARNING][/root/.cargo/registry/src/index.crates.io-1949cf8c6b5b557f/tokio-modbus-0.16.1/src/codec/rtu.rs:265] Failed to decode response frame: Invalid function code: 0x00
2025-09-11T09:40:01.306997Z[WARNING][src/modbus/modbus_ctx.rs:715] slave[126] read_holding_registers(address: 901, count: 1) timeout, retry 0/3
2025-09-11T09:40:01.309112Z[WARNING][/root/.cargo/registry/src/index.crates.io-1949cf8c6b5b557f/tokio-modbus-0.16.1/src/codec/rtu.rs:72] Successfully decoded frame after dropping 8 byte(s): [D, 2, D, 2, D, 2, D, 2]
2025-09-11T09:40:01.311477Z[WARNING][/root/.cargo/registry/src/index.crates.io-1949cf8c6b5b557f/tokio-modbus-0.16.1/src/codec/rtu.rs:265] Failed to decode response frame: Invalid CRC: expected = 0x31C9, actual = 0x8E4E
2025-09-11T09:40:01.311695Z[WARNING][/root/.cargo/registry/src/index.crates.io-1949cf8c6b5b557f/tokio-modbus-0.16.1/src/codec/rtu.rs:265] Failed to decode response frame: Invalid CRC: expected = 0x6149, actual = 0xDC50
2025-09-11T09:40:01.311842Z[WARNING][/root/.cargo/registry/src/index.crates.io-1949cf8c6b5b557f/tokio-modbus-0.16.1/src/codec/rtu.rs:265] Failed to decode response frame: Invalid function code: 0x0D
2025-09-11T09:40:01.312000Z[WARNING][/root/.cargo/registry/src/index.crates.io-1949cf8c6b5b557f/tokio-modbus-0.16.1/src/codec/rtu.rs:265] Failed to decode response frame: Invalid function code: 0x61
2025-09-11T09:40:01.312125Z[WARNING][/root/.cargo/registry/src/index.crates.io-1949cf8c6b5b557f/tokio-modbus-0.16.1/src/codec/rtu.rs:265] Failed to decode response frame: Invalid function code: 0x49
2025-09-11T09:40:01.312273Z[WARNING][/root/.cargo/registry/src/index.crates.io-1949cf8c6b5b557f/tokio-modbus-0.16.1/src/codec/rtu.rs:265] Failed to decode response frame: Invalid function code: 0x31
2025-09-11T09:40:01.312398Z[WARNING][/root/.cargo/registry/src/index.crates.io-1949cf8c6b5b557f/tokio-modbus-0.16.1/src/codec/rtu.rs:265] Failed to decode response frame: Invalid function code: 0xC9
2025-09-11T09:40:01.312523Z[WARNING][/root/.cargo/registry/src/index.crates.io-1949cf8c6b5b557f/tokio-modbus-0.16.1/src/codec/rtu.rs:265] Failed to decode response frame: Invalid function code: 0x31
2025-09-11T09:40:01.312648Z[WARNING][/root/.cargo/registry/src/index.crates.io-1949cf8c6b5b557f/tokio-modbus-0.16.1/src/codec/rtu.rs:265] Failed to decode response frame: Invalid function code: 0x34
2025-09-11T09:40:01.312771Z[WARNING][/root/.cargo/registry/src/index.crates.io-1949cf8c6b5b557f/tokio-modbus-0.16.1/src/codec/rtu.rs:265] Failed to decode response frame: Invalid function code: 0x36
2025-09-11T09:40:01.312906Z[WARNING][/root/.cargo/registry/src/index.crates.io-1949cf8c6b5b557f/tokio-modbus-0.16.1/src/codec/rtu.rs:265] Failed to decode response frame: Invalid function code: 0x4A
2025-09-11T09:40:01.313032Z[WARNING][/root/.cargo/registry/src/index.crates.io-1949cf8c6b5b557f/tokio-modbus-0.16.1/src/codec/rtu.rs:265] Failed to decode response frame: Invalid function code: 0x32
2025-09-11T09:40:01.313153Z[WARNING][/root/.cargo/registry/src/index.crates.io-1949cf8c6b5b557f/tokio-modbus-0.16.1/src/codec/rtu.rs:265] Failed to decode response frame: Invalid function code: 0x35
2025-09-11T09:40:01.313274Z[WARNING][/root/.cargo/registry/src/index.crates.io-1949cf8c6b5b557f/tokio-modbus-0.16.1/src/codec/rtu.rs:265] Failed to decode response frame: Invalid function code: 0x30
2025-09-11T09:40:01.313392Z[WARNING][/root/.cargo/registry/src/index.crates.io-1949cf8c6b5b557f/tokio-modbus-0.16.1/src/codec/rtu.rs:265] Failed to decode response frame: Invalid function code: 0x30
2025-09-11T09:40:01.313508Z[WARNING][/root/.cargo/registry/src/index.crates.io-1949cf8c6b5b557f/tokio-modbus-0.16.1/src/codec/rtu.rs:265] Failed to decode response frame: Invalid function code: 0x30
2025-09-11T09:40:01.313625Z[WARNING][/root/.cargo/registry/src/index.crates.io-1949cf8c6b5b557f/tokio-modbus-0.16.1/src/codec/rtu.rs:265] Failed to decode response frame: Invalid function code: 0x30
2025-09-11T09:40:01.313741Z[WARNING][/root/.cargo/registry/src/index.crates.io-1949cf8c6b5b557f/tokio-modbus-0.16.1/src/codec/rtu.rs:265] Failed to decode response frame: Invalid function code: 0x35
2025-09-11T09:40:01.313859Z[WARNING][/root/.cargo/registry/src/index.crates.io-1949cf8c6b5b557f/tokio-modbus-0.16.1/src/codec/rtu.rs:265] Failed to decode response frame: Invalid function code: 0x00
2025-09-11T09:40:01.313997Z[WARNING][/root/.cargo/registry/src/index.crates.io-1949cf8c6b5b557f/tokio-modbus-0.16.1/src/codec/rtu.rs:265] Failed to decode response frame: Invalid function code: 0x00
2025-09-11T09:40:01.314118Z[WARNING][/root/.cargo/registry/src/index.crates.io-1949cf8c6b5b557f/tokio-modbus-0.16.1/src/codec/rtu.rs:265] Failed to decode response frame: Invalid function code: 0x00
2025-09-11T09:40:01.410414Z[WARNING][src/modbus/modbus_ctx.rs:715] slave[126] read_input_registers(address: 3010, count: 10) timeout, retry 0/3
2025-09-11T09:40:01.412899Z[WARNING][/root/.cargo/registry/src/index.crates.io-1949cf8c6b5b557f/tokio-modbus-0.16.1/src/codec/rtu.rs:72] Successfully decoded frame after dropping 21 byte(s): [BF, 10, 91, D, 61, 49, 31, C9, 31, 34, 36, 4A, 32, 35, 30, 30, 30, 30, 35, 0, 0]
2025-09-11T09:40:01.415635Z[INFO][/home/niic/upper_body_demo/build/dex_hand/dex_hand/trigger.py:118] Left: DeviceInfo { sku_type: MediumLeft, serial_number: BCXRL2146J2500005, firmware_version: 0.0.10 }
2025-09-11T09:40:01.419349Z[WARNING][src/stark/api.rs:1812] set_serialport_baudrate: Baud115200
2025-09-11T09:40:01.423134Z[WARNING][/root/.cargo/registry/src/index.crates.io-1949cf8c6b5b557f/tokio-modbus-0.16.1/src/codec/rtu.rs:265] Failed to decode response frame: Invalid function code: 0x78
2025-09-11T09:40:01.423514Z[WARNING][/root/.cargo/registry/src/index.crates.io-1949cf8c6b5b557f/tokio-modbus-0.16.1/src/codec/rtu.rs:265] Failed to decode response frame: Invalid function code: 0x00
2025-09-11T09:40:01.423694Z[WARNING][/root/.cargo/registry/src/index.crates.io-1949cf8c6b5b557f/tokio-modbus-0.16.1/src/codec/rtu.rs:265] Failed to decode response frame: Invalid function code: 0xF8
2025-09-11T09:40:01.423845Z[WARNING][/root/.cargo/registry/src/index.crates.io-1949cf8c6b5b557f/tokio-modbus-0.16.1/src/codec/rtu.rs:265] Failed to decode response frame: Invalid function code: 0x00
2025-09-11T09:40:01.424013Z[WARNING][/root/.cargo/registry/src/index.crates.io-1949cf8c6b5b557f/tokio-modbus-0.16.1/src/codec/rtu.rs:265] Failed to decode response frame: Invalid function code: 0x78
2025-09-11T09:40:01.424150Z[WARNING][/root/.cargo/registry/src/index.crates.io-1949cf8c6b5b557f/tokio-modbus-0.16.1/src/codec/rtu.rs:265] Failed to decode response frame: Invalid function code: 0xF8
2025-09-11T09:40:01.424282Z[WARNING][/root/.cargo/registry/src/index.crates.io-1949cf8c6b5b557f/tokio-modbus-0.16.1/src/codec/rtu.rs:265] Failed to decode response frame: Invalid function code: 0x00
2025-09-11T09:40:01.424409Z[WARNING][/root/.cargo/registry/src/index.crates.io-1949cf8c6b5b557f/tokio-modbus-0.16.1/src/codec/rtu.rs:265] Failed to decode response frame: Invalid function code: 0x00
2025-09-11T09:40:01.424535Z[WARNING][/root/.cargo/registry/src/index.crates.io-1949cf8c6b5b557f/tokio-modbus-0.16.1/src/codec/rtu.rs:265] Failed to decode response frame: Invalid function code: 0xF8
2025-09-11T09:40:01.424657Z[WARNING][/root/.cargo/registry/src/index.crates.io-1949cf8c6b5b557f/tokio-modbus-0.16.1/src/codec/rtu.rs:265] Failed to decode response frame: Invalid function code: 0x80
2025-09-11T09:40:01.424780Z[WARNING][/root/.cargo/registry/src/index.crates.io-1949cf8c6b5b557f/tokio-modbus-0.16.1/src/codec/rtu.rs:265] Failed to decode response frame: Invalid function code: 0x78
2025-09-11T09:40:01.424930Z[WARNING][/root/.cargo/registry/src/index.crates.io-1949cf8c6b5b557f/tokio-modbus-0.16.1/src/codec/rtu.rs:265] Failed to decode response frame: Invalid function code: 0x78
2025-09-11T09:40:01.425056Z[WARNING][/root/.cargo/registry/src/index.crates.io-1949cf8c6b5b557f/tokio-modbus-0.16.1/src/codec/rtu.rs:265] Failed to decode response frame: Invalid function code: 0xF8
2025-09-11T09:40:01.425177Z[WARNING][/root/.cargo/registry/src/index.crates.io-1949cf8c6b5b557f/tokio-modbus-0.16.1/src/codec/rtu.rs:265] Failed to decode response frame: Invalid function code: 0xF8
2025-09-11T09:40:01.520511Z[WARNING][src/modbus/modbus_ctx.rs:715] slave[126] write_single_register(address: 1001, value: 0) timeout, retry 0/3
2025-09-11T09:40:01.622279Z[WARNING][src/modbus/modbus_ctx.rs:715] slave[126] write_single_register(address: 1001, value: 0) timeout, retry 1/3
2025-09-11T09:40:01.723871Z[WARNING][src/modbus/modbus_ctx.rs:715] slave[126] write_single_register(address: 1001, value: 0) timeout, retry 2/3
2025-09-11T09:40:01.724204Z[INFO][src/python/py_device.rs:937] Error setting serialport baudrate: slave[126] write_single_register(address: 1001, value: 0) failed after 3 attempts
2025-09-11T09:40:01.724704Z[ERROR][/usr/lib/python3.10/asyncio/base_events.py:1758] Future exception was never retrieved
future: <Future finished exception=RuntimeError('Error setting serialport baudrate: slave[126] write_single_register(address: 1001, value: 0) failed after 3 attempts')>
RuntimeError: Error setting serialport baudrate: slave[126] write_single_register(address: 1001, value: 0) failed after 3 attempts
2025-09-11T09:40:01.825856Z[WARNING][src/modbus/modbus_ctx.rs:958] slave[126] write_multiple_registers(address: 1060, data: [3, 65036]) timeout, retry 0/3
2025-09-11T09:40:01.927829Z[WARNING][src/modbus/modbus_ctx.rs:958] slave[126] write_multiple_registers(address: 1060, data: [3, 65036]) timeout, retry 1/3
2025-09-11T09:40:02.028475Z[WARNING][src/modbus/modbus_ctx.rs:958] slave[126] write_multiple_registers(address: 1060, data: [3, 65036]) timeout, retry 2/3
2025-09-11T09:40:02.028809Z[INFO][src/python/py_device.rs:1652] Error setting finger current: slave[126] write_multiple_registers(address: 1060, data: [3, 65036]) failed after 3 attempts
2025-09-11T09:40:02.141585Z[WARNING][src/modbus/modbus_ctx.rs:958] slave[126] write_multiple_registers(address: 1060, data: [3, 65036]) timeout, retry 0/3
2025-09-11T09:40:02.243485Z[WARNING][src/modbus/modbus_ctx.rs:958] slave[126] write_multiple_registers(address: 1060, data: [3, 65036]) timeout, retry 1/3
2025-09-11T09:40:02.345232Z[WARNING][src/modbus/modbus_ctx.rs:958] slave[126] write_multiple_registers(address: 1060, data: [3, 65036]) timeout, retry 2/3
2025-09-11T09:40:02.345587Z[INFO][src/python/py_device.rs:1652] Error setting finger current: slave[126] write_multiple_registers(address: 1060, data: [3, 65036]) failed after 3 attempts
2025-09-11T09:40:02.345939Z[WARNING][src/stark/api.rs:1812] set_serialport_baudrate: Baud115200
2025-09-11T09:40:02.447411Z[WARNING][src/modbus/modbus_ctx.rs:715] slave[126] write_single_register(address: 1001, value: 0) timeout, retry 0/3
2025-09-11T09:40:02.549057Z[WARNING][src/modbus/modbus_ctx.rs:715] slave[126] write_single_register(address: 1001, value: 0) timeout, retry 1/3
2025-09-11T09:40:02.650629Z[WARNING][src/modbus/modbus_ctx.rs:715] slave[126] write_single_register(address: 1001, value: 0) timeout, retry 2/3
2025-09-11T09:40:02.650976Z[INFO][src/python/py_device.rs:937] Error setting serialport baudrate: slave[126] write_single_register(address: 1001, value: 0) failed after 3 attempts
2025-09-11T09:40:02.651414Z[ERROR][/usr/lib/python3.10/asyncio/base_events.py:1758] Future exception was never retrieved
future: <Future finished exception=RuntimeError('Error setting serialport baudrate: slave[126] write_single_register(address: 1001, value: 0) failed after 3 attempts')>
RuntimeError: Error setting serialport baudrate: slave[126] write_single_register(address: 1001, value: 0) failed after 3 attempts
2025-09-11T09:40:02.751561Z[WARNING][src/modbus/modbus_ctx.rs:958] slave[126] write_multiple_registers(address: 1060, data: [3, 65036]) timeout, retry 0/3
2025-09-11T09:40:02.853242Z[WARNING][src/modbus/modbus_ctx.rs:958] slave[126] write_multiple_registers(address: 1060, data: [3, 65036]) timeout, retry 1/3
2025-09-11T09:40:02.954867Z[WARNING][src/modbus/modbus_ctx.rs:958] slave[126] write_multiple_registers(address: 1060, data: [3, 65036]) timeout, retry 2/3
2025-09-11T09:40:02.955263Z[INFO][src/python/py_device.rs:1652] Error setting finger current: slave[126] write_multiple_registers(address: 1060, data: [3, 65036]) failed after 3 attempts
2025-09-11T09:40:02.955765Z[WARNING][src/stark/api.rs:1812] set_serialport_baudrate: Baud115200
2025-09-11T09:40:03.057108Z[WARNING][src/modbus/modbus_ctx.rs:715] slave[126] write_single_register(address: 1001, value: 0) timeout, retry 0/3
2025-09-11T09:40:03.158719Z[WARNING][src/modbus/modbus_ctx.rs:715] slave[126] write_single_register(address: 1001, value: 0) timeout, retry 1/3
2025-09-11T09:40:03.260341Z[WARNING][src/modbus/modbus_ctx.rs:715] slave[126] write_single_register(address: 1001, value: 0) timeout, retry 2/3
2025-09-11T09:40:03.260665Z[INFO][src/python/py_device.rs:937] Error setting serialport baudrate: slave[126] write_single_register(address: 1001, value: 0) failed after 3 attempts
2025-09-11T09:40:03.261017Z[WARNING][src/stark/api.rs:1812] set_serialport_baudrate: Baud115200
2025-09-11T09:40:03.261245Z[ERROR][/usr/lib/python3.10/asyncio/base_events.py:1758] Future exception was never retrieved
future: <Future finished exception=RuntimeError('Error setting serialport baudrate: slave[126] write_single_register(address: 1001, value: 0) failed after 3 attempts')>
RuntimeError: Error setting serialport baudrate: slave[126] write_single_register(address: 1001, value: 0) failed after 3 attempts
2025-09-11T09:40:03.362964Z[WARNING][src/modbus/modbus_ctx.rs:715] slave[126] write_single_register(address: 1001, value: 0) timeout, retry 0/3
2025-09-11T09:40:03.464586Z[WARNING][src/modbus/modbus_ctx.rs:715] slave[126] write_single_register(address: 1001, value: 0) timeout, retry 1/3
2025-09-11T09:40:03.566294Z[WARNING][src/modbus/modbus_ctx.rs:715] slave[126] write_single_register(address: 1001, value: 0) timeout, retry 2/3
2025-09-11T09:40:03.566643Z[INFO][src/python/py_device.rs:937] Error setting serialport baudrate: slave[126] write_single_register(address: 1001, value: 0) failed after 3 attempts
2025-09-11T09:40:03.567058Z[ERROR][/usr/lib/python3.10/asyncio/base_events.py:1758] Future exception was never retrieved
future: <Future finished exception=RuntimeError('Error setting serialport baudrate: slave[126] write_single_register(address: 1001, value: 0) failed after 3 attempts')>
RuntimeError: Error setting serialport baudrate: slave[126] write_single_register(address: 1001, value: 0) failed after 3 attempts
2025-09-11T09:40:03.668222Z[WARNING][src/modbus/modbus_ctx.rs:958] slave[126] write_multiple_registers(address: 1060, data: [3, 65036]) timeout, retry 0/3
2025-09-11T09:40:03.769834Z[WARNING][src/modbus/modbus_ctx.rs:958] slave[126] write_multiple_registers(address: 1060, data: [3, 65036]) timeout, retry 1/3
2025-09-11T09:40:03.870468Z[WARNING][src/modbus/modbus_ctx.rs:958] slave[126] write_multiple_registers(address: 1060, data: [3, 65036]) timeout, retry 2/3
2025-09-11T09:40:03.870775Z[INFO][src/python/py_device.rs:1652] Error setting finger current: slave[126] write_multiple_registers(address: 1060, data: [3, 65036]) failed after 3 attempts
2025-09-11T09:40:03.882286Z[WARNING][src/stark/api.rs:1812] set_serialport_baudrate: Baud115200
2025-09-11T09:40:03.983871Z[WARNING][src/modbus/modbus_ctx.rs:715] slave[126] write_single_register(address: 1001, value: 0) timeout, retry 0/3
2025-09-11T09:40:04.085582Z[WARNING][src/modbus/modbus_ctx.rs:715] slave[126] write_single_register(address: 1001, value: 0) timeout, retry 1/3
2025-09-11T09:40:04.187188Z[WARNING][src/modbus/modbus_ctx.rs:715] slave[126] write_single_register(address: 1001, value: 0) timeout, retry 2/3
2025-09-11T09:40:04.187520Z[INFO][src/python/py_device.rs:937] Error setting serialport baudrate: slave[126] write_single_register(address: 1001, value: 0) failed after 3 attempts
2025-09-11T09:40:04.187939Z[ERROR][/usr/lib/python3.10/asyncio/base_events.py:1758] Future exception was never retrieved
future: <Future finished exception=RuntimeError('Error setting serialport baudrate: slave[126] write_single_register(address: 1001, value: 0) failed after 3 attempts')>
RuntimeError: Error setting serialport baudrate: slave[126] write_single_register(address: 1001, value: 0) failed after 3 attempts
2025-09-11T09:40:04.289039Z[WARNING][src/modbus/modbus_ctx.rs:958] slave[126] write_multiple_registers(address: 1060, data: [3, 65036]) timeout, retry 0/3
2025-09-11T09:40:04.390654Z[WARNING][src/modbus/modbus_ctx.rs:958] slave[126] write_multiple_registers(address: 1060, data: [3, 65036]) timeout, retry 1/3
2025-09-11T09:40:04.492264Z[WARNING][src/modbus/modbus_ctx.rs:958] slave[126] write_multiple_registers(address: 1060, data: [3, 65036]) timeout, retry 2/3
2025-09-11T09:40:04.492593Z[INFO][src/python/py_device.rs:1652] Error setting finger current: slave[126] write_multiple_registers(address: 1060, data: [3, 65036]) failed after 3 attempts
2025-09-11T09:40:04.605427Z[WARNING][src/modbus/modbus_ctx.rs:958] slave[126] write_multiple_registers(address: 1060, data: [3, 65036]) timeout, retry 0/3
2025-09-11T09:40:04.707160Z[WARNING][src/modbus/modbus_ctx.rs:958] slave[126] write_multiple_registers(address: 1060, data: [3, 65036]) timeout, retry 1/3
2025-09-11T09:40:04.808793Z[WARNING][src/modbus/modbus_ctx.rs:958] slave[126] write_multiple_registers(address: 1060, data: [3, 65036]) timeout, retry 2/3
2025-09-11T09:40:04.809144Z[INFO][src/python/py_device.rs:1652] Error setting finger current: slave[126] write_multiple_registers(address: 1060, data: [3, 65036]) failed after 3 attempts
2025-09-11T09:40:04.809499Z[WARNING][src/stark/api.rs:1812] set_serialport_baudrate: Baud115200
2025-09-11T09:40:04.910799Z[WARNING][src/modbus/modbus_ctx.rs:715] slave[126] write_single_register(address: 1001, value: 0) timeout, retry 0/3
2025-09-11T09:40:05.014172Z[ERROR][/usr/lib/python3.10/asyncio/base_events.py:1758] unhandled exception during asyncio.run() shutdown
task: <Task finished name='Task-1' coro=<main_async() done, defined at /home/niic/upper_body_demo/build/dex_hand/dex_hand/trigger.py:175> exception=RCLError('failed to shutdown: rcl_shutdown already called on the given context, at ./src/rcl/init.c:241')>
Traceback (most recent call last):
  File "/usr/lib/python3.10/asyncio/runners.py", line 44, in run
    return loop.run_until_complete(main)
  File "/usr/lib/python3.10/asyncio/base_events.py", line 636, in run_until_complete
    self.run_forever()
  File "/usr/lib/python3.10/asyncio/base_events.py", line 603, in run_forever
    self._run_once()
  File "/usr/lib/python3.10/asyncio/base_events.py", line 1871, in _run_once
    event_list = self._selector.select(timeout)
  File "/usr/lib/python3.10/selectors.py", line 469, in select
    fd_event_list = self._selector.poll(timeout, max_ev)
KeyboardInterrupt

During handling of the above exception, another exception occurred:

Traceback (most recent call last):
  File "/home/niic/upper_body_demo/build/dex_hand/dex_hand/trigger.py", line 201, in main_async
    rclpy.shutdown()
  File "/opt/ros/humble/local/lib/python3.10/dist-packages/rclpy/__init__.py", line 130, in shutdown
    _shutdown(context=context)
  File "/opt/ros/humble/local/lib/python3.10/dist-packages/rclpy/utilities.py", line 58, in shutdown
    return context.shutdown()
  File "/opt/ros/humble/local/lib/python3.10/dist-packages/rclpy/context.py", line 102, in shutdown
    self.__context.shutdown()
rclpy._rclpy_pybind11.RCLError: failed to shutdown: rcl_shutdown already called on the given context, at ./src/rcl/init.c:241
2025-09-11T09:40:05.014528Z[WARNING][src/modbus/modbus_ctx.rs:715] slave[126] write_single_register(address: 1001, value: 0) timeout, retry 1/3
