2025-09-24T16:14:03.885070Z[INFO][src/python/py_mod.rs:25] bc_stark_sdk version: 0.8.8
2025-09-24T16:14:03.888236Z[INFO][src/stark/config.rs:30] Logging initialized with level: Info
2025-09-24T16:14:03.888499Z[INFO][src/stark/config.rs:36] StarkSDK initialized, protocol_type: Modbus
2025-09-24T16:14:05.133493Z[INFO][/home/niic/upper_body_demo/install/dex_hand/lib/python3.10/site-packages/dex_hand/rps_hand.py:123] Left: DeviceInfo { sku_type: MediumRight, serial_number: BCXRR2147J2500004, firmware_version: 0.0.10 }
2025-09-24T16:14:24.573305Z[WARNING][src/modbus/modbus_ctx.rs:958] slave[127] write_multiple_registers(address: 1070, data: [0, 0, 0]) timeout, retry 0/3
2025-09-24T16:15:24.626268Z[WARNING][src/modbus/modbus_ctx.rs:958] slave[127] write_multiple_registers(address: 1070, data: [20530, 0, 25700]) timeout, retry 0/3
2025-09-24T16:16:26.121937Z[WARNING][src/modbus/modbus_ctx.rs:958] slave[127] write_multiple_registers(address: 1070, data: [0, 0, 0]) timeout, retry 0/3
2025-09-24T16:17:26.086061Z[WARNING][/root/.cargo/registry/src/index.crates.io-1949cf8c6b5b557f/tokio-modbus-0.16.1/src/codec/rtu.rs:265] Failed to decode response frame: Invalid function code: 0x22
2025-09-24T16:17:26.086584Z[WARNING][/root/.cargo/registry/src/index.crates.io-1949cf8c6b5b557f/tokio-modbus-0.16.1/src/codec/rtu.rs:265] Failed to decode response frame: Invalid function code: 0x72
2025-09-24T16:17:26.184929Z[WARNING][src/modbus/modbus_ctx.rs:958] slave[127] write_multiple_registers(address: 1070, data: [20530, 0, 25700]) timeout, retry 0/3
2025-09-24T16:17:26.186163Z[WARNING][/root/.cargo/registry/src/index.crates.io-1949cf8c6b5b557f/tokio-modbus-0.16.1/src/codec/rtu.rs:72] Successfully decoded frame after dropping 2 byte(s): [41, 22]
2025-09-24T16:17:27.197865Z[ERROR][/usr/lib/python3.10/asyncio/base_events.py:1758] unhandled exception during asyncio.run() shutdown
task: <Task finished name='Task-1' coro=<main_async() done, defined at /home/niic/upper_body_demo/install/dex_hand/lib/python3.10/site-packages/dex_hand/rps_hand.py:179> exception=RCLError('failed to shutdown: rcl_shutdown already called on the given context, at ./src/rcl/init.c:241')>
Traceback (most recent call last):
  File "/usr/lib/python3.10/asyncio/runners.py", line 44, in run
    return loop.run_until_complete(main)
  File "/usr/lib/python3.10/asyncio/base_events.py", line 636, in run_until_complete
    self.run_forever()
  File "/usr/lib/python3.10/asyncio/base_events.py", line 603, in run_forever
    self._run_once()
  File "/usr/lib/python3.10/asyncio/base_events.py", line 1871, in _run_once
    event_list = self._selector.select(timeout)
  File "/usr/lib/python3.10/selectors.py", line 469, in select
    fd_event_list = self._selector.poll(timeout, max_ev)
KeyboardInterrupt

During handling of the above exception, another exception occurred:

Traceback (most recent call last):
  File "/home/niic/upper_body_demo/install/dex_hand/lib/python3.10/site-packages/dex_hand/rps_hand.py", line 205, in main_async
    rclpy.shutdown()
  File "/opt/ros/humble/local/lib/python3.10/dist-packages/rclpy/__init__.py", line 130, in shutdown
    _shutdown(context=context)
  File "/opt/ros/humble/local/lib/python3.10/dist-packages/rclpy/utilities.py", line 58, in shutdown
    return context.shutdown()
  File "/opt/ros/humble/local/lib/python3.10/dist-packages/rclpy/context.py", line 102, in shutdown
    self.__context.shutdown()
rclpy._rclpy_pybind11.RCLError: failed to shutdown: rcl_shutdown already called on the given context, at ./src/rcl/init.c:241
