2025-09-10T21:10:41.048295Z[INFO][src/python/py_mod.rs:25] bc_stark_sdk version: 0.8.8
2025-09-10T21:10:41.049426Z[INFO][src/stark/config.rs:30] Logging initialized with level: Info
2025-09-10T21:10:41.049665Z[INFO][src/stark/config.rs:36] StarkSDK initialized, protocol_type: Modbus
2025-09-10T21:10:41.179856Z[WARNING][src/serial/base.rs:47] enable_low_latency failed: Os { code: 25, kind: Uncategorized, message: "Inappropriate ioctl for device" }
2025-09-10T21:10:42.183722Z[WARNING][/root/.cargo/registry/src/index.crates.io-1949cf8c6b5b557f/tokio-modbus-0.16.1/src/codec/rtu.rs:265] Failed to decode response frame: Invalid CRC: expected = 0x022C, actual = 0xE163
2025-09-10T21:10:42.184201Z[WARNING][/root/.cargo/registry/src/index.crates.io-1949cf8c6b5b557f/tokio-modbus-0.16.1/src/codec/rtu.rs:265] Failed to decode response frame: Invalid function code: 0x00
2025-09-10T21:10:42.283558Z[WARNING][src/modbus/modbus_ctx.rs:715] slave[126] read_holding_registers(address: 901, count: 1) timeout, retry 0/3
2025-09-10T21:10:42.285539Z[WARNING][/root/.cargo/registry/src/index.crates.io-1949cf8c6b5b557f/tokio-modbus-0.16.1/src/codec/rtu.rs:72] Successfully decoded frame after dropping 2 byte(s): [D, 2]
2025-09-10T21:10:42.290365Z[INFO][/home/niic/upper_body_demo/build/dex_hand/dex_hand/trigger.py:101] Left: DeviceInfo { sku_type: MediumLeft, serial_number: BCXRL2146J2500005, firmware_version: 0.0.10 }
2025-09-10T21:10:45.688492Z[ERROR][/usr/lib/python3.10/asyncio/base_events.py:1758] unhandled exception during asyncio.run() shutdown
task: <Task finished name='Task-1' coro=<main_async() done, defined at /home/niic/upper_body_demo/build/dex_hand/dex_hand/trigger.py:157> exception=RCLError('failed to shutdown: rcl_shutdown already called on the given context, at ./src/rcl/init.c:241')>
Traceback (most recent call last):
  File "/usr/lib/python3.10/asyncio/runners.py", line 44, in run
    return loop.run_until_complete(main)
  File "/usr/lib/python3.10/asyncio/base_events.py", line 636, in run_until_complete
    self.run_forever()
  File "/usr/lib/python3.10/asyncio/base_events.py", line 603, in run_forever
    self._run_once()
  File "/usr/lib/python3.10/asyncio/base_events.py", line 1871, in _run_once
    event_list = self._selector.select(timeout)
  File "/usr/lib/python3.10/selectors.py", line 469, in select
    fd_event_list = self._selector.poll(timeout, max_ev)
KeyboardInterrupt

During handling of the above exception, another exception occurred:

Traceback (most recent call last):
  File "/home/niic/upper_body_demo/build/dex_hand/dex_hand/trigger.py", line 183, in main_async
    rclpy.shutdown()
  File "/opt/ros/humble/local/lib/python3.10/dist-packages/rclpy/__init__.py", line 130, in shutdown
    _shutdown(context=context)
  File "/opt/ros/humble/local/lib/python3.10/dist-packages/rclpy/utilities.py", line 58, in shutdown
    return context.shutdown()
  File "/opt/ros/humble/local/lib/python3.10/dist-packages/rclpy/context.py", line 102, in shutdown
    self.__context.shutdown()
rclpy._rclpy_pybind11.RCLError: failed to shutdown: rcl_shutdown already called on the given context, at ./src/rcl/init.c:241
