running egg_info
writing ../../build/dex_hand/dex_hand.egg-info/PKG-INFO
writing dependency_links to ../../build/dex_hand/dex_hand.egg-info/dependency_links.txt
writing entry points to ../../build/dex_hand/dex_hand.egg-info/entry_points.txt
writing requirements to ../../build/dex_hand/dex_hand.egg-info/requires.txt
writing top-level names to ../../build/dex_hand/dex_hand.egg-info/top_level.txt
reading manifest file '../../build/dex_hand/dex_hand.egg-info/SOURCES.txt'
writing manifest file '../../build/dex_hand/dex_hand.egg-info/SOURCES.txt'
running build
running build_py
copying dex_hand/rps.py -> /home/niic/upper_body_demo/build/dex_hand/build/lib/dex_hand
running install
running install_lib
copying /home/niic/upper_body_demo/build/dex_hand/build/lib/dex_hand/rps.py -> /home/niic/upper_body_demo/install/dex_hand/lib/python3.10/site-packages/dex_hand
byte-compiling /home/niic/upper_body_demo/install/dex_hand/lib/python3.10/site-packages/dex_hand/rps.py to rps.cpython-310.pyc
running install_data
running install_egg_info
removing '/home/niic/upper_body_demo/install/dex_hand/lib/python3.10/site-packages/dex_hand-0.0.0-py3.10.egg-info' (and everything under it)
Copying ../../build/dex_hand/dex_hand.egg-info to /home/niic/upper_body_demo/install/dex_hand/lib/python3.10/site-packages/dex_hand-0.0.0-py3.10.egg-info
running install_scripts
Installing rps script to /home/niic/upper_body_demo/install/dex_hand/lib/dex_hand
Installing trigger script to /home/niic/upper_body_demo/install/dex_hand/lib/dex_hand
writing list of installed files to '/home/niic/upper_body_demo/build/dex_hand/install.log'
