-- The CXX compiler identification is GNU 11.4.0
-- Detecting CXX compiler ABI info
-- Detecting CXX compiler ABI info - done
-- Check for working CXX compiler: /usr/bin/c++ - skipped
-- Detecting CXX compile features
-- Detecting CXX compile features - done
-- Found ament_cmake: 1.3.11 (/opt/ros/humble/share/ament_cmake/cmake)
-- Found Python3: /usr/bin/python3 (found version "3.10.12") found components: Interpreter 
-- Found rclcpp: 16.0.11 (/opt/ros/humble/share/rclcpp/cmake)
-- Found rosidl_generator_c: 3.1.6 (/opt/ros/humble/share/rosidl_generator_c/cmake)
-- Found rosidl_adapter: 3.1.6 (/opt/ros/humble/share/rosidl_adapter/cmake)
-- Found rosidl_generator_cpp: 3.1.6 (/opt/ros/humble/share/rosidl_generator_cpp/cmake)
-- Using all available rosidl_typesupport_c: rosidl_typesupport_fastrtps_c;rosidl_typesupport_introspection_c
-- Using all available rosidl_typesupport_cpp: rosidl_typesupport_fastrtps_cpp;rosidl_typesupport_introspection_cpp
-- Found rmw_implementation_cmake: 6.1.2 (/opt/ros/humble/share/rmw_implementation_cmake/cmake)
-- Found rmw_fastrtps_cpp: 6.2.7 (/opt/ros/humble/share/rmw_fastrtps_cpp/cmake)
-- Found OpenSSL: /usr/lib/aarch64-linux-gnu/libcrypto.so (found version "3.0.2")  
-- Found FastRTPS: /opt/ros/humble/include  
-- Using RMW implementation 'rmw_fastrtps_cpp' as default
-- Looking for C++ include pthread.h
-- Looking for C++ include pthread.h - found
-- Performing Test CMAKE_HAVE_LIBC_PTHREAD
-- Performing Test CMAKE_HAVE_LIBC_PTHREAD - Success
-- Found Threads: TRUE  
-- Found sensor_msgs: 4.2.4 (/opt/ros/humble/share/sensor_msgs/cmake)
-- Found Boost: /usr/lib/aarch64-linux-gnu/cmake/Boost-1.74.0/BoostConfig.cmake (found version "1.74.0") found components: program_options 
-- Found Boost: /usr/lib/aarch64-linux-gnu/cmake/Boost-1.74.0/BoostConfig.cmake (found version "1.74.0")  
-- Configuring done
-- Generating done
-- Build files have been written to: /home/niic/upper_body_demo/build/upper_body_demo
[35m[1mConsolidate compiler generated dependencies of target wave_hand_demo[0m
[35m[1mConsolidate compiler generated dependencies of target teleop[0m
[ 40%] Built target wave_hand_demo
[ 50%] [32mBuilding CXX object CMakeFiles/teleop.dir/src/teleop/main.cpp.o[0m
[01m[K/home/niic/upper_body_demo/src/upper_body_demo/src/teleop/main.cpp:[m[K In lambda function:
[01m[K/home/niic/upper_body_demo/src/upper_body_demo/src/teleop/main.cpp:141:88:[m[K [01;36m[Knote: [m[Kparameter passing for argument of type ‘[01m[Kstd::pair<float, float>[m[K’ when C++17 is enabled changed to match C++14 ]8;;https://gcc.gnu.org/gcc-10/changes.html#empty_basein GCC 10.1]8;;
  141 |           auto [lf, lb] = solveIK(ctx.target_q_rot[7],  ctx.target_q_rot[8], Side::Left[01;36m[K)[m[K;
      |                                                                                        [01;36m[K^[m[K
[ 60%] [32m[1mLinking CXX executable teleop[0m
[100%] Built target teleop
-- Install configuration: ""
-- Up-to-date: /home/niic/upper_body_demo/install/upper_body_demo/include/upper_body_demo
-- Up-to-date: /home/niic/upper_body_demo/install/upper_body_demo/include/upper_body_demo/ecat
-- Up-to-date: /home/niic/upper_body_demo/install/upper_body_demo/include/upper_body_demo/ecat/error.hpp
-- Up-to-date: /home/niic/upper_body_demo/install/upper_body_demo/include/upper_body_demo/ecat/thread_mutex.hpp
-- Up-to-date: /home/niic/upper_body_demo/install/upper_body_demo/include/upper_body_demo/ecat/master.hpp
-- Up-to-date: /home/niic/upper_body_demo/install/upper_body_demo/include/upper_body_demo/ecat/eni_config.hpp
-- Up-to-date: /home/niic/upper_body_demo/install/upper_body_demo/include/upper_body_demo/ecat/types.hpp
-- Up-to-date: /home/niic/upper_body_demo/install/upper_body_demo/include/upper_body_demo/ecat/ipc.hpp
-- Up-to-date: /home/niic/upper_body_demo/install/upper_body_demo/include/upper_body_demo/ecat/pwm.hpp
-- Up-to-date: /home/niic/upper_body_demo/install/upper_body_demo/include/upper_body_demo/ecat/slice.hpp
-- Up-to-date: /home/niic/upper_body_demo/install/upper_body_demo/include/upper_body_demo/ecat/buffer_locked.hpp
-- Up-to-date: /home/niic/upper_body_demo/install/upper_body_demo/include/upper_body_demo/ecat/task_collaborative.hpp
-- Up-to-date: /home/niic/upper_body_demo/install/upper_body_demo/include/upper_body_demo/ecat/sdo_request.hpp
-- Up-to-date: /home/niic/upper_body_demo/install/upper_body_demo/include/upper_body_demo/ecat/log.hpp
-- Up-to-date: /home/niic/upper_body_demo/install/upper_body_demo/include/upper_body_demo/ecat/reg_request.hpp
-- Up-to-date: /home/niic/upper_body_demo/install/upper_body_demo/include/upper_body_demo/ecat/detail
-- Up-to-date: /home/niic/upper_body_demo/install/upper_body_demo/include/upper_body_demo/ecat/detail/config.hpp
-- Up-to-date: /home/niic/upper_body_demo/install/upper_body_demo/include/upper_body_demo/ecat/detail/os_string.hpp
-- Up-to-date: /home/niic/upper_body_demo/install/upper_body_demo/include/upper_body_demo/ecat/detail/logger.hpp
-- Up-to-date: /home/niic/upper_body_demo/install/upper_body_demo/include/upper_body_demo/ecat/detail/ioctl.hpp
-- Up-to-date: /home/niic/upper_body_demo/install/upper_body_demo/include/upper_body_demo/ecat/detail/file.hpp
-- Up-to-date: /home/niic/upper_body_demo/install/upper_body_demo/include/upper_body_demo/ecat/detail/log_handler.hpp
-- Up-to-date: /home/niic/upper_body_demo/install/upper_body_demo/include/upper_body_demo/ecat/detail/utility.hpp
-- Up-to-date: /home/niic/upper_body_demo/install/upper_body_demo/include/upper_body_demo/ecat/detail/thread.hpp
-- Up-to-date: /home/niic/upper_body_demo/install/upper_body_demo/include/upper_body_demo/ecat/detail/sii_crc.hpp
-- Up-to-date: /home/niic/upper_body_demo/install/upper_body_demo/include/upper_body_demo/ecat/detail/esi_index.hpp
-- Up-to-date: /home/niic/upper_body_demo/install/upper_body_demo/include/upper_body_demo/ecat/dc.hpp
-- Up-to-date: /home/niic/upper_body_demo/install/upper_body_demo/include/upper_body_demo/ecat/task.hpp
-- Up-to-date: /home/niic/upper_body_demo/install/upper_body_demo/include/upper_body_demo/ecat/version.hpp
-- Up-to-date: /home/niic/upper_body_demo/install/upper_body_demo/include/upper_body_demo/ecat/run_time_stat.hpp
-- Up-to-date: /home/niic/upper_body_demo/install/upper_body_demo/include/upper_body_demo/ecat/thread_rtlock.hpp
-- Up-to-date: /home/niic/upper_body_demo/install/upper_body_demo/include/upper_body_demo/ecat/task_assist.hpp
-- Up-to-date: /home/niic/upper_body_demo/install/upper_body_demo/include/upper_body_demo/ecat/slave_config.hpp
-- Up-to-date: /home/niic/upper_body_demo/install/upper_body_demo/include/upper_body_demo/ecat/buffer_rtlocked.hpp
-- Up-to-date: /home/niic/upper_body_demo/install/upper_body_demo/include/upper_body_demo/ecat/rokae
-- Up-to-date: /home/niic/upper_body_demo/install/upper_body_demo/include/upper_body_demo/ecat/rokae/extra.hpp
-- Up-to-date: /home/niic/upper_body_demo/install/upper_body_demo/include/upper_body_demo/ecat/s2s_func.hpp
-- Up-to-date: /home/niic/upper_body_demo/install/upper_body_demo/include/upper_body_demo/ecat/niic_api.hpp
-- Up-to-date: /home/niic/upper_body_demo/install/upper_body_demo/include/upper_body_demo/ecat/algorithm_threads.hpp
-- Up-to-date: /home/niic/upper_body_demo/install/upper_body_demo/include/upper_body_demo/ecat/spi_io.hpp
-- Up-to-date: /home/niic/upper_body_demo/install/upper_body_demo/include/upper_body_demo/ecat/buffer.hpp
-- Up-to-date: /home/niic/upper_body_demo/install/upper_body_demo/include/upper_body_demo/ecat/task_interface.hpp
-- Up-to-date: /home/niic/upper_body_demo/install/upper_body_demo/include/upper_body_demo/upper_body_demo
-- Installing: /home/niic/upper_body_demo/install/upper_body_demo/share/upper_body_demo/package.dsv
