[0.161s] DEBUG:colcon:Command line arguments: ['/usr/bin/colcon', 'build']
[0.161s] DEBUG:colcon:Parsed command line arguments: Namespace(log_base=None, log_level=None, verb_name='build', build_base='build', install_base='install', merge_install=False, symlink_install=False, test_result_base=None, continue_on_error=False, executor='parallel', parallel_workers=12, event_handlers=None, ignore_user_meta=False, metas=['./colcon.meta'], base_paths=['.'], packages_ignore=None, packages_ignore_regex=None, paths=None, packages_up_to=None, packages_up_to_regex=None, packages_above=None, packages_above_and_dependencies=None, packages_above_depth=None, packages_select_by_dep=None, packages_skip_by_dep=None, packages_skip_up_to=None, packages_select_build_failed=False, packages_skip_build_finished=False, packages_select_test_failures=False, packages_skip_test_passed=False, packages_select=None, packages_skip=None, packages_select_regex=None, packages_skip_regex=None, packages_start=None, packages_end=None, allow_overriding=[], cmake_args=None, cmake_target=None, cmake_target_skip_unavailable=False, cmake_clean_cache=False, cmake_clean_first=False, cmake_force_configure=False, ament_cmake_args=None, catkin_cmake_args=None, catkin_skip_building_tests=False, verb_parser=<colcon_defaults.argument_parser.defaults.DefaultArgumentsDecorator object at 0xffff93d2caf0>, verb_extension=<colcon_core.verb.build.BuildVerb object at 0xffff93d2c4f0>, main=<bound method BuildVerb.main of <colcon_core.verb.build.BuildVerb object at 0xffff93d2c4f0>>)
[0.430s] Level 1:colcon.colcon_core.package_discovery:discover_packages(colcon_meta) check parameters
[0.430s] Level 1:colcon.colcon_core.package_discovery:discover_packages(recursive) check parameters
[0.430s] Level 1:colcon.colcon_core.package_discovery:discover_packages(ignore) check parameters
[0.431s] Level 1:colcon.colcon_core.package_discovery:discover_packages(path) check parameters
[0.431s] Level 1:colcon.colcon_core.package_discovery:discover_packages(colcon_meta) discover
[0.431s] Level 1:colcon.colcon_core.package_discovery:discover_packages(recursive) discover
[0.431s] INFO:colcon.colcon_core.package_discovery:Crawling recursively for packages in '/home/niic/upper_body_demo/src'
[0.431s] Level 1:colcon.colcon_core.package_identification:_identify(.) by extensions ['ignore', 'ignore_ament_install']
[0.431s] Level 1:colcon.colcon_core.package_identification:_identify(.) by extension 'ignore'
[0.431s] Level 1:colcon.colcon_core.package_identification:_identify(.) by extension 'ignore_ament_install'
[0.431s] Level 1:colcon.colcon_core.package_identification:_identify(.) by extensions ['colcon_pkg']
[0.431s] Level 1:colcon.colcon_core.package_identification:_identify(.) by extension 'colcon_pkg'
[0.431s] Level 1:colcon.colcon_core.package_identification:_identify(.) by extensions ['colcon_meta']
[0.431s] Level 1:colcon.colcon_core.package_identification:_identify(.) by extension 'colcon_meta'
[0.432s] Level 1:colcon.colcon_core.package_identification:_identify(.) by extensions ['ros']
[0.432s] Level 1:colcon.colcon_core.package_identification:_identify(.) by extension 'ros'
[0.447s] Level 1:colcon.colcon_core.package_identification:_identify(.) by extensions ['cmake', 'python']
[0.447s] Level 1:colcon.colcon_core.package_identification:_identify(.) by extension 'cmake'
[0.447s] Level 1:colcon.colcon_core.package_identification:_identify(.) by extension 'python'
[0.447s] Level 1:colcon.colcon_core.package_identification:_identify(.) by extensions ['python_setup_py']
[0.447s] Level 1:colcon.colcon_core.package_identification:_identify(.) by extension 'python_setup_py'
[0.448s] Level 1:colcon.colcon_core.package_identification:_identify(build) by extensions ['ignore', 'ignore_ament_install']
[0.448s] Level 1:colcon.colcon_core.package_identification:_identify(build) by extension 'ignore'
[0.448s] Level 1:colcon.colcon_core.package_identification:_identify(build) ignored
[0.448s] Level 1:colcon.colcon_core.package_identification:_identify(dex_hand) by extensions ['ignore', 'ignore_ament_install']
[0.448s] Level 1:colcon.colcon_core.package_identification:_identify(dex_hand) by extension 'ignore'
[0.448s] Level 1:colcon.colcon_core.package_identification:_identify(dex_hand) by extension 'ignore_ament_install'
[0.448s] Level 1:colcon.colcon_core.package_identification:_identify(dex_hand) by extensions ['colcon_pkg']
[0.448s] Level 1:colcon.colcon_core.package_identification:_identify(dex_hand) by extension 'colcon_pkg'
[0.449s] Level 1:colcon.colcon_core.package_identification:_identify(dex_hand) by extensions ['colcon_meta']
[0.449s] Level 1:colcon.colcon_core.package_identification:_identify(dex_hand) by extension 'colcon_meta'
[0.449s] Level 1:colcon.colcon_core.package_identification:_identify(dex_hand) by extensions ['ros']
[0.449s] Level 1:colcon.colcon_core.package_identification:_identify(dex_hand) by extension 'ros'
[0.453s] DEBUG:colcon.colcon_core.package_identification:Found ROS schema reference in package manifest in 'dex_hand'
[0.453s] WARNING:colcon.colcon_core.package_identification:Failed to parse ROS package manifest in 'dex_hand': Error(s) in package 'dex_hand/package.xml':
Invalid email "niic" for person "niic"
[0.453s] Level 1:colcon.colcon_core.package_identification:_identify(dex_hand) by extensions ['cmake', 'python']
[0.453s] Level 1:colcon.colcon_core.package_identification:_identify(dex_hand) by extension 'cmake'
[0.453s] Level 1:colcon.colcon_core.package_identification:_identify(dex_hand) by extension 'python'
[0.453s] DEBUG:colcon.colcon_core.package_identification:Python package in 'dex_hand' passes arguments to the setup() function which requires a different identification extension than 'python'
[0.453s] Level 1:colcon.colcon_core.package_identification:_identify(dex_hand) by extensions ['python_setup_py']
[0.453s] Level 1:colcon.colcon_core.package_identification:_identify(dex_hand) by extension 'python_setup_py'
[0.857s] DEBUG:colcon.colcon_core.package_identification:Package 'dex_hand' with type 'python' and name 'dex_hand'
[0.858s] Level 1:colcon.colcon_core.package_identification:_identify(install) by extensions ['ignore', 'ignore_ament_install']
[0.858s] Level 1:colcon.colcon_core.package_identification:_identify(install) by extension 'ignore'
[0.858s] Level 1:colcon.colcon_core.package_identification:_identify(install) ignored
[0.858s] Level 1:colcon.colcon_core.package_identification:_identify(log) by extensions ['ignore', 'ignore_ament_install']
[0.858s] Level 1:colcon.colcon_core.package_identification:_identify(log) by extension 'ignore'
[0.858s] Level 1:colcon.colcon_core.package_identification:_identify(log) ignored
[0.858s] Level 1:colcon.colcon_core.package_identification:_identify(upper_body_demo) by extensions ['ignore', 'ignore_ament_install']
[0.859s] Level 1:colcon.colcon_core.package_identification:_identify(upper_body_demo) by extension 'ignore'
[0.859s] Level 1:colcon.colcon_core.package_identification:_identify(upper_body_demo) by extension 'ignore_ament_install'
[0.859s] Level 1:colcon.colcon_core.package_identification:_identify(upper_body_demo) by extensions ['colcon_pkg']
[0.859s] Level 1:colcon.colcon_core.package_identification:_identify(upper_body_demo) by extension 'colcon_pkg'
[0.859s] Level 1:colcon.colcon_core.package_identification:_identify(upper_body_demo) by extensions ['colcon_meta']
[0.859s] Level 1:colcon.colcon_core.package_identification:_identify(upper_body_demo) by extension 'colcon_meta'
[0.859s] Level 1:colcon.colcon_core.package_identification:_identify(upper_body_demo) by extensions ['ros']
[0.859s] Level 1:colcon.colcon_core.package_identification:_identify(upper_body_demo) by extension 'ros'
[0.860s] DEBUG:colcon.colcon_core.package_identification:Package 'upper_body_demo' with type 'ros.ament_cmake' and name 'upper_body_demo'
[0.860s] Level 1:colcon.colcon_core.package_discovery:discover_packages(recursive) using defaults
[0.861s] Level 1:colcon.colcon_core.package_discovery:discover_packages(ignore) discover
[0.861s] Level 1:colcon.colcon_core.package_discovery:discover_packages(ignore) using defaults
[0.861s] Level 1:colcon.colcon_core.package_discovery:discover_packages(path) discover
[0.861s] Level 1:colcon.colcon_core.package_discovery:discover_packages(path) using defaults
[0.912s] Level 1:colcon.colcon_core.package_discovery:discover_packages(prefix_path) check parameters
[0.913s] Level 1:colcon.colcon_core.package_discovery:discover_packages(prefix_path) discover
[0.916s] DEBUG:colcon.colcon_installed_package_information.package_discovery:Found 2 installed packages in /home/niic/tr5-orin/ros2_ws/install
[0.916s] DEBUG:colcon.colcon_installed_package_information.package_discovery:Found 1 installed packages in /home/niic/IMU/install
[0.918s] DEBUG:colcon.colcon_installed_package_information.package_discovery:Found 276 installed packages in /opt/ros/humble
[0.920s] Level 1:colcon.colcon_core.package_discovery:discover_packages(prefix_path) using defaults
[0.973s] Level 5:colcon.colcon_core.verb:set package 'dex_hand' build argument 'cmake_args' from command line to 'None'
[0.973s] Level 5:colcon.colcon_core.verb:set package 'dex_hand' build argument 'cmake_target' from command line to 'None'
[0.974s] Level 5:colcon.colcon_core.verb:set package 'dex_hand' build argument 'cmake_target_skip_unavailable' from command line to 'False'
[0.974s] Level 5:colcon.colcon_core.verb:set package 'dex_hand' build argument 'cmake_clean_cache' from command line to 'False'
[0.974s] Level 5:colcon.colcon_core.verb:set package 'dex_hand' build argument 'cmake_clean_first' from command line to 'False'
[0.974s] Level 5:colcon.colcon_core.verb:set package 'dex_hand' build argument 'cmake_force_configure' from command line to 'False'
[0.974s] Level 5:colcon.colcon_core.verb:set package 'dex_hand' build argument 'ament_cmake_args' from command line to 'None'
[0.974s] Level 5:colcon.colcon_core.verb:set package 'dex_hand' build argument 'catkin_cmake_args' from command line to 'None'
[0.974s] Level 5:colcon.colcon_core.verb:set package 'dex_hand' build argument 'catkin_skip_building_tests' from command line to 'False'
[0.974s] DEBUG:colcon.colcon_core.verb:Building package 'dex_hand' with the following arguments: {'ament_cmake_args': None, 'build_base': '/home/niic/upper_body_demo/src/build/dex_hand', 'catkin_cmake_args': None, 'catkin_skip_building_tests': False, 'cmake_args': None, 'cmake_clean_cache': False, 'cmake_clean_first': False, 'cmake_force_configure': False, 'cmake_target': None, 'cmake_target_skip_unavailable': False, 'install_base': '/home/niic/upper_body_demo/src/install/dex_hand', 'merge_install': False, 'path': '/home/niic/upper_body_demo/src/dex_hand', 'symlink_install': False, 'test_result_base': None}
[0.974s] Level 5:colcon.colcon_core.verb:set package 'upper_body_demo' build argument 'cmake_args' from command line to 'None'
[0.974s] Level 5:colcon.colcon_core.verb:set package 'upper_body_demo' build argument 'cmake_target' from command line to 'None'
[0.974s] Level 5:colcon.colcon_core.verb:set package 'upper_body_demo' build argument 'cmake_target_skip_unavailable' from command line to 'False'
[0.974s] Level 5:colcon.colcon_core.verb:set package 'upper_body_demo' build argument 'cmake_clean_cache' from command line to 'False'
[0.974s] Level 5:colcon.colcon_core.verb:set package 'upper_body_demo' build argument 'cmake_clean_first' from command line to 'False'
[0.974s] Level 5:colcon.colcon_core.verb:set package 'upper_body_demo' build argument 'cmake_force_configure' from command line to 'False'
[0.975s] Level 5:colcon.colcon_core.verb:set package 'upper_body_demo' build argument 'ament_cmake_args' from command line to 'None'
[0.975s] Level 5:colcon.colcon_core.verb:set package 'upper_body_demo' build argument 'catkin_cmake_args' from command line to 'None'
[0.975s] Level 5:colcon.colcon_core.verb:set package 'upper_body_demo' build argument 'catkin_skip_building_tests' from command line to 'False'
[0.975s] DEBUG:colcon.colcon_core.verb:Building package 'upper_body_demo' with the following arguments: {'ament_cmake_args': None, 'build_base': '/home/niic/upper_body_demo/src/build/upper_body_demo', 'catkin_cmake_args': None, 'catkin_skip_building_tests': False, 'cmake_args': None, 'cmake_clean_cache': False, 'cmake_clean_first': False, 'cmake_force_configure': False, 'cmake_target': None, 'cmake_target_skip_unavailable': False, 'install_base': '/home/niic/upper_body_demo/src/install/upper_body_demo', 'merge_install': False, 'path': '/home/niic/upper_body_demo/src/upper_body_demo', 'symlink_install': False, 'test_result_base': None}
[0.975s] INFO:colcon.colcon_core.executor:Executing jobs using 'parallel' executor
[0.976s] DEBUG:colcon.colcon_parallel_executor.executor.parallel:run_until_complete
[0.977s] INFO:colcon.colcon_core.task.python.build:Building Python package in '/home/niic/upper_body_demo/src/dex_hand'
[0.980s] INFO:colcon.colcon_core.plugin_system:Skipping extension 'colcon_core.shell.bat': Not used on non-Windows systems
[0.980s] INFO:colcon.colcon_core.shell:Skip shell extension 'powershell' for command environment: Not usable outside of PowerShell
[0.980s] DEBUG:colcon.colcon_core.shell:Skip shell extension 'dsv' for command environment
[0.985s] INFO:colcon.colcon_ros.task.ament_cmake.build:Building ROS package in '/home/niic/upper_body_demo/src/upper_body_demo' with build type 'ament_cmake'
[0.985s] INFO:colcon.colcon_cmake.task.cmake.build:Building CMake package in '/home/niic/upper_body_demo/src/upper_body_demo'
[0.986s] INFO:colcon.colcon_core.shell:Skip shell extension 'powershell' for command environment: Not usable outside of PowerShell
[0.986s] DEBUG:colcon.colcon_core.shell:Skip shell extension 'dsv' for command environment
[1.406s] DEBUG:colcon.colcon_core.event_handler.log_command:Invoking command in '/home/niic/upper_body_demo/src/build/upper_body_demo': CMAKE_PREFIX_PATH=${CMAKE_PREFIX_PATH}:/opt/ros/humble /usr/bin/cmake --build /home/niic/upper_body_demo/src/build/upper_body_demo -- -j12 -l12
[2.004s] DEBUG:colcon.colcon_core.event_handler.log_command:Invoking command in '/home/niic/upper_body_demo/src/dex_hand': PYTHONPATH=/home/niic/upper_body_demo/src/build/dex_hand/prefix_override:/usr/lib/python3/dist-packages/colcon_core/task/python/colcon_distutils_commands:/home/niic/upper_body_demo/src/install/dex_hand/lib/python3.10/site-packages:${PYTHONPATH} /usr/bin/python3 -W ignore:setup.py install is deprecated -W ignore:easy_install command is deprecated setup.py egg_info --egg-base ../build/dex_hand build --build-base /home/niic/upper_body_demo/src/build/dex_hand/build install --record /home/niic/upper_body_demo/src/build/dex_hand/install.log --single-version-externally-managed install_data
[2.471s] DEBUG:colcon.colcon_core.event_handler.log_command:Invoked command in '/home/niic/upper_body_demo/src/dex_hand' returned '0': PYTHONPATH=/home/niic/upper_body_demo/src/build/dex_hand/prefix_override:/usr/lib/python3/dist-packages/colcon_core/task/python/colcon_distutils_commands:/home/niic/upper_body_demo/src/install/dex_hand/lib/python3.10/site-packages:${PYTHONPATH} /usr/bin/python3 -W ignore:setup.py install is deprecated -W ignore:easy_install command is deprecated setup.py egg_info --egg-base ../build/dex_hand build --build-base /home/niic/upper_body_demo/src/build/dex_hand/build install --record /home/niic/upper_body_demo/src/build/dex_hand/install.log --single-version-externally-managed install_data
[2.474s] Level 1:colcon.colcon_core.environment:checking '/home/niic/upper_body_demo/src/install/dex_hand' for CMake module files
[2.475s] Level 1:colcon.colcon_core.environment:checking '/home/niic/upper_body_demo/src/install/dex_hand' for CMake config files
[2.476s] Level 1:colcon.colcon_core.environment:checking '/home/niic/upper_body_demo/src/install/dex_hand/lib'
[2.476s] Level 1:colcon.colcon_core.environment:checking '/home/niic/upper_body_demo/src/install/dex_hand/bin'
[2.476s] Level 1:colcon.colcon_core.environment:checking '/home/niic/upper_body_demo/src/install/dex_hand/lib/pkgconfig/dex_hand.pc'
[2.476s] Level 1:colcon.colcon_core.environment:checking '/home/niic/upper_body_demo/src/install/dex_hand/lib/python3.10/site-packages'
[2.476s] Level 1:colcon.colcon_core.shell:create_environment_hook('dex_hand', 'pythonpath')
[2.477s] INFO:colcon.colcon_core.shell:Creating environment hook '/home/niic/upper_body_demo/src/install/dex_hand/share/dex_hand/hook/pythonpath.ps1'
[2.478s] INFO:colcon.colcon_core.shell:Creating environment descriptor '/home/niic/upper_body_demo/src/install/dex_hand/share/dex_hand/hook/pythonpath.dsv'
[2.478s] INFO:colcon.colcon_core.shell:Creating environment hook '/home/niic/upper_body_demo/src/install/dex_hand/share/dex_hand/hook/pythonpath.sh'
[2.480s] Level 1:colcon.colcon_core.environment:checking '/home/niic/upper_body_demo/src/install/dex_hand/bin'
[2.480s] Level 1:colcon.colcon_core.environment:create_environment_scripts_only(dex_hand)
[2.480s] INFO:colcon.colcon_core.shell:Creating package script '/home/niic/upper_body_demo/src/install/dex_hand/share/dex_hand/package.ps1'
[2.481s] INFO:colcon.colcon_core.shell:Creating package descriptor '/home/niic/upper_body_demo/src/install/dex_hand/share/dex_hand/package.dsv'
[2.483s] INFO:colcon.colcon_core.shell:Creating package script '/home/niic/upper_body_demo/src/install/dex_hand/share/dex_hand/package.sh'
[2.483s] INFO:colcon.colcon_core.shell:Creating package script '/home/niic/upper_body_demo/src/install/dex_hand/share/dex_hand/package.bash'
[2.484s] INFO:colcon.colcon_core.shell:Creating package script '/home/niic/upper_body_demo/src/install/dex_hand/share/dex_hand/package.zsh'
[2.485s] Level 1:colcon.colcon_core.environment:create_file_with_runtime_dependencies(/home/niic/upper_body_demo/src/install/dex_hand/share/colcon-core/packages/dex_hand)
[5.823s] DEBUG:colcon.colcon_core.event_handler.log_command:Invoked command in '/home/niic/upper_body_demo/src/build/upper_body_demo' returned '0': CMAKE_PREFIX_PATH=${CMAKE_PREFIX_PATH}:/opt/ros/humble /usr/bin/cmake --build /home/niic/upper_body_demo/src/build/upper_body_demo -- -j12 -l12
[5.838s] DEBUG:colcon.colcon_core.event_handler.log_command:Invoking command in '/home/niic/upper_body_demo/src/build/upper_body_demo': CMAKE_PREFIX_PATH=${CMAKE_PREFIX_PATH}:/opt/ros/humble /usr/bin/cmake --install /home/niic/upper_body_demo/src/build/upper_body_demo
[5.865s] Level 1:colcon.colcon_core.environment:create_environment_scripts_only(upper_body_demo)
[5.866s] Level 1:colcon.colcon_core.environment:checking '/home/niic/upper_body_demo/src/install/upper_body_demo' for CMake module files
[5.868s] Level 1:colcon.colcon_core.environment:checking '/home/niic/upper_body_demo/src/install/upper_body_demo' for CMake config files
[5.869s] DEBUG:colcon.colcon_core.event_handler.log_command:Invoked command in '/home/niic/upper_body_demo/src/build/upper_body_demo' returned '0': CMAKE_PREFIX_PATH=${CMAKE_PREFIX_PATH}:/opt/ros/humble /usr/bin/cmake --install /home/niic/upper_body_demo/src/build/upper_body_demo
[5.869s] Level 1:colcon.colcon_core.shell:create_environment_hook('upper_body_demo', 'cmake_prefix_path')
[5.869s] INFO:colcon.colcon_core.shell:Creating environment hook '/home/niic/upper_body_demo/src/install/upper_body_demo/share/upper_body_demo/hook/cmake_prefix_path.ps1'
[5.870s] INFO:colcon.colcon_core.shell:Creating environment descriptor '/home/niic/upper_body_demo/src/install/upper_body_demo/share/upper_body_demo/hook/cmake_prefix_path.dsv'
[5.871s] INFO:colcon.colcon_core.shell:Creating environment hook '/home/niic/upper_body_demo/src/install/upper_body_demo/share/upper_body_demo/hook/cmake_prefix_path.sh'
[5.872s] Level 1:colcon.colcon_core.environment:checking '/home/niic/upper_body_demo/src/install/upper_body_demo/lib'
[5.872s] Level 1:colcon.colcon_core.environment:checking '/home/niic/upper_body_demo/src/install/upper_body_demo/bin'
[5.872s] Level 1:colcon.colcon_core.environment:checking '/home/niic/upper_body_demo/src/install/upper_body_demo/lib/pkgconfig/upper_body_demo.pc'
[5.872s] Level 1:colcon.colcon_core.environment:checking '/home/niic/upper_body_demo/src/install/upper_body_demo/lib/python3.10/site-packages'
[5.873s] Level 1:colcon.colcon_core.environment:checking '/home/niic/upper_body_demo/src/install/upper_body_demo/bin'
[5.873s] INFO:colcon.colcon_core.shell:Creating package script '/home/niic/upper_body_demo/src/install/upper_body_demo/share/upper_body_demo/package.ps1'
[5.874s] INFO:colcon.colcon_core.shell:Creating package descriptor '/home/niic/upper_body_demo/src/install/upper_body_demo/share/upper_body_demo/package.dsv'
[5.874s] INFO:colcon.colcon_core.shell:Creating package script '/home/niic/upper_body_demo/src/install/upper_body_demo/share/upper_body_demo/package.sh'
[5.875s] INFO:colcon.colcon_core.shell:Creating package script '/home/niic/upper_body_demo/src/install/upper_body_demo/share/upper_body_demo/package.bash'
[5.875s] INFO:colcon.colcon_core.shell:Creating package script '/home/niic/upper_body_demo/src/install/upper_body_demo/share/upper_body_demo/package.zsh'
[5.876s] Level 1:colcon.colcon_core.environment:create_file_with_runtime_dependencies(/home/niic/upper_body_demo/src/install/upper_body_demo/share/colcon-core/packages/upper_body_demo)
[5.877s] Level 1:colcon.colcon_core.environment:create_environment_scripts_only(upper_body_demo)
[5.877s] Level 1:colcon.colcon_core.environment:checking '/home/niic/upper_body_demo/src/install/upper_body_demo' for CMake module files
[5.878s] Level 1:colcon.colcon_core.environment:checking '/home/niic/upper_body_demo/src/install/upper_body_demo' for CMake config files
[5.878s] Level 1:colcon.colcon_core.shell:create_environment_hook('upper_body_demo', 'cmake_prefix_path')
[5.878s] INFO:colcon.colcon_core.shell:Creating environment hook '/home/niic/upper_body_demo/src/install/upper_body_demo/share/upper_body_demo/hook/cmake_prefix_path.ps1'
[5.879s] INFO:colcon.colcon_core.shell:Creating environment descriptor '/home/niic/upper_body_demo/src/install/upper_body_demo/share/upper_body_demo/hook/cmake_prefix_path.dsv'
[5.880s] INFO:colcon.colcon_core.shell:Creating environment hook '/home/niic/upper_body_demo/src/install/upper_body_demo/share/upper_body_demo/hook/cmake_prefix_path.sh'
[5.880s] Level 1:colcon.colcon_core.environment:checking '/home/niic/upper_body_demo/src/install/upper_body_demo/lib'
[5.880s] Level 1:colcon.colcon_core.environment:checking '/home/niic/upper_body_demo/src/install/upper_body_demo/bin'
[5.880s] Level 1:colcon.colcon_core.environment:checking '/home/niic/upper_body_demo/src/install/upper_body_demo/lib/pkgconfig/upper_body_demo.pc'
[5.881s] Level 1:colcon.colcon_core.environment:checking '/home/niic/upper_body_demo/src/install/upper_body_demo/lib/python3.10/site-packages'
[5.881s] Level 1:colcon.colcon_core.environment:checking '/home/niic/upper_body_demo/src/install/upper_body_demo/bin'
[5.881s] INFO:colcon.colcon_core.shell:Creating package script '/home/niic/upper_body_demo/src/install/upper_body_demo/share/upper_body_demo/package.ps1'
[5.882s] INFO:colcon.colcon_core.shell:Creating package descriptor '/home/niic/upper_body_demo/src/install/upper_body_demo/share/upper_body_demo/package.dsv'
[5.883s] INFO:colcon.colcon_core.shell:Creating package script '/home/niic/upper_body_demo/src/install/upper_body_demo/share/upper_body_demo/package.sh'
[5.883s] INFO:colcon.colcon_core.shell:Creating package script '/home/niic/upper_body_demo/src/install/upper_body_demo/share/upper_body_demo/package.bash'
[5.884s] INFO:colcon.colcon_core.shell:Creating package script '/home/niic/upper_body_demo/src/install/upper_body_demo/share/upper_body_demo/package.zsh'
[5.885s] Level 1:colcon.colcon_core.environment:create_file_with_runtime_dependencies(/home/niic/upper_body_demo/src/install/upper_body_demo/share/colcon-core/packages/upper_body_demo)
[5.885s] DEBUG:colcon.colcon_parallel_executor.executor.parallel:closing loop
[5.886s] DEBUG:colcon.colcon_parallel_executor.executor.parallel:loop closed
[5.886s] DEBUG:colcon.colcon_parallel_executor.executor.parallel:run_until_complete finished with '0'
[5.886s] DEBUG:colcon.colcon_core.event_reactor:joining thread
[5.894s] INFO:colcon.colcon_core.plugin_system:Skipping extension 'colcon_notification.desktop_notification.terminal_notifier': Not used on non-Darwin systems
[5.894s] INFO:colcon.colcon_core.plugin_system:Skipping extension 'colcon_notification.desktop_notification.win32': Not used on non-Windows systems
[5.894s] INFO:colcon.colcon_notification.desktop_notification:Sending desktop notification using 'notify2'
[5.911s] DEBUG:colcon.colcon_notification.desktop_notification.notify2:Failed to initialize notify2: org.freedesktop.DBus.Error.Spawn.ChildExited: Process org.freedesktop.Notifications exited with status 1
[5.912s] DEBUG:colcon.colcon_core.event_reactor:joined thread
[5.912s] INFO:colcon.colcon_core.shell:Creating prefix script '/home/niic/upper_body_demo/src/install/local_setup.ps1'
[5.914s] INFO:colcon.colcon_core.shell:Creating prefix util module '/home/niic/upper_body_demo/src/install/_local_setup_util_ps1.py'
[5.916s] INFO:colcon.colcon_core.shell:Creating prefix chain script '/home/niic/upper_body_demo/src/install/setup.ps1'
[5.918s] INFO:colcon.colcon_core.shell:Creating prefix script '/home/niic/upper_body_demo/src/install/local_setup.sh'
[5.918s] INFO:colcon.colcon_core.shell:Creating prefix util module '/home/niic/upper_body_demo/src/install/_local_setup_util_sh.py'
[5.919s] INFO:colcon.colcon_core.shell:Creating prefix chain script '/home/niic/upper_body_demo/src/install/setup.sh'
[5.921s] INFO:colcon.colcon_core.shell:Creating prefix script '/home/niic/upper_body_demo/src/install/local_setup.bash'
[5.921s] INFO:colcon.colcon_core.shell:Creating prefix chain script '/home/niic/upper_body_demo/src/install/setup.bash'
[5.923s] INFO:colcon.colcon_core.shell:Creating prefix script '/home/niic/upper_body_demo/src/install/local_setup.zsh'
[5.924s] INFO:colcon.colcon_core.shell:Creating prefix chain script '/home/niic/upper_body_demo/src/install/setup.zsh'
