[0.166s] DEBUG:colcon:Command line arguments: ['/usr/bin/colcon', 'build']
[0.166s] DEBUG:colcon:Parsed command line arguments: Namespace(log_base=None, log_level=None, verb_name='build', build_base='build', install_base='install', merge_install=False, symlink_install=False, test_result_base=None, continue_on_error=False, executor='parallel', parallel_workers=12, event_handlers=None, ignore_user_meta=False, metas=['./colcon.meta'], base_paths=['.'], packages_ignore=None, packages_ignore_regex=None, paths=None, packages_up_to=None, packages_up_to_regex=None, packages_above=None, packages_above_and_dependencies=None, packages_above_depth=None, packages_select_by_dep=None, packages_skip_by_dep=None, packages_skip_up_to=None, packages_select_build_failed=False, packages_skip_build_finished=False, packages_select_test_failures=False, packages_skip_test_passed=False, packages_select=None, packages_skip=None, packages_select_regex=None, packages_skip_regex=None, packages_start=None, packages_end=None, allow_overriding=[], cmake_args=None, cmake_target=None, cmake_target_skip_unavailable=False, cmake_clean_cache=False, cmake_clean_first=False, cmake_force_configure=False, ament_cmake_args=None, catkin_cmake_args=None, catkin_skip_building_tests=False, verb_parser=<colcon_defaults.argument_parser.defaults.DefaultArgumentsDecorator object at 0xffffb68b4fa0>, verb_extension=<colcon_core.verb.build.BuildVerb object at 0xffffb68b49a0>, main=<bound method BuildVerb.main of <colcon_core.verb.build.BuildVerb object at 0xffffb68b49a0>>)
[0.467s] Level 1:colcon.colcon_core.package_discovery:discover_packages(colcon_meta) check parameters
[0.468s] Level 1:colcon.colcon_core.package_discovery:discover_packages(recursive) check parameters
[0.468s] Level 1:colcon.colcon_core.package_discovery:discover_packages(ignore) check parameters
[0.468s] Level 1:colcon.colcon_core.package_discovery:discover_packages(path) check parameters
[0.468s] Level 1:colcon.colcon_core.package_discovery:discover_packages(colcon_meta) discover
[0.468s] Level 1:colcon.colcon_core.package_discovery:discover_packages(recursive) discover
[0.468s] INFO:colcon.colcon_core.package_discovery:Crawling recursively for packages in '/home/niic/upper_body_demo'
[0.468s] Level 1:colcon.colcon_core.package_identification:_identify(.) by extensions ['ignore', 'ignore_ament_install']
[0.468s] Level 1:colcon.colcon_core.package_identification:_identify(.) by extension 'ignore'
[0.468s] Level 1:colcon.colcon_core.package_identification:_identify(.) by extension 'ignore_ament_install'
[0.469s] Level 1:colcon.colcon_core.package_identification:_identify(.) by extensions ['colcon_pkg']
[0.469s] Level 1:colcon.colcon_core.package_identification:_identify(.) by extension 'colcon_pkg'
[0.469s] Level 1:colcon.colcon_core.package_identification:_identify(.) by extensions ['colcon_meta']
[0.469s] Level 1:colcon.colcon_core.package_identification:_identify(.) by extension 'colcon_meta'
[0.469s] Level 1:colcon.colcon_core.package_identification:_identify(.) by extensions ['ros']
[0.469s] Level 1:colcon.colcon_core.package_identification:_identify(.) by extension 'ros'
[0.504s] Level 1:colcon.colcon_core.package_identification:_identify(.) by extensions ['cmake', 'python']
[0.504s] Level 1:colcon.colcon_core.package_identification:_identify(.) by extension 'cmake'
[0.504s] Level 1:colcon.colcon_core.package_identification:_identify(.) by extension 'python'
[0.504s] Level 1:colcon.colcon_core.package_identification:_identify(.) by extensions ['python_setup_py']
[0.504s] Level 1:colcon.colcon_core.package_identification:_identify(.) by extension 'python_setup_py'
[0.504s] Level 1:colcon.colcon_core.package_identification:_identify(build) by extensions ['ignore', 'ignore_ament_install']
[0.504s] Level 1:colcon.colcon_core.package_identification:_identify(build) by extension 'ignore'
[0.505s] Level 1:colcon.colcon_core.package_identification:_identify(build) ignored
[0.505s] Level 1:colcon.colcon_core.package_identification:_identify(install) by extensions ['ignore', 'ignore_ament_install']
[0.505s] Level 1:colcon.colcon_core.package_identification:_identify(install) by extension 'ignore'
[0.505s] Level 1:colcon.colcon_core.package_identification:_identify(install) ignored
[0.505s] Level 1:colcon.colcon_core.package_identification:_identify(log) by extensions ['ignore', 'ignore_ament_install']
[0.505s] Level 1:colcon.colcon_core.package_identification:_identify(log) by extension 'ignore'
[0.505s] Level 1:colcon.colcon_core.package_identification:_identify(log) ignored
[0.506s] Level 1:colcon.colcon_core.package_identification:_identify(src) by extensions ['ignore', 'ignore_ament_install']
[0.506s] Level 1:colcon.colcon_core.package_identification:_identify(src) by extension 'ignore'
[0.506s] Level 1:colcon.colcon_core.package_identification:_identify(src) by extension 'ignore_ament_install'
[0.506s] Level 1:colcon.colcon_core.package_identification:_identify(src) by extensions ['colcon_pkg']
[0.506s] Level 1:colcon.colcon_core.package_identification:_identify(src) by extension 'colcon_pkg'
[0.506s] Level 1:colcon.colcon_core.package_identification:_identify(src) by extensions ['colcon_meta']
[0.506s] Level 1:colcon.colcon_core.package_identification:_identify(src) by extension 'colcon_meta'
[0.506s] Level 1:colcon.colcon_core.package_identification:_identify(src) by extensions ['ros']
[0.506s] Level 1:colcon.colcon_core.package_identification:_identify(src) by extension 'ros'
[0.506s] Level 1:colcon.colcon_core.package_identification:_identify(src) by extensions ['cmake', 'python']
[0.506s] Level 1:colcon.colcon_core.package_identification:_identify(src) by extension 'cmake'
[0.506s] Level 1:colcon.colcon_core.package_identification:_identify(src) by extension 'python'
[0.507s] Level 1:colcon.colcon_core.package_identification:_identify(src) by extensions ['python_setup_py']
[0.507s] Level 1:colcon.colcon_core.package_identification:_identify(src) by extension 'python_setup_py'
[0.507s] Level 1:colcon.colcon_core.package_identification:_identify(src/upper_body_demo) by extensions ['ignore', 'ignore_ament_install']
[0.507s] Level 1:colcon.colcon_core.package_identification:_identify(src/upper_body_demo) by extension 'ignore'
[0.507s] Level 1:colcon.colcon_core.package_identification:_identify(src/upper_body_demo) by extension 'ignore_ament_install'
[0.507s] Level 1:colcon.colcon_core.package_identification:_identify(src/upper_body_demo) by extensions ['colcon_pkg']
[0.507s] Level 1:colcon.colcon_core.package_identification:_identify(src/upper_body_demo) by extension 'colcon_pkg'
[0.507s] Level 1:colcon.colcon_core.package_identification:_identify(src/upper_body_demo) by extensions ['colcon_meta']
[0.507s] Level 1:colcon.colcon_core.package_identification:_identify(src/upper_body_demo) by extension 'colcon_meta'
[0.507s] Level 1:colcon.colcon_core.package_identification:_identify(src/upper_body_demo) by extensions ['ros']
[0.507s] Level 1:colcon.colcon_core.package_identification:_identify(src/upper_body_demo) by extension 'ros'
[0.511s] DEBUG:colcon.colcon_core.package_identification:Package 'src/upper_body_demo' with type 'ros.ament_cmake' and name 'upper_body_demo'
[0.511s] Level 1:colcon.colcon_core.package_discovery:discover_packages(recursive) using defaults
[0.512s] Level 1:colcon.colcon_core.package_discovery:discover_packages(ignore) discover
[0.512s] Level 1:colcon.colcon_core.package_discovery:discover_packages(ignore) using defaults
[0.512s] Level 1:colcon.colcon_core.package_discovery:discover_packages(path) discover
[0.512s] Level 1:colcon.colcon_core.package_discovery:discover_packages(path) using defaults
[0.542s] Level 1:colcon.colcon_core.package_discovery:discover_packages(prefix_path) check parameters
[0.542s] Level 1:colcon.colcon_core.package_discovery:discover_packages(prefix_path) discover
[0.545s] DEBUG:colcon.colcon_installed_package_information.package_discovery:Found 2 installed packages in /home/niic/tr5-orin/ros2_ws/install
[0.546s] DEBUG:colcon.colcon_installed_package_information.package_discovery:Found 1 installed packages in /home/niic/IMU/install
[0.547s] DEBUG:colcon.colcon_installed_package_information.package_discovery:Found 276 installed packages in /opt/ros/humble
[0.549s] Level 1:colcon.colcon_core.package_discovery:discover_packages(prefix_path) using defaults
[0.603s] Level 5:colcon.colcon_core.verb:set package 'upper_body_demo' build argument 'cmake_args' from command line to 'None'
[0.603s] Level 5:colcon.colcon_core.verb:set package 'upper_body_demo' build argument 'cmake_target' from command line to 'None'
[0.603s] Level 5:colcon.colcon_core.verb:set package 'upper_body_demo' build argument 'cmake_target_skip_unavailable' from command line to 'False'
[0.603s] Level 5:colcon.colcon_core.verb:set package 'upper_body_demo' build argument 'cmake_clean_cache' from command line to 'False'
[0.603s] Level 5:colcon.colcon_core.verb:set package 'upper_body_demo' build argument 'cmake_clean_first' from command line to 'False'
[0.603s] Level 5:colcon.colcon_core.verb:set package 'upper_body_demo' build argument 'cmake_force_configure' from command line to 'False'
[0.603s] Level 5:colcon.colcon_core.verb:set package 'upper_body_demo' build argument 'ament_cmake_args' from command line to 'None'
[0.603s] Level 5:colcon.colcon_core.verb:set package 'upper_body_demo' build argument 'catkin_cmake_args' from command line to 'None'
[0.603s] Level 5:colcon.colcon_core.verb:set package 'upper_body_demo' build argument 'catkin_skip_building_tests' from command line to 'False'
[0.603s] DEBUG:colcon.colcon_core.verb:Building package 'upper_body_demo' with the following arguments: {'ament_cmake_args': None, 'build_base': '/home/niic/upper_body_demo/build/upper_body_demo', 'catkin_cmake_args': None, 'catkin_skip_building_tests': False, 'cmake_args': None, 'cmake_clean_cache': False, 'cmake_clean_first': False, 'cmake_force_configure': False, 'cmake_target': None, 'cmake_target_skip_unavailable': False, 'install_base': '/home/niic/upper_body_demo/install/upper_body_demo', 'merge_install': False, 'path': '/home/niic/upper_body_demo/src/upper_body_demo', 'symlink_install': False, 'test_result_base': None}
[0.603s] INFO:colcon.colcon_core.executor:Executing jobs using 'parallel' executor
[0.605s] DEBUG:colcon.colcon_parallel_executor.executor.parallel:run_until_complete
[0.606s] INFO:colcon.colcon_ros.task.ament_cmake.build:Building ROS package in '/home/niic/upper_body_demo/src/upper_body_demo' with build type 'ament_cmake'
[0.606s] INFO:colcon.colcon_cmake.task.cmake.build:Building CMake package in '/home/niic/upper_body_demo/src/upper_body_demo'
[0.609s] INFO:colcon.colcon_core.plugin_system:Skipping extension 'colcon_core.shell.bat': Not used on non-Windows systems
[0.609s] INFO:colcon.colcon_core.shell:Skip shell extension 'powershell' for command environment: Not usable outside of PowerShell
[0.609s] DEBUG:colcon.colcon_core.shell:Skip shell extension 'dsv' for command environment
[0.623s] DEBUG:colcon.colcon_core.event_handler.log_command:Invoking command in '/home/niic/upper_body_demo/build/upper_body_demo': CMAKE_PREFIX_PATH=${CMAKE_PREFIX_PATH}:/opt/ros/humble /usr/bin/cmake --build /home/niic/upper_body_demo/build/upper_body_demo -- -j12 -l12
[5.080s] DEBUG:colcon.colcon_core.event_handler.log_command:Invoked command in '/home/niic/upper_body_demo/build/upper_body_demo' returned '0': CMAKE_PREFIX_PATH=${CMAKE_PREFIX_PATH}:/opt/ros/humble /usr/bin/cmake --build /home/niic/upper_body_demo/build/upper_body_demo -- -j12 -l12
[5.096s] DEBUG:colcon.colcon_core.event_handler.log_command:Invoking command in '/home/niic/upper_body_demo/build/upper_body_demo': CMAKE_PREFIX_PATH=${CMAKE_PREFIX_PATH}:/opt/ros/humble /usr/bin/cmake --install /home/niic/upper_body_demo/build/upper_body_demo
[5.131s] Level 1:colcon.colcon_core.environment:create_environment_scripts_only(upper_body_demo)
[5.134s] DEBUG:colcon.colcon_core.event_handler.log_command:Invoked command in '/home/niic/upper_body_demo/build/upper_body_demo' returned '0': CMAKE_PREFIX_PATH=${CMAKE_PREFIX_PATH}:/opt/ros/humble /usr/bin/cmake --install /home/niic/upper_body_demo/build/upper_body_demo
[5.137s] Level 1:colcon.colcon_core.environment:checking '/home/niic/upper_body_demo/install/upper_body_demo' for CMake module files
[5.138s] Level 1:colcon.colcon_core.environment:checking '/home/niic/upper_body_demo/install/upper_body_demo' for CMake config files
[5.138s] Level 1:colcon.colcon_core.shell:create_environment_hook('upper_body_demo', 'cmake_prefix_path')
[5.139s] INFO:colcon.colcon_core.shell:Creating environment hook '/home/niic/upper_body_demo/install/upper_body_demo/share/upper_body_demo/hook/cmake_prefix_path.ps1'
[5.140s] INFO:colcon.colcon_core.shell:Creating environment descriptor '/home/niic/upper_body_demo/install/upper_body_demo/share/upper_body_demo/hook/cmake_prefix_path.dsv'
[5.141s] INFO:colcon.colcon_core.shell:Creating environment hook '/home/niic/upper_body_demo/install/upper_body_demo/share/upper_body_demo/hook/cmake_prefix_path.sh'
[5.142s] Level 1:colcon.colcon_core.environment:checking '/home/niic/upper_body_demo/install/upper_body_demo/lib'
[5.143s] Level 1:colcon.colcon_core.environment:checking '/home/niic/upper_body_demo/install/upper_body_demo/bin'
[5.143s] Level 1:colcon.colcon_core.environment:checking '/home/niic/upper_body_demo/install/upper_body_demo/lib/pkgconfig/upper_body_demo.pc'
[5.143s] Level 1:colcon.colcon_core.environment:checking '/home/niic/upper_body_demo/install/upper_body_demo/lib/python3.10/site-packages'
[5.144s] Level 1:colcon.colcon_core.environment:checking '/home/niic/upper_body_demo/install/upper_body_demo/bin'
[5.144s] INFO:colcon.colcon_core.shell:Creating package script '/home/niic/upper_body_demo/install/upper_body_demo/share/upper_body_demo/package.ps1'
[5.145s] INFO:colcon.colcon_core.shell:Creating package descriptor '/home/niic/upper_body_demo/install/upper_body_demo/share/upper_body_demo/package.dsv'
[5.146s] INFO:colcon.colcon_core.shell:Creating package script '/home/niic/upper_body_demo/install/upper_body_demo/share/upper_body_demo/package.sh'
[5.147s] INFO:colcon.colcon_core.shell:Creating package script '/home/niic/upper_body_demo/install/upper_body_demo/share/upper_body_demo/package.bash'
[5.148s] INFO:colcon.colcon_core.shell:Creating package script '/home/niic/upper_body_demo/install/upper_body_demo/share/upper_body_demo/package.zsh'
[5.149s] Level 1:colcon.colcon_core.environment:create_file_with_runtime_dependencies(/home/niic/upper_body_demo/install/upper_body_demo/share/colcon-core/packages/upper_body_demo)
[5.150s] Level 1:colcon.colcon_core.environment:create_environment_scripts_only(upper_body_demo)
[5.150s] Level 1:colcon.colcon_core.environment:checking '/home/niic/upper_body_demo/install/upper_body_demo' for CMake module files
[5.151s] Level 1:colcon.colcon_core.environment:checking '/home/niic/upper_body_demo/install/upper_body_demo' for CMake config files
[5.152s] Level 1:colcon.colcon_core.shell:create_environment_hook('upper_body_demo', 'cmake_prefix_path')
[5.152s] INFO:colcon.colcon_core.shell:Creating environment hook '/home/niic/upper_body_demo/install/upper_body_demo/share/upper_body_demo/hook/cmake_prefix_path.ps1'
[5.153s] INFO:colcon.colcon_core.shell:Creating environment descriptor '/home/niic/upper_body_demo/install/upper_body_demo/share/upper_body_demo/hook/cmake_prefix_path.dsv'
[5.153s] INFO:colcon.colcon_core.shell:Creating environment hook '/home/niic/upper_body_demo/install/upper_body_demo/share/upper_body_demo/hook/cmake_prefix_path.sh'
[5.154s] Level 1:colcon.colcon_core.environment:checking '/home/niic/upper_body_demo/install/upper_body_demo/lib'
[5.154s] Level 1:colcon.colcon_core.environment:checking '/home/niic/upper_body_demo/install/upper_body_demo/bin'
[5.154s] Level 1:colcon.colcon_core.environment:checking '/home/niic/upper_body_demo/install/upper_body_demo/lib/pkgconfig/upper_body_demo.pc'
[5.155s] Level 1:colcon.colcon_core.environment:checking '/home/niic/upper_body_demo/install/upper_body_demo/lib/python3.10/site-packages'
[5.155s] Level 1:colcon.colcon_core.environment:checking '/home/niic/upper_body_demo/install/upper_body_demo/bin'
[5.155s] INFO:colcon.colcon_core.shell:Creating package script '/home/niic/upper_body_demo/install/upper_body_demo/share/upper_body_demo/package.ps1'
[5.156s] INFO:colcon.colcon_core.shell:Creating package descriptor '/home/niic/upper_body_demo/install/upper_body_demo/share/upper_body_demo/package.dsv'
[5.157s] INFO:colcon.colcon_core.shell:Creating package script '/home/niic/upper_body_demo/install/upper_body_demo/share/upper_body_demo/package.sh'
[5.157s] INFO:colcon.colcon_core.shell:Creating package script '/home/niic/upper_body_demo/install/upper_body_demo/share/upper_body_demo/package.bash'
[5.158s] INFO:colcon.colcon_core.shell:Creating package script '/home/niic/upper_body_demo/install/upper_body_demo/share/upper_body_demo/package.zsh'
[5.159s] Level 1:colcon.colcon_core.environment:create_file_with_runtime_dependencies(/home/niic/upper_body_demo/install/upper_body_demo/share/colcon-core/packages/upper_body_demo)
[5.159s] DEBUG:colcon.colcon_parallel_executor.executor.parallel:closing loop
[5.160s] DEBUG:colcon.colcon_parallel_executor.executor.parallel:loop closed
[5.160s] DEBUG:colcon.colcon_parallel_executor.executor.parallel:run_until_complete finished with '0'
[5.160s] DEBUG:colcon.colcon_core.event_reactor:joining thread
[5.168s] INFO:colcon.colcon_core.plugin_system:Skipping extension 'colcon_notification.desktop_notification.terminal_notifier': Not used on non-Darwin systems
[5.168s] INFO:colcon.colcon_core.plugin_system:Skipping extension 'colcon_notification.desktop_notification.win32': Not used on non-Windows systems
[5.168s] INFO:colcon.colcon_notification.desktop_notification:Sending desktop notification using 'notify2'
[5.185s] DEBUG:colcon.colcon_core.event_reactor:joined thread
[5.186s] INFO:colcon.colcon_core.shell:Creating prefix script '/home/niic/upper_body_demo/install/local_setup.ps1'
[5.188s] INFO:colcon.colcon_core.shell:Creating prefix util module '/home/niic/upper_body_demo/install/_local_setup_util_ps1.py'
[5.190s] INFO:colcon.colcon_core.shell:Creating prefix chain script '/home/niic/upper_body_demo/install/setup.ps1'
[5.192s] INFO:colcon.colcon_core.shell:Creating prefix script '/home/niic/upper_body_demo/install/local_setup.sh'
[5.193s] INFO:colcon.colcon_core.shell:Creating prefix util module '/home/niic/upper_body_demo/install/_local_setup_util_sh.py'
[5.194s] INFO:colcon.colcon_core.shell:Creating prefix chain script '/home/niic/upper_body_demo/install/setup.sh'
[5.196s] INFO:colcon.colcon_core.shell:Creating prefix script '/home/niic/upper_body_demo/install/local_setup.bash'
[5.197s] INFO:colcon.colcon_core.shell:Creating prefix chain script '/home/niic/upper_body_demo/install/setup.bash'
[5.198s] INFO:colcon.colcon_core.shell:Creating prefix script '/home/niic/upper_body_demo/install/local_setup.zsh'
[5.199s] INFO:colcon.colcon_core.shell:Creating prefix chain script '/home/niic/upper_body_demo/install/setup.zsh'
