[0.018s] Invoking command in '/home/niic/upper_body_demo/build/upper_body_demo': CMAKE_PREFIX_PATH=${CMAKE_PREFIX_PATH}:/opt/ros/humble /usr/bin/cmake --build /home/niic/upper_body_demo/build/upper_body_demo -- -j12 -l12
[0.051s] -- Found ament_cmake: 1.3.11 (/opt/ros/humble/share/ament_cmake/cmake)
[0.223s] -- Override CMake install command with custom implementation using symlinks instead of copying resources
[0.233s] -- Found rclcpp: 16.0.11 (/opt/ros/humble/share/rclcpp/cmake)
[0.269s] -- Found rosidl_generator_c: 3.1.6 (/opt/ros/humble/share/rosidl_generator_c/cmake)
[0.272s] -- Found rosidl_adapter: 3.1.6 (/opt/ros/humble/share/rosidl_adapter/cmake)
[0.280s] -- Found rosidl_generator_cpp: 3.1.6 (/opt/ros/humble/share/rosidl_generator_cpp/cmake)
[0.292s] -- Using all available rosidl_typesupport_c: rosidl_typesupport_fastrtps_c;rosidl_typesupport_introspection_c
[0.308s] -- Using all available rosidl_typesupport_cpp: rosidl_typesupport_fastrtps_cpp;rosidl_typesupport_introspection_cpp
[0.349s] -- Found rmw_implementation_cmake: 6.1.2 (/opt/ros/humble/share/rmw_implementation_cmake/cmake)
[0.350s] -- Found rmw_fastrtps_cpp: 6.2.7 (/opt/ros/humble/share/rmw_fastrtps_cpp/cmake)
[0.477s] -- Using RMW implementation 'rmw_fastrtps_cpp' as default
[0.544s] -- Found Boost: /usr/lib/aarch64-linux-gnu/cmake/Boost-1.74.0/BoostConfig.cmake (found version "1.74.0") found components: program_options 
[0.555s] -- Found Boost: /usr/lib/aarch64-linux-gnu/cmake/Boost-1.74.0/BoostConfig.cmake (found version "1.74.0")  
[0.657s] -- Configuring done
[0.671s] -- Generating done
[0.676s] -- Build files have been written to: /home/niic/upper_body_demo/build/upper_body_demo
[0.719s] [35m[1mConsolidate compiler generated dependencies of target wave_hand_demo[0m
[0.752s] [ 25%] [32m[1mLinking CXX executable wave_hand_demo[0m
[1.692s] [100%] Built target wave_hand_demo
[1.710s] Invoked command in '/home/niic/upper_body_demo/build/upper_body_demo' returned '0': CMAKE_PREFIX_PATH=${CMAKE_PREFIX_PATH}:/opt/ros/humble /usr/bin/cmake --build /home/niic/upper_body_demo/build/upper_body_demo -- -j12 -l12
[1.725s] Invoking command in '/home/niic/upper_body_demo/build/upper_body_demo': CMAKE_PREFIX_PATH=${CMAKE_PREFIX_PATH}:/opt/ros/humble /usr/bin/cmake --install /home/niic/upper_body_demo/build/upper_body_demo
[1.736s] -- Install configuration: ""
[1.737s] -- Execute custom install script
[1.737s] -- Up-to-date symlink: /home/niic/upper_body_demo/install/upper_body_demo/lib/upper_body_demo/wave_hand_demo
[1.738s] -- Up-to-date symlink: /home/niic/upper_body_demo/install/upper_body_demo/share/ament_index/resource_index/package_run_dependencies/upper_body_demo
[1.738s] -- Up-to-date symlink: /home/niic/upper_body_demo/install/upper_body_demo/share/ament_index/resource_index/parent_prefix_path/upper_body_demo
[1.738s] -- Up-to-date symlink: /home/niic/upper_body_demo/install/upper_body_demo/share/upper_body_demo/environment/ament_prefix_path.sh
[1.738s] -- Up-to-date symlink: /home/niic/upper_body_demo/install/upper_body_demo/share/upper_body_demo/environment/ament_prefix_path.dsv
[1.738s] -- Up-to-date symlink: /home/niic/upper_body_demo/install/upper_body_demo/share/upper_body_demo/environment/path.sh
[1.739s] -- Up-to-date symlink: /home/niic/upper_body_demo/install/upper_body_demo/share/upper_body_demo/environment/path.dsv
[1.739s] -- Up-to-date symlink: /home/niic/upper_body_demo/install/upper_body_demo/share/upper_body_demo/local_setup.bash
[1.739s] -- Up-to-date symlink: /home/niic/upper_body_demo/install/upper_body_demo/share/upper_body_demo/local_setup.sh
[1.740s] -- Up-to-date symlink: /home/niic/upper_body_demo/install/upper_body_demo/share/upper_body_demo/local_setup.zsh
[1.740s] -- Up-to-date symlink: /home/niic/upper_body_demo/install/upper_body_demo/share/upper_body_demo/local_setup.dsv
[1.740s] -- Symlinking: /home/niic/upper_body_demo/install/upper_body_demo/share/upper_body_demo/package.dsv
[1.753s] -- Up-to-date symlink: /home/niic/upper_body_demo/install/upper_body_demo/share/ament_index/resource_index/packages/upper_body_demo
[1.754s] -- Up-to-date symlink: /home/niic/upper_body_demo/install/upper_body_demo/share/upper_body_demo/cmake/upper_body_demoConfig.cmake
[1.754s] -- Up-to-date symlink: /home/niic/upper_body_demo/install/upper_body_demo/share/upper_body_demo/cmake/upper_body_demoConfig-version.cmake
[1.754s] -- Up-to-date symlink: /home/niic/upper_body_demo/install/upper_body_demo/share/upper_body_demo/package.xml
[1.754s] -- Up-to-date: /home/niic/upper_body_demo/install/upper_body_demo/include/upper_body_demo
[1.754s] -- Up-to-date: /home/niic/upper_body_demo/install/upper_body_demo/include/upper_body_demo/ecat
[1.754s] -- Up-to-date: /home/niic/upper_body_demo/install/upper_body_demo/include/upper_body_demo/ecat/error.hpp
[1.754s] -- Up-to-date: /home/niic/upper_body_demo/install/upper_body_demo/include/upper_body_demo/ecat/thread_mutex.hpp
[1.755s] -- Up-to-date: /home/niic/upper_body_demo/install/upper_body_demo/include/upper_body_demo/ecat/master.hpp
[1.755s] -- Up-to-date: /home/niic/upper_body_demo/install/upper_body_demo/include/upper_body_demo/ecat/eni_config.hpp
[1.755s] -- Up-to-date: /home/niic/upper_body_demo/install/upper_body_demo/include/upper_body_demo/ecat/types.hpp
[1.755s] -- Up-to-date: /home/niic/upper_body_demo/install/upper_body_demo/include/upper_body_demo/ecat/ipc.hpp
[1.755s] -- Up-to-date: /home/niic/upper_body_demo/install/upper_body_demo/include/upper_body_demo/ecat/pwm.hpp
[1.755s] -- Up-to-date: /home/niic/upper_body_demo/install/upper_body_demo/include/upper_body_demo/ecat/slice.hpp
[1.755s] -- Up-to-date: /home/niic/upper_body_demo/install/upper_body_demo/include/upper_body_demo/ecat/buffer_locked.hpp
[1.756s] -- Up-to-date: /home/niic/upper_body_demo/install/upper_body_demo/include/upper_body_demo/ecat/task_collaborative.hpp
[1.756s] -- Up-to-date: /home/niic/upper_body_demo/install/upper_body_demo/include/upper_body_demo/ecat/sdo_request.hpp
[1.756s] -- Up-to-date: /home/niic/upper_body_demo/install/upper_body_demo/include/upper_body_demo/ecat/log.hpp
[1.756s] -- Up-to-date: /home/niic/upper_body_demo/install/upper_body_demo/include/upper_body_demo/ecat/reg_request.hpp
[1.756s] -- Up-to-date: /home/niic/upper_body_demo/install/upper_body_demo/include/upper_body_demo/ecat/detail
[1.756s] -- Up-to-date: /home/niic/upper_body_demo/install/upper_body_demo/include/upper_body_demo/ecat/detail/config.hpp
[1.756s] -- Up-to-date: /home/niic/upper_body_demo/install/upper_body_demo/include/upper_body_demo/ecat/detail/os_string.hpp
[1.756s] -- Up-to-date: /home/niic/upper_body_demo/install/upper_body_demo/include/upper_body_demo/ecat/detail/logger.hpp
[1.756s] -- Up-to-date: /home/niic/upper_body_demo/install/upper_body_demo/include/upper_body_demo/ecat/detail/ioctl.hpp
[1.756s] -- Up-to-date: /home/niic/upper_body_demo/install/upper_body_demo/include/upper_body_demo/ecat/detail/file.hpp
[1.756s] -- Up-to-date: /home/niic/upper_body_demo/install/upper_body_demo/include/upper_body_demo/ecat/detail/log_handler.hpp
[1.757s] -- Up-to-date: /home/niic/upper_body_demo/install/upper_body_demo/include/upper_body_demo/ecat/detail/utility.hpp
[1.757s] -- Up-to-date: /home/niic/upper_body_demo/install/upper_body_demo/include/upper_body_demo/ecat/detail/thread.hpp
[1.757s] -- Up-to-date: /home/niic/upper_body_demo/install/upper_body_demo/include/upper_body_demo/ecat/detail/sii_crc.hpp
[1.757s] -- Up-to-date: /home/niic/upper_body_demo/install/upper_body_demo/include/upper_body_demo/ecat/detail/esi_index.hpp
[1.757s] -- Up-to-date: /home/niic/upper_body_demo/install/upper_body_demo/include/upper_body_demo/ecat/dc.hpp
[1.757s] -- Up-to-date: /home/niic/upper_body_demo/install/upper_body_demo/include/upper_body_demo/ecat/task.hpp
[1.757s] -- Up-to-date: /home/niic/upper_body_demo/install/upper_body_demo/include/upper_body_demo/ecat/version.hpp
[1.757s] -- Up-to-date: /home/niic/upper_body_demo/install/upper_body_demo/include/upper_body_demo/ecat/run_time_stat.hpp
[1.758s] -- Up-to-date: /home/niic/upper_body_demo/install/upper_body_demo/include/upper_body_demo/ecat/thread_rtlock.hpp
[1.759s] -- Up-to-date: /home/niic/upper_body_demo/install/upper_body_demo/include/upper_body_demo/ecat/task_assist.hpp
[1.759s] -- Up-to-date: /home/niic/upper_body_demo/install/upper_body_demo/include/upper_body_demo/ecat/slave_config.hpp
[1.759s] -- Up-to-date: /home/niic/upper_body_demo/install/upper_body_demo/include/upper_body_demo/ecat/buffer_rtlocked.hpp
[1.759s] -- Up-to-date: /home/niic/upper_body_demo/install/upper_body_demo/include/upper_body_demo/ecat/rokae
[1.759s] -- Up-to-date: /home/niic/upper_body_demo/install/upper_body_demo/include/upper_body_demo/ecat/rokae/extra.hpp
[1.760s] -- Up-to-date: /home/niic/upper_body_demo/install/upper_body_demo/include/upper_body_demo/ecat/s2s_func.hpp
[1.760s] -- Up-to-date: /home/niic/upper_body_demo/install/upper_body_demo/include/upper_body_demo/ecat/niic_api.hpp
[1.760s] -- Up-to-date: /home/niic/upper_body_demo/install/upper_body_demo/include/upper_body_demo/ecat/algorithm_threads.hpp
[1.760s] -- Up-to-date: /home/niic/upper_body_demo/install/upper_body_demo/include/upper_body_demo/ecat/spi_io.hpp
[1.761s] -- Up-to-date: /home/niic/upper_body_demo/install/upper_body_demo/include/upper_body_demo/ecat/buffer.hpp
[1.761s] -- Up-to-date: /home/niic/upper_body_demo/install/upper_body_demo/include/upper_body_demo/ecat/task_interface.hpp
[1.761s] -- Up-to-date: /home/niic/upper_body_demo/install/upper_body_demo/include/upper_body_demo/upper_body_demo
[1.761s] Invoked command in '/home/niic/upper_body_demo/build/upper_body_demo' returned '0': CMAKE_PREFIX_PATH=${CMAKE_PREFIX_PATH}:/opt/ros/humble /usr/bin/cmake --install /home/niic/upper_body_demo/build/upper_body_demo
