[1.003s] Invoking command in '/home/niic/upper_body_demo/src/dex_hand': PYTHONPATH=/home/niic/upper_body_demo/src/build/dex_hand/prefix_override:/usr/lib/python3/dist-packages/colcon_core/task/python/colcon_distutils_commands:/home/niic/upper_body_demo/src/install/dex_hand/lib/python3.10/site-packages:${PYTHONPATH} /usr/bin/python3 -W ignore:setup.py install is deprecated -W ignore:easy_install command is deprecated setup.py egg_info --egg-base ../build/dex_hand build --build-base /home/niic/upper_body_demo/src/build/dex_hand/build install --record /home/niic/upper_body_demo/src/build/dex_hand/install.log --single-version-externally-managed install_data
[1.375s] running egg_info
[1.376s] creating ../build/dex_hand/dex_hand.egg-info
[1.376s] writing ../build/dex_hand/dex_hand.egg-info/PKG-INFO
[1.377s] writing dependency_links to ../build/dex_hand/dex_hand.egg-info/dependency_links.txt
[1.377s] writing entry points to ../build/dex_hand/dex_hand.egg-info/entry_points.txt
[1.377s] writing requirements to ../build/dex_hand/dex_hand.egg-info/requires.txt
[1.377s] writing top-level names to ../build/dex_hand/dex_hand.egg-info/top_level.txt
[1.377s] writing manifest file '../build/dex_hand/dex_hand.egg-info/SOURCES.txt'
[1.380s] reading manifest file '../build/dex_hand/dex_hand.egg-info/SOURCES.txt'
[1.381s] writing manifest file '../build/dex_hand/dex_hand.egg-info/SOURCES.txt'
[1.381s] running build
[1.381s] running build_py
[1.381s] creating /home/niic/upper_body_demo/src/build/dex_hand/build
[1.381s] creating /home/niic/upper_body_demo/src/build/dex_hand/build/lib
[1.381s] creating /home/niic/upper_body_demo/src/build/dex_hand/build/lib/dex_hand
[1.382s] copying dex_hand/__init__.py -> /home/niic/upper_body_demo/src/build/dex_hand/build/lib/dex_hand
[1.382s] running install
[1.383s] running install_lib
[1.384s] creating /home/niic/upper_body_demo/src/install/dex_hand/lib/python3.10/site-packages/dex_hand
[1.384s] copying /home/niic/upper_body_demo/src/build/dex_hand/build/lib/dex_hand/__init__.py -> /home/niic/upper_body_demo/src/install/dex_hand/lib/python3.10/site-packages/dex_hand
[1.385s] byte-compiling /home/niic/upper_body_demo/src/install/dex_hand/lib/python3.10/site-packages/dex_hand/__init__.py to __init__.cpython-310.pyc
[1.385s] running install_data
[1.385s] creating /home/niic/upper_body_demo/src/install/dex_hand/share
[1.385s] creating /home/niic/upper_body_demo/src/install/dex_hand/share/ament_index
[1.385s] creating /home/niic/upper_body_demo/src/install/dex_hand/share/ament_index/resource_index
[1.386s] creating /home/niic/upper_body_demo/src/install/dex_hand/share/ament_index/resource_index/packages
[1.386s] copying resource/dex_hand -> /home/niic/upper_body_demo/src/install/dex_hand/share/ament_index/resource_index/packages
[1.386s] creating /home/niic/upper_body_demo/src/install/dex_hand/share/dex_hand
[1.386s] copying package.xml -> /home/niic/upper_body_demo/src/install/dex_hand/share/dex_hand
[1.386s] running install_egg_info
[1.389s] Copying ../build/dex_hand/dex_hand.egg-info to /home/niic/upper_body_demo/src/install/dex_hand/lib/python3.10/site-packages/dex_hand-0.0.0-py3.10.egg-info
[1.390s] running install_scripts
[1.423s] writing list of installed files to '/home/niic/upper_body_demo/src/build/dex_hand/install.log'
[1.474s] Invoked command in '/home/niic/upper_body_demo/src/dex_hand' returned '0': PYTHONPATH=/home/niic/upper_body_demo/src/build/dex_hand/prefix_override:/usr/lib/python3/dist-packages/colcon_core/task/python/colcon_distutils_commands:/home/niic/upper_body_demo/src/install/dex_hand/lib/python3.10/site-packages:${PYTHONPATH} /usr/bin/python3 -W ignore:setup.py install is deprecated -W ignore:easy_install command is deprecated setup.py egg_info --egg-base ../build/dex_hand build --build-base /home/niic/upper_body_demo/src/build/dex_hand/build install --record /home/niic/upper_body_demo/src/build/dex_hand/install.log --single-version-externally-managed install_data
