-- The CXX compiler identification is GNU 11.4.0
-- Detecting CXX compiler ABI info
-- Detecting CXX compiler ABI info - done
-- Check for working CXX compiler: /usr/bin/c++ - skipped
-- Detecting CXX compile features
-- Detecting CXX compile features - done
-- Found ament_cmake: 1.3.11 (/opt/ros/humble/share/ament_cmake/cmake)
-- Found Python3: /usr/bin/python3 (found version "3.10.12") found components: Interpreter 
-- Found rclcpp: 16.0.11 (/opt/ros/humble/share/rclcpp/cmake)
-- Found rosidl_generator_c: 3.1.6 (/opt/ros/humble/share/rosidl_generator_c/cmake)
-- Found rosidl_adapter: 3.1.6 (/opt/ros/humble/share/rosidl_adapter/cmake)
-- Found rosidl_generator_cpp: 3.1.6 (/opt/ros/humble/share/rosidl_generator_cpp/cmake)
-- Using all available rosidl_typesupport_c: rosidl_typesupport_fastrtps_c;rosidl_typesupport_introspection_c
-- Using all available rosidl_typesupport_cpp: rosidl_typesupport_fastrtps_cpp;rosidl_typesupport_introspection_cpp
-- Found rmw_implementation_cmake: 6.1.2 (/opt/ros/humble/share/rmw_implementation_cmake/cmake)
-- Found rmw_fastrtps_cpp: 6.2.7 (/opt/ros/humble/share/rmw_fastrtps_cpp/cmake)
-- Found OpenSSL: /usr/lib/aarch64-linux-gnu/libcrypto.so (found version "3.0.2")  
-- Found FastRTPS: /opt/ros/humble/include  
-- Using RMW implementation 'rmw_fastrtps_cpp' as default
-- Looking for C++ include pthread.h
-- Looking for C++ include pthread.h - found
-- Performing Test CMAKE_HAVE_LIBC_PTHREAD
-- Performing Test CMAKE_HAVE_LIBC_PTHREAD - Success
-- Found Threads: TRUE  
-- Found sensor_msgs: 4.2.4 (/opt/ros/humble/share/sensor_msgs/cmake)
-- Found Boost: /usr/lib/aarch64-linux-gnu/cmake/Boost-1.74.0/BoostConfig.cmake (found version "1.74.0") found components: program_options 
-- Found Boost: /usr/lib/aarch64-linux-gnu/cmake/Boost-1.74.0/BoostConfig.cmake (found version "1.74.0")  
-- Configuring done
-- Generating done
-- Build files have been written to: /home/niic/upper_body_demo/src/build/upper_body_demo
[ 16%] [32mBuilding CXX object CMakeFiles/teleop.dir/src/teleop/main.cpp.o[0m
[ 16%] [32mBuilding CXX object CMakeFiles/enable.dir/src/enable/main.cpp.o[0m
[ 25%] [32mBuilding CXX object CMakeFiles/wave_hand_demo.dir/src/power.cpp.o[0m
[ 33%] [32mBuilding CXX object CMakeFiles/wave_hand_demo.dir/src/wavehand/main.cpp.o[0m
[ 41%] [32mBuilding CXX object CMakeFiles/wave_hand_demo.dir/src/wavehand/WaveHandDemo.cpp.o[0m
[ 50%] [32mBuilding CXX object CMakeFiles/teleop.dir/src/power.cpp.o[0m
[ 58%] [32mBuilding CXX object CMakeFiles/teleop.dir/src/wrist_IK_FK.cpp.o[0m
[ 75%] [32mBuilding CXX object CMakeFiles/teleop.dir/src/udp_tool.cpp.o[0m
[ 75%] [32mBuilding CXX object CMakeFiles/teleop.dir/src/teleop/armPosiSender.cpp.o[0m
[01m[K/home/niic/upper_body_demo/src/upper_body_demo/src/wrist_IK_FK.cpp:[m[K In function ‘[01m[Kstd::pair<float, float> solveFK(float, float, float, float, Side)[m[K’:
[01m[K/home/niic/upper_body_demo/src/upper_body_demo/src/wrist_IK_FK.cpp:256:101:[m[K [01;36m[Knote: [m[Kparameter passing for argument of type ‘[01m[Kstd::pair<float, float>[m[K’ when C++17 is enabled changed to match C++14 ]8;;https://gcc.gnu.org/gcc-10/changes.html#empty_basein GCC 10.1]8;;
  256 | std::pair<float, float> solveFK(float roll_old, float pitch_old, float f_len, float b_len, Side side[01;36m[K)[m[K{
      |                                                                                                     [01;36m[K^[m[K
[ 83%] [32m[1mLinking CXX executable enable[0m
[ 83%] Built target enable
[ 91%] [32m[1mLinking CXX executable wave_hand_demo[0m
[ 91%] Built target wave_hand_demo
[01m[K/home/niic/upper_body_demo/src/upper_body_demo/src/teleop/main.cpp:[m[K In lambda function:
[01m[K/home/niic/upper_body_demo/src/upper_body_demo/src/teleop/main.cpp:152:88:[m[K [01;36m[Knote: [m[Kparameter passing for argument of type ‘[01m[Kstd::pair<float, float>[m[K’ when C++17 is enabled changed to match C++14 ]8;;https://gcc.gnu.org/gcc-10/changes.html#empty_basein GCC 10.1]8;;
  152 |           auto [lf, lb] = solveIK(ctx.target_q_rot[7],  ctx.target_q_rot[8], Side::Left[01;36m[K)[m[K;
      |                                                                                        [01;36m[K^[m[K
[100%] [32m[1mLinking CXX executable teleop[0m
[100%] Built target teleop
-- Install configuration: ""
-- Installing: /home/niic/upper_body_demo/src/install/upper_body_demo/lib/upper_body_demo/wave_hand_demo
-- Set runtime path of "/home/niic/upper_body_demo/src/install/upper_body_demo/lib/upper_body_demo/wave_hand_demo" to ""
-- Installing: /home/niic/upper_body_demo/src/install/upper_body_demo/lib/upper_body_demo/teleop
-- Set runtime path of "/home/niic/upper_body_demo/src/install/upper_body_demo/lib/upper_body_demo/teleop" to ""
-- Installing: /home/niic/upper_body_demo/src/install/upper_body_demo/lib/upper_body_demo/enable
-- Set runtime path of "/home/niic/upper_body_demo/src/install/upper_body_demo/lib/upper_body_demo/enable" to ""
-- Installing: /home/niic/upper_body_demo/src/install/upper_body_demo/include/upper_body_demo
-- Installing: /home/niic/upper_body_demo/src/install/upper_body_demo/include/upper_body_demo/ecat
-- Installing: /home/niic/upper_body_demo/src/install/upper_body_demo/include/upper_body_demo/ecat/error.hpp
-- Installing: /home/niic/upper_body_demo/src/install/upper_body_demo/include/upper_body_demo/ecat/thread_mutex.hpp
-- Installing: /home/niic/upper_body_demo/src/install/upper_body_demo/include/upper_body_demo/ecat/master.hpp
-- Installing: /home/niic/upper_body_demo/src/install/upper_body_demo/include/upper_body_demo/ecat/eni_config.hpp
-- Installing: /home/niic/upper_body_demo/src/install/upper_body_demo/include/upper_body_demo/ecat/types.hpp
-- Installing: /home/niic/upper_body_demo/src/install/upper_body_demo/include/upper_body_demo/ecat/ipc.hpp
-- Installing: /home/niic/upper_body_demo/src/install/upper_body_demo/include/upper_body_demo/ecat/pwm.hpp
-- Installing: /home/niic/upper_body_demo/src/install/upper_body_demo/include/upper_body_demo/ecat/slice.hpp
-- Installing: /home/niic/upper_body_demo/src/install/upper_body_demo/include/upper_body_demo/ecat/buffer_locked.hpp
-- Installing: /home/niic/upper_body_demo/src/install/upper_body_demo/include/upper_body_demo/ecat/task_collaborative.hpp
-- Installing: /home/niic/upper_body_demo/src/install/upper_body_demo/include/upper_body_demo/ecat/sdo_request.hpp
-- Installing: /home/niic/upper_body_demo/src/install/upper_body_demo/include/upper_body_demo/ecat/log.hpp
-- Installing: /home/niic/upper_body_demo/src/install/upper_body_demo/include/upper_body_demo/ecat/reg_request.hpp
-- Installing: /home/niic/upper_body_demo/src/install/upper_body_demo/include/upper_body_demo/ecat/detail
-- Installing: /home/niic/upper_body_demo/src/install/upper_body_demo/include/upper_body_demo/ecat/detail/config.hpp
-- Installing: /home/niic/upper_body_demo/src/install/upper_body_demo/include/upper_body_demo/ecat/detail/os_string.hpp
-- Installing: /home/niic/upper_body_demo/src/install/upper_body_demo/include/upper_body_demo/ecat/detail/logger.hpp
-- Installing: /home/niic/upper_body_demo/src/install/upper_body_demo/include/upper_body_demo/ecat/detail/ioctl.hpp
-- Installing: /home/niic/upper_body_demo/src/install/upper_body_demo/include/upper_body_demo/ecat/detail/file.hpp
-- Installing: /home/niic/upper_body_demo/src/install/upper_body_demo/include/upper_body_demo/ecat/detail/log_handler.hpp
-- Installing: /home/niic/upper_body_demo/src/install/upper_body_demo/include/upper_body_demo/ecat/detail/utility.hpp
-- Installing: /home/niic/upper_body_demo/src/install/upper_body_demo/include/upper_body_demo/ecat/detail/thread.hpp
-- Installing: /home/niic/upper_body_demo/src/install/upper_body_demo/include/upper_body_demo/ecat/detail/sii_crc.hpp
-- Installing: /home/niic/upper_body_demo/src/install/upper_body_demo/include/upper_body_demo/ecat/detail/esi_index.hpp
-- Installing: /home/niic/upper_body_demo/src/install/upper_body_demo/include/upper_body_demo/ecat/dc.hpp
-- Installing: /home/niic/upper_body_demo/src/install/upper_body_demo/include/upper_body_demo/ecat/task.hpp
-- Installing: /home/niic/upper_body_demo/src/install/upper_body_demo/include/upper_body_demo/ecat/version.hpp
-- Installing: /home/niic/upper_body_demo/src/install/upper_body_demo/include/upper_body_demo/ecat/run_time_stat.hpp
-- Installing: /home/niic/upper_body_demo/src/install/upper_body_demo/include/upper_body_demo/ecat/thread_rtlock.hpp
-- Installing: /home/niic/upper_body_demo/src/install/upper_body_demo/include/upper_body_demo/ecat/task_assist.hpp
-- Installing: /home/niic/upper_body_demo/src/install/upper_body_demo/include/upper_body_demo/ecat/slave_config.hpp
-- Installing: /home/niic/upper_body_demo/src/install/upper_body_demo/include/upper_body_demo/ecat/buffer_rtlocked.hpp
-- Installing: /home/niic/upper_body_demo/src/install/upper_body_demo/include/upper_body_demo/ecat/rokae
-- Installing: /home/niic/upper_body_demo/src/install/upper_body_demo/include/upper_body_demo/ecat/rokae/extra.hpp
-- Installing: /home/niic/upper_body_demo/src/install/upper_body_demo/include/upper_body_demo/ecat/s2s_func.hpp
-- Installing: /home/niic/upper_body_demo/src/install/upper_body_demo/include/upper_body_demo/ecat/niic_api.hpp
-- Installing: /home/niic/upper_body_demo/src/install/upper_body_demo/include/upper_body_demo/ecat/algorithm_threads.hpp
-- Installing: /home/niic/upper_body_demo/src/install/upper_body_demo/include/upper_body_demo/ecat/spi_io.hpp
-- Installing: /home/niic/upper_body_demo/src/install/upper_body_demo/include/upper_body_demo/ecat/buffer.hpp
-- Installing: /home/niic/upper_body_demo/src/install/upper_body_demo/include/upper_body_demo/ecat/task_interface.hpp
-- Installing: /home/niic/upper_body_demo/src/install/upper_body_demo/include/upper_body_demo/upper_body_demo
-- Installing: /home/niic/upper_body_demo/src/install/upper_body_demo/share/ament_index/resource_index/package_run_dependencies/upper_body_demo
-- Installing: /home/niic/upper_body_demo/src/install/upper_body_demo/share/ament_index/resource_index/parent_prefix_path/upper_body_demo
-- Installing: /home/niic/upper_body_demo/src/install/upper_body_demo/share/upper_body_demo/environment/ament_prefix_path.sh
-- Installing: /home/niic/upper_body_demo/src/install/upper_body_demo/share/upper_body_demo/environment/ament_prefix_path.dsv
-- Installing: /home/niic/upper_body_demo/src/install/upper_body_demo/share/upper_body_demo/environment/path.sh
-- Installing: /home/niic/upper_body_demo/src/install/upper_body_demo/share/upper_body_demo/environment/path.dsv
-- Installing: /home/niic/upper_body_demo/src/install/upper_body_demo/share/upper_body_demo/local_setup.bash
-- Installing: /home/niic/upper_body_demo/src/install/upper_body_demo/share/upper_body_demo/local_setup.sh
-- Installing: /home/niic/upper_body_demo/src/install/upper_body_demo/share/upper_body_demo/local_setup.zsh
-- Installing: /home/niic/upper_body_demo/src/install/upper_body_demo/share/upper_body_demo/local_setup.dsv
-- Installing: /home/niic/upper_body_demo/src/install/upper_body_demo/share/upper_body_demo/package.dsv
-- Installing: /home/niic/upper_body_demo/src/install/upper_body_demo/share/ament_index/resource_index/packages/upper_body_demo
-- Installing: /home/niic/upper_body_demo/src/install/upper_body_demo/share/upper_body_demo/cmake/upper_body_demoConfig.cmake
-- Installing: /home/niic/upper_body_demo/src/install/upper_body_demo/share/upper_body_demo/cmake/upper_body_demoConfig-version.cmake
-- Installing: /home/niic/upper_body_demo/src/install/upper_body_demo/share/upper_body_demo/package.xml
