[0.420s] Invoking command in '/home/niic/upper_body_demo/src/build/upper_body_demo': CMAKE_PREFIX_PATH=${CMAKE_PREFIX_PATH}:/opt/ros/humble /usr/bin/cmake /home/niic/upper_body_demo/src/upper_body_demo -DCMAKE_INSTALL_PREFIX=/home/niic/upper_body_demo/src/install/upper_body_demo
[0.510s] -- The CXX compiler identification is GNU 11.4.0
[0.521s] -- Detecting CXX compiler ABI info
[0.630s] -- Detecting CXX compiler ABI info - done
[0.637s] -- Check for working CXX compiler: /usr/bin/c++ - skipped
[0.638s] -- Detecting CXX compile features
[0.638s] -- Detecting CXX compile features - done
[0.642s] -- Found ament_cmake: 1.3.11 (/opt/ros/humble/share/ament_cmake/cmake)
[0.864s] -- Found Python3: /usr/bin/python3 (found version "3.10.12") found components: Interpreter 
[1.005s] -- Found rclcpp: 16.0.11 (/opt/ros/humble/share/rclcpp/cmake)
[1.065s] -- Found rosidl_generator_c: 3.1.6 (/opt/ros/humble/share/rosidl_generator_c/cmake)
[1.072s] -- Found rosidl_adapter: 3.1.6 (/opt/ros/humble/share/rosidl_adapter/cmake)
[1.084s] -- Found rosidl_generator_cpp: 3.1.6 (/opt/ros/humble/share/rosidl_generator_cpp/cmake)
[1.101s] -- Using all available rosidl_typesupport_c: rosidl_typesupport_fastrtps_c;rosidl_typesupport_introspection_c
[1.124s] -- Using all available rosidl_typesupport_cpp: rosidl_typesupport_fastrtps_cpp;rosidl_typesupport_introspection_cpp
[1.186s] -- Found rmw_implementation_cmake: 6.1.2 (/opt/ros/humble/share/rmw_implementation_cmake/cmake)
[1.190s] -- Found rmw_fastrtps_cpp: 6.2.7 (/opt/ros/humble/share/rmw_fastrtps_cpp/cmake)
[1.299s] -- Found OpenSSL: /usr/lib/aarch64-linux-gnu/libcrypto.so (found version "3.0.2")  
[1.336s] -- Found FastRTPS: /opt/ros/humble/include  
[1.395s] -- Using RMW implementation 'rmw_fastrtps_cpp' as default
[1.409s] -- Looking for C++ include pthread.h
[1.529s] -- Looking for C++ include pthread.h - found
[1.529s] -- Performing Test CMAKE_HAVE_LIBC_PTHREAD
[1.642s] -- Performing Test CMAKE_HAVE_LIBC_PTHREAD - Success
[1.644s] -- Found Threads: TRUE  
[1.712s] -- Found sensor_msgs: 4.2.4 (/opt/ros/humble/share/sensor_msgs/cmake)
[1.763s] -- Found Boost: /usr/lib/aarch64-linux-gnu/cmake/Boost-1.74.0/BoostConfig.cmake (found version "1.74.0") found components: program_options 
[1.785s] -- Found Boost: /usr/lib/aarch64-linux-gnu/cmake/Boost-1.74.0/BoostConfig.cmake (found version "1.74.0")  
[1.889s] -- Configuring done
[1.914s] -- Generating done
[1.923s] -- Build files have been written to: /home/niic/upper_body_demo/src/build/upper_body_demo
[1.938s] Invoked command in '/home/niic/upper_body_demo/src/build/upper_body_demo' returned '0': CMAKE_PREFIX_PATH=${CMAKE_PREFIX_PATH}:/opt/ros/humble /usr/bin/cmake /home/niic/upper_body_demo/src/upper_body_demo -DCMAKE_INSTALL_PREFIX=/home/niic/upper_body_demo/src/install/upper_body_demo
[1.941s] Invoking command in '/home/niic/upper_body_demo/src/build/upper_body_demo': CMAKE_PREFIX_PATH=${CMAKE_PREFIX_PATH}:/opt/ros/humble /usr/bin/cmake --build /home/niic/upper_body_demo/src/build/upper_body_demo -- -j12 -l12
[2.019s] [ 16%] [32mBuilding CXX object CMakeFiles/teleop.dir/src/teleop/main.cpp.o[0m
[2.019s] [ 16%] [32mBuilding CXX object CMakeFiles/enable.dir/src/enable/main.cpp.o[0m
[2.019s] [ 25%] [32mBuilding CXX object CMakeFiles/wave_hand_demo.dir/src/power.cpp.o[0m
[2.020s] [ 33%] [32mBuilding CXX object CMakeFiles/wave_hand_demo.dir/src/wavehand/main.cpp.o[0m
[2.020s] [ 41%] [32mBuilding CXX object CMakeFiles/wave_hand_demo.dir/src/wavehand/WaveHandDemo.cpp.o[0m
[2.020s] [ 50%] [32mBuilding CXX object CMakeFiles/teleop.dir/src/power.cpp.o[0m
[2.034s] [ 58%] [32mBuilding CXX object CMakeFiles/teleop.dir/src/wrist_IK_FK.cpp.o[0m
[2.035s] [ 75%] [32mBuilding CXX object CMakeFiles/teleop.dir/src/udp_tool.cpp.o[0m
[2.035s] [ 75%] [32mBuilding CXX object CMakeFiles/teleop.dir/src/teleop/armPosiSender.cpp.o[0m
[5.081s] [01m[K/home/niic/upper_body_demo/src/upper_body_demo/src/wrist_IK_FK.cpp:[m[K In function ‘[01m[Kstd::pair<float, float> solveFK(float, float, float, float, Side)[m[K’:
[5.081s] [01m[K/home/niic/upper_body_demo/src/upper_body_demo/src/wrist_IK_FK.cpp:256:101:[m[K [01;36m[Knote: [m[Kparameter passing for argument of type ‘[01m[Kstd::pair<float, float>[m[K’ when C++17 is enabled changed to match C++14 ]8;;https://gcc.gnu.org/gcc-10/changes.html#empty_basein GCC 10.1]8;;
[5.081s]   256 | std::pair<float, float> solveFK(float roll_old, float pitch_old, float f_len, float b_len, Side side[01;36m[K)[m[K{
[5.081s]       |                                                                                                     [01;36m[K^[m[K
[9.707s] [ 83%] [32m[1mLinking CXX executable enable[0m
[9.966s] [ 83%] Built target enable
[12.654s] [ 91%] [32m[1mLinking CXX executable wave_hand_demo[0m
[13.585s] [ 91%] Built target wave_hand_demo
[16.316s] [01m[K/home/niic/upper_body_demo/src/upper_body_demo/src/teleop/main.cpp:[m[K In lambda function:
[16.317s] [01m[K/home/niic/upper_body_demo/src/upper_body_demo/src/teleop/main.cpp:152:88:[m[K [01;36m[Knote: [m[Kparameter passing for argument of type ‘[01m[Kstd::pair<float, float>[m[K’ when C++17 is enabled changed to match C++14 ]8;;https://gcc.gnu.org/gcc-10/changes.html#empty_basein GCC 10.1]8;;
[16.317s]   152 |           auto [lf, lb] = solveIK(ctx.target_q_rot[7],  ctx.target_q_rot[8], Side::Left[01;36m[K)[m[K;
[16.317s]       |                                                                                        [01;36m[K^[m[K
[24.545s] [100%] [32m[1mLinking CXX executable teleop[0m
[26.333s] [100%] Built target teleop
[26.350s] Invoked command in '/home/niic/upper_body_demo/src/build/upper_body_demo' returned '0': CMAKE_PREFIX_PATH=${CMAKE_PREFIX_PATH}:/opt/ros/humble /usr/bin/cmake --build /home/niic/upper_body_demo/src/build/upper_body_demo -- -j12 -l12
[26.364s] Invoking command in '/home/niic/upper_body_demo/src/build/upper_body_demo': CMAKE_PREFIX_PATH=${CMAKE_PREFIX_PATH}:/opt/ros/humble /usr/bin/cmake --install /home/niic/upper_body_demo/src/build/upper_body_demo
[26.375s] -- Install configuration: ""
[26.376s] -- Installing: /home/niic/upper_body_demo/src/install/upper_body_demo/lib/upper_body_demo/wave_hand_demo
[26.379s] -- Set runtime path of "/home/niic/upper_body_demo/src/install/upper_body_demo/lib/upper_body_demo/wave_hand_demo" to ""
[26.379s] -- Installing: /home/niic/upper_body_demo/src/install/upper_body_demo/lib/upper_body_demo/teleop
[26.388s] -- Set runtime path of "/home/niic/upper_body_demo/src/install/upper_body_demo/lib/upper_body_demo/teleop" to ""
[26.389s] -- Installing: /home/niic/upper_body_demo/src/install/upper_body_demo/lib/upper_body_demo/enable
[26.390s] -- Set runtime path of "/home/niic/upper_body_demo/src/install/upper_body_demo/lib/upper_body_demo/enable" to ""
[26.390s] -- Installing: /home/niic/upper_body_demo/src/install/upper_body_demo/include/upper_body_demo
[26.390s] -- Installing: /home/niic/upper_body_demo/src/install/upper_body_demo/include/upper_body_demo/ecat
[26.390s] -- Installing: /home/niic/upper_body_demo/src/install/upper_body_demo/include/upper_body_demo/ecat/error.hpp
[26.391s] -- Installing: /home/niic/upper_body_demo/src/install/upper_body_demo/include/upper_body_demo/ecat/thread_mutex.hpp
[26.391s] -- Installing: /home/niic/upper_body_demo/src/install/upper_body_demo/include/upper_body_demo/ecat/master.hpp
[26.391s] -- Installing: /home/niic/upper_body_demo/src/install/upper_body_demo/include/upper_body_demo/ecat/eni_config.hpp
[26.391s] -- Installing: /home/niic/upper_body_demo/src/install/upper_body_demo/include/upper_body_demo/ecat/types.hpp
[26.392s] -- Installing: /home/niic/upper_body_demo/src/install/upper_body_demo/include/upper_body_demo/ecat/ipc.hpp
[26.392s] -- Installing: /home/niic/upper_body_demo/src/install/upper_body_demo/include/upper_body_demo/ecat/pwm.hpp
[26.393s] -- Installing: /home/niic/upper_body_demo/src/install/upper_body_demo/include/upper_body_demo/ecat/slice.hpp
[26.393s] -- Installing: /home/niic/upper_body_demo/src/install/upper_body_demo/include/upper_body_demo/ecat/buffer_locked.hpp
[26.393s] -- Installing: /home/niic/upper_body_demo/src/install/upper_body_demo/include/upper_body_demo/ecat/task_collaborative.hpp
[26.393s] -- Installing: /home/niic/upper_body_demo/src/install/upper_body_demo/include/upper_body_demo/ecat/sdo_request.hpp
[26.393s] -- Installing: /home/niic/upper_body_demo/src/install/upper_body_demo/include/upper_body_demo/ecat/log.hpp
[26.394s] -- Installing: /home/niic/upper_body_demo/src/install/upper_body_demo/include/upper_body_demo/ecat/reg_request.hpp
[26.394s] -- Installing: /home/niic/upper_body_demo/src/install/upper_body_demo/include/upper_body_demo/ecat/detail
[26.394s] -- Installing: /home/niic/upper_body_demo/src/install/upper_body_demo/include/upper_body_demo/ecat/detail/config.hpp
[26.394s] -- Installing: /home/niic/upper_body_demo/src/install/upper_body_demo/include/upper_body_demo/ecat/detail/os_string.hpp
[26.395s] -- Installing: /home/niic/upper_body_demo/src/install/upper_body_demo/include/upper_body_demo/ecat/detail/logger.hpp
[26.395s] -- Installing: /home/niic/upper_body_demo/src/install/upper_body_demo/include/upper_body_demo/ecat/detail/ioctl.hpp
[26.395s] -- Installing: /home/niic/upper_body_demo/src/install/upper_body_demo/include/upper_body_demo/ecat/detail/file.hpp
[26.395s] -- Installing: /home/niic/upper_body_demo/src/install/upper_body_demo/include/upper_body_demo/ecat/detail/log_handler.hpp
[26.396s] -- Installing: /home/niic/upper_body_demo/src/install/upper_body_demo/include/upper_body_demo/ecat/detail/utility.hpp
[26.396s] -- Installing: /home/niic/upper_body_demo/src/install/upper_body_demo/include/upper_body_demo/ecat/detail/thread.hpp
[26.396s] -- Installing: /home/niic/upper_body_demo/src/install/upper_body_demo/include/upper_body_demo/ecat/detail/sii_crc.hpp
[26.397s] -- Installing: /home/niic/upper_body_demo/src/install/upper_body_demo/include/upper_body_demo/ecat/detail/esi_index.hpp
[26.397s] -- Installing: /home/niic/upper_body_demo/src/install/upper_body_demo/include/upper_body_demo/ecat/dc.hpp
[26.397s] -- Installing: /home/niic/upper_body_demo/src/install/upper_body_demo/include/upper_body_demo/ecat/task.hpp
[26.398s] -- Installing: /home/niic/upper_body_demo/src/install/upper_body_demo/include/upper_body_demo/ecat/version.hpp
[26.398s] -- Installing: /home/niic/upper_body_demo/src/install/upper_body_demo/include/upper_body_demo/ecat/run_time_stat.hpp
[26.398s] -- Installing: /home/niic/upper_body_demo/src/install/upper_body_demo/include/upper_body_demo/ecat/thread_rtlock.hpp
[26.398s] -- Installing: /home/niic/upper_body_demo/src/install/upper_body_demo/include/upper_body_demo/ecat/task_assist.hpp
[26.399s] -- Installing: /home/niic/upper_body_demo/src/install/upper_body_demo/include/upper_body_demo/ecat/slave_config.hpp
[26.399s] -- Installing: /home/niic/upper_body_demo/src/install/upper_body_demo/include/upper_body_demo/ecat/buffer_rtlocked.hpp
[26.399s] -- Installing: /home/niic/upper_body_demo/src/install/upper_body_demo/include/upper_body_demo/ecat/rokae
[26.399s] -- Installing: /home/niic/upper_body_demo/src/install/upper_body_demo/include/upper_body_demo/ecat/rokae/extra.hpp
[26.400s] -- Installing: /home/niic/upper_body_demo/src/install/upper_body_demo/include/upper_body_demo/ecat/s2s_func.hpp
[26.400s] -- Installing: /home/niic/upper_body_demo/src/install/upper_body_demo/include/upper_body_demo/ecat/niic_api.hpp
[26.400s] -- Installing: /home/niic/upper_body_demo/src/install/upper_body_demo/include/upper_body_demo/ecat/algorithm_threads.hpp
[26.401s] -- Installing: /home/niic/upper_body_demo/src/install/upper_body_demo/include/upper_body_demo/ecat/spi_io.hpp
[26.401s] -- Installing: /home/niic/upper_body_demo/src/install/upper_body_demo/include/upper_body_demo/ecat/buffer.hpp
[26.401s] -- Installing: /home/niic/upper_body_demo/src/install/upper_body_demo/include/upper_body_demo/ecat/task_interface.hpp
[26.402s] -- Installing: /home/niic/upper_body_demo/src/install/upper_body_demo/include/upper_body_demo/upper_body_demo
[26.402s] -- Installing: /home/niic/upper_body_demo/src/install/upper_body_demo/share/ament_index/resource_index/package_run_dependencies/upper_body_demo
[26.403s] -- Installing: /home/niic/upper_body_demo/src/install/upper_body_demo/share/ament_index/resource_index/parent_prefix_path/upper_body_demo
[26.403s] -- Installing: /home/niic/upper_body_demo/src/install/upper_body_demo/share/upper_body_demo/environment/ament_prefix_path.sh
[26.403s] -- Installing: /home/niic/upper_body_demo/src/install/upper_body_demo/share/upper_body_demo/environment/ament_prefix_path.dsv
[26.403s] -- Installing: /home/niic/upper_body_demo/src/install/upper_body_demo/share/upper_body_demo/environment/path.sh
[26.403s] -- Installing: /home/niic/upper_body_demo/src/install/upper_body_demo/share/upper_body_demo/environment/path.dsv
[26.404s] -- Installing: /home/niic/upper_body_demo/src/install/upper_body_demo/share/upper_body_demo/local_setup.bash
[26.404s] -- Installing: /home/niic/upper_body_demo/src/install/upper_body_demo/share/upper_body_demo/local_setup.sh
[26.404s] -- Installing: /home/niic/upper_body_demo/src/install/upper_body_demo/share/upper_body_demo/local_setup.zsh
[26.404s] -- Installing: /home/niic/upper_body_demo/src/install/upper_body_demo/share/upper_body_demo/local_setup.dsv
[26.404s] -- Installing: /home/niic/upper_body_demo/src/install/upper_body_demo/share/upper_body_demo/package.dsv
[26.405s] -- Installing: /home/niic/upper_body_demo/src/install/upper_body_demo/share/ament_index/resource_index/packages/upper_body_demo
[26.405s] -- Installing: /home/niic/upper_body_demo/src/install/upper_body_demo/share/upper_body_demo/cmake/upper_body_demoConfig.cmake
[26.405s] -- Installing: /home/niic/upper_body_demo/src/install/upper_body_demo/share/upper_body_demo/cmake/upper_body_demoConfig-version.cmake
[26.405s] -- Installing: /home/niic/upper_body_demo/src/install/upper_body_demo/share/upper_body_demo/package.xml
[26.409s] Invoked command in '/home/niic/upper_body_demo/src/build/upper_body_demo' returned '0': CMAKE_PREFIX_PATH=${CMAKE_PREFIX_PATH}:/opt/ros/humble /usr/bin/cmake --install /home/niic/upper_body_demo/src/build/upper_body_demo
