[0.429s] Invoking command in '/home/niic/upper_body_demo/build/upper_body_demo': CMAKE_PREFIX_PATH=${CMAKE_PREFIX_PATH}:/opt/ros/humble /usr/bin/cmake --build /home/niic/upper_body_demo/build/upper_body_demo -- -j12 -l12
[0.504s] [35m[1mConsolidate compiler generated dependencies of target wave_hand_demo[0m
[0.512s] [35m[1mConsolidate compiler generated dependencies of target teleop[0m
[0.521s] [ 16%] Built target enable
[0.569s] [ 50%] Built target wave_hand_demo
[0.570s] [ 58%] [32mBuilding CXX object CMakeFiles/teleop.dir/src/teleop/main.cpp.o[0m
[13.456s] [01m[K/home/niic/upper_body_demo/src/upper_body_demo/src/teleop/main.cpp:[m[K In lambda function:
[13.456s] [01m[K/home/niic/upper_body_demo/src/upper_body_demo/src/teleop/main.cpp:152:88:[m[K [01;36m[Knote: [m[Kparameter passing for argument of type ‘[01m[Kstd::pair<float, float>[m[K’ when C++17 is enabled changed to match C++14 ]8;;https://gcc.gnu.org/gcc-10/changes.html#empty_basein GCC 10.1]8;;
[13.456s]   152 |           auto [lf, lb] = solveIK(ctx.target_q_rot[7],  ctx.target_q_rot[8], Side::Left[01;36m[K)[m[K;
[13.456s]       |                                                                                        [01;36m[K^[m[K
[21.559s] [ 66%] [32m[1mLinking CXX executable teleop[0m
[23.395s] [100%] Built target teleop
[23.411s] Invoked command in '/home/niic/upper_body_demo/build/upper_body_demo' returned '0': CMAKE_PREFIX_PATH=${CMAKE_PREFIX_PATH}:/opt/ros/humble /usr/bin/cmake --build /home/niic/upper_body_demo/build/upper_body_demo -- -j12 -l12
[23.426s] Invoking command in '/home/niic/upper_body_demo/build/upper_body_demo': CMAKE_PREFIX_PATH=${CMAKE_PREFIX_PATH}:/opt/ros/humble /usr/bin/cmake --install /home/niic/upper_body_demo/build/upper_body_demo
[23.437s] -- Install configuration: ""
[23.438s] -- Execute custom install script
[23.438s] -- Up-to-date symlink: /home/niic/upper_body_demo/install/upper_body_demo/lib/upper_body_demo/wave_hand_demo
[23.438s] -- Up-to-date symlink: /home/niic/upper_body_demo/install/upper_body_demo/lib/upper_body_demo/teleop
[23.439s] -- Up-to-date symlink: /home/niic/upper_body_demo/install/upper_body_demo/lib/upper_body_demo/enable
[23.439s] -- Up-to-date symlink: /home/niic/upper_body_demo/install/upper_body_demo/share/ament_index/resource_index/package_run_dependencies/upper_body_demo
[23.439s] -- Up-to-date symlink: /home/niic/upper_body_demo/install/upper_body_demo/share/ament_index/resource_index/parent_prefix_path/upper_body_demo
[23.439s] -- Up-to-date symlink: /home/niic/upper_body_demo/install/upper_body_demo/share/upper_body_demo/environment/ament_prefix_path.sh
[23.440s] -- Up-to-date symlink: /home/niic/upper_body_demo/install/upper_body_demo/share/upper_body_demo/environment/ament_prefix_path.dsv
[23.440s] -- Up-to-date symlink: /home/niic/upper_body_demo/install/upper_body_demo/share/upper_body_demo/environment/path.sh
[23.440s] -- Up-to-date symlink: /home/niic/upper_body_demo/install/upper_body_demo/share/upper_body_demo/environment/path.dsv
[23.440s] -- Up-to-date symlink: /home/niic/upper_body_demo/install/upper_body_demo/share/upper_body_demo/local_setup.bash
[23.440s] -- Up-to-date symlink: /home/niic/upper_body_demo/install/upper_body_demo/share/upper_body_demo/local_setup.sh
[23.440s] -- Up-to-date symlink: /home/niic/upper_body_demo/install/upper_body_demo/share/upper_body_demo/local_setup.zsh
[23.441s] -- Up-to-date symlink: /home/niic/upper_body_demo/install/upper_body_demo/share/upper_body_demo/local_setup.dsv
[23.441s] -- Symlinking: /home/niic/upper_body_demo/install/upper_body_demo/share/upper_body_demo/package.dsv
[23.453s] -- Up-to-date symlink: /home/niic/upper_body_demo/install/upper_body_demo/share/ament_index/resource_index/packages/upper_body_demo
[23.453s] -- Up-to-date symlink: /home/niic/upper_body_demo/install/upper_body_demo/share/upper_body_demo/cmake/upper_body_demoConfig.cmake
[23.453s] -- Up-to-date symlink: /home/niic/upper_body_demo/install/upper_body_demo/share/upper_body_demo/cmake/upper_body_demoConfig-version.cmake
[23.454s] -- Up-to-date symlink: /home/niic/upper_body_demo/install/upper_body_demo/share/upper_body_demo/package.xml
[23.454s] -- Up-to-date: /home/niic/upper_body_demo/install/upper_body_demo/include/upper_body_demo
[23.454s] -- Up-to-date: /home/niic/upper_body_demo/install/upper_body_demo/include/upper_body_demo/ecat
[23.454s] -- Up-to-date: /home/niic/upper_body_demo/install/upper_body_demo/include/upper_body_demo/ecat/error.hpp
[23.454s] -- Up-to-date: /home/niic/upper_body_demo/install/upper_body_demo/include/upper_body_demo/ecat/thread_mutex.hpp
[23.455s] -- Up-to-date: /home/niic/upper_body_demo/install/upper_body_demo/include/upper_body_demo/ecat/master.hpp
[23.455s] -- Up-to-date: /home/niic/upper_body_demo/install/upper_body_demo/include/upper_body_demo/ecat/eni_config.hpp
[23.455s] -- Up-to-date: /home/niic/upper_body_demo/install/upper_body_demo/include/upper_body_demo/ecat/types.hpp
[23.455s] -- Up-to-date: /home/niic/upper_body_demo/install/upper_body_demo/include/upper_body_demo/ecat/ipc.hpp
[23.455s] -- Up-to-date: /home/niic/upper_body_demo/install/upper_body_demo/include/upper_body_demo/ecat/pwm.hpp
[23.455s] -- Up-to-date: /home/niic/upper_body_demo/install/upper_body_demo/include/upper_body_demo/ecat/slice.hpp
[23.456s] -- Up-to-date: /home/niic/upper_body_demo/install/upper_body_demo/include/upper_body_demo/ecat/buffer_locked.hpp
[23.456s] -- Up-to-date: /home/niic/upper_body_demo/install/upper_body_demo/include/upper_body_demo/ecat/task_collaborative.hpp
[23.456s] -- Up-to-date: /home/niic/upper_body_demo/install/upper_body_demo/include/upper_body_demo/ecat/sdo_request.hpp
[23.456s] -- Up-to-date: /home/niic/upper_body_demo/install/upper_body_demo/include/upper_body_demo/ecat/log.hpp
[23.456s] -- Up-to-date: /home/niic/upper_body_demo/install/upper_body_demo/include/upper_body_demo/ecat/reg_request.hpp
[23.456s] -- Up-to-date: /home/niic/upper_body_demo/install/upper_body_demo/include/upper_body_demo/ecat/detail
[23.456s] -- Up-to-date: /home/niic/upper_body_demo/install/upper_body_demo/include/upper_body_demo/ecat/detail/config.hpp
[23.456s] -- Up-to-date: /home/niic/upper_body_demo/install/upper_body_demo/include/upper_body_demo/ecat/detail/os_string.hpp
[23.456s] -- Up-to-date: /home/niic/upper_body_demo/install/upper_body_demo/include/upper_body_demo/ecat/detail/logger.hpp
[23.456s] -- Up-to-date: /home/niic/upper_body_demo/install/upper_body_demo/include/upper_body_demo/ecat/detail/ioctl.hpp
[23.456s] -- Up-to-date: /home/niic/upper_body_demo/install/upper_body_demo/include/upper_body_demo/ecat/detail/file.hpp
[23.457s] -- Up-to-date: /home/niic/upper_body_demo/install/upper_body_demo/include/upper_body_demo/ecat/detail/log_handler.hpp
[23.457s] -- Up-to-date: /home/niic/upper_body_demo/install/upper_body_demo/include/upper_body_demo/ecat/detail/utility.hpp
[23.457s] -- Up-to-date: /home/niic/upper_body_demo/install/upper_body_demo/include/upper_body_demo/ecat/detail/thread.hpp
[23.457s] -- Up-to-date: /home/niic/upper_body_demo/install/upper_body_demo/include/upper_body_demo/ecat/detail/sii_crc.hpp
[23.457s] -- Up-to-date: /home/niic/upper_body_demo/install/upper_body_demo/include/upper_body_demo/ecat/detail/esi_index.hpp
[23.457s] -- Up-to-date: /home/niic/upper_body_demo/install/upper_body_demo/include/upper_body_demo/ecat/dc.hpp
[23.458s] -- Up-to-date: /home/niic/upper_body_demo/install/upper_body_demo/include/upper_body_demo/ecat/task.hpp
[23.458s] -- Up-to-date: /home/niic/upper_body_demo/install/upper_body_demo/include/upper_body_demo/ecat/version.hpp
[23.459s] -- Up-to-date: /home/niic/upper_body_demo/install/upper_body_demo/include/upper_body_demo/ecat/run_time_stat.hpp
[23.459s] -- Up-to-date: /home/niic/upper_body_demo/install/upper_body_demo/include/upper_body_demo/ecat/thread_rtlock.hpp
[23.459s] -- Up-to-date: /home/niic/upper_body_demo/install/upper_body_demo/include/upper_body_demo/ecat/task_assist.hpp
[23.460s] -- Up-to-date: /home/niic/upper_body_demo/install/upper_body_demo/include/upper_body_demo/ecat/slave_config.hpp
[23.460s] -- Up-to-date: /home/niic/upper_body_demo/install/upper_body_demo/include/upper_body_demo/ecat/buffer_rtlocked.hpp
[23.460s] -- Up-to-date: /home/niic/upper_body_demo/install/upper_body_demo/include/upper_body_demo/ecat/rokae
[23.460s] -- Up-to-date: /home/niic/upper_body_demo/install/upper_body_demo/include/upper_body_demo/ecat/rokae/extra.hpp
[23.460s] -- Up-to-date: /home/niic/upper_body_demo/install/upper_body_demo/include/upper_body_demo/ecat/s2s_func.hpp
[23.460s] -- Up-to-date: /home/niic/upper_body_demo/install/upper_body_demo/include/upper_body_demo/ecat/niic_api.hpp
[23.460s] -- Up-to-date: /home/niic/upper_body_demo/install/upper_body_demo/include/upper_body_demo/ecat/algorithm_threads.hpp
[23.461s] -- Up-to-date: /home/niic/upper_body_demo/install/upper_body_demo/include/upper_body_demo/ecat/spi_io.hpp
[23.461s] -- Up-to-date: /home/niic/upper_body_demo/install/upper_body_demo/include/upper_body_demo/ecat/buffer.hpp
[23.461s] -- Up-to-date: /home/niic/upper_body_demo/install/upper_body_demo/include/upper_body_demo/ecat/task_interface.hpp
[23.461s] -- Up-to-date: /home/niic/upper_body_demo/install/upper_body_demo/include/upper_body_demo/upper_body_demo
[23.461s] Invoked command in '/home/niic/upper_body_demo/build/upper_body_demo' returned '0': CMAKE_PREFIX_PATH=${CMAKE_PREFIX_PATH}:/opt/ros/humble /usr/bin/cmake --install /home/niic/upper_body_demo/build/upper_body_demo
