[0.356s] Invoking command in '/home/niic/upper_body_demo/build/upper_body_demo': /usr/bin/cmake --build /home/niic/upper_body_demo/build/upper_body_demo -- -j12 -l12
[0.429s] [ 16%] Built target enable
[0.437s] [ 50%] Built target wave_hand_demo
[0.441s] [100%] Built target teleop
[0.456s] Invoked command in '/home/niic/upper_body_demo/build/upper_body_demo' returned '0': /usr/bin/cmake --build /home/niic/upper_body_demo/build/upper_body_demo -- -j12 -l12
[0.469s] Invoking command in '/home/niic/upper_body_demo/build/upper_body_demo': /usr/bin/cmake --install /home/niic/upper_body_demo/build/upper_body_demo
[0.478s] -- Install configuration: ""
[0.479s] -- Execute custom install script
[0.479s] -- Up-to-date symlink: /home/niic/upper_body_demo/install/upper_body_demo/lib/upper_body_demo/wave_hand_demo
[0.479s] -- Up-to-date symlink: /home/niic/upper_body_demo/install/upper_body_demo/lib/upper_body_demo/teleop
[0.479s] -- Up-to-date symlink: /home/niic/upper_body_demo/install/upper_body_demo/lib/upper_body_demo/enable
[0.480s] -- Up-to-date symlink: /home/niic/upper_body_demo/install/upper_body_demo/share/ament_index/resource_index/package_run_dependencies/upper_body_demo
[0.480s] -- Up-to-date symlink: /home/niic/upper_body_demo/install/upper_body_demo/share/ament_index/resource_index/parent_prefix_path/upper_body_demo
[0.480s] -- Up-to-date symlink: /home/niic/upper_body_demo/install/upper_body_demo/share/upper_body_demo/environment/ament_prefix_path.sh
[0.480s] -- Up-to-date symlink: /home/niic/upper_body_demo/install/upper_body_demo/share/upper_body_demo/environment/ament_prefix_path.dsv
[0.480s] -- Up-to-date symlink: /home/niic/upper_body_demo/install/upper_body_demo/share/upper_body_demo/environment/path.sh
[0.481s] -- Up-to-date symlink: /home/niic/upper_body_demo/install/upper_body_demo/share/upper_body_demo/environment/path.dsv
[0.481s] -- Up-to-date symlink: /home/niic/upper_body_demo/install/upper_body_demo/share/upper_body_demo/local_setup.bash
[0.481s] -- Up-to-date symlink: /home/niic/upper_body_demo/install/upper_body_demo/share/upper_body_demo/local_setup.sh
[0.481s] -- Up-to-date symlink: /home/niic/upper_body_demo/install/upper_body_demo/share/upper_body_demo/local_setup.zsh
[0.481s] -- Up-to-date symlink: /home/niic/upper_body_demo/install/upper_body_demo/share/upper_body_demo/local_setup.dsv
[0.482s] -- Symlinking: /home/niic/upper_body_demo/install/upper_body_demo/share/upper_body_demo/package.dsv
[0.495s] -- Up-to-date symlink: /home/niic/upper_body_demo/install/upper_body_demo/share/ament_index/resource_index/packages/upper_body_demo
[0.495s] -- Up-to-date symlink: /home/niic/upper_body_demo/install/upper_body_demo/share/upper_body_demo/cmake/upper_body_demoConfig.cmake
[0.495s] -- Up-to-date symlink: /home/niic/upper_body_demo/install/upper_body_demo/share/upper_body_demo/cmake/upper_body_demoConfig-version.cmake
[0.496s] -- Up-to-date symlink: /home/niic/upper_body_demo/install/upper_body_demo/share/upper_body_demo/package.xml
[0.496s] -- Up-to-date: /home/niic/upper_body_demo/install/upper_body_demo/include/upper_body_demo
[0.496s] -- Up-to-date: /home/niic/upper_body_demo/install/upper_body_demo/include/upper_body_demo/ecat
[0.496s] -- Up-to-date: /home/niic/upper_body_demo/install/upper_body_demo/include/upper_body_demo/ecat/error.hpp
[0.497s] -- Up-to-date: /home/niic/upper_body_demo/install/upper_body_demo/include/upper_body_demo/ecat/thread_mutex.hpp
[0.497s] -- Up-to-date: /home/niic/upper_body_demo/install/upper_body_demo/include/upper_body_demo/ecat/master.hpp
[0.497s] -- Up-to-date: /home/niic/upper_body_demo/install/upper_body_demo/include/upper_body_demo/ecat/eni_config.hpp
[0.497s] -- Up-to-date: /home/niic/upper_body_demo/install/upper_body_demo/include/upper_body_demo/ecat/types.hpp
[0.497s] -- Up-to-date: /home/niic/upper_body_demo/install/upper_body_demo/include/upper_body_demo/ecat/ipc.hpp
[0.497s] -- Up-to-date: /home/niic/upper_body_demo/install/upper_body_demo/include/upper_body_demo/ecat/pwm.hpp
[0.497s] -- Up-to-date: /home/niic/upper_body_demo/install/upper_body_demo/include/upper_body_demo/ecat/slice.hpp
[0.497s] -- Up-to-date: /home/niic/upper_body_demo/install/upper_body_demo/include/upper_body_demo/ecat/buffer_locked.hpp
[0.497s] -- Up-to-date: /home/niic/upper_body_demo/install/upper_body_demo/include/upper_body_demo/ecat/task_collaborative.hpp
[0.497s] -- Up-to-date: /home/niic/upper_body_demo/install/upper_body_demo/include/upper_body_demo/ecat/sdo_request.hpp
[0.498s] -- Up-to-date: /home/niic/upper_body_demo/install/upper_body_demo/include/upper_body_demo/ecat/log.hpp
[0.498s] -- Up-to-date: /home/niic/upper_body_demo/install/upper_body_demo/include/upper_body_demo/ecat/reg_request.hpp
[0.498s] -- Up-to-date: /home/niic/upper_body_demo/install/upper_body_demo/include/upper_body_demo/ecat/detail
[0.498s] -- Up-to-date: /home/niic/upper_body_demo/install/upper_body_demo/include/upper_body_demo/ecat/detail/config.hpp
[0.498s] -- Up-to-date: /home/niic/upper_body_demo/install/upper_body_demo/include/upper_body_demo/ecat/detail/os_string.hpp
[0.498s] -- Up-to-date: /home/niic/upper_body_demo/install/upper_body_demo/include/upper_body_demo/ecat/detail/logger.hpp
[0.498s] -- Up-to-date: /home/niic/upper_body_demo/install/upper_body_demo/include/upper_body_demo/ecat/detail/ioctl.hpp
[0.498s] -- Up-to-date: /home/niic/upper_body_demo/install/upper_body_demo/include/upper_body_demo/ecat/detail/file.hpp
[0.498s] -- Up-to-date: /home/niic/upper_body_demo/install/upper_body_demo/include/upper_body_demo/ecat/detail/log_handler.hpp
[0.498s] -- Up-to-date: /home/niic/upper_body_demo/install/upper_body_demo/include/upper_body_demo/ecat/detail/utility.hpp
[0.498s] -- Up-to-date: /home/niic/upper_body_demo/install/upper_body_demo/include/upper_body_demo/ecat/detail/thread.hpp
[0.499s] -- Up-to-date: /home/niic/upper_body_demo/install/upper_body_demo/include/upper_body_demo/ecat/detail/sii_crc.hpp
[0.499s] -- Up-to-date: /home/niic/upper_body_demo/install/upper_body_demo/include/upper_body_demo/ecat/detail/esi_index.hpp
[0.499s] -- Up-to-date: /home/niic/upper_body_demo/install/upper_body_demo/include/upper_body_demo/ecat/dc.hpp
[0.499s] -- Up-to-date: /home/niic/upper_body_demo/install/upper_body_demo/include/upper_body_demo/ecat/task.hpp
[0.499s] -- Up-to-date: /home/niic/upper_body_demo/install/upper_body_demo/include/upper_body_demo/ecat/version.hpp
[0.499s] -- Up-to-date: /home/niic/upper_body_demo/install/upper_body_demo/include/upper_body_demo/ecat/run_time_stat.hpp
[0.499s] -- Up-to-date: /home/niic/upper_body_demo/install/upper_body_demo/include/upper_body_demo/ecat/thread_rtlock.hpp
[0.499s] -- Up-to-date: /home/niic/upper_body_demo/install/upper_body_demo/include/upper_body_demo/ecat/task_assist.hpp
[0.499s] -- Up-to-date: /home/niic/upper_body_demo/install/upper_body_demo/include/upper_body_demo/ecat/slave_config.hpp
[0.499s] -- Up-to-date: /home/niic/upper_body_demo/install/upper_body_demo/include/upper_body_demo/ecat/buffer_rtlocked.hpp
[0.499s] -- Up-to-date: /home/niic/upper_body_demo/install/upper_body_demo/include/upper_body_demo/ecat/rokae
[0.500s] -- Up-to-date: /home/niic/upper_body_demo/install/upper_body_demo/include/upper_body_demo/ecat/rokae/extra.hpp
[0.500s] -- Up-to-date: /home/niic/upper_body_demo/install/upper_body_demo/include/upper_body_demo/ecat/s2s_func.hpp
[0.500s] -- Up-to-date: /home/niic/upper_body_demo/install/upper_body_demo/include/upper_body_demo/ecat/niic_api.hpp
[0.500s] -- Up-to-date: /home/niic/upper_body_demo/install/upper_body_demo/include/upper_body_demo/ecat/algorithm_threads.hpp
[0.500s] -- Up-to-date: /home/niic/upper_body_demo/install/upper_body_demo/include/upper_body_demo/ecat/spi_io.hpp
[0.500s] -- Up-to-date: /home/niic/upper_body_demo/install/upper_body_demo/include/upper_body_demo/ecat/buffer.hpp
[0.500s] -- Up-to-date: /home/niic/upper_body_demo/install/upper_body_demo/include/upper_body_demo/ecat/task_interface.hpp
[0.500s] -- Up-to-date: /home/niic/upper_body_demo/install/upper_body_demo/include/upper_body_demo/upper_body_demo
[0.507s] Invoked command in '/home/niic/upper_body_demo/build/upper_body_demo' returned '0': /usr/bin/cmake --install /home/niic/upper_body_demo/build/upper_body_demo
