[0.014s] Invoking command in '/home/niic/upper_body_demo/build/upper_body_demo': CMAKE_PREFIX_PATH=${CMAKE_PREFIX_PATH}:/opt/ros/humble /usr/bin/cmake --build /home/niic/upper_body_demo/build/upper_body_demo -- -j12 -l12
[0.081s] [35m[1mConsolidate compiler generated dependencies of target wave_hand_demo[0m
[0.081s] [35m[1mConsolidate compiler generated dependencies of target teleop[0m
[0.117s] [ 30%] [32mBuilding CXX object CMakeFiles/wave_hand_demo.dir/src/wavehand/WaveHandDemo.cpp.o[0m
[0.117s] [ 30%] [32mBuilding CXX object CMakeFiles/wave_hand_demo.dir/src/power.cpp.o[0m
[0.117s] [ 30%] [32mBuilding CXX object CMakeFiles/wave_hand_demo.dir/src/wavehand/main.cpp.o[0m
[0.122s] [ 50%] [32mBuilding CXX object CMakeFiles/teleop.dir/src/power.cpp.o[0m
[0.122s] [ 50%] [32mBuilding CXX object CMakeFiles/teleop.dir/src/teleop/main.cpp.o[0m
[0.124s] [ 60%] [32mBuilding CXX object CMakeFiles/teleop.dir/src/teleop/armPosiSender.cpp.o[0m
[8.457s] [01m[K/home/niic/upper_body_demo/src/upper_body_demo/src/teleop/main.cpp:[m[K In lambda function:
[8.457s] [01m[K/home/niic/upper_body_demo/src/upper_body_demo/src/teleop/main.cpp:224:98:[m[K [01;36m[Knote: [m[Kparameter passing for argument of type ‘[01m[Kstd::pair<float, float>[m[K’ when C++17 is enabled changed to match C++14 ]8;;https://gcc.gnu.org/gcc-10/changes.html#empty_basein GCC 10.1]8;;
[8.457s]   224 |       auto [roll, pitch] = solveFK(ctx.q_rot[7],  ctx.q_rot[8],  ctx.q[7],  ctx.q[8],  Side::Left[01;36m[K)[m[K;
[8.457s]       |                                                                                                  [01;36m[K^[m[K
[9.891s] [ 70%] [32m[1mLinking CXX executable wave_hand_demo[0m
[10.148s] [ 80%] [32m[1mLinking CXX executable teleop[0m
[10.863s] [ 80%] Built target wave_hand_demo
[11.078s] [100%] Built target teleop
[11.096s] Invoked command in '/home/niic/upper_body_demo/build/upper_body_demo' returned '0': CMAKE_PREFIX_PATH=${CMAKE_PREFIX_PATH}:/opt/ros/humble /usr/bin/cmake --build /home/niic/upper_body_demo/build/upper_body_demo -- -j12 -l12
[11.112s] Invoking command in '/home/niic/upper_body_demo/build/upper_body_demo': CMAKE_PREFIX_PATH=${CMAKE_PREFIX_PATH}:/opt/ros/humble /usr/bin/cmake --install /home/niic/upper_body_demo/build/upper_body_demo
[11.122s] -- Install configuration: ""
[11.123s] -- Execute custom install script
[11.123s] -- Up-to-date symlink: /home/niic/upper_body_demo/install/upper_body_demo/lib/upper_body_demo/wave_hand_demo
[11.124s] -- Up-to-date symlink: /home/niic/upper_body_demo/install/upper_body_demo/lib/upper_body_demo/teleop
[11.124s] -- Up-to-date symlink: /home/niic/upper_body_demo/install/upper_body_demo/share/ament_index/resource_index/package_run_dependencies/upper_body_demo
[11.124s] -- Up-to-date symlink: /home/niic/upper_body_demo/install/upper_body_demo/share/ament_index/resource_index/parent_prefix_path/upper_body_demo
[11.124s] -- Up-to-date symlink: /home/niic/upper_body_demo/install/upper_body_demo/share/upper_body_demo/environment/ament_prefix_path.sh
[11.124s] -- Up-to-date symlink: /home/niic/upper_body_demo/install/upper_body_demo/share/upper_body_demo/environment/ament_prefix_path.dsv
[11.125s] -- Up-to-date symlink: /home/niic/upper_body_demo/install/upper_body_demo/share/upper_body_demo/environment/path.sh
[11.125s] -- Up-to-date symlink: /home/niic/upper_body_demo/install/upper_body_demo/share/upper_body_demo/environment/path.dsv
[11.125s] -- Up-to-date symlink: /home/niic/upper_body_demo/install/upper_body_demo/share/upper_body_demo/local_setup.bash
[11.125s] -- Up-to-date symlink: /home/niic/upper_body_demo/install/upper_body_demo/share/upper_body_demo/local_setup.sh
[11.125s] -- Up-to-date symlink: /home/niic/upper_body_demo/install/upper_body_demo/share/upper_body_demo/local_setup.zsh
[11.126s] -- Up-to-date symlink: /home/niic/upper_body_demo/install/upper_body_demo/share/upper_body_demo/local_setup.dsv
[11.126s] -- Symlinking: /home/niic/upper_body_demo/install/upper_body_demo/share/upper_body_demo/package.dsv
[11.139s] -- Up-to-date symlink: /home/niic/upper_body_demo/install/upper_body_demo/share/ament_index/resource_index/packages/upper_body_demo
[11.139s] -- Up-to-date symlink: /home/niic/upper_body_demo/install/upper_body_demo/share/upper_body_demo/cmake/upper_body_demoConfig.cmake
[11.139s] -- Up-to-date symlink: /home/niic/upper_body_demo/install/upper_body_demo/share/upper_body_demo/cmake/upper_body_demoConfig-version.cmake
[11.140s] -- Up-to-date symlink: /home/niic/upper_body_demo/install/upper_body_demo/share/upper_body_demo/package.xml
[11.140s] -- Up-to-date: /home/niic/upper_body_demo/install/upper_body_demo/include/upper_body_demo
[11.140s] -- Up-to-date: /home/niic/upper_body_demo/install/upper_body_demo/include/upper_body_demo/ecat
[11.140s] -- Up-to-date: /home/niic/upper_body_demo/install/upper_body_demo/include/upper_body_demo/ecat/error.hpp
[11.140s] -- Up-to-date: /home/niic/upper_body_demo/install/upper_body_demo/include/upper_body_demo/ecat/thread_mutex.hpp
[11.141s] -- Up-to-date: /home/niic/upper_body_demo/install/upper_body_demo/include/upper_body_demo/ecat/master.hpp
[11.141s] -- Up-to-date: /home/niic/upper_body_demo/install/upper_body_demo/include/upper_body_demo/ecat/eni_config.hpp
[11.141s] -- Up-to-date: /home/niic/upper_body_demo/install/upper_body_demo/include/upper_body_demo/ecat/types.hpp
[11.141s] -- Up-to-date: /home/niic/upper_body_demo/install/upper_body_demo/include/upper_body_demo/ecat/ipc.hpp
[11.141s] -- Up-to-date: /home/niic/upper_body_demo/install/upper_body_demo/include/upper_body_demo/ecat/pwm.hpp
[11.141s] -- Up-to-date: /home/niic/upper_body_demo/install/upper_body_demo/include/upper_body_demo/ecat/slice.hpp
[11.141s] -- Up-to-date: /home/niic/upper_body_demo/install/upper_body_demo/include/upper_body_demo/ecat/buffer_locked.hpp
[11.141s] -- Up-to-date: /home/niic/upper_body_demo/install/upper_body_demo/include/upper_body_demo/ecat/task_collaborative.hpp
[11.141s] -- Up-to-date: /home/niic/upper_body_demo/install/upper_body_demo/include/upper_body_demo/ecat/sdo_request.hpp
[11.141s] -- Up-to-date: /home/niic/upper_body_demo/install/upper_body_demo/include/upper_body_demo/ecat/log.hpp
[11.142s] -- Up-to-date: /home/niic/upper_body_demo/install/upper_body_demo/include/upper_body_demo/ecat/reg_request.hpp
[11.142s] -- Up-to-date: /home/niic/upper_body_demo/install/upper_body_demo/include/upper_body_demo/ecat/detail
[11.142s] -- Up-to-date: /home/niic/upper_body_demo/install/upper_body_demo/include/upper_body_demo/ecat/detail/config.hpp
[11.142s] -- Up-to-date: /home/niic/upper_body_demo/install/upper_body_demo/include/upper_body_demo/ecat/detail/os_string.hpp
[11.142s] -- Up-to-date: /home/niic/upper_body_demo/install/upper_body_demo/include/upper_body_demo/ecat/detail/logger.hpp
[11.142s] -- Up-to-date: /home/niic/upper_body_demo/install/upper_body_demo/include/upper_body_demo/ecat/detail/ioctl.hpp
[11.142s] -- Up-to-date: /home/niic/upper_body_demo/install/upper_body_demo/include/upper_body_demo/ecat/detail/file.hpp
[11.142s] -- Up-to-date: /home/niic/upper_body_demo/install/upper_body_demo/include/upper_body_demo/ecat/detail/log_handler.hpp
[11.142s] -- Up-to-date: /home/niic/upper_body_demo/install/upper_body_demo/include/upper_body_demo/ecat/detail/utility.hpp
[11.142s] -- Up-to-date: /home/niic/upper_body_demo/install/upper_body_demo/include/upper_body_demo/ecat/detail/thread.hpp
[11.142s] -- Up-to-date: /home/niic/upper_body_demo/install/upper_body_demo/include/upper_body_demo/ecat/detail/sii_crc.hpp
[11.142s] -- Up-to-date: /home/niic/upper_body_demo/install/upper_body_demo/include/upper_body_demo/ecat/detail/esi_index.hpp
[11.142s] -- Up-to-date: /home/niic/upper_body_demo/install/upper_body_demo/include/upper_body_demo/ecat/dc.hpp
[11.143s] -- Up-to-date: /home/niic/upper_body_demo/install/upper_body_demo/include/upper_body_demo/ecat/task.hpp
[11.143s] -- Up-to-date: /home/niic/upper_body_demo/install/upper_body_demo/include/upper_body_demo/ecat/version.hpp
[11.143s] -- Up-to-date: /home/niic/upper_body_demo/install/upper_body_demo/include/upper_body_demo/ecat/run_time_stat.hpp
[11.143s] -- Up-to-date: /home/niic/upper_body_demo/install/upper_body_demo/include/upper_body_demo/ecat/thread_rtlock.hpp
[11.143s] -- Up-to-date: /home/niic/upper_body_demo/install/upper_body_demo/include/upper_body_demo/ecat/task_assist.hpp
[11.144s] -- Up-to-date: /home/niic/upper_body_demo/install/upper_body_demo/include/upper_body_demo/ecat/slave_config.hpp
[11.144s] -- Up-to-date: /home/niic/upper_body_demo/install/upper_body_demo/include/upper_body_demo/ecat/buffer_rtlocked.hpp
[11.145s] -- Up-to-date: /home/niic/upper_body_demo/install/upper_body_demo/include/upper_body_demo/ecat/rokae
[11.145s] -- Up-to-date: /home/niic/upper_body_demo/install/upper_body_demo/include/upper_body_demo/ecat/rokae/extra.hpp
[11.145s] -- Up-to-date: /home/niic/upper_body_demo/install/upper_body_demo/include/upper_body_demo/ecat/s2s_func.hpp
[11.145s] -- Up-to-date: /home/niic/upper_body_demo/install/upper_body_demo/include/upper_body_demo/ecat/niic_api.hpp
[11.145s] -- Up-to-date: /home/niic/upper_body_demo/install/upper_body_demo/include/upper_body_demo/ecat/algorithm_threads.hpp
[11.145s] -- Up-to-date: /home/niic/upper_body_demo/install/upper_body_demo/include/upper_body_demo/ecat/spi_io.hpp
[11.145s] -- Up-to-date: /home/niic/upper_body_demo/install/upper_body_demo/include/upper_body_demo/ecat/buffer.hpp
[11.146s] -- Up-to-date: /home/niic/upper_body_demo/install/upper_body_demo/include/upper_body_demo/ecat/task_interface.hpp
[11.146s] -- Up-to-date: /home/niic/upper_body_demo/install/upper_body_demo/include/upper_body_demo/upper_body_demo
[11.146s] Invoked command in '/home/niic/upper_body_demo/build/upper_body_demo' returned '0': CMAKE_PREFIX_PATH=${CMAKE_PREFIX_PATH}:/opt/ros/humble /usr/bin/cmake --install /home/niic/upper_body_demo/build/upper_body_demo
